
ExaChem Git Information
{
 Branch: main
 Commit Hash: bd25dab [bd25dab8406e69b11ad8def9900a8eea7bb8d543]
 Commit Date: 2025-01-30 14:42:33 -0800
 Commit Message: Fixes ECP handling for multiple atoms

 WARNING: The following ExaChem sources have uncommitted changes at build-time.

 M exachem/cc/ducc/ducc-t_ccsd.cpp

diff --git a/exachem/cc/ducc/ducc-t_ccsd.cpp b/exachem/cc/ducc/ducc-t_ccsd.cpp
index 16950f2..85b1230 100644
--- a/exachem/cc/ducc/ducc-t_ccsd.cpp
+++ b/exachem/cc/ducc/ducc-t_ccsd.cpp
@@ -2036 +2036 @@ void DUCC_T_CCSD_Driver(ChemEnv& chem_env, ExecutionContext& ec, const TiledInde
-  if(rank == 0 && ducc_lvl > 0) {
+  if(rank == 0) {

}


TAMM Git Information
{
 Branch: main
 Commit Hash: 1c9868cf [1c9868cfbfc8bad3586dd21e36f2519cff1fe55a]
 Commit Date: 2024-12-19 12:23:01 -0800
 Commit Message: minor update to print_vector
}


date: Thu Feb  6 15:27:30 2025
program: "/hpc/home/baum612/code/exachem-dev/build/methods_stage/hpc/home/baum612/code/tamm_install/methods/ExaChem"
nnodes: 1, nproc_per_node: 8, nproc_total: 8, 
Memory information
{
[Intel(R) Xeon(R) Platinum 8276M CPU @ 2.20GHz] : 
  CPU memory per node (GiB): 6046
  Total CPU memory (GiB): 6046
}

------------------------------------------------------------

Input file provided: /hpc/home/baum612/TESTS/DUCC-Hamiltonian-Library/N2/cc-pVDZ/AllElectronCCSD-14Elec-23Orbs/1.8_Eq-3.7224au/Bare/N2.json

{
  "geometry": {
    "coordinates": [
      "N  0.000000  0.000000  0.000000",
      "N  0.000000  0.000000  3.7224"
    ],
    "units": "bohr"
  },
  "basis": {
    "basisset": "cc-pvdz"
  },
  "common": {
    "file_prefix": "N2",
    "maxiter": 100
  },
  "SCF": {
    "tol_int": 1e-16,
    "tol_lindep": 1e-09,
    "conve": 1e-10,
    "convd": 1e-09,
    "diis_hist": 10,
    "charge": 0,
    "multiplicity": 1,
    "restart": false,
    "scf_type": "restricted",
    "writem": 10
  },
  "CD": {
    "diagtol": 1e-14,
    "max_cvecs": 1000
  },
  "CC": {
    "threshold": 1e-08,
    "ndiis": 5,
    "writet": false,
    "ccsd_maxiter": 100,
    "lshift": 0.1,
    "nactive_oa": 7,
    "nactive_ob": 7,
    "nactive_va": 16,
    "nactive_vb": 16,
    "ducc_lvl": 0
  },
  "TASK": {
    "ducc": true
  }
}

Output folder & files prefix: N2.cc-pvdz

Printing Internal Coordinates

------------------------------------------------------------
                Bond Lengths

i      j        Length (Angstroms)     Length (Bohr)
0      1          1.9698092485         3.7224000000

Number of Angles: 0
Number of Torsional Angles: 0


----------------------------------------------------------------------
                          Center of Mass

         x               y               z              Unit
               0               0    0.9849046243      Angstrom
               0               0          1.8612          Bohr

----------------------------------------------------------------------
                Moment of Inertia Tensor

           97.0151                 0                 0
                 0           97.0151                 0
                 0                 0                 0

----------------------------------------------------------------------
                      Principal Moments of Inertia

           x                 y                 z                Unit
                 0       27.16699536       27.16699536       amu * ang^2
                 0       97.01510168       97.01510168      amu * bohr^2
  0.0000000000e+00  4.5111887904e-39  4.5111887904e-39          g * cm^2

 - Molecule is diatomic.

----------------------------------------------------------------------

         Rotational constants (MHz)

    A = inf        B = 1.8603e+04        C = 1.8603e+04

----------------------------------------------------------------------

        Rotational constants (cm-1)

    A = inf        B = 6.2052e-01        C = 6.2052e-01

----------------------------------------------------------------------

                                Z-Matrix
N   
N        1          3.7224

----------------------------------------------------------------------

             Converted back to Cartesian

N        0.000000      0.000000      0.000000
N        0.000000      0.000000      3.722400

----------------------------------------------------------------------
                       Geometry in bohr 

1     N       0.0000000000    0.0000000000    0.0000000000
2     N       0.0000000000    0.0000000000    3.7224000000
Resetting xc_basis_tol to 1e-10

 Number of nodes, processes per node used for SCF calculation: 1, 8

Common Options
{
 maxiter    = 100
 basis      = cc-pvdz spherical
 geom_units = bohr
 natoms_max = 30
 debug      = false
 file_prefix    = N2
}

SCF Options
{
 charge            = 0
 multiplicity      = 1
 level shift       = 0
 tol_int           = 1e-16
 tol_sch           = 1e-12
 tol_lindep        = 1e-09
 conve             = 1e-10
 convd             = 1e-09
 diis_hist         = 10
 AO_tilesize       = 30
 writem            = 10
 damp              = 100
 n_lindep          = 0
 scf_type          = restricted
 direct_df         = false
 restart_size      = 2000
 restart           = false
 debug             = false
}

Number of basis functions = 28

Total number of shells = 12

Total number of electrons = 14
  # of alpha electrons    = 7
  # of beta electons      = 7

Nuclear repulsion energy  = 13.163550397593

# of {all,non-negligible} shell-pairs = {78,78}
Number of AO tiles = 12

Time for initial setup: 0.00 secs
HF exch = 1.00

Time for computing 1-e integrals T, V, S: 0.00 secs
Time for computing orthogonalizer: 0.00 secs

Superposition of Atomic Density Guess ...
Time taken for SAD: 0.04 secs
Total Time to compute initial guess: 0.04 secs


 SCF iterations
-----------------------------------------------------------------------------
 Iter     Energy            E-Diff       RMSD        |[F,P]|^2       Time(s)
-----------------------------------------------------------------------------
   1  -107.7989735455    -1.08e+02     5.29e-02     9.15e-01         0.0 
   2  -108.3413275950    -5.42e-01     4.31e-03     4.25e-02         0.0 
   3  -108.3465228119    -5.20e-03     1.38e-03     3.83e-03         0.0 
   4  -108.3471564719    -6.34e-04     6.26e-04     4.80e-04         0.0 
   5  -108.3472339713    -7.75e-05     2.78e-05     1.18e-06         0.0 
   6  -108.3472341087    -1.37e-07     5.24e-06     2.71e-08         0.0 
   7  -108.3472341128    -4.13e-09     4.43e-07     1.05e-10         0.0 
   8  -108.3472341128    -2.34e-11     3.38e-08     5.30e-13         0.0 
   9  -108.3472341128    -8.53e-14     3.31e-09     7.57e-15         0.0 
<DIIS> Singularity in Pulay matrix detected.
<DIIS> Singularity in Pulay matrix detected.
  10  -108.3472341128    -5.68e-14     4.63e-10     1.07e-16         0.0 

** Total SCF energy = -108.3472341128360

Nuclear repulsion energy = 13.163550397592951
#electrons        = 14
1e energy kinetic = 107.1316805368653888
1e energy N-e     = -280.1461065115499878
1e energy         = -173.0144259746845705
2e energy         = 51.5036414642555513
writing orbitals and density to disk ... done.

Total Time taken for Hartree-Fock: 0.23 secs

CD Options
{
 debug            = false
 skip_cd          = [false,100]
 write_cv         = [false,5000]
 diagtol          = 1e-14
 itilesize        = 1000
 max_cvecs_factor = 1000
}

- #occupied, #virtual = 14, 42

- Tilesize for the MSO space: 40

-----------------------------------------------------
Begin 2-index transformation ... 

nAO, nMO, nelectrons = 28, 56, 14
n_occ_alpha, n_vir_alpha, n_occ_beta, n_vir_beta = 7,21,7,21

Time taken for Fao->Fmo transform: 0.00 secs

-----------------------------------------------------
Number of AO tiles = 12
# of {all,non-negligible} shell-pairs = {78,78}

    Begin Cholesky Decomposition
---------------------------------------------
Total # of mpi ranks used for Cholesky decomposition: 8
  --> Number of nodes, mpi ranks per node: 1, 8
- CPU memory required for computing cholesky vectors: 0.00 GiB

- Time for computing the diagonal: 0.00 secs

- Total number of cholesky vectors = 784

- Time to compute cholesky vectors: 0.44 secs

- CPU memory required for resizing the ao cholesky tensor: 0.01 GiB
- CPU memory required for ao2mo transformation: 0.01 GiB
- CPU memory required for the 2-step contraction: 0.02 GiB

- Time for ao to mo transform: 0.03 secs

   End Cholesky Decomposition
---------------------------------------------

Total Time taken for Cholesky Decomposition: 0.49 secs

scf_type = restricted
Closed-Shell SCF
nbf = 28
nbf_orig = 28
n_lindep = 0
focc = 1
nmo = 56
nocc = 14
nvir = 42
n_occ_alpha = 7
n_vir_alpha = 21
n_occ_beta = 7
n_vir_beta = 21
nelectrons = 14
nelectrons_alpha = 7
nelectrons_beta = 7
n_frozen_core = 0
n_frozen_virtual = 0
----------------------------

Total CPU memory required for Closed Shell Cholesky CCSD calculation: 0.03 GiB


 CCSD iterations
------------------------------------------------------------
  Iter     Residuum          Correlation          Time(s)
------------------------------------------------------------
   1     0.4830537269905    0.0000000000000         0.05
   2     0.2253714509610   -0.6842423440529         0.04
   3     0.2129227329278   -0.3177514452927         0.04
   4     0.1575118867815   -0.6609532488266         0.04
   5     0.1563776013919   -0.3856701407498         0.04
 MICROCYCLE DIIS UPDATE:                    6
   6     0.0247884903155   -0.5187194810938         0.04
   7     0.0255282439343   -0.5122890175631         0.04
   8     0.0169294591936   -0.5292951469040         0.04
   9     0.0194634860000   -0.5245964165245         0.04
  10     0.0127697542141   -0.5377762807040         0.04
 MICROCYCLE DIIS UPDATE:                   11
  11     0.0057319618857   -0.5626058429716         0.04
  12     0.0035721867719   -0.5679834165705         0.04
  13     0.0036552761199   -0.5630029426085         0.04
  14     0.0021121786308   -0.5674981494377         0.04
  15     0.0025391216063   -0.5640877804928         0.04
 MICROCYCLE DIIS UPDATE:                   16
  16     0.0005474656980   -0.5663908246962         0.04
  17     0.0007765083614   -0.5660051664351         0.04
  18     0.0003822110255   -0.5667167010055         0.04
  19     0.0005581148266   -0.5664273803124         0.04
  20     0.0002790843227   -0.5669310907912         0.04
 MICROCYCLE DIIS UPDATE:                   21
  21     0.0000795286771   -0.5674760756907         0.04
  22     0.0000587589597   -0.5674493530529         0.04
  23     0.0000312902193   -0.5674920166499         0.04
  24     0.0000376983920   -0.5674718465019         0.04
  25     0.0000197364620   -0.5675033729271         0.04
 MICROCYCLE DIIS UPDATE:                   26
  26     0.0000104468083   -0.5675236817684         0.04
  27     0.0000128342675   -0.5675184073377         0.04
  28     0.0000064090955   -0.5675296922667         0.04
  29     0.0000089821516   -0.5675254406430         0.04
  30     0.0000045383622   -0.5675333828376         0.04
 MICROCYCLE DIIS UPDATE:                   31
  31     0.0000020955662   -0.5675410090599         0.04
  32     0.0000017040849   -0.5675404260616         0.04
  33     0.0000010089740   -0.5675414834627         0.04
  34     0.0000011338268   -0.5675411352016         0.04
  35     0.0000006699812   -0.5675419260957         0.04
 MICROCYCLE DIIS UPDATE:                   36
  36     0.0000002894799   -0.5675430229150         0.04
  37     0.0000002820481   -0.5675428867804         0.04
  38     0.0000001382969   -0.5675431397305         0.04
  39     0.0000001962148   -0.5675430411447         0.04
  40     0.0000000977414   -0.5675432180003         0.04
 MICROCYCLE DIIS UPDATE:                   41
  41     0.0000000445983   -0.5675433760672         0.04
  42     0.0000000404815   -0.5675433592315         0.04
  43     0.0000000232022   -0.5675433862031         0.04
  44     0.0000000274224   -0.5675433757411         0.04
  45     0.0000000157915   -0.5675433959129         0.04
 MICROCYCLE DIIS UPDATE:                   46
  46     0.0000000101797   -0.5675434123166         0.04
  47     0.0000000119983   -0.5675434096592         0.04
  48     0.0000000109722   -0.5675434177052         0.04
  49     0.0000000158356   -0.5675434155932         0.04
  50     0.0000000215688   -0.5675434212079         0.04
 MICROCYCLE DIIS UPDATE:                   51
  51     0.0000000021634   -0.5675434278424         0.04
------------------------------------------------------------------
 Iterations converged
 CCSD correlation energy / hartree =        -0.567543427842443
 CCSD total energy / hartree       =      -108.914777540678429

Time taken for Closed Shell Cholesky CCSD: 2.26 secs

Executing DUCC routine
======================
Number of active occupied alpha = 7
Number of active occupied beta  = 7
Number of active virtual alpha  = 16
Number of active virtual beta   = 16
ducc_lvl = 0

Full SCF Energy: -108.347234112836
Bare SCF Energy: -108.347234113254
Frozen Core Energy: 0.000000000418

DUCC: Time taken to compute Bare Hamiltonian: 0.00 secs
Bare Active Space SCF Energy: -108.347234113254
Fully Contracted Scalar: -0.000000000000

DUCC SCF energy: -108.347234113254
Total Energy Shift: 0.000000000418

DUCC: Total compute time: 0.00 secs

DUCC: Time to write results: 0.11 secs
DUCC Memory Stats
-----------------
allocation count: 483
deallocation count: 482
total memory allocated: 0.089701 GiB
total memory deallocated: 0.089701 GiB
maximum memory in single allocation: 0.009159 GiB
maximum memory consumption: 0.031047 GiB
