
ExaChem Git Information
{
 Branch: main
 Commit Hash: bd25dab [bd25dab8406e69b11ad8def9900a8eea7bb8d543]
 Commit Date: 2025-01-30 14:42:33 -0800
 Commit Message: Fixes ECP handling for multiple atoms

 WARNING: The following ExaChem sources have uncommitted changes at build-time.

 M exachem/cc/ducc/ducc-t_ccsd.cpp

diff --git a/exachem/cc/ducc/ducc-t_ccsd.cpp b/exachem/cc/ducc/ducc-t_ccsd.cpp
index 16950f2..85b1230 100644
--- a/exachem/cc/ducc/ducc-t_ccsd.cpp
+++ b/exachem/cc/ducc/ducc-t_ccsd.cpp
@@ -2036 +2036 @@ void DUCC_T_CCSD_Driver(ChemEnv& chem_env, ExecutionContext& ec, const TiledInde
-  if(rank == 0 && ducc_lvl > 0) {
+  if(rank == 0) {

}


TAMM Git Information
{
 Branch: main
 Commit Hash: 1c9868cf [1c9868cfbfc8bad3586dd21e36f2519cff1fe55a]
 Commit Date: 2024-12-19 12:23:01 -0800
 Commit Message: minor update to print_vector
}


date: Thu Feb  6 15:04:44 2025
program: "/hpc/home/baum612/code/exachem-dev/build/methods_stage/hpc/home/baum612/code/tamm_install/methods/ExaChem"
nnodes: 1, nproc_per_node: 8, nproc_total: 8, 
Memory information
{
[Intel(R) Xeon(R) Platinum 8276M CPU @ 2.20GHz] : 
  CPU memory per node (GiB): 6046
  Total CPU memory (GiB): 6046
}

------------------------------------------------------------

Input file provided: /hpc/home/baum612/TESTS/DUCC-Hamiltonian-Library/N2/cc-pVDZ/AllElectronCCSD-14Elec-19Orbs/2.3_Eq-4.7564au/Bare/N2.json

{
  "geometry": {
    "coordinates": [
      "N  0.000000  0.000000  0.000000",
      "N  0.000000  0.000000  4.7564"
    ],
    "units": "bohr"
  },
  "basis": {
    "basisset": "cc-pvdz"
  },
  "common": {
    "file_prefix": "N2",
    "maxiter": 100
  },
  "SCF": {
    "tol_int": 1e-16,
    "tol_lindep": 1e-09,
    "conve": 1e-10,
    "convd": 1e-09,
    "diis_hist": 10,
    "charge": 0,
    "multiplicity": 1,
    "restart": false,
    "scf_type": "restricted",
    "writem": 10
  },
  "CD": {
    "diagtol": 1e-14,
    "max_cvecs": 1000
  },
  "CC": {
    "threshold": 1e-08,
    "ndiis": 5,
    "writet": false,
    "ccsd_maxiter": 100,
    "lshift": 0.1,
    "nactive_oa": 7,
    "nactive_ob": 7,
    "nactive_va": 12,
    "nactive_vb": 12,
    "ducc_lvl": 0
  },
  "TASK": {
    "ducc": true
  }
}

Output folder & files prefix: N2.cc-pvdz

Printing Internal Coordinates

------------------------------------------------------------
                Bond Lengths

i      j        Length (Angstroms)     Length (Bohr)
0      1          2.5169784842         4.7564000000

Number of Angles: 0
Number of Torsional Angles: 0


----------------------------------------------------------------------
                          Center of Mass

         x               y               z              Unit
               0               0     1.258489242      Angstrom
               0               0          2.3782          Bohr

----------------------------------------------------------------------
                Moment of Inertia Tensor

           158.398                 0                 0
                 0           158.398                 0
                 0                 0                 0

----------------------------------------------------------------------
                      Principal Moments of Inertia

           x                 y                 z                Unit
                 0       44.35598933       44.35598933       amu * ang^2
                 0       158.3981135       158.3981135      amu * bohr^2
  0.0000000000e+00  7.3654903398e-39  7.3654903398e-39          g * cm^2

 - Molecule is diatomic.

----------------------------------------------------------------------

         Rotational constants (MHz)

    A = inf        B = 1.1394e+04        C = 1.1394e+04

----------------------------------------------------------------------

        Rotational constants (cm-1)

    A = inf        B = 3.8005e-01        C = 3.8005e-01

----------------------------------------------------------------------

                                Z-Matrix
N   
N        1          4.7564

----------------------------------------------------------------------

             Converted back to Cartesian

N        0.000000      0.000000      0.000000
N        0.000000      0.000000      4.756400

----------------------------------------------------------------------
                       Geometry in bohr 

1     N       0.0000000000    0.0000000000    0.0000000000
2     N       0.0000000000    0.0000000000    4.7564000000
Resetting xc_basis_tol to 1e-10

 Number of nodes, processes per node used for SCF calculation: 1, 8

Common Options
{
 maxiter    = 100
 basis      = cc-pvdz spherical
 geom_units = bohr
 natoms_max = 30
 debug      = false
 file_prefix    = N2
}

SCF Options
{
 charge            = 0
 multiplicity      = 1
 level shift       = 0
 tol_int           = 1e-16
 tol_sch           = 1e-12
 tol_lindep        = 1e-09
 conve             = 1e-10
 convd             = 1e-09
 diis_hist         = 10
 AO_tilesize       = 30
 writem            = 10
 damp              = 100
 n_lindep          = 0
 scf_type          = restricted
 direct_df         = false
 restart_size      = 2000
 restart           = false
 debug             = false
}

Number of basis functions = 28

Total number of shells = 12

Total number of electrons = 14
  # of alpha electrons    = 7
  # of beta electons      = 7

Nuclear repulsion energy  = 10.3019090068119

# of {all,non-negligible} shell-pairs = {78,78}
Number of AO tiles = 12

Time for initial setup: 0.00 secs
HF exch = 1.00

Time for computing 1-e integrals T, V, S: 0.00 secs
Time for computing orthogonalizer: 0.00 secs

Superposition of Atomic Density Guess ...
Time taken for SAD: 0.04 secs
Total Time to compute initial guess: 0.04 secs


 SCF iterations
-----------------------------------------------------------------------------
 Iter     Energy            E-Diff       RMSD        |[F,P]|^2       Time(s)
-----------------------------------------------------------------------------
   1  -107.6777283328    -1.08e+02     5.46e-02     4.12e-02         0.0 
   2  -108.1106996993    -4.33e-01     2.44e-03     1.91e-02         0.0 
   3  -108.1133689149    -2.67e-03     1.80e-03     5.36e-03         0.0 
   4  -108.1142843134    -9.15e-04     6.68e-04     4.00e-04         0.0 
   5  -108.1143627223    -7.84e-05     2.06e-05     5.36e-07         0.0 
   6  -108.1143628118    -8.95e-08     4.32e-06     1.33e-08         0.0 
   7  -108.1143628141    -2.29e-09     5.43e-07     3.97e-10         0.0 
   8  -108.1143628141    -6.18e-11     6.09e-08     1.74e-12         0.0 
   9  -108.1143628141    -5.40e-13     6.00e-09     1.84e-14         0.0 
  10  -108.1143628141     0.00e+00     5.13e-09     4.22e-13         0.0 
<DIIS> Singularity in Pulay matrix detected.
  11  -108.1143628141     2.84e-14     4.05e-10     5.46e-16         0.0 

** Total SCF energy = -108.1143628141211

Nuclear repulsion energy = 10.301909006811874
#electrons        = 14
1e energy kinetic = 107.2394171628273511
1e energy N-e     = -274.4487835692822841
1e energy         = -167.2093664064549614
2e energy         = 48.7930945855220273
writing orbitals and density to disk ... done.

Total Time taken for Hartree-Fock: 0.28 secs

CD Options
{
 debug            = false
 skip_cd          = [false,100]
 write_cv         = [false,5000]
 diagtol          = 1e-14
 itilesize        = 1000
 max_cvecs_factor = 1000
}

- #occupied, #virtual = 14, 42

- Tilesize for the MSO space: 40

-----------------------------------------------------
Begin 2-index transformation ... 

nAO, nMO, nelectrons = 28, 56, 14
n_occ_alpha, n_vir_alpha, n_occ_beta, n_vir_beta = 7,21,7,21

Time taken for Fao->Fmo transform: 0.00 secs

-----------------------------------------------------
Number of AO tiles = 12
# of {all,non-negligible} shell-pairs = {78,78}

    Begin Cholesky Decomposition
---------------------------------------------
Total # of mpi ranks used for Cholesky decomposition: 8
  --> Number of nodes, mpi ranks per node: 1, 8
- CPU memory required for computing cholesky vectors: 0.00 GiB

- Time for computing the diagonal: 0.01 secs

- Total number of cholesky vectors = 784

- Time to compute cholesky vectors: 0.41 secs

- CPU memory required for resizing the ao cholesky tensor: 0.01 GiB
- CPU memory required for ao2mo transformation: 0.01 GiB
- CPU memory required for the 2-step contraction: 0.02 GiB

- Time for ao to mo transform: 0.02 secs

   End Cholesky Decomposition
---------------------------------------------

Total Time taken for Cholesky Decomposition: 0.47 secs

scf_type = restricted
Closed-Shell SCF
nbf = 28
nbf_orig = 28
n_lindep = 0
focc = 1
nmo = 56
nocc = 14
nvir = 42
n_occ_alpha = 7
n_vir_alpha = 21
n_occ_beta = 7
n_vir_beta = 21
nelectrons = 14
nelectrons_alpha = 7
nelectrons_beta = 7
n_frozen_core = 0
n_frozen_virtual = 0
----------------------------

Total CPU memory required for Closed Shell Cholesky CCSD calculation: 0.03 GiB


 CCSD iterations
------------------------------------------------------------
  Iter     Residuum          Correlation          Time(s)
------------------------------------------------------------
   1     0.5065068372925    0.0000000000000         0.03
   2     0.4173929210915   -1.0386153476960         0.03
   3     0.6791874364430    0.0524639612115         0.03
   4     0.8917083872383   -1.6378338124039         0.03
   5     1.2816996148881    0.5791498519632         0.03
 MICROCYCLE DIIS UPDATE:                    6
   6     0.0655166269964   -0.6580782732741         0.03
   7     0.1258365833090   -0.5103708435956         0.03
   8     0.1275406310760   -0.7715134660072         0.03
   9     0.2359466120746   -0.4413780081736         0.03
  10     0.2882512612272   -0.9623908114232         0.03
 MICROCYCLE DIIS UPDATE:                   11
  11     0.0313742336181   -0.7034910508935         0.03
  12     0.0555813254175   -0.6841914767811         0.03
  13     0.0279010466754   -0.7580161284578         0.03
  14     0.0667722756201   -0.7101064303687         0.03
  15     0.0412241294395   -0.8169622434371         0.03
 MICROCYCLE DIIS UPDATE:                   16
  16     0.0233592166731   -0.8780673414650         0.03
  17     0.0572325306583   -0.9287262281400         0.03
  18     0.0415461433471   -0.8345375119466         0.03
  19     0.0487338026050   -0.9087198391889         0.03
  20     0.0404528885847   -0.8263640962048         0.03
 MICROCYCLE DIIS UPDATE:                   21
  21     0.0026987430063   -0.8623622198532         0.03
  22     0.0053156080068   -0.8653508107340         0.03
  23     0.0026209854833   -0.8575753122453         0.03
  24     0.0040406841763   -0.8621609710067         0.03
  25     0.0026762036543   -0.8557415011279         0.02
 MICROCYCLE DIIS UPDATE:                   26
  26     0.0001558280574   -0.8565725742288         0.03
  27     0.0001661789684   -0.8564913077918         0.03
  28     0.0001153268174   -0.8567157862573         0.03
  29     0.0001460062382   -0.8565171433410         0.03
  30     0.0001262300357   -0.8567671154525         0.03
 MICROCYCLE DIIS UPDATE:                   31
  31     0.0000123619641   -0.8566716579660         0.03
  32     0.0000138766877   -0.8566635490798         0.03
  33     0.0000085067240   -0.8566837806880         0.02
  34     0.0000117490237   -0.8566692127547         0.03
  35     0.0000089899481   -0.8566885689735         0.03
 MICROCYCLE DIIS UPDATE:                   36
  36     0.0000007055134   -0.8566833394666         0.03
  37     0.0000003958553   -0.8566832737499         0.03
  38     0.0000001974498   -0.8566835991139         0.03
  39     0.0000001670876   -0.8566836274755         0.03
  40     0.0000000889472   -0.8566837720674         0.03
 MICROCYCLE DIIS UPDATE:                   41
  41     0.0000000425523   -0.8566839031869         0.03
  42     0.0000000635963   -0.8566839029746         0.03
  43     0.0000001404842   -0.8566839243053         0.03
  44     0.0000003364010   -0.8566839206668         0.03
  45     0.0000008070063   -0.8566839344012         0.03
 MICROCYCLE DIIS UPDATE:                   46
  46     0.0000000024423   -0.8566839355373         0.03
------------------------------------------------------------------
 Iterations converged
 CCSD correlation energy / hartree =        -0.856683935537293
 CCSD total energy / hartree       =      -108.971046749658413

Time taken for Closed Shell Cholesky CCSD: 1.42 secs

Executing DUCC routine
======================
Number of active occupied alpha = 7
Number of active occupied beta  = 7
Number of active virtual alpha  = 12
Number of active virtual beta   = 12
ducc_lvl = 0

Full SCF Energy: -108.114362814121
Bare SCF Energy: -108.114362815860
Frozen Core Energy: 0.000000001738

DUCC: Time taken to compute Bare Hamiltonian: 0.00 secs
Bare Active Space SCF Energy: -108.114362815860
Fully Contracted Scalar: 0.000000000000

DUCC SCF energy: -108.114362815860
Total Energy Shift: 0.000000001738

DUCC: Total compute time: 0.00 secs

DUCC: Time to write results: 0.05 secs
DUCC Memory Stats
-----------------
allocation count: 456
deallocation count: 455
total memory allocated: 0.077622 GiB
total memory deallocated: 0.077621 GiB
maximum memory in single allocation: 0.009159 GiB
maximum memory consumption: 0.031047 GiB
