
ExaChem Git Information
{
 Branch: main
 Commit Hash: bd25dab [bd25dab8406e69b11ad8def9900a8eea7bb8d543]
 Commit Date: 2025-01-30 14:42:33 -0800
 Commit Message: Fixes ECP handling for multiple atoms

 WARNING: The following ExaChem sources have uncommitted changes at build-time.

 M exachem/cc/ducc/ducc-t_ccsd.cpp

diff --git a/exachem/cc/ducc/ducc-t_ccsd.cpp b/exachem/cc/ducc/ducc-t_ccsd.cpp
index 16950f2..85b1230 100644
--- a/exachem/cc/ducc/ducc-t_ccsd.cpp
+++ b/exachem/cc/ducc/ducc-t_ccsd.cpp
@@ -2036 +2036 @@ void DUCC_T_CCSD_Driver(ChemEnv& chem_env, ExecutionContext& ec, const TiledInde
-  if(rank == 0 && ducc_lvl > 0) {
+  if(rank == 0) {

}


TAMM Git Information
{
 Branch: main
 Commit Hash: 1c9868cf [1c9868cfbfc8bad3586dd21e36f2519cff1fe55a]
 Commit Date: 2024-12-19 12:23:01 -0800
 Commit Message: minor update to print_vector
}


date: Thu Feb  6 15:20:24 2025
program: "/hpc/home/baum612/code/exachem-dev/build/methods_stage/hpc/home/baum612/code/tamm_install/methods/ExaChem"
nnodes: 1, nproc_per_node: 8, nproc_total: 8, 
Memory information
{
[Intel(R) Xeon(R) Platinum 8276M CPU @ 2.20GHz] : 
  CPU memory per node (GiB): 6046
  Total CPU memory (GiB): 6046
}

------------------------------------------------------------

Input file provided: /hpc/home/baum612/TESTS/DUCC-Hamiltonian-Library/N2/cc-pVDZ/AllElectronCCSD-14Elec-23Orbs/2.6_Eq-5.3768au/DUCC2/N2.json

{
  "geometry": {
    "coordinates": [
      "N  0.000000  0.000000  0.000000",
      "N  0.000000  0.000000  5.3768"
    ],
    "units": "bohr"
  },
  "basis": {
    "basisset": "cc-pvdz"
  },
  "common": {
    "file_prefix": "N2",
    "maxiter": 100
  },
  "SCF": {
    "tol_int": 1e-16,
    "tol_lindep": 1e-09,
    "conve": 1e-10,
    "convd": 1e-09,
    "diis_hist": 10,
    "charge": 0,
    "multiplicity": 1,
    "restart": false,
    "scf_type": "restricted",
    "writem": 10
  },
  "CD": {
    "diagtol": 1e-14,
    "max_cvecs": 1000
  },
  "CC": {
    "threshold": 1e-08,
    "ndiis": 5,
    "writet": false,
    "ccsd_maxiter": 100,
    "lshift": 0.1,
    "nactive_oa": 7,
    "nactive_ob": 7,
    "nactive_va": 16,
    "nactive_vb": 16,
    "ducc_lvl": 1
  },
  "TASK": {
    "ducc": true
  }
}

Output folder & files prefix: N2.cc-pvdz

Printing Internal Coordinates

------------------------------------------------------------
                Bond Lengths

i      j        Length (Angstroms)     Length (Bohr)
0      1          2.8452800257         5.3768000000

Number of Angles: 0
Number of Torsional Angles: 0


----------------------------------------------------------------------
                          Center of Mass

         x               y               z              Unit
               0               0     1.422640013      Angstrom
               0               0          2.6884          Bohr

----------------------------------------------------------------------
                Moment of Inertia Tensor

           202.414                 0                 0
                 0           202.414                 0
                 0                 0                 0

----------------------------------------------------------------------
                      Principal Moments of Inertia

           x                 y                 z                Unit
                 0       56.68175574       56.68175574       amu * ang^2
                 0       202.4142245       202.4142245      amu * bohr^2
  0.0000000000e+00  9.4122334021e-39  9.4122334021e-39          g * cm^2

 - Molecule is diatomic.

----------------------------------------------------------------------

         Rotational constants (MHz)

    A = inf        B = 8.9161e+03        C = 8.9161e+03

----------------------------------------------------------------------

        Rotational constants (cm-1)

    A = inf        B = 2.9741e-01        C = 2.9741e-01

----------------------------------------------------------------------

                                Z-Matrix
N   
N        1          5.3768

----------------------------------------------------------------------

             Converted back to Cartesian

N        0.000000      0.000000      0.000000
N        0.000000      0.000000      5.376800

----------------------------------------------------------------------
                       Geometry in bohr 

1     N       0.0000000000    0.0000000000    0.0000000000
2     N       0.0000000000    0.0000000000    5.3768000000
Resetting xc_basis_tol to 1e-10

 Number of nodes, processes per node used for SCF calculation: 1, 8

Common Options
{
 maxiter    = 100
 basis      = cc-pvdz spherical
 geom_units = bohr
 natoms_max = 30
 debug      = false
 file_prefix    = N2
}

SCF Options
{
 charge            = 0
 multiplicity      = 1
 level shift       = 0
 tol_int           = 1e-16
 tol_sch           = 1e-12
 tol_lindep        = 1e-09
 conve             = 1e-10
 convd             = 1e-09
 diis_hist         = 10
 AO_tilesize       = 30
 writem            = 10
 damp              = 100
 n_lindep          = 0
 scf_type          = restricted
 direct_df         = false
 restart_size      = 2000
 restart           = false
 debug             = false
}

Number of basis functions = 28

Total number of shells = 12

Total number of electrons = 14
  # of alpha electrons    = 7
  # of beta electons      = 7

Nuclear repulsion energy  = 9.11322719833358

# of {all,non-negligible} shell-pairs = {78,78}
Number of AO tiles = 12

Time for initial setup: 0.00 secs
HF exch = 1.00

Time for computing 1-e integrals T, V, S: 0.00 secs
Time for computing orthogonalizer: 0.00 secs

Superposition of Atomic Density Guess ...
Time taken for SAD: 0.03 secs
Total Time to compute initial guess: 0.03 secs


 SCF iterations
-----------------------------------------------------------------------------
 Iter     Energy            E-Diff       RMSD        |[F,P]|^2       Time(s)
-----------------------------------------------------------------------------
   1  -107.6627104403    -1.08e+02     5.57e-02     7.28e-03         0.0 
   2  -108.0238243998    -3.61e-01     1.19e-03     1.35e-02         0.0 
   3  -108.0251241537    -1.30e-03     2.18e-03     7.14e-03         0.0 
   4  -108.0264208422    -1.30e-03     8.28e-04     5.45e-04         0.0 
   5  -108.0265315543    -1.11e-04     2.17e-05     5.19e-07         0.0 
   6  -108.0265316515    -9.72e-08     3.93e-06     1.21e-08         0.0 
   7  -108.0265316534    -1.89e-09     9.84e-07     6.52e-10         0.0 
   8  -108.0265316535    -1.32e-10     9.98e-08     6.88e-12         0.0 
   9  -108.0265316535     9.24e-13     5.03e-08     4.42e-11         0.0 
  10  -108.0265316535    -2.26e-12     4.66e-09     6.45e-14         0.0 
<DIIS> Singularity in Pulay matrix detected.
<DIIS> Singularity in Pulay matrix detected.
  11  -108.0265316535     1.42e-14     4.98e-10     1.71e-16         0.0 

** Total SCF energy = -108.0265316535194

Nuclear repulsion energy = 9.113227198333581
#electrons        = 14
1e energy kinetic = 107.3356191842497367
1e energy N-e     = -272.1608486977713710
1e energy         = -164.8252295135216343
2e energy         = 47.6854706616686670
writing orbitals and density to disk ... done.

Total Time taken for Hartree-Fock: 0.25 secs

CD Options
{
 debug            = false
 skip_cd          = [false,100]
 write_cv         = [false,5000]
 diagtol          = 1e-14
 itilesize        = 1000
 max_cvecs_factor = 1000
}

- #occupied, #virtual = 14, 42

- Tilesize for the MSO space: 40

-----------------------------------------------------
Begin 2-index transformation ... 

nAO, nMO, nelectrons = 28, 56, 14
n_occ_alpha, n_vir_alpha, n_occ_beta, n_vir_beta = 7,21,7,21

Time taken for Fao->Fmo transform: 0.00 secs

-----------------------------------------------------
Number of AO tiles = 12
# of {all,non-negligible} shell-pairs = {78,78}

    Begin Cholesky Decomposition
---------------------------------------------
Total # of mpi ranks used for Cholesky decomposition: 8
  --> Number of nodes, mpi ranks per node: 1, 8
- CPU memory required for computing cholesky vectors: 0.00 GiB

- Time for computing the diagonal: 0.00 secs

- Total number of cholesky vectors = 295

- Time to compute cholesky vectors: 0.14 secs

- CPU memory required for resizing the ao cholesky tensor: 0.01 GiB
- CPU memory required for ao2mo transformation: 0.01 GiB
- CPU memory required for the 2-step contraction: 0.01 GiB

- Time for ao to mo transform: 0.01 secs

   End Cholesky Decomposition
---------------------------------------------

Total Time taken for Cholesky Decomposition: 0.18 secs

scf_type = restricted
Closed-Shell SCF
nbf = 28
nbf_orig = 28
n_lindep = 0
focc = 1
nmo = 56
nocc = 14
nvir = 42
n_occ_alpha = 7
n_vir_alpha = 21
n_occ_beta = 7
n_vir_beta = 21
nelectrons = 14
nelectrons_alpha = 7
nelectrons_beta = 7
n_frozen_core = 0
n_frozen_virtual = 0
----------------------------

Total CPU memory required for Closed Shell Cholesky CCSD calculation: 0.01 GiB


 CCSD iterations
------------------------------------------------------------
  Iter     Residuum          Correlation          Time(s)
------------------------------------------------------------
   1     0.5190077674841    0.0000000000000         0.02
   2     0.5403294326148   -1.2588774601877         0.02
   3     1.1292917636931    0.4376480756935         0.02
   4     1.7216021534118   -2.9280915793217         0.02
   5     2.5504696662073    1.8261290643078         0.02
 MICROCYCLE DIIS UPDATE:                    6
   6     0.1412950980654   -0.7655840937384         0.02
   7     0.3198671571844   -0.3278515574001         0.02
   8     0.5048663521060   -1.2237325834625         0.02
   9     0.9700098386487    0.2566694274634         0.02
  10     1.5859876337708   -2.5563602135461         0.02
 MICROCYCLE DIIS UPDATE:                   11
  11     0.0511112494770   -0.6894099745130         0.02
  12     0.1428285921654   -0.5473750415340         0.02
  13     0.1716936084388   -0.8866837267608         0.02
  14     0.3858318372363   -0.3713796373502         0.02
  15     0.6153200169187   -1.3713253396590         0.02
 MICROCYCLE DIIS UPDATE:                   16
  16     0.0409843214053   -0.7201962678388         0.02
  17     0.1263757729485   -0.6289401203745         0.02
  18     0.1199511198902   -0.8934493645938         0.02
  19     0.2832363711065   -0.5493446620841         0.02
  20     0.3947701631030   -1.2140634808026         0.02
 MICROCYCLE DIIS UPDATE:                   21
  21     0.0360681572491   -0.7820418790660         0.02
  22     0.1193810863321   -0.7163263361752         0.02
  23     0.0979329793660   -0.9483016010040         0.02
  24     0.2075438338190   -0.6968120908765         0.02
  25     0.2503636233227   -1.1430013452525         0.02
 MICROCYCLE DIIS UPDATE:                   26
  26     0.0219936937981   -0.8883008024602         0.02
  27     0.0761022013546   -0.8525493193363         0.03
  28     0.0619624714155   -0.9959936869512         0.03
  29     0.0904455283873   -0.8653652042867         0.03
  30     0.0898359531279   -1.0405560103567         0.02
 MICROCYCLE DIIS UPDATE:                   31
  31     0.0043856206214   -0.9633490449212         0.02
  32     0.0034551429967   -0.9634429166258         0.02
  33     0.0015010346678   -0.9677993847110         0.02
  34     0.0019723224610   -0.9656899300422         0.02
  35     0.0015016368522   -0.9690247335958         0.02
 MICROCYCLE DIIS UPDATE:                   36
  36     0.0001048636218   -0.9680526919398         0.02
  37     0.0001182799175   -0.9680718005201         0.02
  38     0.0001427919921   -0.9679092368142         0.02
  39     0.0001705698643   -0.9681434296592         0.02
  40     0.0001865524492   -0.9678355319973         0.02
 MICROCYCLE DIIS UPDATE:                   41
  41     0.0000086455769   -0.9679975449048         0.02
  42     0.0000047063473   -0.9679978183059         0.02
  43     0.0000033836160   -0.9679985727772         0.02
  44     0.0000027722140   -0.9679997965802         0.02
  45     0.0000025798188   -0.9679972827662         0.02
 MICROCYCLE DIIS UPDATE:                   46
  46     0.0000007079332   -0.9679990926109         0.02
  47     0.0000003707359   -0.9679991768577         0.02
  48     0.0000002782877   -0.9679988338552         0.02
  49     0.0000002747679   -0.9679991433536         0.02
  50     0.0000002778635   -0.9679986923668         0.02
 MICROCYCLE DIIS UPDATE:                   51
  51     0.0000000607819   -0.9679988946866         0.02
  52     0.0000000559368   -0.9679988970532         0.02
  53     0.0000001246214   -0.9679989210000         0.02
  54     0.0000003435799   -0.9679988903221         0.02
  55     0.0000009650695   -0.9679989279520         0.02
 MICROCYCLE DIIS UPDATE:                   56
  56     0.0000000075104   -0.9679989091644         0.02
------------------------------------------------------------------
 Iterations converged
 CCSD correlation energy / hartree =        -0.967998909164442
 CCSD total energy / hartree       =      -108.994530562683806

Time taken for Closed Shell Cholesky CCSD: 1.30 secs

Executing DUCC routine
======================
Number of active occupied alpha = 7
Number of active occupied beta  = 7
Number of active virtual alpha  = 16
Number of active virtual beta   = 16
ducc_lvl = 1

Full SCF Energy: -108.026531653519
Bare SCF Energy: -108.026531646829
Frozen Core Energy: -0.000000006690

DUCC: Time taken to compute Bare Hamiltonian: 0.00 secs
Bare Active Space SCF Energy: -108.026531646829

DUCC: Time taken to compute single commutator of F and V and double commutator of F: 0.34 secs
Fully Contracted Scalar: -0.029944726017

DUCC SCF energy: -108.056476372846
Total Energy Shift: -0.000000006690

DUCC: Total compute time: 0.34 secs

DUCC: Time to write results: 0.10 secs
DUCC Memory Stats
-----------------
allocation count: 876
deallocation count: 875
total memory allocated: 0.554933 GiB
total memory deallocated: 0.554933 GiB
maximum memory in single allocation: 0.008694 GiB
maximum memory consumption: 0.166776 GiB
