
ExaChem Git Information
{
 Branch: main
 Commit Hash: bd25dab [bd25dab8406e69b11ad8def9900a8eea7bb8d543]
 Commit Date: 2025-01-30 14:42:33 -0800
 Commit Message: Fixes ECP handling for multiple atoms

 WARNING: The following ExaChem sources have uncommitted changes at build-time.

 M exachem/cc/ducc/ducc-t_ccsd.cpp

diff --git a/exachem/cc/ducc/ducc-t_ccsd.cpp b/exachem/cc/ducc/ducc-t_ccsd.cpp
index 16950f2..85b1230 100644
--- a/exachem/cc/ducc/ducc-t_ccsd.cpp
+++ b/exachem/cc/ducc/ducc-t_ccsd.cpp
@@ -2036 +2036 @@ void DUCC_T_CCSD_Driver(ChemEnv& chem_env, ExecutionContext& ec, const TiledInde
-  if(rank == 0 && ducc_lvl > 0) {
+  if(rank == 0) {

}


TAMM Git Information
{
 Branch: main
 Commit Hash: 1c9868cf [1c9868cfbfc8bad3586dd21e36f2519cff1fe55a]
 Commit Date: 2024-12-19 12:23:01 -0800
 Commit Message: minor update to print_vector
}


date: Thu Feb  6 15:17:50 2025
program: "/hpc/home/baum612/code/exachem-dev/build/methods_stage/hpc/home/baum612/code/tamm_install/methods/ExaChem"
nnodes: 1, nproc_per_node: 8, nproc_total: 8, 
Memory information
{
[Intel(R) Xeon(R) Platinum 8276M CPU @ 2.20GHz] : 
  CPU memory per node (GiB): 6046
  Total CPU memory (GiB): 6046
}

------------------------------------------------------------

Input file provided: /hpc/home/baum612/TESTS/DUCC-Hamiltonian-Library/N2/cc-pVDZ/AllElectronCCSD-14Elec-23Orbs/2.8_Eq-5.7904au/Bare/N2.json

{
  "geometry": {
    "coordinates": [
      "N  0.000000  0.000000  0.000000",
      "N  0.000000  0.000000  5.7904"
    ],
    "units": "bohr"
  },
  "basis": {
    "basisset": "cc-pvdz"
  },
  "common": {
    "file_prefix": "N2",
    "maxiter": 100
  },
  "SCF": {
    "tol_int": 1e-16,
    "tol_lindep": 1e-09,
    "conve": 1e-10,
    "convd": 1e-09,
    "diis_hist": 10,
    "charge": 0,
    "multiplicity": 1,
    "restart": false,
    "scf_type": "restricted",
    "writem": 10
  },
  "CD": {
    "diagtol": 1e-14,
    "max_cvecs": 1000
  },
  "CC": {
    "threshold": 1e-08,
    "ndiis": 5,
    "writet": false,
    "ccsd_maxiter": 100,
    "lshift": 0.1,
    "nactive_oa": 7,
    "nactive_ob": 7,
    "nactive_va": 16,
    "nactive_vb": 16,
    "ducc_lvl": 0
  },
  "TASK": {
    "ducc": true
  }
}

Output folder & files prefix: N2.cc-pvdz

Printing Internal Coordinates

------------------------------------------------------------
                Bond Lengths

i      j        Length (Angstroms)     Length (Bohr)
0      1          3.0641477199         5.7904000000

Number of Angles: 0
Number of Torsional Angles: 0


----------------------------------------------------------------------
                          Center of Mass

         x               y               z              Unit
               0               0      1.53207386      Angstrom
               0               0          2.8952          Bohr

----------------------------------------------------------------------
                Moment of Inertia Tensor

           234.753                 0                 0
                 0           234.753                 0
                 0                 0                 0

----------------------------------------------------------------------
                      Principal Moments of Inertia

           x                 y                 z                Unit
                 0       65.73742086       65.73742086       amu * ang^2
                 0       234.7525917       234.7525917      amu * bohr^2
  0.0000000000e+00  1.0915962999e-38  1.0915962999e-38          g * cm^2

 - Molecule is diatomic.

----------------------------------------------------------------------

         Rotational constants (MHz)

    A = inf        B = 7.6878e+03        C = 7.6878e+03

----------------------------------------------------------------------

        Rotational constants (cm-1)

    A = inf        B = 2.5644e-01        C = 2.5644e-01

----------------------------------------------------------------------

                                Z-Matrix
N   
N        1          5.7904

----------------------------------------------------------------------

             Converted back to Cartesian

N        0.000000      0.000000      0.000000
N        0.000000      0.000000      5.790400

----------------------------------------------------------------------
                       Geometry in bohr 

1     N       0.0000000000    0.0000000000    0.0000000000
2     N       0.0000000000    0.0000000000    5.7904000000
Resetting xc_basis_tol to 1e-10

 Number of nodes, processes per node used for SCF calculation: 1, 8

Common Options
{
 maxiter    = 100
 basis      = cc-pvdz spherical
 geom_units = bohr
 natoms_max = 30
 debug      = false
 file_prefix    = N2
}

SCF Options
{
 charge            = 0
 multiplicity      = 1
 level shift       = 0
 tol_int           = 1e-16
 tol_sch           = 1e-12
 tol_lindep        = 1e-09
 conve             = 1e-10
 convd             = 1e-09
 diis_hist         = 10
 AO_tilesize       = 30
 writem            = 10
 damp              = 100
 n_lindep          = 0
 scf_type          = restricted
 direct_df         = false
 restart_size      = 2000
 restart           = false
 debug             = false
}

Number of basis functions = 28

Total number of shells = 12

Total number of electrons = 14
  # of alpha electrons    = 7
  # of beta electons      = 7

Nuclear repulsion energy  = 8.46228239845261

# of {all,non-negligible} shell-pairs = {78,78}
Number of AO tiles = 12

Time for initial setup: 0.00 secs
HF exch = 1.00

Time for computing 1-e integrals T, V, S: 0.00 secs
Time for computing orthogonalizer: 0.00 secs

Superposition of Atomic Density Guess ...
Time taken for SAD: 0.03 secs
Total Time to compute initial guess: 0.03 secs


 SCF iterations
-----------------------------------------------------------------------------
 Iter     Energy            E-Diff       RMSD        |[F,P]|^2       Time(s)
-----------------------------------------------------------------------------
   1  -107.6593550139    -1.08e+02     5.63e-02     2.92e-03         0.0 
   2  -107.9798980980    -3.21e-01     7.13e-04     1.04e-02         0.0 
   3  -107.9806135593    -7.15e-04     2.20e-03     6.87e-03         0.0 
   4  -107.9818810051    -1.27e-03     8.03e-04     5.11e-04         0.0 
   5  -107.9819850047    -1.04e-04     1.87e-05     5.09e-07         0.0 
   6  -107.9819850999    -9.52e-08     5.73e-06     2.23e-08         0.0 
   7  -107.9819851035    -3.59e-09     1.42e-06     1.13e-09         0.0 
   8  -107.9819851037    -2.36e-10     1.54e-07     2.38e-11         0.0 
   9  -107.9819851037    -3.69e-12     2.33e-08     8.68e-12         0.0 
  10  -107.9819851037    -4.41e-13     4.50e-09     1.12e-13         0.0 
<DIIS> Singularity in Pulay matrix detected.
<DIIS> Singularity in Pulay matrix detected.
  11  -107.9819851037    -1.42e-14     5.60e-10     2.18e-16         0.0 

** Total SCF energy = -107.9819851037500

Nuclear repulsion energy = 8.462282398452611
#electrons        = 14
1e energy kinetic = 107.3942329526184949
1e energy N-e     = -270.9256297228326957
1e energy         = -163.5313967702142293
2e energy         = 47.0871292680116014
writing orbitals and density to disk ... done.

Total Time taken for Hartree-Fock: 0.25 secs

CD Options
{
 debug            = false
 skip_cd          = [false,100]
 write_cv         = [false,5000]
 diagtol          = 1e-14
 itilesize        = 1000
 max_cvecs_factor = 1000
}

- #occupied, #virtual = 14, 42

- Tilesize for the MSO space: 40

-----------------------------------------------------
Begin 2-index transformation ... 

nAO, nMO, nelectrons = 28, 56, 14
n_occ_alpha, n_vir_alpha, n_occ_beta, n_vir_beta = 7,21,7,21

Time taken for Fao->Fmo transform: 0.00 secs

-----------------------------------------------------
Number of AO tiles = 12
# of {all,non-negligible} shell-pairs = {78,78}

    Begin Cholesky Decomposition
---------------------------------------------
Total # of mpi ranks used for Cholesky decomposition: 8
  --> Number of nodes, mpi ranks per node: 1, 8
- CPU memory required for computing cholesky vectors: 0.00 GiB

- Time for computing the diagonal: 0.00 secs

- Total number of cholesky vectors = 288

- Time to compute cholesky vectors: 0.14 secs

- CPU memory required for resizing the ao cholesky tensor: 0.01 GiB
- CPU memory required for ao2mo transformation: 0.01 GiB
- CPU memory required for the 2-step contraction: 0.01 GiB

- Time for ao to mo transform: 0.01 secs

   End Cholesky Decomposition
---------------------------------------------

Total Time taken for Cholesky Decomposition: 0.18 secs

scf_type = restricted
Closed-Shell SCF
nbf = 28
nbf_orig = 28
n_lindep = 0
focc = 1
nmo = 56
nocc = 14
nvir = 42
n_occ_alpha = 7
n_vir_alpha = 21
n_occ_beta = 7
n_vir_beta = 21
nelectrons = 14
nelectrons_alpha = 7
nelectrons_beta = 7
n_frozen_core = 0
n_frozen_virtual = 0
----------------------------

Total CPU memory required for Closed Shell Cholesky CCSD calculation: 0.01 GiB


 CCSD iterations
------------------------------------------------------------
  Iter     Residuum          Correlation          Time(s)
------------------------------------------------------------
   1     0.5265504838386    0.0000000000000         0.02
   2     0.6216442243703   -1.4050534295392         0.02
   3     1.5008443490564    0.7508138884720         0.02
   4     2.3783159995747   -4.1967332434949         0.02
   5     3.6637310614792    2.3915535888937         0.02
 MICROCYCLE DIIS UPDATE:                    6
   6     0.1329108066002   -0.7543322374883         0.02
   7     0.3300321472985   -0.3109235537797         0.02
   8     0.5859535545274   -1.3482879106169         0.02
   9     1.2957134304807    0.5718042475770         0.02
  10     2.1236804301973   -3.6617224078812         0.02
 MICROCYCLE DIIS UPDATE:                   11
  11     0.0539439918722   -0.6975323955924         0.02
  12     0.1616080425857   -0.5337067697125         0.02
  13     0.2321157456917   -0.9692639252538         0.02
  14     0.5642646225600   -0.2051179838120         0.02
  15     1.0805636267954   -1.8700164895024         0.02
 MICROCYCLE DIIS UPDATE:                   16
  16     0.0458080550822   -0.7123878084300         0.02
  17     0.1495553465872   -0.5886458645251         0.02
  18     0.1866333501131   -0.9586307422830         0.02
  19     0.4653941129996   -0.3602025207055         0.02
  20     0.8483111797044   -1.6497583814157         0.02
 MICROCYCLE DIIS UPDATE:                   21
  21     0.0429483401477   -0.7414312155787         0.02
  22     0.1483080723256   -0.6419568185947         0.02
  23     0.1625717453584   -0.9833573596520         0.02
  24     0.3979592258131   -0.4873171270326         0.02
  25     0.6722713094788   -1.5210892925010         0.02
 MICROCYCLE DIIS UPDATE:                   26
  26     0.0412846319726   -0.7839418827027         0.02
  27     0.1511999688110   -0.6978575526136         0.02
  28     0.1542897436243   -1.0309143402750         0.02
  29     0.3386355011549   -0.5982100557387         0.02
  30     0.5238776292304   -1.4269029063594         0.02
 MICROCYCLE DIIS UPDATE:                   31
  31     0.0359836817766   -0.8520508267327         0.02
  32     0.1447959201338   -0.7775946359848         0.02
  33     0.1475693150557   -1.0892874894652         0.02
  34     0.2496412599269   -0.7294157384800         0.02
  35     0.3337588947938   -1.2937099558523         0.02
 MICROCYCLE DIIS UPDATE:                   36
  36     0.0208864076868   -0.9461805240235         0.02
  37     0.0843169991106   -0.9087563662134         0.02
  38     0.0867296995010   -1.0861631480848         0.02
  39     0.1063695180907   -0.9044087119765         0.02
  40     0.1075340090352   -1.1138799226360         0.02
 MICROCYCLE DIIS UPDATE:                   41
  41     0.0044793623349   -1.0113165916941         0.02
  42     0.0097400928852   -1.0084070406603         0.02
  43     0.0085400729149   -1.0274437623869         0.02
  44     0.0092356059959   -1.0106692201142         0.02
  45     0.0076625609028   -1.0271860047897         0.02
 MICROCYCLE DIIS UPDATE:                   46
  46     0.0002766268815   -1.0206407533351         0.02
  47     0.0008714745984   -1.0210987756408         0.02
  48     0.0010968696083   -1.0192649817358         0.02
  49     0.0012572738233   -1.0213820809377         0.02
  50     0.0012481081112   -1.0190766173599         0.02
 MICROCYCLE DIIS UPDATE:                   51
  51     0.0000234504171   -1.0202267773912         0.02
  52     0.0000265525739   -1.0202469074641         0.02
  53     0.0000199241880   -1.0202009398678         0.02
  54     0.0000164207557   -1.0202334034812         0.02
  55     0.0000107690415   -1.0202094129576         0.02
 MICROCYCLE DIIS UPDATE:                   56
  56     0.0000006027582   -1.0202172297770         0.02
  57     0.0000008718718   -1.0202166243927         0.02
  58     0.0000010931899   -1.0202184323926         0.02
  59     0.0000011592729   -1.0202163117591         0.02
  60     0.0000011145849   -1.0202184571030         0.02
 MICROCYCLE DIIS UPDATE:                   61
  61     0.0000000398041   -1.0202174301576         0.02
  62     0.0000000714490   -1.0202174288969         0.02
  63     0.0000002002285   -1.0202173870943         0.02
  64     0.0000006068564   -1.0202174436970         0.02
  65     0.0000018598393   -1.0202173718793         0.02
 MICROCYCLE DIIS UPDATE:                   66
  66     0.0000000054047   -1.0202174086651         0.02
------------------------------------------------------------------
 Iterations converged
 CCSD correlation energy / hartree =        -1.020217408665071
 CCSD total energy / hartree       =      -109.002202512415053

Time taken for Closed Shell Cholesky CCSD: 1.46 secs

Executing DUCC routine
======================
Number of active occupied alpha = 7
Number of active occupied beta  = 7
Number of active virtual alpha  = 16
Number of active virtual beta   = 16
ducc_lvl = 0

Full SCF Energy: -107.981985103750
Bare SCF Energy: -107.981985100378
Frozen Core Energy: -0.000000003372

DUCC: Time taken to compute Bare Hamiltonian: 0.00 secs
Bare Active Space SCF Energy: -107.981985100378
Fully Contracted Scalar: -0.000000000000

DUCC SCF energy: -107.981985100378
Total Energy Shift: -0.000000003372

DUCC: Total compute time: 0.00 secs

DUCC: Time to write results: 0.10 secs
DUCC Memory Stats
-----------------
allocation count: 576
deallocation count: 575
total memory allocated: 0.064170 GiB
total memory deallocated: 0.064170 GiB
maximum memory in single allocation: 0.008694 GiB
maximum memory consumption: 0.028439 GiB
