
ExaChem Git Information
{
 Branch: main
 Commit Hash: bd25dab [bd25dab8406e69b11ad8def9900a8eea7bb8d543]
 Commit Date: 2025-01-30 14:42:33 -0800
 Commit Message: Fixes ECP handling for multiple atoms

 WARNING: The following ExaChem sources have uncommitted changes at build-time.

 M exachem/cc/ducc/ducc-t_ccsd.cpp

diff --git a/exachem/cc/ducc/ducc-t_ccsd.cpp b/exachem/cc/ducc/ducc-t_ccsd.cpp
index 16950f2..85b1230 100644
--- a/exachem/cc/ducc/ducc-t_ccsd.cpp
+++ b/exachem/cc/ducc/ducc-t_ccsd.cpp
@@ -2036 +2036 @@ void DUCC_T_CCSD_Driver(ChemEnv& chem_env, ExecutionContext& ec, const TiledInde
-  if(rank == 0 && ducc_lvl > 0) {
+  if(rank == 0) {

}


TAMM Git Information
{
 Branch: main
 Commit Hash: 1c9868cf [1c9868cfbfc8bad3586dd21e36f2519cff1fe55a]
 Commit Date: 2024-12-19 12:23:01 -0800
 Commit Message: minor update to print_vector
}


date: Thu Feb  6 15:29:39 2025
program: "/hpc/home/baum612/code/exachem-dev/build/methods_stage/hpc/home/baum612/code/tamm_install/methods/ExaChem"
nnodes: 1, nproc_per_node: 8, nproc_total: 8, 
Memory information
{
[Intel(R) Xeon(R) Platinum 8276M CPU @ 2.20GHz] : 
  CPU memory per node (GiB): 6046
  Total CPU memory (GiB): 6046
}

------------------------------------------------------------

Input file provided: /hpc/home/baum612/TESTS/DUCC-Hamiltonian-Library/N2/cc-pVDZ/AllElectronCCSD-14Elec-23Orbs/2.0_Eq-4.1360au/Bare/N2.json

{
  "geometry": {
    "coordinates": [
      "N  0.000000  0.000000  0.000000",
      "N  0.000000  0.000000  4.1360"
    ],
    "units": "bohr"
  },
  "basis": {
    "basisset": "cc-pvdz"
  },
  "common": {
    "file_prefix": "N2",
    "maxiter": 100
  },
  "SCF": {
    "tol_int": 1e-16,
    "tol_lindep": 1e-09,
    "conve": 1e-10,
    "convd": 1e-09,
    "diis_hist": 10,
    "charge": 0,
    "multiplicity": 1,
    "restart": false,
    "scf_type": "restricted",
    "writem": 10
  },
  "CD": {
    "diagtol": 1e-14,
    "max_cvecs": 1000
  },
  "CC": {
    "threshold": 1e-08,
    "ndiis": 5,
    "writet": false,
    "ccsd_maxiter": 100,
    "lshift": 0.1,
    "nactive_oa": 7,
    "nactive_ob": 7,
    "nactive_va": 16,
    "nactive_vb": 16,
    "ducc_lvl": 0
  },
  "TASK": {
    "ducc": true
  }
}

Output folder & files prefix: N2.cc-pvdz

Printing Internal Coordinates

------------------------------------------------------------
                Bond Lengths

i      j        Length (Angstroms)     Length (Bohr)
0      1          2.1886769428         4.1360000000

Number of Angles: 0
Number of Torsional Angles: 0


----------------------------------------------------------------------
                          Center of Mass

         x               y               z              Unit
               0               0     1.094338471      Angstrom
               0               0           2.068          Bohr

----------------------------------------------------------------------
                Moment of Inertia Tensor

           119.772                 0                 0
                 0           119.772                 0
                 0                 0                 0

----------------------------------------------------------------------
                      Principal Moments of Inertia

           x                 y                 z                Unit
                 0       33.53950044       33.53950044       amu * ang^2
                 0       119.7717305       119.7717305      amu * bohr^2
  0.0000000000e+00  5.5693688770e-39  5.5693688770e-39          g * cm^2

 - Molecule is diatomic.

----------------------------------------------------------------------

         Rotational constants (MHz)

    A = inf        B = 1.5068e+04        C = 1.5068e+04

----------------------------------------------------------------------

        Rotational constants (cm-1)

    A = inf        B = 5.0262e-01        C = 5.0262e-01

----------------------------------------------------------------------

                                Z-Matrix
N   
N        1           4.136

----------------------------------------------------------------------

             Converted back to Cartesian

N        0.000000      0.000000      0.000000
N        0.000000      0.000000      4.136000

----------------------------------------------------------------------
                       Geometry in bohr 

1     N       0.0000000000    0.0000000000    0.0000000000
2     N       0.0000000000    0.0000000000    4.1360000000
Resetting xc_basis_tol to 1e-10

 Number of nodes, processes per node used for SCF calculation: 1, 8

Common Options
{
 maxiter    = 100
 basis      = cc-pvdz spherical
 geom_units = bohr
 natoms_max = 30
 debug      = false
 file_prefix    = N2
}

SCF Options
{
 charge            = 0
 multiplicity      = 1
 level shift       = 0
 tol_int           = 1e-16
 tol_sch           = 1e-12
 tol_lindep        = 1e-09
 conve             = 1e-10
 convd             = 1e-09
 diis_hist         = 10
 AO_tilesize       = 30
 writem            = 10
 damp              = 100
 n_lindep          = 0
 scf_type          = restricted
 direct_df         = false
 restart_size      = 2000
 restart           = false
 debug             = false
}

Number of basis functions = 28

Total number of shells = 12

Total number of electrons = 14
  # of alpha electrons    = 7
  # of beta electons      = 7

Nuclear repulsion energy  = 11.8471953578337

# of {all,non-negligible} shell-pairs = {78,78}
Number of AO tiles = 12

Time for initial setup: 0.00 secs
HF exch = 1.00

Time for computing 1-e integrals T, V, S: 0.00 secs
Time for computing orthogonalizer: 0.00 secs

Superposition of Atomic Density Guess ...
Time taken for SAD: 0.04 secs
Total Time to compute initial guess: 0.04 secs


 SCF iterations
-----------------------------------------------------------------------------
 Iter     Energy            E-Diff       RMSD        |[F,P]|^2       Time(s)
-----------------------------------------------------------------------------
   1  -107.7252845677    -1.08e+02     5.34e-02     2.72e-01         0.0 
   2  -108.2329332055    -5.08e-01     3.74e-03     2.86e-02         0.0 
   3  -108.2370073226    -4.07e-03     1.40e-03     3.83e-03         0.0 
   4  -108.2376249986    -6.18e-04     5.91e-04     3.75e-04         0.0 
   5  -108.2376912529    -6.63e-05     2.40e-05     8.87e-07         0.0 
   6  -108.2376913625    -1.10e-07     5.48e-06     2.75e-08         0.0 
   7  -108.2376913669    -4.32e-09     3.89e-07     1.56e-10         0.0 
   8  -108.2376913669    -2.88e-11     3.50e-08     5.93e-13         0.0 
   9  -108.2376913669    -1.99e-13     2.68e-09     7.77e-15         0.0 
  10  -108.2376913669     2.84e-14     9.53e-10     2.04e-15         0.0 

** Total SCF energy = -108.2376913668918

Nuclear repulsion energy = 11.847195357833655
#electrons        = 14
1e energy kinetic = 107.1525136248798020
1e energy N-e     = -277.4854468085073904
1e energy         = -170.3329331836276310
2e energy         = 50.2480464589021238
writing orbitals and density to disk ... done.

Total Time taken for Hartree-Fock: 0.23 secs

CD Options
{
 debug            = false
 skip_cd          = [false,100]
 write_cv         = [false,5000]
 diagtol          = 1e-14
 itilesize        = 1000
 max_cvecs_factor = 1000
}

- #occupied, #virtual = 14, 42

- Tilesize for the MSO space: 40

-----------------------------------------------------
Begin 2-index transformation ... 

nAO, nMO, nelectrons = 28, 56, 14
n_occ_alpha, n_vir_alpha, n_occ_beta, n_vir_beta = 7,21,7,21

Time taken for Fao->Fmo transform: 0.00 secs

-----------------------------------------------------
Number of AO tiles = 12
# of {all,non-negligible} shell-pairs = {78,78}

    Begin Cholesky Decomposition
---------------------------------------------
Total # of mpi ranks used for Cholesky decomposition: 8
  --> Number of nodes, mpi ranks per node: 1, 8
- CPU memory required for computing cholesky vectors: 0.00 GiB

- Time for computing the diagonal: 0.00 secs

- Total number of cholesky vectors = 784

- Time to compute cholesky vectors: 0.41 secs

- CPU memory required for resizing the ao cholesky tensor: 0.01 GiB
- CPU memory required for ao2mo transformation: 0.01 GiB
- CPU memory required for the 2-step contraction: 0.02 GiB

- Time for ao to mo transform: 0.03 secs

   End Cholesky Decomposition
---------------------------------------------

Total Time taken for Cholesky Decomposition: 0.46 secs

scf_type = restricted
Closed-Shell SCF
nbf = 28
nbf_orig = 28
n_lindep = 0
focc = 1
nmo = 56
nocc = 14
nvir = 42
n_occ_alpha = 7
n_vir_alpha = 21
n_occ_beta = 7
n_vir_beta = 21
nelectrons = 14
nelectrons_alpha = 7
nelectrons_beta = 7
n_frozen_core = 0
n_frozen_virtual = 0
----------------------------

Total CPU memory required for Closed Shell Cholesky CCSD calculation: 0.03 GiB


 CCSD iterations
------------------------------------------------------------
  Iter     Residuum          Correlation          Time(s)
------------------------------------------------------------
   1     0.4926803445016    0.0000000000000         0.05
   2     0.2983493628503   -0.8221075531487         0.04
   3     0.3582427301983   -0.2130274477201         0.04
   4     0.3547632600506   -0.9193552772553         0.04
   5     0.4184845560151   -0.1868400122858         0.04
 MICROCYCLE DIIS UPDATE:                    6
   6     0.0327092265577   -0.5724892984826         0.04
   7     0.0463223714402   -0.5389575966641         0.04
   8     0.0267482945875   -0.5964134437147         0.04
   9     0.0476782017401   -0.5533740402416         0.04
  10     0.0275216449049   -0.6195175452161         0.04
 MICROCYCLE DIIS UPDATE:                   11
  11     0.0215939824794   -0.6543682655451         0.04
  12     0.0184365001646   -0.6831166154383         0.04
  13     0.0230919853525   -0.6516716757379         0.04
  14     0.0175550660257   -0.6875850817549         0.04
  15     0.0221595724067   -0.6552411222273         0.04
 MICROCYCLE DIIS UPDATE:                   16
  16     0.0023957007383   -0.6769596099812         0.04
  17     0.0045872266883   -0.6745950720994         0.04
  18     0.0020824249232   -0.6802277283279         0.04
  19     0.0039297001028   -0.6768388827389         0.04
  20     0.0019664022081   -0.6820866901535         0.04
 MICROCYCLE DIIS UPDATE:                   21
  21     0.0007128402440   -0.6832430721424         0.04
  22     0.0009077581501   -0.6828120803307         0.04
  23     0.0004146599033   -0.6838237818715         0.04
  24     0.0007540779832   -0.6832583116523         0.04
  25     0.0003504165009   -0.6841930057891         0.04
 MICROCYCLE DIIS UPDATE:                   26
  26     0.0001106672492   -0.6846460721696         0.04
  27     0.0001344284212   -0.6845968186863         0.04
  28     0.0000604793045   -0.6847494462601         0.04
  29     0.0001049482899   -0.6846649678412         0.04
  30     0.0000508444444   -0.6848022523324         0.04
 MICROCYCLE DIIS UPDATE:                   31
  31     0.0000234104691   -0.6848146704696         0.04
  32     0.0000302425205   -0.6848036078602         0.04
  33     0.0000144483266   -0.6848328783165         0.04
  34     0.0000234528289   -0.6848213617798         0.04
  35     0.0000105285360   -0.6848469096249         0.04
 MICROCYCLE DIIS UPDATE:                   36
  36     0.0000017336886   -0.6848751770790         0.04
  37     0.0000019160006   -0.6848740726147         0.04
  38     0.0000009554507   -0.6848765127483         0.04
  39     0.0000015566576   -0.6848748326676         0.04
  40     0.0000009255648   -0.6848770795234         0.04
 MICROCYCLE DIIS UPDATE:                   41
  41     0.0000002556871   -0.6848767031143         0.04
  42     0.0000003815068   -0.6848765392622         0.04
  43     0.0000001764694   -0.6848769507344         0.04
  44     0.0000003145025   -0.6848767527290         0.04
  45     0.0000001522049   -0.6848771223113         0.04
 MICROCYCLE DIIS UPDATE:                   46
  46     0.0000000511062   -0.6848773654827         0.04
  47     0.0000000686503   -0.6848773334907         0.04
  48     0.0000000506935   -0.6848774119403         0.04
  49     0.0000000934595   -0.6848773640259         0.04
  50     0.0000001460837   -0.6848774353732         0.04
 MICROCYCLE DIIS UPDATE:                   51
  51     0.0000000135961   -0.6848774247223         0.04
  52     0.0000000186375   -0.6848774176026         0.04
  53     0.0000000088451   -0.6848774370965         0.04
------------------------------------------------------------------
 Iterations converged
 CCSD correlation energy / hartree =        -0.684877437096456
 CCSD total energy / hartree       =      -108.922568803988270

Time taken for Closed Shell Cholesky CCSD: 2.34 secs

Executing DUCC routine
======================
Number of active occupied alpha = 7
Number of active occupied beta  = 7
Number of active virtual alpha  = 16
Number of active virtual beta   = 16
ducc_lvl = 0

Full SCF Energy: -108.237691366892
Bare SCF Energy: -108.237691364513
Frozen Core Energy: -0.000000002378

DUCC: Time taken to compute Bare Hamiltonian: 0.00 secs
Bare Active Space SCF Energy: -108.237691364513
Fully Contracted Scalar: 0.000000000000

DUCC SCF energy: -108.237691364513
Total Energy Shift: -0.000000002378

DUCC: Total compute time: 0.00 secs

DUCC: Time to write results: 0.11 secs
DUCC Memory Stats
-----------------
allocation count: 483
deallocation count: 482
total memory allocated: 0.089701 GiB
total memory deallocated: 0.089701 GiB
maximum memory in single allocation: 0.009159 GiB
maximum memory consumption: 0.031047 GiB
