
ExaChem Git Information
{
 Branch: main
 Commit Hash: bd25dab [bd25dab8406e69b11ad8def9900a8eea7bb8d543]
 Commit Date: 2025-01-30 14:42:33 -0800
 Commit Message: Fixes ECP handling for multiple atoms

 WARNING: The following ExaChem sources have uncommitted changes at build-time.

 M exachem/cc/ducc/ducc-t_ccsd.cpp

diff --git a/exachem/cc/ducc/ducc-t_ccsd.cpp b/exachem/cc/ducc/ducc-t_ccsd.cpp
index 16950f2..d62ffdf 100644
--- a/exachem/cc/ducc/ducc-t_ccsd.cpp
+++ b/exachem/cc/ducc/ducc-t_ccsd.cpp
@@ -1694 +1694 @@ void DUCC_T_CCSD_Driver(ChemEnv& chem_env, ExecutionContext& ec, const TiledInde
-  // const TiledIndexSpace& V  = MO("virt");
+  const TiledIndexSpace& V  = MO("virt");
@@ -1819,0 +1820,14 @@ void DUCC_T_CCSD_Driver(ChemEnv& chem_env, ExecutionContext& ec, const TiledInde
+  // Calculate External contribution to the energy
+  Tensor<T> i1{{O, V}, {1, 1}}; 
+  Tensor<T> ext_e{};
+
+  sch.allocate(i1,ext_e).execute();
+  sch (i1(h1, p1) = f1(h1, p1))
+      (i1(h1, p1) += 0.5 * t1(p2, h2) * v2tensors.v2ijab(h2, h1, p2, p1))
+      (ext_e() = 0)
+      (ext_e() += t1(p1, h1) * i1(h1, p1))
+      (ext_e() += 0.25 * t2(p1, p2, h3, h4) * v2tensors.v2ijab(h3, h4, p1, p2)).execute();
+
+  if(rank == 0) {std::cout << "Energy from external amplitudes = " << get_scalar(ext_e) << std::endl;}
+  sch.deallocate(i1,ext_e).execute();
+
@@ -2036 +2050 @@ void DUCC_T_CCSD_Driver(ChemEnv& chem_env, ExecutionContext& ec, const TiledInde
-  if(rank == 0 && ducc_lvl > 0) {
+  if(rank == 0) {

}


TAMM Git Information
{
 Branch: main
 Commit Hash: 1c9868cf [1c9868cfbfc8bad3586dd21e36f2519cff1fe55a]
 Commit Date: 2024-12-19 12:23:01 -0800
 Commit Message: minor update to print_vector
}


date: Thu Mar 13 11:01:46 2025
program: "/hpc/home/baum612/code/exachem-dev/build/methods_stage/hpc/home/baum612/code/tamm_install/methods/ExaChem"
nnodes: 1, nproc_per_node: 8, nproc_total: 8, 
Memory information
{
[Intel(R) Xeon(R) Platinum 8276M CPU @ 2.20GHz] : 
  CPU memory per node (GiB): 6046
  Total CPU memory (GiB): 6046
}

------------------------------------------------------------

Input file provided: /hpc/home/baum612/TESTS/DUCC-Hamiltonian-Library/N2/cc-pVTZ/3.0_Eq-6.2040au/Bare/N2.json

{
  "geometry": {
    "coordinates": [
      "N  0.000000  0.000000  0.000000",
      "N  0.000000  0.000000  6.2040"
    ],
    "units": "bohr"
  },
  "basis": {
    "basisset": "cc-pvtz"
  },
  "common": {
    "file_prefix": "N2",
    "maxiter": 100
  },
  "SCF": {
    "tol_int": 1e-16,
    "tol_lindep": 1e-09,
    "conve": 1e-10,
    "convd": 1e-09,
    "diis_hist": 10,
    "charge": 0,
    "multiplicity": 1,
    "restart": false,
    "scf_type": "restricted",
    "writem": 10
  },
  "CD": {
    "diagtol": 1e-14,
    "max_cvecs": 1000
  },
  "CC": {
    "threshold": 1e-08,
    "ndiis": 5,
    "writet": false,
    "ccsd_maxiter": 100,
    "lshift": 0.1,
    "nactive_oa": 3,
    "nactive_ob": 3,
    "nactive_va": 3,
    "nactive_vb": 3,
    "ducc_lvl": 0
  },
  "TASK": {
    "ducc": true
  }
}

Output folder & files prefix: N2.cc-pvtz

Printing Internal Coordinates

------------------------------------------------------------
                Bond Lengths

i      j        Length (Angstroms)     Length (Bohr)
0      1          3.2830154142         6.2040000000

Number of Angles: 0
Number of Torsional Angles: 0


----------------------------------------------------------------------
                          Center of Mass

         x               y               z              Unit
               0               0     1.641507707      Angstrom
               0               0           3.102          Bohr

----------------------------------------------------------------------
                Moment of Inertia Tensor

           269.486                 0                 0
                 0           269.486                 0
                 0                 0                 0

----------------------------------------------------------------------
                      Principal Moments of Inertia

           x                 y                 z                Unit
                 0       75.46387599       75.46387599       amu * ang^2
                 0       269.4863936       269.4863936      amu * bohr^2
  0.0000000000e+00  1.2531079973e-38  1.2531079973e-38          g * cm^2

 - Molecule is diatomic.

----------------------------------------------------------------------

         Rotational constants (MHz)

    A = inf        B = 6.6970e+03        C = 6.6970e+03

----------------------------------------------------------------------

        Rotational constants (cm-1)

    A = inf        B = 2.2339e-01        C = 2.2339e-01

----------------------------------------------------------------------

                                Z-Matrix
N   
N        1           6.204

----------------------------------------------------------------------

             Converted back to Cartesian

N        0.000000      0.000000      0.000000
N        0.000000      0.000000      6.204000

----------------------------------------------------------------------
                       Geometry in bohr 

1     N       0.0000000000    0.0000000000    0.0000000000
2     N       0.0000000000    0.0000000000    6.2040000000
Resetting xc_basis_tol to 1e-10

 Number of nodes, processes per node used for SCF calculation: 1, 8

Common Options
{
 maxiter    = 100
 basis      = cc-pvtz spherical
 geom_units = bohr
 natoms_max = 30
 debug      = false
 file_prefix    = N2
}

SCF Options
{
 charge            = 0
 multiplicity      = 1
 level shift       = 0
 tol_int           = 1e-16
 tol_sch           = 1e-12
 tol_lindep        = 1e-09
 conve             = 1e-10
 convd             = 1e-09
 diis_hist         = 10
 AO_tilesize       = 30
 writem            = 10
 damp              = 100
 n_lindep          = 0
 scf_type          = restricted
 direct_df         = false
 restart_size      = 2000
 restart           = false
 debug             = false
}

Number of basis functions = 60

Total number of shells = 20

Total number of electrons = 14
  # of alpha electrons    = 7
  # of beta electons      = 7

Nuclear repulsion energy  = 7.89813023855577

# of {all,non-negligible} shell-pairs = {210,210}
Number of AO tiles = 20

Time for initial setup: 0.00 secs
HF exch = 1.00

Time for computing 1-e integrals T, V, S: 0.00 secs
Time for computing orthogonalizer: 0.00 secs

Superposition of Atomic Density Guess ...
Time taken for SAD: 0.06 secs
Total Time to compute initial guess: 0.06 secs


 SCF iterations
-----------------------------------------------------------------------------
 Iter     Energy            E-Diff       RMSD        |[F,P]|^2       Time(s)
-----------------------------------------------------------------------------
Resetting lshift to 0.50
   1  -107.6894799612    -1.08e+02     2.00e-02     5.38e-03         0.0 
   2  -107.9772833186    -2.88e-01     3.55e-04     1.64e-02         0.0 
   3  -107.9780772032    -7.94e-04     7.07e-04     9.93e-03         0.0 
   4  -107.9790726259    -9.95e-04     5.82e-04     2.30e-03         0.0 
   5  -107.9793537839    -2.81e-04     1.59e-05     2.69e-06         0.0 
   6  -107.9793540275    -2.44e-07     3.59e-06     6.09e-08         0.0 
   7  -107.9793540335    -5.94e-09     8.84e-07     5.88e-09         0.0 
   8  -107.9793540341    -6.37e-10     1.29e-07     7.37e-11         0.0 
   9  -107.9793540340     9.41e-11     1.15e-07     3.69e-09         0.0 
  10  -107.9793540341    -9.84e-11     7.77e-09     6.08e-13         0.0 
  11  -107.9793540341    -1.42e-14     4.91e-10     1.19e-15         0.0 

** Total SCF energy = -107.9793540340933

Nuclear repulsion energy = 7.898130238555771
#electrons        = 14
1e energy kinetic = 107.6186279336103553
1e energy N-e     = -269.8895436597194362
1e energy         = -162.2709157261090809
2e energy         = 46.3934314534599821
writing orbitals and density to disk ... done.

Total Time taken for Hartree-Fock: 0.46 secs

CD Options
{
 debug            = false
 skip_cd          = [false,100]
 write_cv         = [false,5000]
 diagtol          = 1e-14
 itilesize        = 1000
 max_cvecs_factor = 1000
}

- #occupied, #virtual = 14, 106

- Tilesize for the MSO space: 40

-----------------------------------------------------
Begin 2-index transformation ... 

nAO, nMO, nelectrons = 60, 120, 14
n_occ_alpha, n_vir_alpha, n_occ_beta, n_vir_beta = 7,53,7,53

Time taken for Fao->Fmo transform: 0.00 secs

-----------------------------------------------------
Number of AO tiles = 20
# of {all,non-negligible} shell-pairs = {210,210}

    Begin Cholesky Decomposition
---------------------------------------------
Total # of mpi ranks used for Cholesky decomposition: 8
  --> Number of nodes, mpi ranks per node: 1, 8
- CPU memory required for computing cholesky vectors: 0.05 GiB

- Time for computing the diagonal: 0.00 secs

- Total number of cholesky vectors = 926

- Time to compute cholesky vectors: 0.92 secs

- CPU memory required for resizing the ao cholesky tensor: 0.07 GiB
- CPU memory required for ao2mo transformation: 0.07 GiB
- CPU memory required for the 2-step contraction: 0.10 GiB

- Time for ao to mo transform: 0.16 secs

   End Cholesky Decomposition
---------------------------------------------

Total Time taken for Cholesky Decomposition: 1.14 secs

scf_type = restricted
Closed-Shell SCF
nbf = 60
nbf_orig = 60
n_lindep = 0
focc = 1
nmo = 120
nocc = 14
nvir = 106
n_occ_alpha = 7
n_vir_alpha = 53
n_occ_beta = 7
n_vir_beta = 53
nelectrons = 14
nelectrons_alpha = 7
nelectrons_beta = 7
n_frozen_core = 0
n_frozen_virtual = 0
----------------------------

Total CPU memory required for Closed Shell Cholesky CCSD calculation: 0.17 GiB


 CCSD iterations
------------------------------------------------------------
  Iter     Residuum          Correlation          Time(s)
------------------------------------------------------------
   1     0.7054008101778    0.0000000000000         0.68
   2     0.7083089647148   -1.5711149571409         0.68
   3     1.9363289651068    1.0000226259945         0.66
   4     3.0454270105842   -5.7659359548473         0.66
   5     4.5950843168405    2.1055801715625         0.64
 MICROCYCLE DIIS UPDATE:                    6
   6     0.1464836636034   -0.8220033473235         0.64
   7     0.3814364104963   -0.3279569512437         0.64
   8     0.7741516892461   -1.6291669022276         0.65
   9     1.9283444839361    1.0411969077213         0.66
  10     2.3613436818720   -5.7633444882700         0.66
 MICROCYCLE DIIS UPDATE:                   11
  11     0.0495908903584   -0.7079654535559         0.66
  12     0.0654260314986   -0.7024216499213         0.66
  13     0.0518400809688   -0.8147135389792         0.66
  14     0.1707226252515   -0.6548745565288         0.65
  15     0.2810415113245   -1.1245978696452         0.65
 MICROCYCLE DIIS UPDATE:                   16
  16     0.0435434317759   -0.8516563269046         0.65
  17     0.1429458723910   -0.7695204864052         0.65
  18     0.1861853869360   -1.1128608524269         0.65
  19     0.4214127277298   -0.5743046839527         0.66
  20     0.8183354501227   -1.7081614841736         0.65
 MICROCYCLE DIIS UPDATE:                   21
  21     0.0348124044593   -0.9052121538908         0.66
  22     0.1341282582523   -0.8379607065529         0.66
  23     0.1704031403706   -1.1510630985558         0.66
  24     0.3284284772687   -0.7039901959628         0.66
  25     0.5735747071797   -1.5287939415544         0.66
 MICROCYCLE DIIS UPDATE:                   26
  26     0.0277652087959   -0.9492997594340         0.66
  27     0.1124694836122   -0.9002164638604         0.66
  28     0.1409513731751   -1.1579799371791         0.66
  29     0.2376648029470   -0.8144641892700         0.66
  30     0.3698071879291   -1.3741017707182         0.66
 MICROCYCLE DIIS UPDATE:                   31
  31     0.0162045792035   -1.0109931790811         0.66
  32     0.0668480300533   -0.9840328826042         0.66
  33     0.0845519125686   -1.1356946177051         0.66
  34     0.1240173824928   -0.9437659085576         0.66
  35     0.1656419342129   -1.2126233928319         0.66
 MICROCYCLE DIIS UPDATE:                   36
  36     0.0051483759058   -1.0564470722509         0.66
  37     0.0171976359028   -1.0506328116156         0.66
  38     0.0209289929358   -1.0887783896481         0.67
  39     0.0291573684263   -1.0425718915018         0.67
  40     0.0350392753764   -1.1026721195111         0.66
 MICROCYCLE DIIS UPDATE:                   41
  41     0.0006523714204   -1.0712856681158         0.66
  42     0.0007254195515   -1.0718754054482         0.66
  43     0.0011465922270   -1.0705252359286         0.66
  44     0.0015523881727   -1.0727241994922         0.66
  45     0.0020382912235   -1.0697071007033         0.66
 MICROCYCLE DIIS UPDATE:                   46
  46     0.0000349863404   -1.0714401279692         0.66
  47     0.0000153674679   -1.0714616873891         0.66
  48     0.0000168129067   -1.0714482547749         0.66
  49     0.0000187284639   -1.0714799956167         0.66
  50     0.0000272156886   -1.0714419394252         0.66
 MICROCYCLE DIIS UPDATE:                   51
  51     0.0000015038815   -1.0714662253826         0.66
  52     0.0000016159612   -1.0714663820384         0.66
  53     0.0000023606360   -1.0714674974458         0.66
  54     0.0000033613920   -1.0714646092449         0.66
  55     0.0000045837298   -1.0714698928621         0.66
 MICROCYCLE DIIS UPDATE:                   56
  56     0.0000001379862   -1.0714666082510         0.66
  57     0.0000001117692   -1.0714666062179         0.66
  58     0.0000001703124   -1.0714666655041         0.66
  59     0.0000003072232   -1.0714665101798         0.66
  60     0.0000007312535   -1.0714668169514         0.66
 MICROCYCLE DIIS UPDATE:                   61
  61     0.0000000252161   -1.0714666102285         0.66
  62     0.0000000216069   -1.0714666327933         0.66
  63     0.0000000335136   -1.0714666081740         0.66
  64     0.0000000939281   -1.0714666328756         0.66
  65     0.0000002943693   -1.0714666100157         0.66
 MICROCYCLE DIIS UPDATE:                   66
  66     0.0000000019779   -1.0714666203978         0.66
------------------------------------------------------------------
 Iterations converged
 CCSD correlation energy / hartree =        -1.071466620397834
 CCSD total energy / hartree       =      -109.050820654491162

Time taken for Closed Shell Cholesky CCSD: 43.94 secs

Executing DUCC routine
======================
Number of active occupied alpha = 3
Number of active occupied beta  = 3
Number of active virtual alpha  = 3
Number of active virtual beta   = 3
ducc_lvl = 0

Full SCF Energy: -107.979354034093
Bare SCF Energy: -107.979354048214
Frozen Core Energy: 0.000000014121
Energy from external amplitudes = -0.263244914577

DUCC: Time taken to compute Bare Hamiltonian: 0.00 secs
Bare Active Space SCF Energy: 0.345383007010
Fully Contracted Scalar: 0.000000000000

DUCC SCF energy: 0.345383007010
Total Energy Shift: -108.324737041103

DUCC: Total compute time: 0.00 secs

DUCC: Time to write results: 0.01 secs
DUCC Memory Stats
-----------------
allocation count: 578
deallocation count: 577
total memory allocated: 0.755572 GiB
total memory deallocated: 0.755571 GiB
maximum memory in single allocation: 0.352732 GiB
maximum memory consumption: 0.469460 GiB
