
ExaChem Git Information
{
 Branch: main
 Commit Hash: bd25dab [bd25dab8406e69b11ad8def9900a8eea7bb8d543]
 Commit Date: 2025-01-30 14:42:33 -0800
 Commit Message: Fixes ECP handling for multiple atoms

 WARNING: The following ExaChem sources have uncommitted changes at build-time.

 M exachem/cc/ducc/ducc-t_ccsd.cpp

diff --git a/exachem/cc/ducc/ducc-t_ccsd.cpp b/exachem/cc/ducc/ducc-t_ccsd.cpp
index 16950f2..85b1230 100644
--- a/exachem/cc/ducc/ducc-t_ccsd.cpp
+++ b/exachem/cc/ducc/ducc-t_ccsd.cpp
@@ -2036 +2036 @@ void DUCC_T_CCSD_Driver(ChemEnv& chem_env, ExecutionContext& ec, const TiledInde
-  if(rank == 0 && ducc_lvl > 0) {
+  if(rank == 0) {

}


TAMM Git Information
{
 Branch: main
 Commit Hash: 1c9868cf [1c9868cfbfc8bad3586dd21e36f2519cff1fe55a]
 Commit Date: 2024-12-19 12:23:01 -0800
 Commit Message: minor update to print_vector
}


date: Thu Feb  6 14:57:05 2025
program: "/hpc/home/baum612/code/exachem-dev/build/methods_stage/hpc/home/baum612/code/tamm_install/methods/ExaChem"
nnodes: 1, nproc_per_node: 8, nproc_total: 8, 
Memory information
{
[Intel(R) Xeon(R) Platinum 8276M CPU @ 2.20GHz] : 
  CPU memory per node (GiB): 6046
  Total CPU memory (GiB): 6046
}

------------------------------------------------------------

Input file provided: /hpc/home/baum612/TESTS/DUCC-Hamiltonian-Library/N2/cc-pVDZ/AllElectronCCSD-14Elec-13Orbs/2.3_Eq-4.7564au/DUCC3/N2.json

{
  "geometry": {
    "coordinates": [
      "N  0.000000  0.000000  0.000000",
      "N  0.000000  0.000000  4.7564"
    ],
    "units": "bohr"
  },
  "basis": {
    "basisset": "cc-pvdz"
  },
  "common": {
    "file_prefix": "N2",
    "maxiter": 100
  },
  "SCF": {
    "tol_int": 1e-16,
    "tol_lindep": 1e-09,
    "conve": 1e-10,
    "convd": 1e-09,
    "diis_hist": 10,
    "charge": 0,
    "multiplicity": 1,
    "restart": false,
    "scf_type": "restricted",
    "writem": 10
  },
  "CD": {
    "diagtol": 1e-14,
    "max_cvecs": 1000
  },
  "CC": {
    "threshold": 1e-08,
    "ndiis": 5,
    "writet": false,
    "ccsd_maxiter": 100,
    "lshift": 0.1,
    "nactive_oa": 7,
    "nactive_ob": 7,
    "nactive_va": 6,
    "nactive_vb": 6,
    "ducc_lvl": 2
  },
  "TASK": {
    "ducc": true
  }
}

Output folder & files prefix: N2.cc-pvdz

Printing Internal Coordinates

------------------------------------------------------------
                Bond Lengths

i      j        Length (Angstroms)     Length (Bohr)
0      1          2.5169784842         4.7564000000

Number of Angles: 0
Number of Torsional Angles: 0


----------------------------------------------------------------------
                          Center of Mass

         x               y               z              Unit
               0               0     1.258489242      Angstrom
               0               0          2.3782          Bohr

----------------------------------------------------------------------
                Moment of Inertia Tensor

           158.398                 0                 0
                 0           158.398                 0
                 0                 0                 0

----------------------------------------------------------------------
                      Principal Moments of Inertia

           x                 y                 z                Unit
                 0       44.35598933       44.35598933       amu * ang^2
                 0       158.3981135       158.3981135      amu * bohr^2
  0.0000000000e+00  7.3654903398e-39  7.3654903398e-39          g * cm^2

 - Molecule is diatomic.

----------------------------------------------------------------------

         Rotational constants (MHz)

    A = inf        B = 1.1394e+04        C = 1.1394e+04

----------------------------------------------------------------------

        Rotational constants (cm-1)

    A = inf        B = 3.8005e-01        C = 3.8005e-01

----------------------------------------------------------------------

                                Z-Matrix
N   
N        1          4.7564

----------------------------------------------------------------------

             Converted back to Cartesian

N        0.000000      0.000000      0.000000
N        0.000000      0.000000      4.756400

----------------------------------------------------------------------
                       Geometry in bohr 

1     N       0.0000000000    0.0000000000    0.0000000000
2     N       0.0000000000    0.0000000000    4.7564000000
Resetting xc_basis_tol to 1e-10

 Number of nodes, processes per node used for SCF calculation: 1, 8

Common Options
{
 maxiter    = 100
 basis      = cc-pvdz spherical
 geom_units = bohr
 natoms_max = 30
 debug      = false
 file_prefix    = N2
}

SCF Options
{
 charge            = 0
 multiplicity      = 1
 level shift       = 0
 tol_int           = 1e-16
 tol_sch           = 1e-12
 tol_lindep        = 1e-09
 conve             = 1e-10
 convd             = 1e-09
 diis_hist         = 10
 AO_tilesize       = 30
 writem            = 10
 damp              = 100
 n_lindep          = 0
 scf_type          = restricted
 direct_df         = false
 restart_size      = 2000
 restart           = false
 debug             = false
}

Number of basis functions = 28

Total number of shells = 12

Total number of electrons = 14
  # of alpha electrons    = 7
  # of beta electons      = 7

Nuclear repulsion energy  = 10.3019090068119

# of {all,non-negligible} shell-pairs = {78,78}
Number of AO tiles = 12

Time for initial setup: 0.00 secs
HF exch = 1.00

Time for computing 1-e integrals T, V, S: 0.00 secs
Time for computing orthogonalizer: 0.00 secs

Superposition of Atomic Density Guess ...
Time taken for SAD: 0.04 secs
Total Time to compute initial guess: 0.04 secs


 SCF iterations
-----------------------------------------------------------------------------
 Iter     Energy            E-Diff       RMSD        |[F,P]|^2       Time(s)
-----------------------------------------------------------------------------
   1  -107.6777283328    -1.08e+02     5.46e-02     4.12e-02         0.0 
   2  -108.1106996993    -4.33e-01     2.44e-03     1.91e-02         0.0 
   3  -108.1133689149    -2.67e-03     1.80e-03     5.36e-03         0.0 
   4  -108.1142843134    -9.15e-04     6.68e-04     4.00e-04         0.0 
   5  -108.1143627223    -7.84e-05     2.06e-05     5.36e-07         0.0 
   6  -108.1143628118    -8.95e-08     4.32e-06     1.33e-08         0.0 
   7  -108.1143628141    -2.29e-09     5.43e-07     3.97e-10         0.0 
   8  -108.1143628141    -6.18e-11     6.09e-08     1.74e-12         0.0 
   9  -108.1143628141    -5.26e-13     2.10e-09     1.01e-14         0.0 
  10  -108.1143628141    -7.11e-14     1.64e-09     2.14e-15         0.0 
<DIIS> Singularity in Pulay matrix detected.
  11  -108.1143628141     1.42e-14     1.30e-09     2.82e-14         0.0 
<DIIS> Singularity in Pulay matrix detected.
<DIIS> Singularity in Pulay matrix detected.
<DIIS> Singularity in Pulay matrix detected.
<DIIS> Singularity in Pulay matrix detected.
<DIIS> Singularity in Pulay matrix detected.
<DIIS> Singularity in Pulay matrix detected.
<DIIS> Singularity in Pulay matrix detected.
  12  -108.1143628141     2.84e-14     3.77e-11     6.45e-19         0.0 

** Total SCF energy = -108.1143628141211

Nuclear repulsion energy = 10.301909006811874
#electrons        = 14
1e energy kinetic = 107.2394171736277286
1e energy N-e     = -274.4487835852975763
1e energy         = -167.2093664116697767
2e energy         = 48.7930945907368567
writing orbitals and density to disk ... done.

Total Time taken for Hartree-Fock: 0.29 secs

CD Options
{
 debug            = false
 skip_cd          = [false,100]
 write_cv         = [false,5000]
 diagtol          = 1e-14
 itilesize        = 1000
 max_cvecs_factor = 1000
}

- #occupied, #virtual = 14, 42

- Tilesize for the MSO space: 40

-----------------------------------------------------
Begin 2-index transformation ... 

nAO, nMO, nelectrons = 28, 56, 14
n_occ_alpha, n_vir_alpha, n_occ_beta, n_vir_beta = 7,21,7,21

Time taken for Fao->Fmo transform: 0.00 secs

-----------------------------------------------------
Number of AO tiles = 12
# of {all,non-negligible} shell-pairs = {78,78}

    Begin Cholesky Decomposition
---------------------------------------------
Total # of mpi ranks used for Cholesky decomposition: 8
  --> Number of nodes, mpi ranks per node: 1, 8
- CPU memory required for computing cholesky vectors: 0.00 GiB

- Time for computing the diagonal: 0.00 secs

- Total number of cholesky vectors = 784

- Time to compute cholesky vectors: 0.44 secs

- CPU memory required for resizing the ao cholesky tensor: 0.01 GiB
- CPU memory required for ao2mo transformation: 0.01 GiB
- CPU memory required for the 2-step contraction: 0.02 GiB

- Time for ao to mo transform: 0.03 secs

   End Cholesky Decomposition
---------------------------------------------

Total Time taken for Cholesky Decomposition: 0.50 secs

scf_type = restricted
Closed-Shell SCF
nbf = 28
nbf_orig = 28
n_lindep = 0
focc = 1
nmo = 56
nocc = 14
nvir = 42
n_occ_alpha = 7
n_vir_alpha = 21
n_occ_beta = 7
n_vir_beta = 21
nelectrons = 14
nelectrons_alpha = 7
nelectrons_beta = 7
n_frozen_core = 0
n_frozen_virtual = 0
----------------------------

Total CPU memory required for Closed Shell Cholesky CCSD calculation: 0.03 GiB


 CCSD iterations
------------------------------------------------------------
  Iter     Residuum          Correlation          Time(s)
------------------------------------------------------------
   1     0.5065068372590    0.0000000000000         0.04
   2     0.4173929209759   -1.0386153474877         0.04
   3     0.6791874361360    0.0524639609693         0.04
   4     0.8917083867105   -1.6378338116700         0.04
   5     1.2816996140597    0.5791498511822         0.04
 MICROCYCLE DIIS UPDATE:                    6
   6     0.0648650862863   -0.6566797469406         0.04
   7     0.1244532250317   -0.5117022023699         0.03
   8     0.1254464342912   -0.7692718402705         0.03
   9     0.2328930309445   -0.4442924134784         0.03
  10     0.2836704344850   -0.9578943963115         0.03
 MICROCYCLE DIIS UPDATE:                   11
  11     0.0315141350256   -0.7027100153567         0.03
  12     0.0567466280065   -0.6817503948833         0.03
  13     0.0286230382955   -0.7583435209581         0.03
  14     0.0690669950428   -0.7068199813429         0.03
  15     0.0438469647199   -0.8186670018822         0.03
 MICROCYCLE DIIS UPDATE:                   16
  16     0.0211904645625   -0.8725207713073         0.04
  17     0.0467171567398   -0.9145135581230         0.03
  18     0.0355763168133   -0.8368599979238         0.03
  19     0.0421283661990   -0.9013182712281         0.03
  20     0.0359057269214   -0.8293543630305         0.03
 MICROCYCLE DIIS UPDATE:                   21
  21     0.0022554913931   -0.8610738384021         0.03
  22     0.0040285749369   -0.8632807318315         0.03
  23     0.0020119038870   -0.8573750918335         0.03
  24     0.0031317533992   -0.8609245041122         0.03
  25     0.0021042043290   -0.8559192265416         0.03
 MICROCYCLE DIIS UPDATE:                   26
  26     0.0001309405676   -0.8566325529325         0.04
  27     0.0001175266115   -0.8565845110775         0.03
  28     0.0000858153108   -0.8567236109603         0.03
  29     0.0000991573542   -0.8565811807225         0.04
  30     0.0000921741376   -0.8567527153679         0.04
 MICROCYCLE DIIS UPDATE:                   31
  31     0.0000088590228   -0.8566784294172         0.04
  32     0.0000065199320   -0.8566757294018         0.04
  33     0.0000042374277   -0.8566840491269         0.03
  34     0.0000052375552   -0.8566776733542         0.03
  35     0.0000041483267   -0.8566861707088         0.04
 MICROCYCLE DIIS UPDATE:                   36
  36     0.0000004897782   -0.8566835857941         0.03
  37     0.0000003278006   -0.8566834310018         0.03
  38     0.0000001707741   -0.8566838202667         0.03
  39     0.0000002175563   -0.8566836214945         0.03
  40     0.0000001370172   -0.8566839481350         0.03
 MICROCYCLE DIIS UPDATE:                   41
  41     0.0000000359248   -0.8566839101809         0.03
  42     0.0000000562194   -0.8566839085812         0.04
  43     0.0000001243961   -0.8566839232563         0.03
  44     0.0000002974716   -0.8566839264580         0.03
  45     0.0000007134374   -0.8566839305448         0.03
 MICROCYCLE DIIS UPDATE:                   46
  46     0.0000000017610   -0.8566839366403         0.04
------------------------------------------------------------------
 Iterations converged
 CCSD correlation energy / hartree =        -0.856683936640261
 CCSD total energy / hartree       =      -108.971046750761388

Time taken for Closed Shell Cholesky CCSD: 1.86 secs

Executing DUCC routine
======================
Number of active occupied alpha = 7
Number of active occupied beta  = 7
Number of active virtual alpha  = 6
Number of active virtual beta   = 6
ducc_lvl = 2

Full SCF Energy: -108.114362814121
Bare SCF Energy: -108.114362813710
Frozen Core Energy: -0.000000000411

DUCC: Time taken to compute Bare Hamiltonian: 0.00 secs
Bare Active Space SCF Energy: -108.114362813710

DUCC: Time taken to compute single commutator of F and V and double commutator of F: 0.26 secs

DUCC: Time taken to compute double commutator of V and triple commutator of F: 4.35 secs
Fully Contracted Scalar: -0.167800518420

DUCC SCF energy: -108.282756077909
Total Energy Shift: 0.000592745367

DUCC: Total compute time: 4.61 secs

DUCC: Time to write results: 0.02 secs
DUCC Memory Stats
-----------------
allocation count: 3781
deallocation count: 3780
total memory allocated: 0.904760 GiB
total memory deallocated: 0.904759 GiB
maximum memory in single allocation: 0.009159 GiB
maximum memory consumption: 0.135295 GiB
