
ExaChem Git Information
{
 Branch: main
 Commit Hash: bd25dab [bd25dab8406e69b11ad8def9900a8eea7bb8d543]
 Commit Date: 2025-01-30 14:42:33 -0800
 Commit Message: Fixes ECP handling for multiple atoms

 WARNING: The following ExaChem sources have uncommitted changes at build-time.

 M exachem/cc/ducc/ducc-t_ccsd.cpp

diff --git a/exachem/cc/ducc/ducc-t_ccsd.cpp b/exachem/cc/ducc/ducc-t_ccsd.cpp
index 16950f2..85b1230 100644
--- a/exachem/cc/ducc/ducc-t_ccsd.cpp
+++ b/exachem/cc/ducc/ducc-t_ccsd.cpp
@@ -2036 +2036 @@ void DUCC_T_CCSD_Driver(ChemEnv& chem_env, ExecutionContext& ec, const TiledInde
-  if(rank == 0 && ducc_lvl > 0) {
+  if(rank == 0) {

}


TAMM Git Information
{
 Branch: main
 Commit Hash: 1c9868cf [1c9868cfbfc8bad3586dd21e36f2519cff1fe55a]
 Commit Date: 2024-12-19 12:23:01 -0800
 Commit Message: minor update to print_vector
}


date: Thu Feb  6 14:58:23 2025
program: "/hpc/home/baum612/code/exachem-dev/build/methods_stage/hpc/home/baum612/code/tamm_install/methods/ExaChem"
nnodes: 1, nproc_per_node: 8, nproc_total: 8, 
Memory information
{
[Intel(R) Xeon(R) Platinum 8276M CPU @ 2.20GHz] : 
  CPU memory per node (GiB): 6046
  Total CPU memory (GiB): 6046
}

------------------------------------------------------------

Input file provided: /hpc/home/baum612/TESTS/DUCC-Hamiltonian-Library/N2/cc-pVDZ/AllElectronCCSD-14Elec-13Orbs/1.5_Eq-3.1020au/Bare/N2.json

{
  "geometry": {
    "coordinates": [
      "N  0.000000  0.000000  0.000000",
      "N  0.000000  0.000000  3.1020"
    ],
    "units": "bohr"
  },
  "basis": {
    "basisset": "cc-pvdz"
  },
  "common": {
    "file_prefix": "N2",
    "maxiter": 100
  },
  "SCF": {
    "tol_int": 1e-16,
    "tol_lindep": 1e-09,
    "conve": 1e-10,
    "convd": 1e-09,
    "diis_hist": 10,
    "charge": 0,
    "multiplicity": 1,
    "restart": false,
    "scf_type": "restricted",
    "writem": 10
  },
  "CD": {
    "diagtol": 1e-14,
    "max_cvecs": 1000
  },
  "CC": {
    "threshold": 1e-08,
    "ndiis": 5,
    "writet": false,
    "ccsd_maxiter": 100,
    "lshift": 0.1,
    "nactive_oa": 7,
    "nactive_ob": 7,
    "nactive_va": 6,
    "nactive_vb": 6,
    "ducc_lvl": 0
  },
  "TASK": {
    "ducc": true
  }
}

Output folder & files prefix: N2.cc-pvdz

Printing Internal Coordinates

------------------------------------------------------------
                Bond Lengths

i      j        Length (Angstroms)     Length (Bohr)
0      1          1.6415077071         3.1020000000

Number of Angles: 0
Number of Torsional Angles: 0


----------------------------------------------------------------------
                          Center of Mass

         x               y               z              Unit
               0               0    0.8207538536      Angstrom
               0               0           1.551          Bohr

----------------------------------------------------------------------
                Moment of Inertia Tensor

           67.3716                 0                 0
                 0           67.3716                 0
                 0                 0                 0

----------------------------------------------------------------------
                      Principal Moments of Inertia

           x                 y                 z                Unit
                 0         18.865969         18.865969       amu * ang^2
                 0       67.37159839       67.37159839      amu * bohr^2
  0.0000000000e+00  3.1327699933e-39  3.1327699933e-39          g * cm^2

 - Molecule is diatomic.

----------------------------------------------------------------------

         Rotational constants (MHz)

    A = inf        B = 2.6788e+04        C = 2.6788e+04

----------------------------------------------------------------------

        Rotational constants (cm-1)

    A = inf        B = 8.9355e-01        C = 8.9355e-01

----------------------------------------------------------------------

                                Z-Matrix
N   
N        1           3.102

----------------------------------------------------------------------

             Converted back to Cartesian

N        0.000000      0.000000      0.000000
N        0.000000      0.000000      3.102000

----------------------------------------------------------------------
                       Geometry in bohr 

1     N       0.0000000000    0.0000000000    0.0000000000
2     N       0.0000000000    0.0000000000    3.1020000000
Resetting xc_basis_tol to 1e-10

 Number of nodes, processes per node used for SCF calculation: 1, 8

Common Options
{
 maxiter    = 100
 basis      = cc-pvdz spherical
 geom_units = bohr
 natoms_max = 30
 debug      = false
 file_prefix    = N2
}

SCF Options
{
 charge            = 0
 multiplicity      = 1
 level shift       = 0
 tol_int           = 1e-16
 tol_sch           = 1e-12
 tol_lindep        = 1e-09
 conve             = 1e-10
 convd             = 1e-09
 diis_hist         = 10
 AO_tilesize       = 30
 writem            = 10
 damp              = 100
 n_lindep          = 0
 scf_type          = restricted
 direct_df         = false
 restart_size      = 2000
 restart           = false
 debug             = false
}

Number of basis functions = 28

Total number of shells = 12

Total number of electrons = 14
  # of alpha electrons    = 7
  # of beta electons      = 7

Nuclear repulsion energy  = 15.7962604771115

# of {all,non-negligible} shell-pairs = {78,78}
Number of AO tiles = 12

Time for initial setup: 0.00 secs
HF exch = 1.00

Time for computing 1-e integrals T, V, S: 0.00 secs
Time for computing orthogonalizer: 0.00 secs

Superposition of Atomic Density Guess ...
Time taken for SAD: 0.03 secs
Total Time to compute initial guess: 0.03 secs


 SCF iterations
-----------------------------------------------------------------------------
 Iter     Energy            E-Diff       RMSD        |[F,P]|^2       Time(s)
-----------------------------------------------------------------------------
   1  -108.0433160752    -1.08e+02     5.34e-02     4.91e+00         0.0 
   2  -108.5552380087    -5.12e-01     4.90e-03     9.09e-02         0.0 
   3  -108.5632588100    -8.02e-03     1.59e-03     4.90e-03         0.0 
   4  -108.5640879965    -8.29e-04     7.64e-04     7.81e-04         0.0 
   5  -108.5642017839    -1.14e-04     3.27e-05     1.80e-06         0.0 
   6  -108.5642020064    -2.22e-07     4.04e-06     2.10e-08         0.0 
   7  -108.5642020097    -3.30e-09     3.67e-07     1.88e-10         0.0 
   8  -108.5642020097    -3.00e-11     4.13e-08     1.32e-12         0.0 
   9  -108.5642020097    -1.71e-13     4.78e-09     2.05e-14         0.0 
<DIIS> Singularity in Pulay matrix detected.
<DIIS> Singularity in Pulay matrix detected.
  10  -108.5642020097    -4.26e-14     2.70e-10     1.44e-16         0.0 

** Total SCF energy = -108.5642020097179

Nuclear repulsion energy = 15.796260477111542
#electrons        = 14
1e energy kinetic = 107.2398379867822769
1e energy N-e     = -285.6584057198037954
1e energy         = -178.4185677330214332
2e energy         = 54.0581052461919711
writing orbitals and density to disk ... done.

Total Time taken for Hartree-Fock: 0.22 secs

CD Options
{
 debug            = false
 skip_cd          = [false,100]
 write_cv         = [false,5000]
 diagtol          = 1e-14
 itilesize        = 1000
 max_cvecs_factor = 1000
}

- #occupied, #virtual = 14, 42

- Tilesize for the MSO space: 40

-----------------------------------------------------
Begin 2-index transformation ... 

nAO, nMO, nelectrons = 28, 56, 14
n_occ_alpha, n_vir_alpha, n_occ_beta, n_vir_beta = 7,21,7,21

Time taken for Fao->Fmo transform: 0.00 secs

-----------------------------------------------------
Number of AO tiles = 12
# of {all,non-negligible} shell-pairs = {78,78}

    Begin Cholesky Decomposition
---------------------------------------------
Total # of mpi ranks used for Cholesky decomposition: 8
  --> Number of nodes, mpi ranks per node: 1, 8
- CPU memory required for computing cholesky vectors: 0.00 GiB

- Time for computing the diagonal: 0.00 secs

- Total number of cholesky vectors = 358

- Time to compute cholesky vectors: 0.17 secs

- CPU memory required for resizing the ao cholesky tensor: 0.01 GiB
- CPU memory required for ao2mo transformation: 0.01 GiB
- CPU memory required for the 2-step contraction: 0.01 GiB

- Time for ao to mo transform: 0.01 secs

   End Cholesky Decomposition
---------------------------------------------

Total Time taken for Cholesky Decomposition: 0.21 secs

scf_type = restricted
Closed-Shell SCF
nbf = 28
nbf_orig = 28
n_lindep = 0
focc = 1
nmo = 56
nocc = 14
nvir = 42
n_occ_alpha = 7
n_vir_alpha = 21
n_occ_beta = 7
n_vir_beta = 21
nelectrons = 14
nelectrons_alpha = 7
nelectrons_beta = 7
n_frozen_core = 0
n_frozen_virtual = 0
----------------------------

Total CPU memory required for Closed Shell Cholesky CCSD calculation: 0.02 GiB


 CCSD iterations
------------------------------------------------------------
  Iter     Residuum          Correlation          Time(s)
------------------------------------------------------------
   1     0.4696671347150    0.0000000000000         0.02
   2     0.1357409292631   -0.4987777035618         0.02
   3     0.0852758839177   -0.3723385817835         0.02
   4     0.0332277551962   -0.4624413105434         0.02
   5     0.0288127742684   -0.4250197907938         0.02
 MICROCYCLE DIIS UPDATE:                    6
   6     0.0094723052845   -0.4498810059060         0.02
   7     0.0066170585581   -0.4478267370975         0.02
   8     0.0044209194112   -0.4501470567155         0.02
   9     0.0037935511795   -0.4500038549246         0.02
  10     0.0028003020934   -0.4510525544840         0.02
 MICROCYCLE DIIS UPDATE:                   11
  11     0.0004371166328   -0.4531452691039         0.02
  12     0.0001891008583   -0.4532541994820         0.02
  13     0.0000912421078   -0.4532881834509         0.02
  14     0.0000513623118   -0.4533047017864         0.02
  15     0.0000304669775   -0.4533153390249         0.02
 MICROCYCLE DIIS UPDATE:                   16
  16     0.0000102943303   -0.4533326323519         0.02
  17     0.0000084249487   -0.4533295972918         0.02
  18     0.0000053955562   -0.4533333991725         0.02
  19     0.0000047471160   -0.4533331133058         0.02
  20     0.0000034017805   -0.4533346419248         0.02
 MICROCYCLE DIIS UPDATE:                   21
  21     0.0000004762543   -0.4533373579966         0.02
  22     0.0000001957706   -0.4533373817883         0.02
  23     0.0000001030259   -0.4533374187101         0.02
  24     0.0000000637620   -0.4533374201767         0.02
  25     0.0000000400362   -0.4533374330089         0.02
 MICROCYCLE DIIS UPDATE:                   26
  26     0.0000000174588   -0.4533374492008         0.02
  27     0.0000000152543   -0.4533374409739         0.02
  28     0.0000000094112   -0.4533374487356         0.02
------------------------------------------------------------------
 Iterations converged
 CCSD correlation energy / hartree =        -0.453337448735633
 CCSD total energy / hartree       =      -109.017539458453541

Time taken for Closed Shell Cholesky CCSD: 0.66 secs

Executing DUCC routine
======================
Number of active occupied alpha = 7
Number of active occupied beta  = 7
Number of active virtual alpha  = 6
Number of active virtual beta   = 6
ducc_lvl = 0

Full SCF Energy: -108.564202009718
Bare SCF Energy: -108.564202007865
Frozen Core Energy: -0.000000001853

DUCC: Time taken to compute Bare Hamiltonian: 0.00 secs
Bare Active Space SCF Energy: -108.564202007865
Fully Contracted Scalar: -0.000000000000

DUCC SCF energy: -108.564202007865
Total Energy Shift: -0.000000001853

DUCC: Total compute time: 0.00 secs

DUCC: Time to write results: 0.02 secs
DUCC Memory Stats
-----------------
allocation count: 333
deallocation count: 332
total memory allocated: 0.048671 GiB
total memory deallocated: 0.048670 GiB
maximum memory in single allocation: 0.008694 GiB
maximum memory consumption: 0.019278 GiB
