
ExaChem Git Information
{
 Branch: main
 Commit Hash: bd25dab [bd25dab8406e69b11ad8def9900a8eea7bb8d543]
 Commit Date: 2025-01-30 14:42:33 -0800
 Commit Message: Fixes ECP handling for multiple atoms

 WARNING: The following ExaChem sources have uncommitted changes at build-time.

 M exachem/cc/ducc/ducc-t_ccsd.cpp

diff --git a/exachem/cc/ducc/ducc-t_ccsd.cpp b/exachem/cc/ducc/ducc-t_ccsd.cpp
index 16950f2..85b1230 100644
--- a/exachem/cc/ducc/ducc-t_ccsd.cpp
+++ b/exachem/cc/ducc/ducc-t_ccsd.cpp
@@ -2036 +2036 @@ void DUCC_T_CCSD_Driver(ChemEnv& chem_env, ExecutionContext& ec, const TiledInde
-  if(rank == 0 && ducc_lvl > 0) {
+  if(rank == 0) {

}


TAMM Git Information
{
 Branch: main
 Commit Hash: 1c9868cf [1c9868cfbfc8bad3586dd21e36f2519cff1fe55a]
 Commit Date: 2024-12-19 12:23:01 -0800
 Commit Message: minor update to print_vector
}


date: Thu Feb  6 15:23:57 2025
program: "/hpc/home/baum612/code/exachem-dev/build/methods_stage/hpc/home/baum612/code/tamm_install/methods/ExaChem"
nnodes: 1, nproc_per_node: 8, nproc_total: 8, 
Memory information
{
[Intel(R) Xeon(R) Platinum 8276M CPU @ 2.20GHz] : 
  CPU memory per node (GiB): 6046
  Total CPU memory (GiB): 6046
}

------------------------------------------------------------

Input file provided: /hpc/home/baum612/TESTS/DUCC-Hamiltonian-Library/N2/cc-pVDZ/AllElectronCCSD-14Elec-23Orbs/1.3_Eq-2.6884au/Bare/N2.json

{
  "geometry": {
    "coordinates": [
      "N  0.000000  0.000000  0.000000",
      "N  0.000000  0.000000  2.6884"
    ],
    "units": "bohr"
  },
  "basis": {
    "basisset": "cc-pvdz"
  },
  "common": {
    "file_prefix": "N2",
    "maxiter": 100
  },
  "SCF": {
    "tol_int": 1e-16,
    "tol_lindep": 1e-09,
    "conve": 1e-10,
    "convd": 1e-09,
    "diis_hist": 10,
    "charge": 0,
    "multiplicity": 1,
    "restart": false,
    "scf_type": "restricted",
    "writem": 10
  },
  "CD": {
    "diagtol": 1e-14,
    "max_cvecs": 1000
  },
  "CC": {
    "threshold": 1e-08,
    "ndiis": 5,
    "writet": false,
    "ccsd_maxiter": 100,
    "lshift": 0.1,
    "nactive_oa": 7,
    "nactive_ob": 7,
    "nactive_va": 16,
    "nactive_vb": 16,
    "ducc_lvl": 0
  },
  "TASK": {
    "ducc": true
  }
}

Output folder & files prefix: N2.cc-pvdz

Printing Internal Coordinates

------------------------------------------------------------
                Bond Lengths

i      j        Length (Angstroms)     Length (Bohr)
0      1          1.4226400128         2.6884000000

Number of Angles: 0
Number of Torsional Angles: 0


----------------------------------------------------------------------
                          Center of Mass

         x               y               z              Unit
               0               0    0.7113200064      Angstrom
               0               0          1.3442          Bohr

----------------------------------------------------------------------
                Moment of Inertia Tensor

           50.6036                 0                 0
                 0           50.6036                 0
                 0                 0                 0

----------------------------------------------------------------------
                      Principal Moments of Inertia

           x                 y                 z                Unit
                 0       14.17043894       14.17043894       amu * ang^2
                 0       50.60355612       50.60355612      amu * bohr^2
  0.0000000000e+00  2.3530583505e-39  2.3530583505e-39          g * cm^2

 - Molecule is diatomic.

----------------------------------------------------------------------

         Rotational constants (MHz)

    A = inf        B = 3.5664e+04        C = 3.5664e+04

----------------------------------------------------------------------

        Rotational constants (cm-1)

    A = inf        B = 1.1896e+00        C = 1.1896e+00

----------------------------------------------------------------------

                                Z-Matrix
N   
N        1          2.6884

----------------------------------------------------------------------

             Converted back to Cartesian

N        0.000000      0.000000      0.000000
N        0.000000      0.000000      2.688400

----------------------------------------------------------------------
                       Geometry in bohr 

1     N       0.0000000000    0.0000000000    0.0000000000
2     N       0.0000000000    0.0000000000    2.6884000000
Resetting xc_basis_tol to 1e-10

 Number of nodes, processes per node used for SCF calculation: 1, 8

Common Options
{
 maxiter    = 100
 basis      = cc-pvdz spherical
 geom_units = bohr
 natoms_max = 30
 debug      = false
 file_prefix    = N2
}

SCF Options
{
 charge            = 0
 multiplicity      = 1
 level shift       = 0
 tol_int           = 1e-16
 tol_sch           = 1e-12
 tol_lindep        = 1e-09
 conve             = 1e-10
 convd             = 1e-09
 diis_hist         = 10
 AO_tilesize       = 30
 writem            = 10
 damp              = 100
 n_lindep          = 0
 scf_type          = restricted
 direct_df         = false
 restart_size      = 2000
 restart           = false
 debug             = false
}

Number of basis functions = 28

Total number of shells = 12

Total number of electrons = 14
  # of alpha electrons    = 7
  # of beta electons      = 7

Nuclear repulsion energy  = 18.2264543966672

# of {all,non-negligible} shell-pairs = {78,78}
Number of AO tiles = 12

Time for initial setup: 0.00 secs
HF exch = 1.00

Time for computing 1-e integrals T, V, S: 0.00 secs
Time for computing orthogonalizer: 0.00 secs

Superposition of Atomic Density Guess ...
Time taken for SAD: 0.04 secs
Total Time to compute initial guess: 0.04 secs


 SCF iterations
-----------------------------------------------------------------------------
 Iter     Energy            E-Diff       RMSD        |[F,P]|^2       Time(s)
-----------------------------------------------------------------------------
   1  -108.3626546370    -1.08e+02     5.53e-02     1.41e+01         0.0 
   2  -108.7314937898    -3.69e-01     5.16e-03     1.37e-01         0.0 
   3  -108.7415518118    -1.01e-02     1.78e-03     5.87e-03         0.0 
   4  -108.7424751148    -9.23e-04     8.27e-04     8.59e-04         0.0 
   5  -108.7425902285    -1.15e-04     3.60e-05     2.35e-06         0.0 
   6  -108.7425905486    -3.20e-07     4.57e-06     2.42e-08         0.0 
   7  -108.7425905527    -4.07e-09     6.70e-07     3.86e-10         0.0 
   8  -108.7425905528    -6.05e-11     5.75e-08     2.93e-12         0.0 
   9  -108.7425905528    -3.55e-13     3.58e-09     2.26e-14         0.0 
<DIIS> Singularity in Pulay matrix detected.
<DIIS> Singularity in Pulay matrix detected.
  10  -108.7425905528     0.00e+00     2.32e-10     7.73e-17         0.0 

** Total SCF energy = -108.7425905527779

Nuclear repulsion energy = 18.226454396667162
#electrons        = 14
1e energy kinetic = 107.4976172641964212
1e energy N-e     = -290.9091819439505571
1e energy         = -183.4115646797542070
2e energy         = 56.4425197303091366
writing orbitals and density to disk ... done.

Total Time taken for Hartree-Fock: 0.24 secs

CD Options
{
 debug            = false
 skip_cd          = [false,100]
 write_cv         = [false,5000]
 diagtol          = 1e-14
 itilesize        = 1000
 max_cvecs_factor = 1000
}

- #occupied, #virtual = 14, 42

- Tilesize for the MSO space: 40

-----------------------------------------------------
Begin 2-index transformation ... 

nAO, nMO, nelectrons = 28, 56, 14
n_occ_alpha, n_vir_alpha, n_occ_beta, n_vir_beta = 7,21,7,21

Time taken for Fao->Fmo transform: 0.00 secs

-----------------------------------------------------
Number of AO tiles = 12
# of {all,non-negligible} shell-pairs = {78,78}

    Begin Cholesky Decomposition
---------------------------------------------
Total # of mpi ranks used for Cholesky decomposition: 8
  --> Number of nodes, mpi ranks per node: 1, 8
- CPU memory required for computing cholesky vectors: 0.00 GiB

- Time for computing the diagonal: 0.01 secs

- Total number of cholesky vectors = 367

- Time to compute cholesky vectors: 0.19 secs

- CPU memory required for resizing the ao cholesky tensor: 0.01 GiB
- CPU memory required for ao2mo transformation: 0.01 GiB
- CPU memory required for the 2-step contraction: 0.01 GiB

- Time for ao to mo transform: 0.01 secs

   End Cholesky Decomposition
---------------------------------------------

Total Time taken for Cholesky Decomposition: 0.24 secs

scf_type = restricted
Closed-Shell SCF
nbf = 28
nbf_orig = 28
n_lindep = 0
focc = 1
nmo = 56
nocc = 14
nvir = 42
n_occ_alpha = 7
n_vir_alpha = 21
n_occ_beta = 7
n_vir_beta = 21
nelectrons = 14
nelectrons_alpha = 7
nelectrons_beta = 7
n_frozen_core = 0
n_frozen_virtual = 0
----------------------------

Total CPU memory required for Closed Shell Cholesky CCSD calculation: 0.02 GiB


 CCSD iterations
------------------------------------------------------------
  Iter     Residuum          Correlation          Time(s)
------------------------------------------------------------
   1     0.4634709032980    0.0000000000000         0.02
   2     0.0969477038040   -0.3979928170028         0.02
   3     0.0468620827908   -0.3566197577637         0.02
   4     0.0154176473497   -0.3893423615761         0.02
   5     0.0121496299775   -0.3847102347616         0.02
 MICROCYCLE DIIS UPDATE:                    6
   6     0.0047922661584   -0.3919135021678         0.02
   7     0.0027460964586   -0.3915347320164         0.02
   8     0.0018055069470   -0.3919724963374         0.02
   9     0.0013158296617   -0.3920590384452         0.02
  10     0.0009371763058   -0.3922283080797         0.02
 MICROCYCLE DIIS UPDATE:                   11
  11     0.0000982137435   -0.3926184711042         0.02
  12     0.0000463993314   -0.3926126344172         0.02
  13     0.0000186347123   -0.3926314901531         0.02
  14     0.0000118665641   -0.3926305532668         0.02
  15     0.0000063397088   -0.3926338939955         0.02
 MICROCYCLE DIIS UPDATE:                   16
  16     0.0000023460874   -0.3926361609172         0.02
  17     0.0000016213040   -0.3926357524673         0.02
  18     0.0000010429397   -0.3926361960460         0.02
  19     0.0000007775957   -0.3926362380664         0.02
  20     0.0000005473288   -0.3926363652595         0.02
 MICROCYCLE DIIS UPDATE:                   21
  21     0.0000000589508   -0.3926366011718         0.02
  22     0.0000000234051   -0.3926366042995         0.02
  23     0.0000000112934   -0.3926366101216         0.02
  24     0.0000000064360   -0.3926366100061         0.02
------------------------------------------------------------------
 Iterations converged
 CCSD correlation energy / hartree =        -0.392636610006077
 CCSD total energy / hartree       =      -109.135227162784005

Time taken for Closed Shell Cholesky CCSD: 0.59 secs

Executing DUCC routine
======================
Number of active occupied alpha = 7
Number of active occupied beta  = 7
Number of active virtual alpha  = 16
Number of active virtual beta   = 16
ducc_lvl = 0

Full SCF Energy: -108.742590552778
Bare SCF Energy: -108.742590551824
Frozen Core Energy: -0.000000000954

DUCC: Time taken to compute Bare Hamiltonian: 0.00 secs
Bare Active Space SCF Energy: -108.742590551824
Fully Contracted Scalar: -0.000000000000

DUCC SCF energy: -108.742590551824
Total Energy Shift: -0.000000000954

DUCC: Total compute time: 0.00 secs

DUCC: Time to write results: 0.08 secs
DUCC Memory Stats
-----------------
allocation count: 303
deallocation count: 302
total memory allocated: 0.068225 GiB
total memory deallocated: 0.068224 GiB
maximum memory in single allocation: 0.008694 GiB
maximum memory consumption: 0.028439 GiB
