
ExaChem Git Information
{
 Branch: main
 Commit Hash: bd25dab [bd25dab8406e69b11ad8def9900a8eea7bb8d543]
 Commit Date: 2025-01-30 14:42:33 -0800
 Commit Message: Fixes ECP handling for multiple atoms

 WARNING: The following ExaChem sources have uncommitted changes at build-time.

 M exachem/cc/ducc/ducc-t_ccsd.cpp

diff --git a/exachem/cc/ducc/ducc-t_ccsd.cpp b/exachem/cc/ducc/ducc-t_ccsd.cpp
index 16950f2..85b1230 100644
--- a/exachem/cc/ducc/ducc-t_ccsd.cpp
+++ b/exachem/cc/ducc/ducc-t_ccsd.cpp
@@ -2036 +2036 @@ void DUCC_T_CCSD_Driver(ChemEnv& chem_env, ExecutionContext& ec, const TiledInde
-  if(rank == 0 && ducc_lvl > 0) {
+  if(rank == 0) {

}


TAMM Git Information
{
 Branch: main
 Commit Hash: 1c9868cf [1c9868cfbfc8bad3586dd21e36f2519cff1fe55a]
 Commit Date: 2024-12-19 12:23:01 -0800
 Commit Message: minor update to print_vector
}


date: Thu Feb  6 15:04:23 2025
program: "/hpc/home/baum612/code/exachem-dev/build/methods_stage/hpc/home/baum612/code/tamm_install/methods/ExaChem"
nnodes: 1, nproc_per_node: 8, nproc_total: 8, 
Memory information
{
[Intel(R) Xeon(R) Platinum 8276M CPU @ 2.20GHz] : 
  CPU memory per node (GiB): 6046
  Total CPU memory (GiB): 6046
}

------------------------------------------------------------

Input file provided: /hpc/home/baum612/TESTS/DUCC-Hamiltonian-Library/N2/cc-pVDZ/AllElectronCCSD-14Elec-19Orbs/2.8_Eq-5.7904au/DUCC2/N2.json

{
  "geometry": {
    "coordinates": [
      "N  0.000000  0.000000  0.000000",
      "N  0.000000  0.000000  5.7904"
    ],
    "units": "bohr"
  },
  "basis": {
    "basisset": "cc-pvdz"
  },
  "common": {
    "file_prefix": "N2",
    "maxiter": 100
  },
  "SCF": {
    "tol_int": 1e-16,
    "tol_lindep": 1e-09,
    "conve": 1e-10,
    "convd": 1e-09,
    "diis_hist": 10,
    "charge": 0,
    "multiplicity": 1,
    "restart": false,
    "scf_type": "restricted",
    "writem": 10
  },
  "CD": {
    "diagtol": 1e-14,
    "max_cvecs": 1000
  },
  "CC": {
    "threshold": 1e-08,
    "ndiis": 5,
    "writet": false,
    "ccsd_maxiter": 100,
    "lshift": 0.1,
    "nactive_oa": 7,
    "nactive_ob": 7,
    "nactive_va": 12,
    "nactive_vb": 12,
    "ducc_lvl": 1
  },
  "TASK": {
    "ducc": true
  }
}

Output folder & files prefix: N2.cc-pvdz

Printing Internal Coordinates

------------------------------------------------------------
                Bond Lengths

i      j        Length (Angstroms)     Length (Bohr)
0      1          3.0641477199         5.7904000000

Number of Angles: 0
Number of Torsional Angles: 0


----------------------------------------------------------------------
                          Center of Mass

         x               y               z              Unit
               0               0      1.53207386      Angstrom
               0               0          2.8952          Bohr

----------------------------------------------------------------------
                Moment of Inertia Tensor

           234.753                 0                 0
                 0           234.753                 0
                 0                 0                 0

----------------------------------------------------------------------
                      Principal Moments of Inertia

           x                 y                 z                Unit
                 0       65.73742086       65.73742086       amu * ang^2
                 0       234.7525917       234.7525917      amu * bohr^2
  0.0000000000e+00  1.0915962999e-38  1.0915962999e-38          g * cm^2

 - Molecule is diatomic.

----------------------------------------------------------------------

         Rotational constants (MHz)

    A = inf        B = 7.6878e+03        C = 7.6878e+03

----------------------------------------------------------------------

        Rotational constants (cm-1)

    A = inf        B = 2.5644e-01        C = 2.5644e-01

----------------------------------------------------------------------

                                Z-Matrix
N   
N        1          5.7904

----------------------------------------------------------------------

             Converted back to Cartesian

N        0.000000      0.000000      0.000000
N        0.000000      0.000000      5.790400

----------------------------------------------------------------------
                       Geometry in bohr 

1     N       0.0000000000    0.0000000000    0.0000000000
2     N       0.0000000000    0.0000000000    5.7904000000
Resetting xc_basis_tol to 1e-10

 Number of nodes, processes per node used for SCF calculation: 1, 8

Common Options
{
 maxiter    = 100
 basis      = cc-pvdz spherical
 geom_units = bohr
 natoms_max = 30
 debug      = false
 file_prefix    = N2
}

SCF Options
{
 charge            = 0
 multiplicity      = 1
 level shift       = 0
 tol_int           = 1e-16
 tol_sch           = 1e-12
 tol_lindep        = 1e-09
 conve             = 1e-10
 convd             = 1e-09
 diis_hist         = 10
 AO_tilesize       = 30
 writem            = 10
 damp              = 100
 n_lindep          = 0
 scf_type          = restricted
 direct_df         = false
 restart_size      = 2000
 restart           = false
 debug             = false
}

Number of basis functions = 28

Total number of shells = 12

Total number of electrons = 14
  # of alpha electrons    = 7
  # of beta electons      = 7

Nuclear repulsion energy  = 8.46228239845261

# of {all,non-negligible} shell-pairs = {78,78}
Number of AO tiles = 12

Time for initial setup: 0.00 secs
HF exch = 1.00

Time for computing 1-e integrals T, V, S: 0.00 secs
Time for computing orthogonalizer: 0.00 secs

Superposition of Atomic Density Guess ...
Time taken for SAD: 0.04 secs
Total Time to compute initial guess: 0.04 secs


 SCF iterations
-----------------------------------------------------------------------------
 Iter     Energy            E-Diff       RMSD        |[F,P]|^2       Time(s)
-----------------------------------------------------------------------------
   1  -107.6593550139    -1.08e+02     5.63e-02     2.92e-03         0.0 
   2  -107.9798980980    -3.21e-01     7.13e-04     1.04e-02         0.0 
   3  -107.9806135593    -7.15e-04     2.20e-03     6.87e-03         0.0 
   4  -107.9818810051    -1.27e-03     8.03e-04     5.11e-04         0.0 
   5  -107.9819850047    -1.04e-04     1.87e-05     5.09e-07         0.0 
   6  -107.9819850999    -9.52e-08     5.73e-06     2.23e-08         0.0 
   7  -107.9819851035    -3.59e-09     1.42e-06     1.13e-09         0.0 
   8  -107.9819851037    -2.36e-10     1.53e-07     2.37e-11         0.0 
   9  -107.9819851037    -3.96e-12     1.58e-08     2.77e-12         0.0 
  10  -107.9819851037    -1.42e-13     5.47e-09     3.12e-13         0.0 
<DIIS> Singularity in Pulay matrix detected.
<DIIS> Singularity in Pulay matrix detected.
  11  -107.9819851037    -1.42e-14     5.60e-10     2.18e-16         0.0 

** Total SCF energy = -107.9819851037500

Nuclear repulsion energy = 8.462282398452611
#electrons        = 14
1e energy kinetic = 107.3942329526185091
1e energy N-e     = -270.9256297228327526
1e energy         = -163.5313967702142008
2e energy         = 47.0871292680116156
writing orbitals and density to disk ... done.

Total Time taken for Hartree-Fock: 0.25 secs

CD Options
{
 debug            = false
 skip_cd          = [false,100]
 write_cv         = [false,5000]
 diagtol          = 1e-14
 itilesize        = 1000
 max_cvecs_factor = 1000
}

- #occupied, #virtual = 14, 42

- Tilesize for the MSO space: 40

-----------------------------------------------------
Begin 2-index transformation ... 

nAO, nMO, nelectrons = 28, 56, 14
n_occ_alpha, n_vir_alpha, n_occ_beta, n_vir_beta = 7,21,7,21

Time taken for Fao->Fmo transform: 0.00 secs

-----------------------------------------------------
Number of AO tiles = 12
# of {all,non-negligible} shell-pairs = {78,78}

    Begin Cholesky Decomposition
---------------------------------------------
Total # of mpi ranks used for Cholesky decomposition: 8
  --> Number of nodes, mpi ranks per node: 1, 8
- CPU memory required for computing cholesky vectors: 0.00 GiB

- Time for computing the diagonal: 0.00 secs

- Total number of cholesky vectors = 288

- Time to compute cholesky vectors: 0.14 secs

- CPU memory required for resizing the ao cholesky tensor: 0.01 GiB
- CPU memory required for ao2mo transformation: 0.01 GiB
- CPU memory required for the 2-step contraction: 0.01 GiB

- Time for ao to mo transform: 0.01 secs

   End Cholesky Decomposition
---------------------------------------------

Total Time taken for Cholesky Decomposition: 0.18 secs

scf_type = restricted
Closed-Shell SCF
nbf = 28
nbf_orig = 28
n_lindep = 0
focc = 1
nmo = 56
nocc = 14
nvir = 42
n_occ_alpha = 7
n_vir_alpha = 21
n_occ_beta = 7
n_vir_beta = 21
nelectrons = 14
nelectrons_alpha = 7
nelectrons_beta = 7
n_frozen_core = 0
n_frozen_virtual = 0
----------------------------

Total CPU memory required for Closed Shell Cholesky CCSD calculation: 0.01 GiB


 CCSD iterations
------------------------------------------------------------
  Iter     Residuum          Correlation          Time(s)
------------------------------------------------------------
   1     0.5265504838386    0.0000000000000         0.02
   2     0.6216442243704   -1.4050534295393         0.01
   3     1.5008443490564    0.7508138884721         0.01
   4     2.3783159995748   -4.1967332434951         0.01
   5     3.6637310614793    2.3915535888938         0.01
 MICROCYCLE DIIS UPDATE:                    6
   6     0.1316377400069   -0.7501385667219         0.01
   7     0.3251522112984   -0.3153809756506         0.01
   8     0.5761845554560   -1.3365312051692         0.01
   9     1.2775636519328    0.5540529539076         0.01
  10     2.1140922418555   -3.6156709701680         0.01
 MICROCYCLE DIIS UPDATE:                   11
  11     0.0553351944654   -0.6978766037089         0.01
  12     0.1650975701672   -0.5284347411124         0.01
  13     0.2399978843488   -0.9765441398852         0.01
  14     0.5801040430490   -0.1871210191820         0.01
  15     1.1148060925771   -1.9057896718639         0.01
 MICROCYCLE DIIS UPDATE:                   16
  16     0.0462088197304   -0.7099465502017         0.01
  17     0.1492073800365   -0.5858234096920         0.01
  18     0.1871669879070   -0.9562830660756         0.02
  19     0.4675348559968   -0.3543051727588         0.01
  20     0.8544360063551   -1.6542507783162         0.01
 MICROCYCLE DIIS UPDATE:                   21
  21     0.0432460986584   -0.7391468971915         0.01
  22     0.1483947082372   -0.6388220862486         0.01
  23     0.1636886037396   -0.9816119770024         0.01
  24     0.4016808021489   -0.4805171172846         0.01
  25     0.6818084159603   -1.5275888894537         0.01
 MICROCYCLE DIIS UPDATE:                   26
  26     0.0415508041317   -0.7811144063096         0.02
  27     0.1511945399351   -0.6946873114227         0.01
  28     0.1546063318005   -1.0283000343627         0.02
  29     0.3420461549847   -0.5924907586912         0.01
  30     0.5318497897000   -1.4321110096038         0.01
 MICROCYCLE DIIS UPDATE:                   31
  31     0.0364741400975   -0.8481635832963         0.01
  32     0.1460311447279   -0.7728053338551         0.01
  33     0.1488396600374   -1.0875444338436         0.01
  34     0.2553692173134   -0.7219794675630         0.01
  35     0.3447721943509   -1.3020160566422         0.01
 MICROCYCLE DIIS UPDATE:                   36
  36     0.0218095202100   -0.9417735682407         0.01
  37     0.0885111131913   -0.9021905325743         0.01
  38     0.0910734476896   -1.0886338507379         0.02
  39     0.1129078950345   -0.8967975362326         0.01
  40     0.1155655099629   -1.1205648511863         0.01
 MICROCYCLE DIIS UPDATE:                   41
  41     0.0049345479443   -1.0098074249854         0.01
  42     0.0116521391381   -1.0060971985593         0.01
  43     0.0105619977148   -1.0292073576902         0.01
  44     0.0115136422953   -1.0083502945352         0.01
  45     0.0097404783993   -1.0290945066063         0.01
 MICROCYCLE DIIS UPDATE:                   46
  46     0.0003378580129   -1.0207033915448         0.01
  47     0.0010469534409   -1.0212601871979         0.01
  48     0.0013317006208   -1.0190611700012         0.01
  49     0.0015280019042   -1.0216279679461         0.01
  50     0.0015217215671   -1.0188263761218         0.01
 MICROCYCLE DIIS UPDATE:                   51
  51     0.0000270411180   -1.0202287708280         0.01
  52     0.0000329854052   -1.0202543675010         0.01
  53     0.0000269645798   -1.0201937829601         0.01
  54     0.0000236846934   -1.0202411016714         0.01
  55     0.0000170865584   -1.0202026382351         0.01
 MICROCYCLE DIIS UPDATE:                   56
  56     0.0000006286000   -1.0202170976713         0.01
  57     0.0000011495952   -1.0202163659124         0.01
  58     0.0000014803696   -1.0202187517921         0.01
  59     0.0000016378335   -1.0202158856715         0.01
  60     0.0000016192749   -1.0202189098063         0.01
 MICROCYCLE DIIS UPDATE:                   61
  61     0.0000000484208   -1.0202174305110         0.01
  62     0.0000000815689   -1.0202174257953         0.01
  63     0.0000002322006   -1.0202173878707         0.01
  64     0.0000007026815   -1.0202174423187         0.01
  65     0.0000021437067   -1.0202173729209         0.01
 MICROCYCLE DIIS UPDATE:                   66
  66     0.0000000066004   -1.0202174095009         0.02
------------------------------------------------------------------
 Iterations converged
 CCSD correlation energy / hartree =        -1.020217409500924
 CCSD total energy / hartree       =      -109.002202513250921

Time taken for Closed Shell Cholesky CCSD: 1.22 secs

Executing DUCC routine
======================
Number of active occupied alpha = 7
Number of active occupied beta  = 7
Number of active virtual alpha  = 12
Number of active virtual beta   = 12
ducc_lvl = 1

Full SCF Energy: -107.981985103750
Bare SCF Energy: -107.981985100378
Frozen Core Energy: -0.000000003372

DUCC: Time taken to compute Bare Hamiltonian: 0.00 secs
Bare Active Space SCF Energy: -107.981985100378

DUCC: Time taken to compute single commutator of F and V and double commutator of F: 0.29 secs
Fully Contracted Scalar: -0.059787243413

DUCC SCF energy: -108.041772343791
Total Energy Shift: -0.000000003372

DUCC: Total compute time: 0.29 secs

DUCC: Time to write results: 0.05 secs
DUCC Memory Stats
-----------------
allocation count: 936
deallocation count: 935
total memory allocated: 0.279913 GiB
total memory deallocated: 0.279912 GiB
maximum memory in single allocation: 0.008694 GiB
maximum memory consumption: 0.066854 GiB
