
ExaChem Git Information
{
 Branch: main
 Commit Hash: 207e083 [207e0832d2c1a0f21d964788233dbfee2c661d10]
 Commit Date: 2025-08-15 18:04:23 +0000
 Commit Message: fix cholesky warnings

 WARNING: The following ExaChem sources have uncommitted changes at build-time.

 M exachem/cc/ducc/ducc-t_ccsd.hpp
 M exachem/cc/ducc/qflow-t_ccsd.cpp
 M exachem/common/context/cc_context.hpp

diff --git a/exachem/cc/ducc/ducc-t_ccsd.hpp b/exachem/cc/ducc/ducc-t_ccsd.hpp
index 9c93f85..8f0f448 100644
--- a/exachem/cc/ducc/ducc-t_ccsd.hpp
+++ b/exachem/cc/ducc/ducc-t_ccsd.hpp
@@ -31,2 +31 @@ template<typename T>
-std::pair<double, std::vector<std::pair<std::vector<int>, double>>>
-DUCC_T_QFLOW_Driver(Scheduler& sch, ChemEnv& chem_env, const TiledIndexSpace& MO,
+void DUCC_T_QFLOW_Driver(Scheduler& sch, ChemEnv& chem_env, const TiledIndexSpace& MO,
diff --git a/exachem/cc/ducc/qflow-t_ccsd.cpp b/exachem/cc/ducc/qflow-t_ccsd.cpp
index af056e1..c8d6a2e 100644
--- a/exachem/cc/ducc/qflow-t_ccsd.cpp
+++ b/exachem/cc/ducc/qflow-t_ccsd.cpp
@@ -315 +315 @@ void ducc_qflow_driver(ExecutionContext& ec, ChemEnv& chem_env) {
-  // Combine occ_combinations and occ_combinations in all ways
+  // Combine occ_combinations and virt_combinations in all ways
@@ -446,7 +446,6 @@ template<typename T>
-std::pair<double, std::vector<std::pair<std::vector<int>, double>>>
-DUCC_T_QFLOW_Driver(Scheduler& sch, ChemEnv& chem_env, const TiledIndexSpace& MO,
-                    const Tensor<T>& ftij, const Tensor<T>& ftia, const Tensor<T>& ftab,
-                    const Tensor<T>& vtijkl, const Tensor<T>& vtijka, const Tensor<T>& vtaijb,
-                    const Tensor<T>& vtijab, const Tensor<T>& vtiabc, const Tensor<T>& vtabcd,
-                    ExecutionHW ex_hw, T shift, IndexVector& occ_int_vec, IndexVector& virt_int_vec,
-                    string& pos_str) {
+void DUCC_T_QFLOW_Driver(Scheduler& sch, ChemEnv& chem_env, const TiledIndexSpace& MO,
+                          const Tensor<T>& ftij, const Tensor<T>& ftia, const Tensor<T>& ftab,
+                          const Tensor<T>& vtijkl, const Tensor<T>& vtijka, const Tensor<T>& vtaijb,
+                          const Tensor<T>& vtijab, const Tensor<T>& vtiabc, const Tensor<T>& vtabcd,
+                          ExecutionHW ex_hw, T shift, IndexVector& occ_int_vec, IndexVector& virt_int_vec,
+                          string& pos_str) {
@@ -834 +833,20 @@ DUCC_T_QFLOW_Driver(Scheduler& sch, ChemEnv& chem_env, const TiledIndexSpace& MO
-    std::cout << "Final Energy: " << results.first << "" << std::endl;
+    // Store results in chem_env.cc_context instead of returning
+    chem_env.cc_context.qflow_results = results;
+
+    // Store results in sys_data.results for use elsewhere in the code
+    sys_data.results["output"]["QFlow"]["results"]["energy"] = results.first;
+    
+    // Store amplitudes in sys_data.results
+    nlohmann::json amplitudes_json = nlohmann::json::array();
+    for(const auto& pair: results.second) {
+      const std::vector<int>& vec = pair.first;
+      double                  val = pair.second;
+      
+      nlohmann::json amp_entry;
+      amp_entry["indices"] = vec;
+      amp_entry["value"] = val;
+      amplitudes_json.push_back(amp_entry);
+    }
+    sys_data.results["output"]["QFlow"]["results"]["amplitudes"] = amplitudes_json;
+
+    std::cout << std::setprecision(10) << "Final Energy: " << results.first << "" << std::endl;
@@ -853 +870,0 @@ DUCC_T_QFLOW_Driver(Scheduler& sch, ChemEnv& chem_env, const TiledIndexSpace& MO
-  return results;
@@ -857,7 +874,6 @@ using T = double;
-template std::pair<double, std::vector<std::pair<std::vector<int>, double>>>
-DUCC_T_QFLOW_Driver<T>(Scheduler& sch, ChemEnv& chem_env, const TiledIndexSpace& MO,
-                       const Tensor<T>& ftij, const Tensor<T>& ftia, const Tensor<T>& ftab,
-                       const Tensor<T>& vtijkl, const Tensor<T>& vtijka, const Tensor<T>& vtaijb,
-                       const Tensor<T>& vtijab, const Tensor<T>& vtiabc, const Tensor<T>& vtabcd,
-                       ExecutionHW ex_hw, T shift, IndexVector& occ_int_vec,
-                       IndexVector& virt_int_vec, string& pos_str);
+template void DUCC_T_QFLOW_Driver<T>(Scheduler& sch, ChemEnv& chem_env, const TiledIndexSpace& MO,
+                                      const Tensor<T>& ftij, const Tensor<T>& ftia, const Tensor<T>& ftab,
+                                      const Tensor<T>& vtijkl, const Tensor<T>& vtijka, const Tensor<T>& vtaijb,
+                                      const Tensor<T>& vtijab, const Tensor<T>& vtiabc, const Tensor<T>& vtabcd,
+                                      ExecutionHW ex_hw, T shift, IndexVector& occ_int_vec,
+                                      IndexVector& virt_int_vec, string& pos_str);

}


TAMM Git Information
{
 Branch: main
 Commit Hash: 13192f90 [13192f9076d2bd36aa0d34433cfe5113c89ba20a]
 Commit Date: 2025-08-15 10:50:13 -0700
 Commit Message: Update job_script_alcf_aurora.sh
}


date: Wed Aug 20 14:26:11 2025
program: "/hpc/home/baum612/code/exachem-dev/build/methods_stage/hpc/home/baum612/code/tamm_install/methods/ExaChem"
nnodes: 1, nproc_per_node: 8, nproc_total: 8, 
Memory information
{
[Intel(R) Xeon(R) Platinum 8276M CPU @ 2.20GHz] : 
  CPU memory per node (GiB): 6046
  Total CPU memory (GiB): 6046
}

------------------------------------------------------------

Input file provided: /hpc/home/baum612/TESTS/DUCC-Hamiltonian-Library/N2/cc-pVTZ/FrozenCoreCCSD_10Elec_8Orbs/3.0_Eq-6.2040au/Bare/N2.json

{
  "geometry": {
    "coordinates": [
      "N  0.000000  0.000000  0.000000",
      "N  0.000000  0.000000  6.2040"
    ],
    "units": "bohr"
  },
  "basis": {
    "basisset": "cc-pvtz"
  },
  "common": {
    "file_prefix": "N2",
    "maxiter": 100
  },
  "SCF": {
    "tol_int": 1e-16,
    "tol_lindep": 1e-09,
    "conve": 1e-10,
    "convd": 1e-09,
    "diis_hist": 10,
    "charge": 0,
    "multiplicity": 1,
    "restart": false,
    "scf_type": "restricted",
    "writem": 10
  },
  "CD": {
    "diagtol": 1e-14,
    "max_cvecs": 1000
  },
  "CC": {
    "threshold": 1e-08,
    "ndiis": 5,
    "writet": false,
    "ccsd_maxiter": 100,
    "lshift": 0.1,
    "freeze": {
      "atomic": true
    },
    "nactive_oa": 5,
    "nactive_ob": 5,
    "nactive_va": 3,
    "nactive_vb": 3,
    "ducc_lvl": 0
  },
  "TASK": {
    "ducc": [
      true,
      "default"
    ]
  }
}

Output folder & files prefix: N2.cc-pvtz

  N (nitrogen)
  ------------
          Exponent        Coefficients
      ----------------  --------------------
  1 S  1.14200000E+04      0.421209
  1 S  1.71200000E+03      0.784862
  1 S  3.89300000E+02      1.327398
  1 S  1.10000000E+02      1.998987
  1 S  3.55700000E+01      2.474876
  1 S  1.25400000E+01      2.106008
  1 S  4.64400000E+00      0.801375
  1 S  5.11800000E-01     -0.003753

  2 S  1.14200000E+04     -0.156504
  2 S  1.71200000E+03     -0.293447
  2 S  3.89300000E+02     -0.499240
  2 S  1.10000000E+02     -0.775267
  2 S  3.55700000E+01     -1.028825
  2 S  1.25400000E+01     -1.084240
  2 S  4.64400000E+00     -0.672298
  2 S  5.11800000E-01      0.447213

  3 S  1.29300000E+00      0.864190

  4 S  1.78700000E-01      0.195886

  5 P  2.66300000E+01      3.432542
  5 P  5.94800000E+00      3.296915
  5 P  1.74200000E+00      2.312025

  6 P  5.55000000E-01      0.682820

  7 P  1.72500000E-01      0.158462

  8 D  1.65400000E+00      3.970513

  9 D  4.69000000E-01      0.437484

  10 F  1.09300000E+00      1.798249



Printing Internal Coordinates

------------------------------------------------------------
                Bond Lengths

i      j        Length (Angstroms)     Length (Bohr)
0      1          3.2830154142         6.2040000000

Number of Angles: 0
Number of Torsional Angles: 0


----------------------------------------------------------------------
                          Center of Mass

         x               y               z              Unit
               0               0     1.641507707      Angstrom
               0               0           3.102          Bohr

----------------------------------------------------------------------
                Moment of Inertia Tensor

           269.486                 0                 0
                 0           269.486                 0
                 0                 0                 0

----------------------------------------------------------------------
                      Principal Moments of Inertia

           x                 y                 z                Unit
                 0       75.46387599       75.46387599       amu * ang^2
                 0       269.4863936       269.4863936      amu * bohr^2
  0.0000000000e+00  1.2531079973e-38  1.2531079973e-38          g * cm^2

 - Molecule is diatomic.

----------------------------------------------------------------------

         Rotational constants (MHz)

    A = inf        B = 6.6970e+03        C = 6.6970e+03

----------------------------------------------------------------------

        Rotational constants (cm-1)

    A = inf        B = 2.2339e-01        C = 2.2339e-01

----------------------------------------------------------------------

                                Z-Matrix
N   
N        1           6.204

----------------------------------------------------------------------

             Converted back to Cartesian

N        0.000000      0.000000      0.000000
N        0.000000      0.000000      6.204000

----------------------------------------------------------------------
                       Geometry in bohr 

1     N       0.0000000000    0.0000000000    0.0000000000
2     N       0.0000000000    0.0000000000    6.2040000000

 Number of nodes, processes per node used for SCF calculation: 1, 8

Common Options
{
  maxiter       = 100
  basis         = cc-pvtz spherical
  geom_units    = bohr
  ang2au factor = 1.889726126
  debug         = false
  file_prefix   = N2
}

SCF Options
{
  charge            = 0
  multiplicity      = 1
  level shift       = 0
  tol_int           = 1e-16
  tol_sch           = 1e-12
  tol_lindep        = 1e-09
  conve             = 1e-10
  convd             = 1e-09
  diis_hist         = 10
  AO_tilesize       = 30
  writem            = 10
  damp              = 100
  n_lindep          = 0
  scf_type          = restricted
  direct_df         = false
  restart_size      = 2000
  restart           = false
  debug             = false
}

Number of basis functions = 60

Total number of shells = 20

Total number of electrons = 14
  # of alpha electrons    = 7
  # of beta electons      = 7

Nuclear repulsion energy  = 7.89813023855577

# of {all,non-negligible} shell-pairs = {210,210}
Number of AO tiles = 20

Time for initial setup: 0.00 secs
HF exch = 1.00

Time for computing 1-e integrals T, V, S: 0.00 secs
Time for computing orthogonalizer: 0.00 secs

Superposition of Atomic Density Guess ...
Time taken for SAD: 0.04 secs
Total Time to compute initial guess: 0.05 secs


 SCF iterations
-----------------------------------------------------------------------------
 Iter     Energy            E-Diff       RMSD        |[F,P]|^2       Time(s)
-----------------------------------------------------------------------------
Resetting lshift to 0.50
   1  -107.6894799612    -1.08e+02     2.00e-02     5.38e-03         0.0 
   2  -107.9772833186    -2.88e-01     3.55e-04     1.64e-02         0.0 
   3  -107.9780772032    -7.94e-04     7.07e-04     9.93e-03         0.0 
   4  -107.9790726259    -9.95e-04     5.82e-04     2.30e-03         0.0 
   5  -107.9793537839    -2.81e-04     1.59e-05     2.69e-06         0.0 
   6  -107.9793540275    -2.44e-07     3.59e-06     6.09e-08         0.0 
   7  -107.9793540335    -5.94e-09     8.84e-07     5.88e-09         0.0 
   8  -107.9793540341    -6.38e-10     8.83e-08     2.06e-11         0.0 
   9  -107.9793540341     2.84e-11     6.41e-08     1.18e-09         0.0 
  10  -107.9793540341    -3.14e-11     7.83e-09     9.26e-13         0.0 
  11  -107.9793540341    -5.68e-14     4.98e-10     1.20e-15         0.0 

** Total SCF energy = -107.9793540340934

Nuclear repulsion energy = 7.898130238555771
#electrons        = 14
1e energy kinetic = 107.6186279336108953
1e energy N-e     = -269.8895436597202888
1e energy         = -162.2709157261095356
2e energy         = 46.3934314534602805
writing orbitals and density to disk ... done.

Total Time taken for Hartree-Fock: 0.40 secs

CD Options
{
  debug             = false
  skip_cd           = [false, 100]
  write_cv          = [false, 5000]
  diagtol           = 1e-14
  itilesize         = 1000
  max_cvecs_factor  = 1000
}

- #occupied, #virtual = 14, 106

- Tilesize for the MSO space: 40

-----------------------------------------------------
Begin 2-index transformation ... 

nAO, nMO, nelectrons = 60, 120, 14
n_occ_alpha, n_vir_alpha, n_occ_beta, n_vir_beta = 7,53,7,53

Time taken for Fao->Fmo transform: 0.00 secs

-----------------------------------------------------
Number of AO tiles = 20
# of {all,non-negligible} shell-pairs = {210,210}

    Begin Cholesky Decomposition
---------------------------------------------
Total # of mpi ranks used for Cholesky decomposition: 8
  --> Number of nodes, mpi ranks per node: 1, 8
- CPU memory required for computing cholesky vectors: 0.05 GiB

- Time for computing the diagonal: 0.00 secs

- Total number of cholesky vectors = 926

- Time to compute cholesky vectors: 0.84 secs

- CPU memory required for resizing the ao cholesky tensor: 0.07 GiB
- CPU memory required for ao2mo transformation: 0.07 GiB
- CPU memory required for the 2-step contraction: 0.09 GiB

- Time for ao to mo transform: 0.16 secs

   End Cholesky Decomposition
---------------------------------------------

Total Time taken for Cholesky Decomposition: 1.07 secs

scf_type = restricted
Closed-Shell SCF
nbf = 58
nbf_orig = 60
n_lindep = 0
focc = 1
nmo = 116
nocc = 10
nvir = 106
n_occ_alpha = 5
n_vir_alpha = 53
n_occ_beta = 5
n_vir_beta = 53
nelectrons = 14
nelectrons_alpha = 7
nelectrons_beta = 7
freeze atomic = true
n_frozen_core = 2
n_frozen_virtual = 0
----------------------------

Total CPU memory required for Closed Shell Cholesky CCSD calculation: 0.15 GiB


 CCSD iterations
------------------------------------------------------------
  Iter     Residuum          Correlation          Time(s)
------------------------------------------------------------
   1     0.6027972834664    0.0000000000000         0.31
   2     0.7044247571754   -1.5512841097878         0.30
   3     1.9236986071428    1.0127132054850         0.29
   4     3.0232473260057   -5.7136057950558         0.29
   5     4.5756134094844    2.1336888212573         0.29
 MICROCYCLE DIIS UPDATE:                    6
   6     0.1466127494564   -0.8077062938526         0.29
   7     0.3866036533557   -0.3034830635870         0.29
   8     0.7823505339968   -1.6230709108494         0.28
   9     1.9384189651602    1.0752644287150         0.29
  10     2.3162496186976   -5.7766098843752         0.28
 MICROCYCLE DIIS UPDATE:                   11
  11     0.0495969416701   -0.6885657121889         0.28
  12     0.0643064684791   -0.6856904736016         0.28
  13     0.0490082754735   -0.7914480820101         0.28
  14     0.1604191512062   -0.6482261130744         0.28
  15     0.2524119861926   -1.0807991273776         0.28
 MICROCYCLE DIIS UPDATE:                   16
  16     0.0439305035373   -0.8336947272638         0.28
  17     0.1418258847851   -0.7548580057564         0.28
  18     0.1789634806372   -1.0915628586181         0.28
  19     0.4068980111628   -0.5739510546891         0.28
  20     0.7754799582476   -1.6598557372626         0.27
 MICROCYCLE DIIS UPDATE:                   21
  21     0.0339415380530   -0.8966961257128         0.27
  22     0.1354053466971   -0.8286802218804         0.27
  23     0.1713119847005   -1.1438625210184         0.28
  24     0.3170109940976   -0.7026764919116         0.28
  25     0.5378132004955   -1.4871457382124         0.27
 MICROCYCLE DIIS UPDATE:                   26
  26     0.0262730839057   -0.9436674470507         0.28
  27     0.1085651022288   -0.8970236140800         0.28
  28     0.1352870784556   -1.1449370872089         0.27
  29     0.2172639183611   -0.8221343205507         0.27
  30     0.3224722028853   -1.3221043576712         0.27
 MICROCYCLE DIIS UPDATE:                   31
  31     0.0138241143312   -1.0068398120839         0.27
  32     0.0565483807169   -0.9844950502218         0.27
  33     0.0708735949595   -1.1122630161504         0.27
  34     0.0999218222929   -0.9539166873051         0.27
  35     0.1262887996064   -1.1649724703178         0.27
 MICROCYCLE DIIS UPDATE:                   36
  36     0.0035907020555   -1.0468172266784         0.27
  37     0.0104712723665   -1.0435789086439         0.27
  38     0.0122170567129   -1.0663893245798         0.27
  39     0.0164893695181   -1.0397325178280         0.27
  40     0.0187777998418   -1.0729700559246         0.27
 MICROCYCLE DIIS UPDATE:                   41
  41     0.0003495081535   -1.0563738434846         0.27
  42     0.0008180858407   -1.0569126528241         0.27
  43     0.0012199717863   -1.0550514545693         0.27
  44     0.0016532800752   -1.0576132792557         0.27
  45     0.0020375671874   -1.0542980094520         0.27
 MICROCYCLE DIIS UPDATE:                   46
  46     0.0000265878601   -1.0561176401893         0.27
  47     0.0000232943597   -1.0561356897680         0.27
  48     0.0000229580317   -1.0561006523268         0.27
  49     0.0000216309538   -1.0561347800931         0.27
  50     0.0000200716891   -1.0561043124008         0.27
 MICROCYCLE DIIS UPDATE:                   51
  51     0.0000013380630   -1.0561177559638         0.27
  52     0.0000017254399   -1.0561165192780         0.27
  53     0.0000020517446   -1.0561199296195         0.27
  54     0.0000026801602   -1.0561158095620         0.27
  55     0.0000031264477   -1.0561210765455         0.27
 MICROCYCLE DIIS UPDATE:                   56
  56     0.0000001311200   -1.0561184021420         0.27
  57     0.0000001107012   -1.0561183612186         0.28
  58     0.0000002060359   -1.0561183136631         0.28
  59     0.0000005906292   -1.0561183767162         0.28
  60     0.0000018497345   -1.0561182342952         0.28
 MICROCYCLE DIIS UPDATE:                   61
  61     0.0000000172318   -1.0561183205447         0.28
  62     0.0000000165177   -1.0561183016473         0.28
  63     0.0000000187393   -1.0561183307506         0.28
  64     0.0000000354496   -1.0561183052046         0.28
  65     0.0000000991943   -1.0561183306986         0.28
 MICROCYCLE DIIS UPDATE:                   66
  66     0.0000000022178   -1.0561183198614         0.28
------------------------------------------------------------------
 Iterations converged
 CCSD correlation energy / hartree =        -1.056118319861357
 CCSD total energy / hartree       =      -109.035472353954773

Time taken for Closed Shell Cholesky CCSD: 18.82 secs

Executing DUCC routine
======================
Number of active occupied alpha = 5
Number of active occupied beta  = 5
Number of active virtual alpha  = 3
Number of active virtual beta   = 3
ducc_lvl = 0

Full SCF Energy: -107.979354034093
Bare SCF Energy: -14.644160611427
Frozen Core Energy: -93.335193422667

DUCC: Time taken to compute Bare Hamiltonian: 0.00 secs
Bare Active Space SCF Energy: -14.644160611427
Fully Contracted Scalar: 0.000000000000

DUCC: Total compute time: 0.00 secs

DUCC: Time to write results: 0.01 secs
DUCC Memory Stats
-----------------
allocation count: 578
deallocation count: 577
total memory allocated: 0.709868 GiB
total memory deallocated: 0.709868 GiB
maximum memory in single allocation: 0.352732 GiB
maximum memory consumption: 0.442748 GiB
