
ExaChem Git Information
{
 Branch: main
 Commit Hash: 207e083 [207e0832d2c1a0f21d964788233dbfee2c661d10]
 Commit Date: 2025-08-15 18:04:23 +0000
 Commit Message: fix cholesky warnings

 WARNING: The following ExaChem sources have uncommitted changes at build-time.

 M exachem/cc/ducc/ducc-t_ccsd.hpp
 M exachem/cc/ducc/qflow-t_ccsd.cpp
 M exachem/common/context/cc_context.hpp

diff --git a/exachem/cc/ducc/ducc-t_ccsd.hpp b/exachem/cc/ducc/ducc-t_ccsd.hpp
index 9c93f85..8f0f448 100644
--- a/exachem/cc/ducc/ducc-t_ccsd.hpp
+++ b/exachem/cc/ducc/ducc-t_ccsd.hpp
@@ -31,2 +31 @@ template<typename T>
-std::pair<double, std::vector<std::pair<std::vector<int>, double>>>
-DUCC_T_QFLOW_Driver(Scheduler& sch, ChemEnv& chem_env, const TiledIndexSpace& MO,
+void DUCC_T_QFLOW_Driver(Scheduler& sch, ChemEnv& chem_env, const TiledIndexSpace& MO,
diff --git a/exachem/cc/ducc/qflow-t_ccsd.cpp b/exachem/cc/ducc/qflow-t_ccsd.cpp
index af056e1..c8d6a2e 100644
--- a/exachem/cc/ducc/qflow-t_ccsd.cpp
+++ b/exachem/cc/ducc/qflow-t_ccsd.cpp
@@ -315 +315 @@ void ducc_qflow_driver(ExecutionContext& ec, ChemEnv& chem_env) {
-  // Combine occ_combinations and occ_combinations in all ways
+  // Combine occ_combinations and virt_combinations in all ways
@@ -446,7 +446,6 @@ template<typename T>
-std::pair<double, std::vector<std::pair<std::vector<int>, double>>>
-DUCC_T_QFLOW_Driver(Scheduler& sch, ChemEnv& chem_env, const TiledIndexSpace& MO,
-                    const Tensor<T>& ftij, const Tensor<T>& ftia, const Tensor<T>& ftab,
-                    const Tensor<T>& vtijkl, const Tensor<T>& vtijka, const Tensor<T>& vtaijb,
-                    const Tensor<T>& vtijab, const Tensor<T>& vtiabc, const Tensor<T>& vtabcd,
-                    ExecutionHW ex_hw, T shift, IndexVector& occ_int_vec, IndexVector& virt_int_vec,
-                    string& pos_str) {
+void DUCC_T_QFLOW_Driver(Scheduler& sch, ChemEnv& chem_env, const TiledIndexSpace& MO,
+                          const Tensor<T>& ftij, const Tensor<T>& ftia, const Tensor<T>& ftab,
+                          const Tensor<T>& vtijkl, const Tensor<T>& vtijka, const Tensor<T>& vtaijb,
+                          const Tensor<T>& vtijab, const Tensor<T>& vtiabc, const Tensor<T>& vtabcd,
+                          ExecutionHW ex_hw, T shift, IndexVector& occ_int_vec, IndexVector& virt_int_vec,
+                          string& pos_str) {
@@ -834 +833,20 @@ DUCC_T_QFLOW_Driver(Scheduler& sch, ChemEnv& chem_env, const TiledIndexSpace& MO
-    std::cout << "Final Energy: " << results.first << "" << std::endl;
+    // Store results in chem_env.cc_context instead of returning
+    chem_env.cc_context.qflow_results = results;
+
+    // Store results in sys_data.results for use elsewhere in the code
+    sys_data.results["output"]["QFlow"]["results"]["energy"] = results.first;
+    
+    // Store amplitudes in sys_data.results
+    nlohmann::json amplitudes_json = nlohmann::json::array();
+    for(const auto& pair: results.second) {
+      const std::vector<int>& vec = pair.first;
+      double                  val = pair.second;
+      
+      nlohmann::json amp_entry;
+      amp_entry["indices"] = vec;
+      amp_entry["value"] = val;
+      amplitudes_json.push_back(amp_entry);
+    }
+    sys_data.results["output"]["QFlow"]["results"]["amplitudes"] = amplitudes_json;
+
+    std::cout << std::setprecision(10) << "Final Energy: " << results.first << "" << std::endl;
@@ -853 +870,0 @@ DUCC_T_QFLOW_Driver(Scheduler& sch, ChemEnv& chem_env, const TiledIndexSpace& MO
-  return results;
@@ -857,7 +874,6 @@ using T = double;
-template std::pair<double, std::vector<std::pair<std::vector<int>, double>>>
-DUCC_T_QFLOW_Driver<T>(Scheduler& sch, ChemEnv& chem_env, const TiledIndexSpace& MO,
-                       const Tensor<T>& ftij, const Tensor<T>& ftia, const Tensor<T>& ftab,
-                       const Tensor<T>& vtijkl, const Tensor<T>& vtijka, const Tensor<T>& vtaijb,
-                       const Tensor<T>& vtijab, const Tensor<T>& vtiabc, const Tensor<T>& vtabcd,
-                       ExecutionHW ex_hw, T shift, IndexVector& occ_int_vec,
-                       IndexVector& virt_int_vec, string& pos_str);
+template void DUCC_T_QFLOW_Driver<T>(Scheduler& sch, ChemEnv& chem_env, const TiledIndexSpace& MO,
+                                      const Tensor<T>& ftij, const Tensor<T>& ftia, const Tensor<T>& ftab,
+                                      const Tensor<T>& vtijkl, const Tensor<T>& vtijka, const Tensor<T>& vtaijb,
+                                      const Tensor<T>& vtijab, const Tensor<T>& vtiabc, const Tensor<T>& vtabcd,
+                                      ExecutionHW ex_hw, T shift, IndexVector& occ_int_vec,
+                                      IndexVector& virt_int_vec, string& pos_str);

}


TAMM Git Information
{
 Branch: main
 Commit Hash: 13192f90 [13192f9076d2bd36aa0d34433cfe5113c89ba20a]
 Commit Date: 2025-08-15 10:50:13 -0700
 Commit Message: Update job_script_alcf_aurora.sh
}


date: Wed Aug 20 14:27:43 2025
program: "/hpc/home/baum612/code/exachem-dev/build/methods_stage/hpc/home/baum612/code/tamm_install/methods/ExaChem"
nnodes: 1, nproc_per_node: 8, nproc_total: 8, 
Memory information
{
[Intel(R) Xeon(R) Platinum 8276M CPU @ 2.20GHz] : 
  CPU memory per node (GiB): 6046
  Total CPU memory (GiB): 6046
}

------------------------------------------------------------

Input file provided: /hpc/home/baum612/TESTS/DUCC-Hamiltonian-Library/N2/cc-pVTZ/FrozenCoreCCSD_10Elec_8Orbs/2.5_Eq-5.1700au/DUCC2/N2.json

{
  "geometry": {
    "coordinates": [
      "N  0.000000  0.000000  0.000000",
      "N  0.000000  0.000000  5.1700"
    ],
    "units": "bohr"
  },
  "basis": {
    "basisset": "cc-pvtz"
  },
  "common": {
    "file_prefix": "N2",
    "maxiter": 100
  },
  "SCF": {
    "tol_int": 1e-16,
    "tol_lindep": 1e-09,
    "conve": 1e-10,
    "convd": 1e-09,
    "diis_hist": 10,
    "charge": 0,
    "multiplicity": 1,
    "restart": false,
    "scf_type": "restricted",
    "writem": 10
  },
  "CD": {
    "diagtol": 1e-14,
    "max_cvecs": 1000
  },
  "CC": {
    "threshold": 1e-08,
    "ndiis": 5,
    "writet": false,
    "ccsd_maxiter": 100,
    "lshift": 0.1,
    "freeze": {
      "atomic": true
    },
    "nactive_oa": 5,
    "nactive_ob": 5,
    "nactive_va": 3,
    "nactive_vb": 3,
    "ducc_lvl": 1
  },
  "TASK": {
    "ducc": [
      true,
      "default"
    ]
  }
}

Output folder & files prefix: N2.cc-pvtz

  N (nitrogen)
  ------------
          Exponent        Coefficients
      ----------------  --------------------
  1 S  1.14200000E+04      0.421209
  1 S  1.71200000E+03      0.784862
  1 S  3.89300000E+02      1.327398
  1 S  1.10000000E+02      1.998987
  1 S  3.55700000E+01      2.474876
  1 S  1.25400000E+01      2.106008
  1 S  4.64400000E+00      0.801375
  1 S  5.11800000E-01     -0.003753

  2 S  1.14200000E+04     -0.156504
  2 S  1.71200000E+03     -0.293447
  2 S  3.89300000E+02     -0.499240
  2 S  1.10000000E+02     -0.775267
  2 S  3.55700000E+01     -1.028825
  2 S  1.25400000E+01     -1.084240
  2 S  4.64400000E+00     -0.672298
  2 S  5.11800000E-01      0.447213

  3 S  1.29300000E+00      0.864190

  4 S  1.78700000E-01      0.195886

  5 P  2.66300000E+01      3.432542
  5 P  5.94800000E+00      3.296915
  5 P  1.74200000E+00      2.312025

  6 P  5.55000000E-01      0.682820

  7 P  1.72500000E-01      0.158462

  8 D  1.65400000E+00      3.970513

  9 D  4.69000000E-01      0.437484

  10 F  1.09300000E+00      1.798249



Printing Internal Coordinates

------------------------------------------------------------
                Bond Lengths

i      j        Length (Angstroms)     Length (Bohr)
0      1          2.7358461785         5.1700000000

Number of Angles: 0
Number of Torsional Angles: 0


----------------------------------------------------------------------
                          Center of Mass

         x               y               z              Unit
               0               0     1.367923089      Angstrom
               0               0           2.585          Bohr

----------------------------------------------------------------------
                Moment of Inertia Tensor

           187.143                 0                 0
                 0           187.143                 0
                 0                 0                 0

----------------------------------------------------------------------
                      Principal Moments of Inertia

           x                 y                 z                Unit
                 0       52.40546944       52.40546944       amu * ang^2
                 0       187.1433289       187.1433289      amu * bohr^2
  0.0000000000e+00  8.7021388703e-39  8.7021388703e-39          g * cm^2

 - Molecule is diatomic.

----------------------------------------------------------------------

         Rotational constants (MHz)

    A = inf        B = 9.6436e+03        C = 9.6436e+03

----------------------------------------------------------------------

        Rotational constants (cm-1)

    A = inf        B = 3.2168e-01        C = 3.2168e-01

----------------------------------------------------------------------

                                Z-Matrix
N   
N        1            5.17

----------------------------------------------------------------------

             Converted back to Cartesian

N        0.000000      0.000000      0.000000
N        0.000000      0.000000      5.170000

----------------------------------------------------------------------
                       Geometry in bohr 

1     N       0.0000000000    0.0000000000    0.0000000000
2     N       0.0000000000    0.0000000000    5.1700000000

 Number of nodes, processes per node used for SCF calculation: 1, 8

Common Options
{
  maxiter       = 100
  basis         = cc-pvtz spherical
  geom_units    = bohr
  ang2au factor = 1.889726126
  debug         = false
  file_prefix   = N2
}

SCF Options
{
  charge            = 0
  multiplicity      = 1
  level shift       = 0
  tol_int           = 1e-16
  tol_sch           = 1e-12
  tol_lindep        = 1e-09
  conve             = 1e-10
  convd             = 1e-09
  diis_hist         = 10
  AO_tilesize       = 30
  writem            = 10
  damp              = 100
  n_lindep          = 0
  scf_type          = restricted
  direct_df         = false
  restart_size      = 2000
  restart           = false
  debug             = false
}

Number of basis functions = 60

Total number of shells = 20

Total number of electrons = 14
  # of alpha electrons    = 7
  # of beta electons      = 7

Nuclear repulsion energy  = 9.47775628626692

# of {all,non-negligible} shell-pairs = {210,210}
Number of AO tiles = 20

Time for initial setup: 0.00 secs
HF exch = 1.00

Time for computing 1-e integrals T, V, S: 0.00 secs
Time for computing orthogonalizer: 0.00 secs

Superposition of Atomic Density Guess ...
Time taken for SAD: 0.04 secs
Total Time to compute initial guess: 0.05 secs


 SCF iterations
-----------------------------------------------------------------------------
 Iter     Energy            E-Diff       RMSD        |[F,P]|^2       Time(s)
-----------------------------------------------------------------------------
   1  -107.7013784508    -1.08e+02     1.94e-02     7.12e-02         0.0 
   2  -108.0791388188    -3.78e-01     9.91e-04     3.10e-02         0.0 
   3  -108.0817337786    -2.59e-03     6.24e-04     8.36e-03         0.0 
   4  -108.0825523942    -8.19e-04     4.04e-04     1.52e-03         0.0 
   5  -108.0827203681    -1.68e-04     9.81e-06     2.62e-06         0.0 
   6  -108.0827205390    -1.71e-07     3.19e-06     1.19e-07         0.0 
   7  -108.0827205478    -8.77e-09     5.17e-07     2.33e-09         0.0 
   8  -108.0827205481    -2.51e-10     1.53e-08     1.91e-12         0.0 
   9  -108.0827205481    -2.13e-13     6.45e-09     2.35e-13         0.0 
  10  -108.0827205481     2.56e-13     5.50e-09     8.08e-12         0.0 
  11  -108.0827205481    -2.84e-13     2.70e-10     5.53e-16         0.0 

** Total SCF energy = -108.0827205480517

Nuclear repulsion energy = 9.477756286266924
#electrons        = 14
1e energy kinetic = 107.4973510974088526
1e energy N-e     = -272.9293566856366624
1e energy         = -165.4320055882276961
2e energy         = 47.8715287539091605
writing orbitals and density to disk ... done.

Total Time taken for Hartree-Fock: 0.41 secs

CD Options
{
  debug             = false
  skip_cd           = [false, 100]
  write_cv          = [false, 5000]
  diagtol           = 1e-14
  itilesize         = 1000
  max_cvecs_factor  = 1000
}

- #occupied, #virtual = 14, 106

- Tilesize for the MSO space: 40

-----------------------------------------------------
Begin 2-index transformation ... 

nAO, nMO, nelectrons = 60, 120, 14
n_occ_alpha, n_vir_alpha, n_occ_beta, n_vir_beta = 7,53,7,53

Time taken for Fao->Fmo transform: 0.00 secs

-----------------------------------------------------
Number of AO tiles = 20
# of {all,non-negligible} shell-pairs = {210,210}

    Begin Cholesky Decomposition
---------------------------------------------
Total # of mpi ranks used for Cholesky decomposition: 8
  --> Number of nodes, mpi ranks per node: 1, 8
- CPU memory required for computing cholesky vectors: 0.05 GiB

- Time for computing the diagonal: 0.00 secs

- Total number of cholesky vectors = 1017

- Time to compute cholesky vectors: 0.91 secs

- CPU memory required for resizing the ao cholesky tensor: 0.07 GiB
- CPU memory required for ao2mo transformation: 0.08 GiB
- CPU memory required for the 2-step contraction: 0.10 GiB

- Time for ao to mo transform: 0.17 secs

   End Cholesky Decomposition
---------------------------------------------

Total Time taken for Cholesky Decomposition: 1.15 secs

scf_type = restricted
Closed-Shell SCF
nbf = 58
nbf_orig = 60
n_lindep = 0
focc = 1
nmo = 116
nocc = 10
nvir = 106
n_occ_alpha = 5
n_vir_alpha = 53
n_occ_beta = 5
n_vir_beta = 53
nelectrons = 14
nelectrons_alpha = 7
nelectrons_beta = 7
freeze atomic = true
n_frozen_core = 2
n_frozen_virtual = 0
----------------------------

Total CPU memory required for Closed Shell Cholesky CCSD calculation: 0.16 GiB


 CCSD iterations
------------------------------------------------------------
  Iter     Residuum          Correlation          Time(s)
------------------------------------------------------------
   1     0.5871813865758    0.0000000000000         0.36
   2     0.5102641151767   -1.2091258337159         0.34
   3     0.9894833942298    0.2475787762261         0.34
   4     1.4715215913181   -2.4616489906732         0.33
   5     2.3225527561865    1.4164212822888         0.35
 MICROCYCLE DIIS UPDATE:                    6
   6     0.1225001272815   -0.7702680684666         0.35
   7     0.2554515573343   -0.4358649014942         0.33
   8     0.3839121385112   -1.0897617555970         0.34
   9     0.7095987980295   -0.0522332801503         0.33
  10     1.1449557949512   -1.9136365826029         0.33
 MICROCYCLE DIIS UPDATE:                   11
  11     0.0438487729724   -0.7186680713796         0.34
  12     0.1132675212961   -0.6089512754653         0.34
  13     0.1326025357356   -0.8578394698232         0.34
  14     0.2776365687731   -0.4960962605606         0.34
  15     0.4154998970416   -1.1603556196283         0.34
 MICROCYCLE DIIS UPDATE:                   16
  16     0.0310132745750   -0.7510049579403         0.34
  17     0.0837697815585   -0.6978096636409         0.34
  18     0.0731073071224   -0.8544041421463         0.34
  19     0.1663676524275   -0.6649733030171         0.35
  20     0.2111078355617   -1.0220471335621         0.34
 MICROCYCLE DIIS UPDATE:                   21
  21     0.0230005606402   -0.8314451287494         0.34
  22     0.0618242967517   -0.8025230865384         0.34
  23     0.0467948634197   -0.9096433313774         0.37
  24     0.0939210366194   -0.8039879795233         0.38
  25     0.1037357208129   -0.9878710271251         0.37
 MICROCYCLE DIIS UPDATE:                   26
  26     0.0072913400414   -0.9189372752226         0.37
  27     0.0060292070690   -0.9201895653612         0.37
  28     0.0029255482879   -0.9272626167365         0.37
  29     0.0045694436534   -0.9240845134214         0.37
  30     0.0033520637563   -0.9315059733815         0.37
 MICROCYCLE DIIS UPDATE:                   31
  31     0.0002474539695   -0.9307105612817         0.39
  32     0.0001411354746   -0.9307087945417         0.38
  33     0.0001337670419   -0.9307242509960         0.37
  34     0.0001128254942   -0.9308814726798         0.38
  35     0.0001599013350   -0.9306973426737         0.39
 MICROCYCLE DIIS UPDATE:                   36
  36     0.0000190577818   -0.9308504974772         0.37
  37     0.0000104546240   -0.9308516995818         0.33
  38     0.0000079397336   -0.9308512916627         0.34
  39     0.0000071869762   -0.9308608234601         0.34
  40     0.0000096078988   -0.9308494809417         0.34
 MICROCYCLE DIIS UPDATE:                   41
  41     0.0000016640669   -0.9308578302784         0.34
  42     0.0000010686220   -0.9308577376413         0.34
  43     0.0000007348196   -0.9308589245912         0.34
  44     0.0000009471672   -0.9308578892112         0.34
  45     0.0000009124787   -0.9308595029803         0.34
 MICROCYCLE DIIS UPDATE:                   46
  46     0.0000000695280   -0.9308589176305         0.33
  47     0.0000000399699   -0.9308589194298         0.34
  48     0.0000000287711   -0.9308588882359         0.34
  49     0.0000000447600   -0.9308589265617         0.34
  50     0.0000000819166   -0.9308588640198         0.34
 MICROCYCLE DIIS UPDATE:                   51
  51     0.0000000087065   -0.9308589007419         0.34
------------------------------------------------------------------
 Iterations converged
 CCSD correlation energy / hartree =        -0.930858900741885
 CCSD total energy / hartree       =      -109.013579448793536

Time taken for Closed Shell Cholesky CCSD: 18.14 secs

Executing DUCC routine
======================
Number of active occupied alpha = 5
Number of active occupied beta  = 5
Number of active virtual alpha  = 3
Number of active virtual beta   = 3
ducc_lvl = 1

Full SCF Energy: -108.082720548052
Bare SCF Energy: -13.973727628993
Frozen Core Energy: -94.108992919059

DUCC: Time taken to compute Bare Hamiltonian: 0.00 secs
Bare Active Space SCF Energy: -13.973727628993

DUCC: Time taken to compute single commutator of F and V and double commutator of F: 0.28 secs
Fully Contracted Scalar: -0.092341786077

DUCC SCF energy: -14.066069415069
Total Energy Shift: -94.108992919059

DUCC: Total compute time: 0.28 secs

DUCC: Time to write results: 0.01 secs
DUCC Memory Stats
-----------------
allocation count: 848
deallocation count: 847
total memory allocated: 0.776052 GiB
total memory deallocated: 0.776052 GiB
maximum memory in single allocation: 0.352732 GiB
maximum memory consumption: 0.447310 GiB
