
ExaChem Git Information
{
 Branch: main
 Commit Hash: bd25dab [bd25dab8406e69b11ad8def9900a8eea7bb8d543]
 Commit Date: 2025-01-30 14:42:33 -0800
 Commit Message: Fixes ECP handling for multiple atoms

 WARNING: The following ExaChem sources have uncommitted changes at build-time.

 M exachem/cc/ducc/ducc-t_ccsd.cpp

diff --git a/exachem/cc/ducc/ducc-t_ccsd.cpp b/exachem/cc/ducc/ducc-t_ccsd.cpp
index 16950f2..85b1230 100644
--- a/exachem/cc/ducc/ducc-t_ccsd.cpp
+++ b/exachem/cc/ducc/ducc-t_ccsd.cpp
@@ -2036 +2036 @@ void DUCC_T_CCSD_Driver(ChemEnv& chem_env, ExecutionContext& ec, const TiledInde
-  if(rank == 0 && ducc_lvl > 0) {
+  if(rank == 0) {

}


TAMM Git Information
{
 Branch: main
 Commit Hash: 1c9868cf [1c9868cfbfc8bad3586dd21e36f2519cff1fe55a]
 Commit Date: 2024-12-19 12:23:01 -0800
 Commit Message: minor update to print_vector
}


date: Thu Feb  6 14:56:40 2025
program: "/hpc/home/baum612/code/exachem-dev/build/methods_stage/hpc/home/baum612/code/tamm_install/methods/ExaChem"
nnodes: 1, nproc_per_node: 8, nproc_total: 8, 
Memory information
{
[Intel(R) Xeon(R) Platinum 8276M CPU @ 2.20GHz] : 
  CPU memory per node (GiB): 6046
  Total CPU memory (GiB): 6046
}

------------------------------------------------------------

Input file provided: /hpc/home/baum612/TESTS/DUCC-Hamiltonian-Library/N2/cc-pVDZ/AllElectronCCSD-14Elec-13Orbs/2.8_Eq-5.7904au/Bare/N2.json

{
  "geometry": {
    "coordinates": [
      "N  0.000000  0.000000  0.000000",
      "N  0.000000  0.000000  5.7904"
    ],
    "units": "bohr"
  },
  "basis": {
    "basisset": "cc-pvdz"
  },
  "common": {
    "file_prefix": "N2",
    "maxiter": 100
  },
  "SCF": {
    "tol_int": 1e-16,
    "tol_lindep": 1e-09,
    "conve": 1e-10,
    "convd": 1e-09,
    "diis_hist": 10,
    "charge": 0,
    "multiplicity": 1,
    "restart": false,
    "scf_type": "restricted",
    "writem": 10
  },
  "CD": {
    "diagtol": 1e-14,
    "max_cvecs": 1000
  },
  "CC": {
    "threshold": 1e-08,
    "ndiis": 5,
    "writet": false,
    "ccsd_maxiter": 100,
    "lshift": 0.1,
    "nactive_oa": 7,
    "nactive_ob": 7,
    "nactive_va": 6,
    "nactive_vb": 6,
    "ducc_lvl": 0
  },
  "TASK": {
    "ducc": true
  }
}

Output folder & files prefix: N2.cc-pvdz

Printing Internal Coordinates

------------------------------------------------------------
                Bond Lengths

i      j        Length (Angstroms)     Length (Bohr)
0      1          3.0641477199         5.7904000000

Number of Angles: 0
Number of Torsional Angles: 0


----------------------------------------------------------------------
                          Center of Mass

         x               y               z              Unit
               0               0      1.53207386      Angstrom
               0               0          2.8952          Bohr

----------------------------------------------------------------------
                Moment of Inertia Tensor

           234.753                 0                 0
                 0           234.753                 0
                 0                 0                 0

----------------------------------------------------------------------
                      Principal Moments of Inertia

           x                 y                 z                Unit
                 0       65.73742086       65.73742086       amu * ang^2
                 0       234.7525917       234.7525917      amu * bohr^2
  0.0000000000e+00  1.0915962999e-38  1.0915962999e-38          g * cm^2

 - Molecule is diatomic.

----------------------------------------------------------------------

         Rotational constants (MHz)

    A = inf        B = 7.6878e+03        C = 7.6878e+03

----------------------------------------------------------------------

        Rotational constants (cm-1)

    A = inf        B = 2.5644e-01        C = 2.5644e-01

----------------------------------------------------------------------

                                Z-Matrix
N   
N        1          5.7904

----------------------------------------------------------------------

             Converted back to Cartesian

N        0.000000      0.000000      0.000000
N        0.000000      0.000000      5.790400

----------------------------------------------------------------------
                       Geometry in bohr 

1     N       0.0000000000    0.0000000000    0.0000000000
2     N       0.0000000000    0.0000000000    5.7904000000
Resetting xc_basis_tol to 1e-10

 Number of nodes, processes per node used for SCF calculation: 1, 8

Common Options
{
 maxiter    = 100
 basis      = cc-pvdz spherical
 geom_units = bohr
 natoms_max = 30
 debug      = false
 file_prefix    = N2
}

SCF Options
{
 charge            = 0
 multiplicity      = 1
 level shift       = 0
 tol_int           = 1e-16
 tol_sch           = 1e-12
 tol_lindep        = 1e-09
 conve             = 1e-10
 convd             = 1e-09
 diis_hist         = 10
 AO_tilesize       = 30
 writem            = 10
 damp              = 100
 n_lindep          = 0
 scf_type          = restricted
 direct_df         = false
 restart_size      = 2000
 restart           = false
 debug             = false
}

Number of basis functions = 28

Total number of shells = 12

Total number of electrons = 14
  # of alpha electrons    = 7
  # of beta electons      = 7

Nuclear repulsion energy  = 8.46228239845261

# of {all,non-negligible} shell-pairs = {78,78}
Number of AO tiles = 12

Time for initial setup: 0.00 secs
HF exch = 1.00

Time for computing 1-e integrals T, V, S: 0.00 secs
Time for computing orthogonalizer: 0.00 secs

Superposition of Atomic Density Guess ...
Time taken for SAD: 0.03 secs
Total Time to compute initial guess: 0.03 secs


 SCF iterations
-----------------------------------------------------------------------------
 Iter     Energy            E-Diff       RMSD        |[F,P]|^2       Time(s)
-----------------------------------------------------------------------------
   1  -107.6593550139    -1.08e+02     5.63e-02     2.92e-03         0.0 
   2  -107.9798980980    -3.21e-01     7.13e-04     1.04e-02         0.0 
   3  -107.9806135593    -7.15e-04     2.20e-03     6.87e-03         0.0 
   4  -107.9818810051    -1.27e-03     8.03e-04     5.11e-04         0.0 
   5  -107.9819850047    -1.04e-04     1.87e-05     5.09e-07         0.0 
   6  -107.9819850999    -9.52e-08     5.73e-06     2.23e-08         0.0 
   7  -107.9819851035    -3.59e-09     1.42e-06     1.13e-09         0.0 
   8  -107.9819851037    -2.36e-10     1.63e-07     2.41e-11         0.0 
   9  -107.9819851037    -7.11e-13     6.10e-08     7.07e-11         0.0 
  10  -107.9819851037    -3.41e-12     4.01e-09     2.54e-14         0.0 
<DIIS> Singularity in Pulay matrix detected.
<DIIS> Singularity in Pulay matrix detected.
  11  -107.9819851037    -5.68e-14     5.74e-10     2.20e-16         0.0 

** Total SCF energy = -107.9819851037500

Nuclear repulsion energy = 8.462282398452611
#electrons        = 14
1e energy kinetic = 107.3942329526187223
1e energy N-e     = -270.9256297228332073
1e energy         = -163.5313967702144851
2e energy         = 47.0871292680118643
writing orbitals and density to disk ... done.

Total Time taken for Hartree-Fock: 0.27 secs

CD Options
{
 debug            = false
 skip_cd          = [false,100]
 write_cv         = [false,5000]
 diagtol          = 1e-14
 itilesize        = 1000
 max_cvecs_factor = 1000
}

- #occupied, #virtual = 14, 42

- Tilesize for the MSO space: 40

-----------------------------------------------------
Begin 2-index transformation ... 

nAO, nMO, nelectrons = 28, 56, 14
n_occ_alpha, n_vir_alpha, n_occ_beta, n_vir_beta = 7,21,7,21

Time taken for Fao->Fmo transform: 0.00 secs

-----------------------------------------------------
Number of AO tiles = 12
# of {all,non-negligible} shell-pairs = {78,78}

    Begin Cholesky Decomposition
---------------------------------------------
Total # of mpi ranks used for Cholesky decomposition: 8
  --> Number of nodes, mpi ranks per node: 1, 8
- CPU memory required for computing cholesky vectors: 0.00 GiB

- Time for computing the diagonal: 0.00 secs

- Total number of cholesky vectors = 288

- Time to compute cholesky vectors: 0.15 secs

- CPU memory required for resizing the ao cholesky tensor: 0.01 GiB
- CPU memory required for ao2mo transformation: 0.01 GiB
- CPU memory required for the 2-step contraction: 0.01 GiB

- Time for ao to mo transform: 0.01 secs

   End Cholesky Decomposition
---------------------------------------------

Total Time taken for Cholesky Decomposition: 0.19 secs

scf_type = restricted
Closed-Shell SCF
nbf = 28
nbf_orig = 28
n_lindep = 0
focc = 1
nmo = 56
nocc = 14
nvir = 42
n_occ_alpha = 7
n_vir_alpha = 21
n_occ_beta = 7
n_vir_beta = 21
nelectrons = 14
nelectrons_alpha = 7
nelectrons_beta = 7
n_frozen_core = 0
n_frozen_virtual = 0
----------------------------

Total CPU memory required for Closed Shell Cholesky CCSD calculation: 0.01 GiB


 CCSD iterations
------------------------------------------------------------
  Iter     Residuum          Correlation          Time(s)
------------------------------------------------------------
   1     0.5265504838388    0.0000000000000         0.02
   2     0.6216442243715   -1.4050534295414         0.02
   3     1.5008443490611    0.7508138884759         0.02
   4     2.3783159995828   -4.1967332435116         0.02
   5     3.6637310614938    2.3915535888965         0.02
 MICROCYCLE DIIS UPDATE:                    6
   6     0.1142071930035   -0.7229378107422         0.02
   7     0.2749532148200   -0.3617189336684         0.02
   8     0.4776030824307   -1.2184302946586         0.02
   9     1.0905245168202    0.3735504692559         0.02
  10     1.9432445747353   -3.1491242771827         0.02
 MICROCYCLE DIIS UPDATE:                   11
  11     0.0583064654611   -0.6938948088673         0.02
  12     0.1686546779397   -0.5153256853514         0.02
  13     0.2508488890687   -0.9812175467401         0.02
  14     0.6047974223688   -0.1509988299062         0.02
  15     1.1661405187434   -1.9646846231396         0.02
 MICROCYCLE DIIS UPDATE:                   16
  16     0.0478921011208   -0.7103591164038         0.02
  17     0.1546847881051   -0.5761069457723         0.02
  18     0.2003343431805   -0.9665902116778         0.02
  19     0.4933567189383   -0.3231039425578         0.02
  20     0.9146705132099   -1.7085930943222         0.02
 MICROCYCLE DIIS UPDATE:                   21
  21     0.0434867504053   -0.7394473214897         0.02
  22     0.1494252409570   -0.6369002699417         0.02
  23     0.1660689632692   -0.9832724455129         0.02
  24     0.4061666416539   -0.4749460790808         0.02
  25     0.6921917871494   -1.5359637007166         0.02
 MICROCYCLE DIIS UPDATE:                   26
  26     0.0414264904052   -0.7834660801860         0.02
  27     0.1513357275866   -0.6966610151083         0.02
  28     0.1546498488387   -1.0303246770706         0.02
  29     0.3400470558486   -0.5959461817331         0.02
  30     0.5270062189977   -1.4290007850179         0.02
 MICROCYCLE DIIS UPDATE:                   31
  31     0.0359728984669   -0.8521427150119         0.02
  32     0.1448089388386   -0.7772751964807         0.02
  33     0.1474588214175   -1.0889769341126         0.02
  34     0.2497476102807   -0.7291552099025         0.02
  35     0.3339101284255   -1.2937723347703         0.02
 MICROCYCLE DIIS UPDATE:                   36
  36     0.0208363279035   -0.9460804951109         0.02
  37     0.0845083495448   -0.9084200040055         0.02
  38     0.0868840711668   -1.0862337511598         0.02
  39     0.1066201921244   -0.9040819632228         0.02
  40     0.1078031314132   -1.1141010354885         0.02
 MICROCYCLE DIIS UPDATE:                   41
  41     0.0045814156837   -1.0107985882231         0.02
  42     0.0103665241045   -1.0076663782708         0.02
  43     0.0093756156231   -1.0281835292771         0.02
  44     0.0102820483093   -1.0096290351573         0.02
  45     0.0087297478706   -1.0281809668637         0.02
 MICROCYCLE DIIS UPDATE:                   46
  46     0.0003047328336   -1.0206091354444         0.02
  47     0.0009023007027   -1.0211256338372         0.02
  48     0.0011310393630   -1.0192286902205         0.02
  49     0.0012814646480   -1.0214060442186         0.02
  50     0.0012634429824   -1.0190592887173         0.02
 MICROCYCLE DIIS UPDATE:                   51
  51     0.0000238824079   -1.0202276859044         0.02
  52     0.0000282822166   -1.0202492744682         0.02
  53     0.0000237044153   -1.0201964907916         0.02
  54     0.0000212521705   -1.0202387674473         0.02
  55     0.0000159362388   -1.0202032590451         0.02
 MICROCYCLE DIIS UPDATE:                   56
  56     0.0000004996006   -1.0202171037934         0.02
  57     0.0000009773490   -1.0202165052085         0.02
  58     0.0000012484024   -1.0202185228227         0.02
  59     0.0000013978512   -1.0202161129606         0.02
  60     0.0000013891445   -1.0202186872678         0.02
 MICROCYCLE DIIS UPDATE:                   61
  61     0.0000000433445   -1.0202174203558         0.02
  62     0.0000000687028   -1.0202174163701         0.02
  63     0.0000002004476   -1.0202173969764         0.02
  64     0.0000006127569   -1.0202174267576         0.02
  65     0.0000018811592   -1.0202173895644         0.02
 MICROCYCLE DIIS UPDATE:                   66
  66     0.0000000054994   -1.0202174106098         0.02
------------------------------------------------------------------
 Iterations converged
 CCSD correlation energy / hartree =        -1.020217410609813
 CCSD total energy / hartree       =      -109.002202514359794

Time taken for Closed Shell Cholesky CCSD: 1.45 secs

Executing DUCC routine
======================
Number of active occupied alpha = 7
Number of active occupied beta  = 7
Number of active virtual alpha  = 6
Number of active virtual beta   = 6
ducc_lvl = 0

Full SCF Energy: -107.981985103750
Bare SCF Energy: -107.981985100414
Frozen Core Energy: -0.000000003336

DUCC: Time taken to compute Bare Hamiltonian: 0.00 secs
Bare Active Space SCF Energy: -107.981985100414
Fully Contracted Scalar: -0.000000000000

DUCC SCF energy: -107.981985100414
Total Energy Shift: -0.000000003336

DUCC: Total compute time: 0.00 secs

DUCC: Time to write results: 0.02 secs
DUCC Memory Stats
-----------------
allocation count: 576
deallocation count: 575
total memory allocated: 0.045080 GiB
total memory deallocated: 0.045079 GiB
maximum memory in single allocation: 0.008694 GiB
maximum memory consumption: 0.018460 GiB
