
ExaChem Git Information
{
 Branch: main
 Commit Hash: bd25dab [bd25dab8406e69b11ad8def9900a8eea7bb8d543]
 Commit Date: 2025-01-30 14:42:33 -0800
 Commit Message: Fixes ECP handling for multiple atoms

 WARNING: The following ExaChem sources have uncommitted changes at build-time.

 M exachem/cc/ducc/ducc-t_ccsd.cpp

diff --git a/exachem/cc/ducc/ducc-t_ccsd.cpp b/exachem/cc/ducc/ducc-t_ccsd.cpp
index 16950f2..85b1230 100644
--- a/exachem/cc/ducc/ducc-t_ccsd.cpp
+++ b/exachem/cc/ducc/ducc-t_ccsd.cpp
@@ -2036 +2036 @@ void DUCC_T_CCSD_Driver(ChemEnv& chem_env, ExecutionContext& ec, const TiledInde
-  if(rank == 0 && ducc_lvl > 0) {
+  if(rank == 0) {

}


TAMM Git Information
{
 Branch: main
 Commit Hash: 1c9868cf [1c9868cfbfc8bad3586dd21e36f2519cff1fe55a]
 Commit Date: 2024-12-19 12:23:01 -0800
 Commit Message: minor update to print_vector
}


date: Thu Feb  6 15:09:37 2025
program: "/hpc/home/baum612/code/exachem-dev/build/methods_stage/hpc/home/baum612/code/tamm_install/methods/ExaChem"
nnodes: 1, nproc_per_node: 8, nproc_total: 8, 
Memory information
{
[Intel(R) Xeon(R) Platinum 8276M CPU @ 2.20GHz] : 
  CPU memory per node (GiB): 6046
  Total CPU memory (GiB): 6046
}

------------------------------------------------------------

Input file provided: /hpc/home/baum612/TESTS/DUCC-Hamiltonian-Library/N2/cc-pVDZ/AllElectronCCSD-14Elec-19Orbs/1.9_Eq-3.9292au/DUCC2/N2.json

{
  "geometry": {
    "coordinates": [
      "N  0.000000  0.000000  0.000000",
      "N  0.000000  0.000000  3.9292"
    ],
    "units": "bohr"
  },
  "basis": {
    "basisset": "cc-pvdz"
  },
  "common": {
    "file_prefix": "N2",
    "maxiter": 100
  },
  "SCF": {
    "tol_int": 1e-16,
    "tol_lindep": 1e-09,
    "conve": 1e-10,
    "convd": 1e-09,
    "diis_hist": 10,
    "charge": 0,
    "multiplicity": 1,
    "restart": false,
    "scf_type": "restricted",
    "writem": 10
  },
  "CD": {
    "diagtol": 1e-14,
    "max_cvecs": 1000
  },
  "CC": {
    "threshold": 1e-08,
    "ndiis": 5,
    "writet": false,
    "ccsd_maxiter": 100,
    "lshift": 0.1,
    "nactive_oa": 7,
    "nactive_ob": 7,
    "nactive_va": 12,
    "nactive_vb": 12,
    "ducc_lvl": 1
  },
  "TASK": {
    "ducc": true
  }
}

Output folder & files prefix: N2.cc-pvdz

Printing Internal Coordinates

------------------------------------------------------------
                Bond Lengths

i      j        Length (Angstroms)     Length (Bohr)
0      1          2.0792430957         3.9292000000

Number of Angles: 0
Number of Torsional Angles: 0


----------------------------------------------------------------------
                          Center of Mass

         x               y               z              Unit
               0               0     1.039621548      Angstrom
               0               0          1.9646          Bohr

----------------------------------------------------------------------
                Moment of Inertia Tensor

           108.094                 0                 0
                 0           108.094                 0
                 0                 0                 0

----------------------------------------------------------------------
                      Principal Moments of Inertia

           x                 y                 z                Unit
                 0       30.26939915       30.26939915       amu * ang^2
                 0       108.0939868       108.0939868      amu * bohr^2
  0.0000000000e+00  5.0263554115e-39  5.0263554115e-39          g * cm^2

 - Molecule is diatomic.

----------------------------------------------------------------------

         Rotational constants (MHz)

    A = inf        B = 1.6696e+04        C = 1.6696e+04

----------------------------------------------------------------------

        Rotational constants (cm-1)

    A = inf        B = 5.5692e-01        C = 5.5692e-01

----------------------------------------------------------------------

                                Z-Matrix
N   
N        1          3.9292

----------------------------------------------------------------------

             Converted back to Cartesian

N        0.000000      0.000000      0.000000
N        0.000000      0.000000      3.929200

----------------------------------------------------------------------
                       Geometry in bohr 

1     N       0.0000000000    0.0000000000    0.0000000000
2     N       0.0000000000    0.0000000000    3.9292000000
Resetting xc_basis_tol to 1e-10

 Number of nodes, processes per node used for SCF calculation: 1, 8

Common Options
{
 maxiter    = 100
 basis      = cc-pvdz spherical
 geom_units = bohr
 natoms_max = 30
 debug      = false
 file_prefix    = N2
}

SCF Options
{
 charge            = 0
 multiplicity      = 1
 level shift       = 0
 tol_int           = 1e-16
 tol_sch           = 1e-12
 tol_lindep        = 1e-09
 conve             = 1e-10
 convd             = 1e-09
 diis_hist         = 10
 AO_tilesize       = 30
 writem            = 10
 damp              = 100
 n_lindep          = 0
 scf_type          = restricted
 direct_df         = false
 restart_size      = 2000
 restart           = false
 debug             = false
}

Number of basis functions = 28

Total number of shells = 12

Total number of electrons = 14
  # of alpha electrons    = 7
  # of beta electons      = 7

Nuclear repulsion energy  = 12.4707319556144

# of {all,non-negligible} shell-pairs = {78,78}
Number of AO tiles = 12

Time for initial setup: 0.00 secs
HF exch = 1.00

Time for computing 1-e integrals T, V, S: 0.00 secs
Time for computing orthogonalizer: 0.00 secs

Superposition of Atomic Density Guess ...
Time taken for SAD: 0.03 secs
Total Time to compute initial guess: 0.03 secs


 SCF iterations
-----------------------------------------------------------------------------
 Iter     Energy            E-Diff       RMSD        |[F,P]|^2       Time(s)
-----------------------------------------------------------------------------
   1  -107.7560978208    -1.08e+02     5.31e-02     5.03e-01         0.0 
   2  -108.2840380915    -5.28e-01     4.05e-03     3.43e-02         0.0 
   3  -108.2886203313    -4.58e-03     1.37e-03     3.75e-03         0.0 
   4  -108.2892303143    -6.10e-04     6.01e-04     4.15e-04         0.0 
   5  -108.2893002503    -6.99e-05     2.59e-05     1.04e-06         0.0 
   6  -108.2893003733    -1.23e-07     5.42e-06     2.78e-08         0.0 
   7  -108.2893003776    -4.30e-09     4.21e-07     1.22e-10         0.0 
   8  -108.2893003776    -2.57e-11     3.39e-08     4.93e-13         0.0 
   9  -108.2893003776    -1.71e-13     3.01e-09     6.27e-15         0.0 
<DIIS> Singularity in Pulay matrix detected.
<DIIS> Singularity in Pulay matrix detected.
  10  -108.2893003776     0.00e+00     1.04e-09     8.54e-16         0.0 
  11  -108.2893003776    -2.84e-14     7.73e-10     8.53e-15         0.0 

** Total SCF energy = -108.2893003776429

Nuclear repulsion energy = 12.470731955614376
#electrons        = 14
1e energy kinetic = 107.1359482256880966
1e energy N-e     = -278.7366807120369572
1e energy         = -171.6007324863489600
2e energy         = 50.8407001530917029
writing orbitals and density to disk ... done.

Total Time taken for Hartree-Fock: 0.24 secs

CD Options
{
 debug            = false
 skip_cd          = [false,100]
 write_cv         = [false,5000]
 diagtol          = 1e-14
 itilesize        = 1000
 max_cvecs_factor = 1000
}

- #occupied, #virtual = 14, 42

- Tilesize for the MSO space: 40

-----------------------------------------------------
Begin 2-index transformation ... 

nAO, nMO, nelectrons = 28, 56, 14
n_occ_alpha, n_vir_alpha, n_occ_beta, n_vir_beta = 7,21,7,21

Time taken for Fao->Fmo transform: 0.00 secs

-----------------------------------------------------
Number of AO tiles = 12
# of {all,non-negligible} shell-pairs = {78,78}

    Begin Cholesky Decomposition
---------------------------------------------
Total # of mpi ranks used for Cholesky decomposition: 8
  --> Number of nodes, mpi ranks per node: 1, 8
- CPU memory required for computing cholesky vectors: 0.00 GiB

- Time for computing the diagonal: 0.00 secs

- Total number of cholesky vectors = 784

- Time to compute cholesky vectors: 0.40 secs

- CPU memory required for resizing the ao cholesky tensor: 0.01 GiB
- CPU memory required for ao2mo transformation: 0.01 GiB
- CPU memory required for the 2-step contraction: 0.02 GiB

- Time for ao to mo transform: 0.02 secs

   End Cholesky Decomposition
---------------------------------------------

Total Time taken for Cholesky Decomposition: 0.45 secs

scf_type = restricted
Closed-Shell SCF
nbf = 28
nbf_orig = 28
n_lindep = 0
focc = 1
nmo = 56
nocc = 14
nvir = 42
n_occ_alpha = 7
n_vir_alpha = 21
n_occ_beta = 7
n_vir_beta = 21
nelectrons = 14
nelectrons_alpha = 7
nelectrons_beta = 7
n_frozen_core = 0
n_frozen_virtual = 0
----------------------------

Total CPU memory required for Closed Shell Cholesky CCSD calculation: 0.03 GiB


 CCSD iterations
------------------------------------------------------------
  Iter     Residuum          Correlation          Time(s)
------------------------------------------------------------
   1     0.4878735597142    0.0000000000000         0.03
   2     0.2609365081287   -0.7522043821939         0.03
   3     0.2790151942360   -0.2726652023825         0.03
   4     0.2418953146235   -0.7729824950507         0.03
   5     0.2616885028055   -0.3112160025196         0.03
 MICROCYCLE DIIS UPDATE:                    6
   6     0.0292559461655   -0.5415133250217         0.03
   7     0.0332618211762   -0.5284458126386         0.03
   8     0.0204244201508   -0.5573279707296         0.03
   9     0.0284250176252   -0.5436473967643         0.03
  10     0.0161505556793   -0.5707550257430         0.03
 MICROCYCLE DIIS UPDATE:                   11
  11     0.0126524142679   -0.6077659701330         0.03
  12     0.0100448820360   -0.6231358952703         0.03
  13     0.0110473903177   -0.6070649410005         0.03
  14     0.0078493904972   -0.6231367631445         0.03
  15     0.0092858309610   -0.6093341365941         0.03
 MICROCYCLE DIIS UPDATE:                   16
  16     0.0012894935676   -0.6179505682591         0.03
  17     0.0020759881786   -0.6168805971408         0.03
  18     0.0009459791271   -0.6191090992852         0.03
  19     0.0016413992398   -0.6179739052609         0.03
  20     0.0007439810365   -0.6198232107694         0.02
 MICROCYCLE DIIS UPDATE:                   21
  21     0.0002897986206   -0.6210989553625         0.03
  22     0.0002924115459   -0.6209527515600         0.03
  23     0.0001395885864   -0.6212324448604         0.03
  24     0.0002224912913   -0.6210845584437         0.03
  25     0.0001022686739   -0.6213224541565         0.03
 MICROCYCLE DIIS UPDATE:                   26
  26     0.0000499560724   -0.6214642720917         0.03
  27     0.0000628510856   -0.6214393773759         0.03
  28     0.0000291662463   -0.6215026892618         0.03
  29     0.0000469928182   -0.6214731557939         0.03
  30     0.0000212120583   -0.6215247139330         0.02
 MICROCYCLE DIIS UPDATE:                   31
  31     0.0000114647113   -0.6215525892612         0.03
  32     0.0000120977467   -0.6215481074632         0.03
  33     0.0000064847698   -0.6215578150240         0.03
  34     0.0000089752729   -0.6215542879509         0.03
  35     0.0000045810229   -0.6215623587546         0.03
 MICROCYCLE DIIS UPDATE:                   36
  36     0.0000012643725   -0.6215743588399         0.03
  37     0.0000012689764   -0.6215736645984         0.03
  38     0.0000005726293   -0.6215750603363         0.03
  39     0.0000009413241   -0.6215742744222         0.03
  40     0.0000004416296   -0.6215754157477         0.03
 MICROCYCLE DIIS UPDATE:                   41
  41     0.0000002031370   -0.6215756299978         0.03
  42     0.0000002547167   -0.6215755181443         0.03
  43     0.0000001314165   -0.6215757481548         0.03
  44     0.0000002014339   -0.6215756482552         0.03
  45     0.0000001116922   -0.6215758419134         0.03
 MICROCYCLE DIIS UPDATE:                   46
  46     0.0000000528762   -0.6215760051324         0.03
  47     0.0000000664868   -0.6215759780371         0.04
  48     0.0000000334964   -0.6215760461755         0.03
  49     0.0000000553765   -0.6215760137441         0.03
  50     0.0000000480345   -0.6215760688544         0.03
 MICROCYCLE DIIS UPDATE:                   51
  51     0.0000000149443   -0.6215760823399         0.03
  52     0.0000000192075   -0.6215760739691         0.03
  53     0.0000000100432   -0.6215760916828         0.03
  54     0.0000000158513   -0.6215760838532         0.03
  55     0.0000000109301   -0.6215760987968         0.03
 MICROCYCLE DIIS UPDATE:                   56
  56     0.0000000045210   -0.6215761093188         0.03
------------------------------------------------------------------
 Iterations converged
 CCSD correlation energy / hartree =        -0.621576109318841
 CCSD total energy / hartree       =      -108.910876486961726

Time taken for Closed Shell Cholesky CCSD: 1.73 secs

Executing DUCC routine
======================
Number of active occupied alpha = 7
Number of active occupied beta  = 7
Number of active virtual alpha  = 12
Number of active virtual beta   = 12
ducc_lvl = 1

Full SCF Energy: -108.289300377643
Bare SCF Energy: -108.289300373370
Frozen Core Energy: -0.000000004272

DUCC: Time taken to compute Bare Hamiltonian: 0.00 secs
Bare Active Space SCF Energy: -108.289300373370

DUCC: Time taken to compute single commutator of F and V and double commutator of F: 0.29 secs
Fully Contracted Scalar: -0.067260115036

DUCC SCF energy: -108.356560488406
Total Energy Shift: -0.000000004272

DUCC: Total compute time: 0.29 secs

DUCC: Time to write results: 0.05 secs
DUCC Memory Stats
-----------------
allocation count: 876
deallocation count: 875
total memory allocated: 0.305455 GiB
total memory deallocated: 0.305455 GiB
maximum memory in single allocation: 0.009159 GiB
maximum memory consumption: 0.066854 GiB
