
ExaChem Git Information
{
 Branch: main
 Commit Hash: bd25dab [bd25dab8406e69b11ad8def9900a8eea7bb8d543]
 Commit Date: 2025-01-30 14:42:33 -0800
 Commit Message: Fixes ECP handling for multiple atoms

 WARNING: The following ExaChem sources have uncommitted changes at build-time.

 M exachem/cc/ducc/ducc-t_ccsd.cpp

diff --git a/exachem/cc/ducc/ducc-t_ccsd.cpp b/exachem/cc/ducc/ducc-t_ccsd.cpp
index 16950f2..85b1230 100644
--- a/exachem/cc/ducc/ducc-t_ccsd.cpp
+++ b/exachem/cc/ducc/ducc-t_ccsd.cpp
@@ -2036 +2036 @@ void DUCC_T_CCSD_Driver(ChemEnv& chem_env, ExecutionContext& ec, const TiledInde
-  if(rank == 0 && ducc_lvl > 0) {
+  if(rank == 0) {

}


TAMM Git Information
{
 Branch: main
 Commit Hash: 1c9868cf [1c9868cfbfc8bad3586dd21e36f2519cff1fe55a]
 Commit Date: 2024-12-19 12:23:01 -0800
 Commit Message: minor update to print_vector
}


date: Thu Feb  6 14:56:15 2025
program: "/hpc/home/baum612/code/exachem-dev/build/methods_stage/hpc/home/baum612/code/tamm_install/methods/ExaChem"
nnodes: 1, nproc_per_node: 8, nproc_total: 8, 
Memory information
{
[Intel(R) Xeon(R) Platinum 8276M CPU @ 2.20GHz] : 
  CPU memory per node (GiB): 6046
  Total CPU memory (GiB): 6046
}

------------------------------------------------------------

Input file provided: /hpc/home/baum612/TESTS/DUCC-Hamiltonian-Library/N2/cc-pVDZ/AllElectronCCSD-14Elec-13Orbs/1.0_Eq-2.0680au/DUCC3/N2.json

{
  "geometry": {
    "coordinates": [
      "N  0.000000  0.000000  0.000000",
      "N  0.000000  0.000000  2.0680"
    ],
    "units": "bohr"
  },
  "basis": {
    "basisset": "cc-pvdz"
  },
  "common": {
    "file_prefix": "N2",
    "maxiter": 100
  },
  "SCF": {
    "tol_int": 1e-16,
    "tol_lindep": 1e-09,
    "conve": 1e-10,
    "convd": 1e-09,
    "diis_hist": 10,
    "charge": 0,
    "multiplicity": 1,
    "restart": false,
    "scf_type": "restricted",
    "writem": 10
  },
  "CD": {
    "diagtol": 1e-14,
    "max_cvecs": 1000
  },
  "CC": {
    "threshold": 1e-08,
    "ndiis": 5,
    "writet": false,
    "ccsd_maxiter": 100,
    "lshift": 0.1,
    "nactive_oa": 7,
    "nactive_ob": 7,
    "nactive_va": 6,
    "nactive_vb": 6,
    "ducc_lvl": 2
  },
  "TASK": {
    "ducc": true
  }
}

Output folder & files prefix: N2.cc-pvdz

Printing Internal Coordinates

------------------------------------------------------------
                Bond Lengths

i      j        Length (Angstroms)     Length (Bohr)
0      1          1.0943384714         2.0680000000

Number of Angles: 0
Number of Torsional Angles: 0


----------------------------------------------------------------------
                          Center of Mass

         x               y               z              Unit
               0               0    0.5471692357      Angstrom
               0               0           1.034          Bohr

----------------------------------------------------------------------
                Moment of Inertia Tensor

           29.9429                 0                 0
                 0           29.9429                 0
                 0                 0                 0

----------------------------------------------------------------------
                      Principal Moments of Inertia

           x                 y                 z                Unit
                 0        8.38487511        8.38487511       amu * ang^2
                 0       29.94293262       29.94293262      amu * bohr^2
  0.0000000000e+00  1.3923422192e-39  1.3923422192e-39          g * cm^2

 - Molecule is diatomic.

----------------------------------------------------------------------

         Rotational constants (MHz)

    A = inf        B = 6.0273e+04        C = 6.0273e+04

----------------------------------------------------------------------

        Rotational constants (cm-1)

    A = inf        B = 2.0105e+00        C = 2.0105e+00

----------------------------------------------------------------------

                                Z-Matrix
N   
N        1           2.068

----------------------------------------------------------------------

             Converted back to Cartesian

N        0.000000      0.000000      0.000000
N        0.000000      0.000000      2.068000

----------------------------------------------------------------------
                       Geometry in bohr 

1     N       0.0000000000    0.0000000000    0.0000000000
2     N       0.0000000000    0.0000000000    2.0680000000
Resetting xc_basis_tol to 1e-10

 Number of nodes, processes per node used for SCF calculation: 1, 8

Common Options
{
 maxiter    = 100
 basis      = cc-pvdz spherical
 geom_units = bohr
 natoms_max = 30
 debug      = false
 file_prefix    = N2
}

SCF Options
{
 charge            = 0
 multiplicity      = 1
 level shift       = 0
 tol_int           = 1e-16
 tol_sch           = 1e-12
 tol_lindep        = 1e-09
 conve             = 1e-10
 convd             = 1e-09
 diis_hist         = 10
 AO_tilesize       = 30
 writem            = 10
 damp              = 100
 n_lindep          = 0
 scf_type          = restricted
 direct_df         = false
 restart_size      = 2000
 restart           = false
 debug             = false
}

Number of basis functions = 28

Total number of shells = 12

Total number of electrons = 14
  # of alpha electrons    = 7
  # of beta electons      = 7

Nuclear repulsion energy  = 23.6943907156673

# of {all,non-negligible} shell-pairs = {78,78}
Number of AO tiles = 12

Time for initial setup: 0.00 secs
HF exch = 1.00

Time for computing 1-e integrals T, V, S: 0.00 secs
Time for computing orthogonalizer: 0.00 secs

Superposition of Atomic Density Guess ...
Time taken for SAD: 0.04 secs
Total Time to compute initial guess: 0.04 secs


 SCF iterations
-----------------------------------------------------------------------------
 Iter     Energy            E-Diff       RMSD        |[F,P]|^2       Time(s)
-----------------------------------------------------------------------------
   1  -109.2101226542    -1.09e+02     6.16e-02     7.10e+01         0.0 
   2  -108.9449877445     2.65e-01     5.44e-03     1.16e-01         0.0 
   3  -108.9539766342    -8.99e-03     2.01e-03     4.70e-03         0.0 
   4  -108.9545348019    -5.58e-04     4.78e-04     1.69e-04         0.0 
   5  -108.9545530331    -1.82e-05     2.74e-05     1.91e-06         0.0 
   6  -108.9545531866    -1.54e-07     6.40e-06     2.78e-08         0.0 
   7  -108.9545531926    -5.97e-09     1.84e-06     5.23e-10         0.0 
   8  -108.9545531927    -1.15e-10     1.15e-07     5.58e-12         0.0 
   9  -108.9545531927    -7.11e-13     9.66e-09     2.37e-14         0.0 
<DIIS> Singularity in Pulay matrix detected.
  10  -108.9545531927    -1.42e-13     5.60e-10     2.14e-16         0.0 

** Total SCF energy = -108.9545531927371

Nuclear repulsion energy = 23.694390715667311
#electrons        = 14
1e energy kinetic = 108.7379680637043720
1e energy N-e     = -303.1165574405200687
1e energy         = -194.3785893768157678
2e energy         = 61.7296454684113129
writing orbitals and density to disk ... done.

Total Time taken for Hartree-Fock: 0.23 secs

CD Options
{
 debug            = false
 skip_cd          = [false,100]
 write_cv         = [false,5000]
 diagtol          = 1e-14
 itilesize        = 1000
 max_cvecs_factor = 1000
}

- #occupied, #virtual = 14, 42

- Tilesize for the MSO space: 40

-----------------------------------------------------
Begin 2-index transformation ... 

nAO, nMO, nelectrons = 28, 56, 14
n_occ_alpha, n_vir_alpha, n_occ_beta, n_vir_beta = 7,21,7,21

Time taken for Fao->Fmo transform: 0.00 secs

-----------------------------------------------------
Number of AO tiles = 12
# of {all,non-negligible} shell-pairs = {78,78}

    Begin Cholesky Decomposition
---------------------------------------------
Total # of mpi ranks used for Cholesky decomposition: 8
  --> Number of nodes, mpi ranks per node: 1, 8
- CPU memory required for computing cholesky vectors: 0.00 GiB

- Time for computing the diagonal: 0.00 secs

- Total number of cholesky vectors = 369

- Time to compute cholesky vectors: 0.20 secs

- CPU memory required for resizing the ao cholesky tensor: 0.01 GiB
- CPU memory required for ao2mo transformation: 0.01 GiB
- CPU memory required for the 2-step contraction: 0.01 GiB

- Time for ao to mo transform: 0.02 secs

   End Cholesky Decomposition
---------------------------------------------

Total Time taken for Cholesky Decomposition: 0.25 secs

scf_type = restricted
Closed-Shell SCF
nbf = 28
nbf_orig = 28
n_lindep = 0
focc = 1
nmo = 56
nocc = 14
nvir = 42
n_occ_alpha = 7
n_vir_alpha = 21
n_occ_beta = 7
n_vir_beta = 21
nelectrons = 14
nelectrons_alpha = 7
nelectrons_beta = 7
n_frozen_core = 0
n_frozen_virtual = 0
----------------------------

Total CPU memory required for Closed Shell Cholesky CCSD calculation: 0.02 GiB


 CCSD iterations
------------------------------------------------------------
  Iter     Residuum          Correlation          Time(s)
------------------------------------------------------------
   1     0.4610799530378    0.0000000000000         0.02
   2     0.0726531256219   -0.2898941238961         0.02
   3     0.0259787157234   -0.2998737030077         0.02
   4     0.0102833277791   -0.3087280104735         0.02
   5     0.0053605967697   -0.3105443202448         0.02
 MICROCYCLE DIIS UPDATE:                    6
   6     0.0014683384300   -0.3123092750801         0.02
   7     0.0006420949742   -0.3122764893030         0.02
   8     0.0003586884295   -0.3122938317339         0.02
   9     0.0002105977204   -0.3123052521030         0.02
  10     0.0001253827322   -0.3123155927503         0.02
 MICROCYCLE DIIS UPDATE:                   11
  11     0.0000057977573   -0.3123358552635         0.02
  12     0.0000019427601   -0.3123366183756         0.02
  13     0.0000008557071   -0.3123367992078         0.02
  14     0.0000003941819   -0.3123368750783         0.02
  15     0.0000001865743   -0.3123369100923         0.02
 MICROCYCLE DIIS UPDATE:                   16
  16     0.0000000230443   -0.3123369416004         0.02
  17     0.0000000109219   -0.3123369439367         0.02
  18     0.0000000063182   -0.3123369447813         0.02
------------------------------------------------------------------
 Iterations converged
 CCSD correlation energy / hartree =        -0.312336944781281
 CCSD total energy / hartree       =      -109.266890137518416

Time taken for Closed Shell Cholesky CCSD: 0.43 secs

Executing DUCC routine
======================
Number of active occupied alpha = 7
Number of active occupied beta  = 7
Number of active virtual alpha  = 6
Number of active virtual beta   = 6
ducc_lvl = 2

Full SCF Energy: -108.954553192737
Bare SCF Energy: -108.954553193553
Frozen Core Energy: 0.000000000816

DUCC: Time taken to compute Bare Hamiltonian: 0.00 secs
Bare Active Space SCF Energy: -108.954553193553

DUCC: Time taken to compute single commutator of F and V and double commutator of F: 0.20 secs

DUCC: Time taken to compute double commutator of V and triple commutator of F: 4.42 secs
Fully Contracted Scalar: -0.230103276352

DUCC SCF energy: -109.237769186160
Total Energy Shift: 0.053112717071

DUCC: Total compute time: 4.62 secs

DUCC: Time to write results: 0.02 secs
DUCC Memory Stats
-----------------
allocation count: 3595
deallocation count: 3594
total memory allocated: 0.883363 GiB
total memory deallocated: 0.883362 GiB
maximum memory in single allocation: 0.008694 GiB
maximum memory consumption: 0.135295 GiB
