
ExaChem Git Information
{
 Branch: main
 Commit Hash: bd25dab [bd25dab8406e69b11ad8def9900a8eea7bb8d543]
 Commit Date: 2025-01-30 14:42:33 -0800
 Commit Message: Fixes ECP handling for multiple atoms

 WARNING: The following ExaChem sources have uncommitted changes at build-time.

 M exachem/cc/ducc/ducc-t_ccsd.cpp

diff --git a/exachem/cc/ducc/ducc-t_ccsd.cpp b/exachem/cc/ducc/ducc-t_ccsd.cpp
index 16950f2..85b1230 100644
--- a/exachem/cc/ducc/ducc-t_ccsd.cpp
+++ b/exachem/cc/ducc/ducc-t_ccsd.cpp
@@ -2036 +2036 @@ void DUCC_T_CCSD_Driver(ChemEnv& chem_env, ExecutionContext& ec, const TiledInde
-  if(rank == 0 && ducc_lvl > 0) {
+  if(rank == 0) {

}


TAMM Git Information
{
 Branch: main
 Commit Hash: 1c9868cf [1c9868cfbfc8bad3586dd21e36f2519cff1fe55a]
 Commit Date: 2024-12-19 12:23:01 -0800
 Commit Message: minor update to print_vector
}


date: Thu Feb  6 15:22:34 2025
program: "/hpc/home/baum612/code/exachem-dev/build/methods_stage/hpc/home/baum612/code/tamm_install/methods/ExaChem"
nnodes: 1, nproc_per_node: 8, nproc_total: 8, 
Memory information
{
[Intel(R) Xeon(R) Platinum 8276M CPU @ 2.20GHz] : 
  CPU memory per node (GiB): 6046
  Total CPU memory (GiB): 6046
}

------------------------------------------------------------

Input file provided: /hpc/home/baum612/TESTS/DUCC-Hamiltonian-Library/N2/cc-pVDZ/AllElectronCCSD-14Elec-23Orbs/2.7_Eq-5.5836au/DUCC2/N2.json

{
  "geometry": {
    "coordinates": [
      "N  0.000000  0.000000  0.000000",
      "N  0.000000  0.000000  5.5836"
    ],
    "units": "bohr"
  },
  "basis": {
    "basisset": "cc-pvdz"
  },
  "common": {
    "file_prefix": "N2",
    "maxiter": 100
  },
  "SCF": {
    "tol_int": 1e-16,
    "tol_lindep": 1e-09,
    "conve": 1e-10,
    "convd": 1e-09,
    "diis_hist": 10,
    "charge": 0,
    "multiplicity": 1,
    "restart": false,
    "scf_type": "restricted",
    "writem": 10
  },
  "CD": {
    "diagtol": 1e-14,
    "max_cvecs": 1000
  },
  "CC": {
    "threshold": 1e-08,
    "ndiis": 5,
    "writet": false,
    "ccsd_maxiter": 100,
    "lshift": 0.1,
    "nactive_oa": 7,
    "nactive_ob": 7,
    "nactive_va": 16,
    "nactive_vb": 16,
    "ducc_lvl": 1
  },
  "TASK": {
    "ducc": true
  }
}

Output folder & files prefix: N2.cc-pvdz

Printing Internal Coordinates

------------------------------------------------------------
                Bond Lengths

i      j        Length (Angstroms)     Length (Bohr)
0      1          2.9547138728         5.5836000000

Number of Angles: 0
Number of Torsional Angles: 0


----------------------------------------------------------------------
                          Center of Mass

         x               y               z              Unit
               0               0     1.477356936      Angstrom
               0               0          2.7918          Bohr

----------------------------------------------------------------------
                Moment of Inertia Tensor

           218.284                 0                 0
                 0           218.284                 0
                 0                 0                 0

----------------------------------------------------------------------
                      Principal Moments of Inertia

           x                 y                 z                Unit
                 0       61.12573955       61.12573955       amu * ang^2
                 0       218.2839788       218.2839788      amu * bohr^2
  0.0000000000e+00  1.0150174778e-38  1.0150174778e-38          g * cm^2

 - Molecule is diatomic.

----------------------------------------------------------------------

         Rotational constants (MHz)

    A = inf        B = 8.2679e+03        C = 8.2679e+03

----------------------------------------------------------------------

        Rotational constants (cm-1)

    A = inf        B = 2.7579e-01        C = 2.7579e-01

----------------------------------------------------------------------

                                Z-Matrix
N   
N        1          5.5836

----------------------------------------------------------------------

             Converted back to Cartesian

N        0.000000      0.000000      0.000000
N        0.000000      0.000000      5.583600

----------------------------------------------------------------------
                       Geometry in bohr 

1     N       0.0000000000    0.0000000000    0.0000000000
2     N       0.0000000000    0.0000000000    5.5836000000
Resetting xc_basis_tol to 1e-10

 Number of nodes, processes per node used for SCF calculation: 1, 8

Common Options
{
 maxiter    = 100
 basis      = cc-pvdz spherical
 geom_units = bohr
 natoms_max = 30
 debug      = false
 file_prefix    = N2
}

SCF Options
{
 charge            = 0
 multiplicity      = 1
 level shift       = 0
 tol_int           = 1e-16
 tol_sch           = 1e-12
 tol_lindep        = 1e-09
 conve             = 1e-10
 convd             = 1e-09
 diis_hist         = 10
 AO_tilesize       = 30
 writem            = 10
 damp              = 100
 n_lindep          = 0
 scf_type          = restricted
 direct_df         = false
 restart_size      = 2000
 restart           = false
 debug             = false
}

Number of basis functions = 28

Total number of shells = 12

Total number of electrons = 14
  # of alpha electrons    = 7
  # of beta electons      = 7

Nuclear repulsion energy  = 8.77570026506197

# of {all,non-negligible} shell-pairs = {78,78}
Number of AO tiles = 12

Time for initial setup: 0.00 secs
HF exch = 1.00

Time for computing 1-e integrals T, V, S: 0.00 secs
Time for computing orthogonalizer: 0.00 secs

Superposition of Atomic Density Guess ...
Time taken for SAD: 0.04 secs
Total Time to compute initial guess: 0.04 secs


 SCF iterations
-----------------------------------------------------------------------------
 Iter     Energy            E-Diff       RMSD        |[F,P]|^2       Time(s)
-----------------------------------------------------------------------------
   1  -107.6606667995    -1.08e+02     5.60e-02     4.48e-03         0.0 
   2  -108.0006856855    -3.40e-01     9.23e-04     1.19e-02         0.0 
   3  -108.0016570355    -9.71e-04     2.21e-03     7.15e-03         0.0 
   4  -108.0029655247    -1.31e-03     8.38e-04     5.52e-04         0.0 
   5  -108.0030778983    -1.12e-04     2.02e-05     4.85e-07         0.0 
   6  -108.0030779877    -8.94e-08     5.70e-06     2.30e-08         0.0 
   7  -108.0030779914    -3.69e-09     1.33e-06     1.09e-09         0.0 
   8  -108.0030779916    -2.25e-10     1.86e-07     1.58e-11         0.0 
   9  -108.0030779916     1.81e-11     1.48e-07     4.11e-10         0.0 
  10  -108.0030779916    -2.06e-11     4.39e-09     2.10e-14         0.0 
<DIIS> Singularity in Pulay matrix detected.
<DIIS> Singularity in Pulay matrix detected.
  11  -108.0030779916     5.68e-14     5.22e-10     1.84e-16         0.0 

** Total SCF energy = -108.0030779916146

Nuclear repulsion energy = 8.775700265061968
#electrons        = 14
1e energy kinetic = 107.3655794216674906
1e energy N-e     = -271.5185075447932945
1e energy         = -164.1529281231259461
2e energy         = 47.3741498664493150
writing orbitals and density to disk ... done.

Total Time taken for Hartree-Fock: 0.26 secs

CD Options
{
 debug            = false
 skip_cd          = [false,100]
 write_cv         = [false,5000]
 diagtol          = 1e-14
 itilesize        = 1000
 max_cvecs_factor = 1000
}

- #occupied, #virtual = 14, 42

- Tilesize for the MSO space: 40

-----------------------------------------------------
Begin 2-index transformation ... 

nAO, nMO, nelectrons = 28, 56, 14
n_occ_alpha, n_vir_alpha, n_occ_beta, n_vir_beta = 7,21,7,21

Time taken for Fao->Fmo transform: 0.00 secs

-----------------------------------------------------
Number of AO tiles = 12
# of {all,non-negligible} shell-pairs = {78,78}

    Begin Cholesky Decomposition
---------------------------------------------
Total # of mpi ranks used for Cholesky decomposition: 8
  --> Number of nodes, mpi ranks per node: 1, 8
- CPU memory required for computing cholesky vectors: 0.00 GiB

- Time for computing the diagonal: 0.00 secs

- Total number of cholesky vectors = 318

- Time to compute cholesky vectors: 0.15 secs

- CPU memory required for resizing the ao cholesky tensor: 0.01 GiB
- CPU memory required for ao2mo transformation: 0.01 GiB
- CPU memory required for the 2-step contraction: 0.01 GiB

- Time for ao to mo transform: 0.01 secs

   End Cholesky Decomposition
---------------------------------------------

Total Time taken for Cholesky Decomposition: 0.19 secs

scf_type = restricted
Closed-Shell SCF
nbf = 28
nbf_orig = 28
n_lindep = 0
focc = 1
nmo = 56
nocc = 14
nvir = 42
n_occ_alpha = 7
n_vir_alpha = 21
n_occ_beta = 7
n_vir_beta = 21
nelectrons = 14
nelectrons_alpha = 7
nelectrons_beta = 7
n_frozen_core = 0
n_frozen_virtual = 0
----------------------------

Total CPU memory required for Closed Shell Cholesky CCSD calculation: 0.01 GiB


 CCSD iterations
------------------------------------------------------------
  Iter     Residuum          Correlation          Time(s)
------------------------------------------------------------
   1     0.5228586105294    0.0000000000000         0.02
   2     0.5811649651962   -1.3321635496813         0.02
   3     1.3080800623460    0.5892126808991         0.02
   4     2.0447996661998   -3.5175792312920         0.02
   5     3.0550688313522    2.1891810961460         0.02
 MICROCYCLE DIIS UPDATE:                    6
   6     0.1389338615521   -0.7610945452880         0.02
   7     0.3305050862435   -0.3119704577537         0.02
   8     0.5554658665217   -1.2969963802810         0.02
   9     1.1465655758149    0.4296714628091         0.02
  10     1.8842418027816   -3.1145740015037         0.02
 MICROCYCLE DIIS UPDATE:                   11
  11     0.0524772361506   -0.6929663562291         0.02
  12     0.1520549398629   -0.5403356221166         0.02
  13     0.2003820503009   -0.9258458752882         0.02
  14     0.4692645989940   -0.2942279903170         0.02
  15     0.8246969416071   -1.5951250162407         0.02
 MICROCYCLE DIIS UPDATE:                   16
  16     0.0439882973750   -0.7153954805627         0.02
  17     0.1411521683246   -0.6037049832139         0.02
  18     0.1572170849655   -0.9282029707963         0.02
  19     0.3787589085246   -0.4500462364028         0.02
  20     0.6151390085434   -1.4231903239400         0.02
 MICROCYCLE DIIS UPDATE:                   21
  21     0.0405007623527   -0.7543434013694         0.02
  22     0.1367055199870   -0.6707786556453         0.02
  23     0.1301815225851   -0.9606061420606         0.02
  24     0.3035794065795   -0.5902065233867         0.02
  25     0.4405663253796   -1.3124037273654         0.02
 MICROCYCLE DIIS UPDATE:                   26
  26     0.0357019693463   -0.8230370312613         0.02
  27     0.1334197634437   -0.7518830069519         0.02
  28     0.1230317612153   -1.0256339284031         0.02
  29     0.2294783264752   -0.7200741902306         0.02
  30     0.2937904086311   -1.2265689479692         0.02
 MICROCYCLE DIIS UPDATE:                   31
  31     0.0206200704887   -0.9226091887215         0.02
  32     0.0781832100486   -0.8867968190818         0.02
  33     0.0723863206698   -1.0429605349788         0.02
  34     0.0950043579376   -0.8918122221426         0.02
  35     0.0960196439362   -1.0778527553743         0.02
 MICROCYCLE DIIS UPDATE:                   36
  36     0.0041525281406   -0.9897743724474         0.02
  37     0.0055216009319   -0.9887072743627         0.02
  38     0.0035862873554   -0.9979931661267         0.02
  39     0.0041920220899   -0.9913228445825         0.02
  40     0.0034114665670   -0.9987154802415         0.02
 MICROCYCLE DIIS UPDATE:                   41
  41     0.0001508766275   -0.9959791151647         0.02
  42     0.0003233547568   -0.9961156676938         0.02
  43     0.0003938671944   -0.9954907132816         0.02
  44     0.0004666144650   -0.9962181287124         0.02
  45     0.0004841217510   -0.9953601578813         0.02
 MICROCYCLE DIIS UPDATE:                   46
  46     0.0000120116854   -0.9957942885574         0.02
  47     0.0000050045704   -0.9957963872077         0.02
  48     0.0000039884847   -0.9957980922742         0.02
  49     0.0000037164756   -0.9957922889042         0.02
  50     0.0000039349679   -0.9957987819862         0.02
 MICROCYCLE DIIS UPDATE:                   51
  51     0.0000006112678   -0.9957948727285         0.02
  52     0.0000003629315   -0.9957950424334         0.02
  53     0.0000003333615   -0.9957947989248         0.02
  54     0.0000003699915   -0.9957952826396         0.02
  55     0.0000004336327   -0.9957946665294         0.02
 MICROCYCLE DIIS UPDATE:                   56
  56     0.0000000745106   -0.9957950335148         0.02
  57     0.0000001278250   -0.9957950247331         0.02
  58     0.0000003656771   -0.9957949915376         0.02
  59     0.0000010775994   -0.9957950396620         0.02
  60     0.0000031849243   -0.9957949712342         0.02
 MICROCYCLE DIIS UPDATE:                   61
  61     0.0000000076554   -0.9957950086919         0.02
------------------------------------------------------------------
 Iterations converged
 CCSD correlation energy / hartree =        -0.995795008691887
 CCSD total energy / hartree       =      -108.998873000306475

Time taken for Closed Shell Cholesky CCSD: 1.42 secs

Executing DUCC routine
======================
Number of active occupied alpha = 7
Number of active occupied beta  = 7
Number of active virtual alpha  = 16
Number of active virtual beta   = 16
ducc_lvl = 1

Full SCF Energy: -108.003077991615
Bare SCF Energy: -108.003077986579
Frozen Core Energy: -0.000000005036

DUCC: Time taken to compute Bare Hamiltonian: 0.00 secs
Bare Active Space SCF Energy: -108.003077986579

DUCC: Time taken to compute single commutator of F and V and double commutator of F: 0.33 secs
Fully Contracted Scalar: -0.030372700619

DUCC SCF energy: -108.033450687198
Total Energy Shift: -0.000000005036

DUCC: Total compute time: 0.34 secs

DUCC: Time to write results: 0.11 secs
DUCC Memory Stats
-----------------
allocation count: 906
deallocation count: 905
total memory allocated: 0.556118 GiB
total memory deallocated: 0.556117 GiB
maximum memory in single allocation: 0.008694 GiB
maximum memory consumption: 0.166776 GiB
