
ExaChem Git Information
{
 Branch: main
 Commit Hash: bd25dab [bd25dab8406e69b11ad8def9900a8eea7bb8d543]
 Commit Date: 2025-01-30 14:42:33 -0800
 Commit Message: Fixes ECP handling for multiple atoms

 WARNING: The following ExaChem sources have uncommitted changes at build-time.

 M exachem/cc/ducc/ducc-t_ccsd.cpp

diff --git a/exachem/cc/ducc/ducc-t_ccsd.cpp b/exachem/cc/ducc/ducc-t_ccsd.cpp
index 16950f2..85b1230 100644
--- a/exachem/cc/ducc/ducc-t_ccsd.cpp
+++ b/exachem/cc/ducc/ducc-t_ccsd.cpp
@@ -2036 +2036 @@ void DUCC_T_CCSD_Driver(ChemEnv& chem_env, ExecutionContext& ec, const TiledInde
-  if(rank == 0 && ducc_lvl > 0) {
+  if(rank == 0) {

}


TAMM Git Information
{
 Branch: main
 Commit Hash: 1c9868cf [1c9868cfbfc8bad3586dd21e36f2519cff1fe55a]
 Commit Date: 2024-12-19 12:23:01 -0800
 Commit Message: minor update to print_vector
}


date: Thu Feb  6 15:06:13 2025
program: "/hpc/home/baum612/code/exachem-dev/build/methods_stage/hpc/home/baum612/code/tamm_install/methods/ExaChem"
nnodes: 1, nproc_per_node: 8, nproc_total: 8, 
Memory information
{
[Intel(R) Xeon(R) Platinum 8276M CPU @ 2.20GHz] : 
  CPU memory per node (GiB): 6046
  Total CPU memory (GiB): 6046
}

------------------------------------------------------------

Input file provided: /hpc/home/baum612/TESTS/DUCC-Hamiltonian-Library/N2/cc-pVDZ/AllElectronCCSD-14Elec-19Orbs/0.8_Eq-1.6544au/DUCC2/N2.json

{
  "geometry": {
    "coordinates": [
      "N  0.000000  0.000000  0.000000",
      "N  0.000000  0.000000  1.6544"
    ],
    "units": "bohr"
  },
  "basis": {
    "basisset": "cc-pvdz"
  },
  "common": {
    "file_prefix": "N2",
    "maxiter": 100
  },
  "SCF": {
    "tol_int": 1e-16,
    "tol_lindep": 1e-09,
    "conve": 1e-10,
    "convd": 1e-09,
    "diis_hist": 10,
    "charge": 0,
    "multiplicity": 1,
    "restart": false,
    "scf_type": "restricted",
    "writem": 10
  },
  "CD": {
    "diagtol": 1e-14,
    "max_cvecs": 1000
  },
  "CC": {
    "threshold": 1e-08,
    "ndiis": 5,
    "writet": false,
    "ccsd_maxiter": 100,
    "lshift": 0.1,
    "nactive_oa": 7,
    "nactive_ob": 7,
    "nactive_va": 12,
    "nactive_vb": 12,
    "ducc_lvl": 1
  },
  "TASK": {
    "ducc": true
  }
}

Output folder & files prefix: N2.cc-pvdz

Printing Internal Coordinates

------------------------------------------------------------
                Bond Lengths

i      j        Length (Angstroms)     Length (Bohr)
0      1          0.8754707771         1.6544000000

Number of Angles: 0
Number of Torsional Angles: 0


----------------------------------------------------------------------
                          Center of Mass

         x               y               z              Unit
               0               0    0.4377353886      Angstrom
               0               0          0.8272          Bohr

----------------------------------------------------------------------
                Moment of Inertia Tensor

           19.1635                 0                 0
                 0           19.1635                 0
                 0                 0                 0

----------------------------------------------------------------------
                      Principal Moments of Inertia

           x                 y                 z                Unit
                 0       5.366320071       5.366320071       amu * ang^2
                 0       19.16347688       19.16347688      amu * bohr^2
  0.0000000000e+00  8.9109902032e-40  8.9109902032e-40          g * cm^2

 - Molecule is diatomic.

----------------------------------------------------------------------

         Rotational constants (MHz)

    A = inf        B = 9.4176e+04        C = 9.4176e+04

----------------------------------------------------------------------

        Rotational constants (cm-1)

    A = inf        B = 3.1414e+00        C = 3.1414e+00

----------------------------------------------------------------------

                                Z-Matrix
N   
N        1          1.6544

----------------------------------------------------------------------

             Converted back to Cartesian

N        0.000000      0.000000      0.000000
N        0.000000      0.000000      1.654400

----------------------------------------------------------------------
                       Geometry in bohr 

1     N       0.0000000000    0.0000000000    0.0000000000
2     N       0.0000000000    0.0000000000    1.6544000000
Resetting xc_basis_tol to 1e-10

 Number of nodes, processes per node used for SCF calculation: 1, 8

Common Options
{
 maxiter    = 100
 basis      = cc-pvdz spherical
 geom_units = bohr
 natoms_max = 30
 debug      = false
 file_prefix    = N2
}

SCF Options
{
 charge            = 0
 multiplicity      = 1
 level shift       = 0
 tol_int           = 1e-16
 tol_sch           = 1e-12
 tol_lindep        = 1e-09
 conve             = 1e-10
 convd             = 1e-09
 diis_hist         = 10
 AO_tilesize       = 30
 writem            = 10
 damp              = 100
 n_lindep          = 0
 scf_type          = restricted
 direct_df         = false
 restart_size      = 2000
 restart           = false
 debug             = false
}

Number of basis functions = 28

Total number of shells = 12

Total number of electrons = 14
  # of alpha electrons    = 7
  # of beta electons      = 7

Nuclear repulsion energy  = 29.6179883945841

# of {all,non-negligible} shell-pairs = {78,78}
Number of AO tiles = 12

Time for initial setup: 0.00 secs
HF exch = 1.00

Time for computing 1-e integrals T, V, S: 0.00 secs
Time for computing orthogonalizer: 0.00 secs

Superposition of Atomic Density Guess ...
Time taken for SAD: 0.03 secs
Total Time to compute initial guess: 0.03 secs


 SCF iterations
-----------------------------------------------------------------------------
 Iter     Energy            E-Diff       RMSD        |[F,P]|^2       Time(s)
-----------------------------------------------------------------------------
   1  -109.9441788368    -1.10e+02     6.80e-02     2.08e+02         0.0 
   2  -108.7041422942     1.24e+00     8.77e-03     1.22e-01         0.0 
   3  -108.7167298711    -1.26e-02     2.74e-03     8.73e-03         0.0 
   4  -108.7172787856    -5.49e-04     8.69e-04     2.96e-04         0.0 
   5  -108.7173061472    -2.74e-05     1.77e-04     1.39e-06         0.0 
   6  -108.7173063490    -2.02e-07     2.70e-05     4.34e-08         0.0 
   7  -108.7173063560    -7.04e-09     9.65e-07     7.86e-10         0.0 
   8  -108.7173063561    -1.12e-10     7.01e-08     2.69e-12         0.0 
   9  -108.7173063561    -3.69e-13     1.57e-08     1.56e-14         0.0 
<DIIS> Singularity in Pulay matrix detected.
<DIIS> Singularity in Pulay matrix detected.
  10  -108.7173063561     2.84e-14     4.36e-10     4.89e-17         0.0 

** Total SCF energy = -108.7173063561453

Nuclear repulsion energy = 29.617988394584138
#electrons        = 14
1e energy kinetic = 111.0717345710973234
1e energy N-e     = -316.4346972600964136
1e energy         = -205.3629626889990618
2e energy         = 67.0276679382696585
writing orbitals and density to disk ... done.

Total Time taken for Hartree-Fock: 0.22 secs

CD Options
{
 debug            = false
 skip_cd          = [false,100]
 write_cv         = [false,5000]
 diagtol          = 1e-14
 itilesize        = 1000
 max_cvecs_factor = 1000
}

- #occupied, #virtual = 14, 42

- Tilesize for the MSO space: 40

-----------------------------------------------------
Begin 2-index transformation ... 

nAO, nMO, nelectrons = 28, 56, 14
n_occ_alpha, n_vir_alpha, n_occ_beta, n_vir_beta = 7,21,7,21

Time taken for Fao->Fmo transform: 0.00 secs

-----------------------------------------------------
Number of AO tiles = 12
# of {all,non-negligible} shell-pairs = {78,78}

    Begin Cholesky Decomposition
---------------------------------------------
Total # of mpi ranks used for Cholesky decomposition: 8
  --> Number of nodes, mpi ranks per node: 1, 8
- CPU memory required for computing cholesky vectors: 0.00 GiB

- Time for computing the diagonal: 0.00 secs

- Total number of cholesky vectors = 370

- Time to compute cholesky vectors: 0.18 secs

- CPU memory required for resizing the ao cholesky tensor: 0.01 GiB
- CPU memory required for ao2mo transformation: 0.01 GiB
- CPU memory required for the 2-step contraction: 0.01 GiB

- Time for ao to mo transform: 0.01 secs

   End Cholesky Decomposition
---------------------------------------------

Total Time taken for Cholesky Decomposition: 0.22 secs

scf_type = restricted
Closed-Shell SCF
nbf = 28
nbf_orig = 28
n_lindep = 0
focc = 1
nmo = 56
nocc = 14
nvir = 42
n_occ_alpha = 7
n_vir_alpha = 21
n_occ_beta = 7
n_vir_beta = 21
nelectrons = 14
nelectrons_alpha = 7
nelectrons_beta = 7
n_frozen_core = 0
n_frozen_virtual = 0
----------------------------

Total CPU memory required for Closed Shell Cholesky CCSD calculation: 0.02 GiB


 CCSD iterations
------------------------------------------------------------
  Iter     Residuum          Correlation          Time(s)
------------------------------------------------------------
   1     0.4642606689329    0.0000000000000         0.02
   2     0.0675991986982   -0.2412529359690         0.02
   3     0.0203340678220   -0.2596325414314         0.02
   4     0.0074588905318   -0.2647909161176         0.02
   5     0.0031684959334   -0.2661988582241         0.02
 MICROCYCLE DIIS UPDATE:                    6
   6     0.0005895867524   -0.2670385444037         0.02
   7     0.0002050058251   -0.2670191769959         0.02
   8     0.0000962181363   -0.2670204555703         0.02
   9     0.0000472428536   -0.2670217630178         0.02
  10     0.0000237108741   -0.2670228975883         0.02
 MICROCYCLE DIIS UPDATE:                   11
  11     0.0000013256986   -0.2670244807016         0.02
  12     0.0000002861359   -0.2670248816436         0.02
  13     0.0000000972129   -0.2670249166360         0.02
  14     0.0000000369738   -0.2670249293406         0.02
  15     0.0000000146614   -0.2670249333303         0.02
 MICROCYCLE DIIS UPDATE:                   16
  16     0.0000000018414   -0.2670249358408         0.02
------------------------------------------------------------------
 Iterations converged
 CCSD correlation energy / hartree =        -0.267024935840765
 CCSD total energy / hartree       =      -108.984331291986081

Time taken for Closed Shell Cholesky CCSD: 0.34 secs

Executing DUCC routine
======================
Number of active occupied alpha = 7
Number of active occupied beta  = 7
Number of active virtual alpha  = 12
Number of active virtual beta   = 12
ducc_lvl = 1

Full SCF Energy: -108.717306356145
Bare SCF Energy: -108.717306362362
Frozen Core Energy: 0.000000006217

DUCC: Time taken to compute Bare Hamiltonian: 0.00 secs
Bare Active Space SCF Energy: -108.717306362362

DUCC: Time taken to compute single commutator of F and V and double commutator of F: 0.24 secs
Fully Contracted Scalar: -0.090019099953

DUCC SCF energy: -108.807325462315
Total Energy Shift: 0.000000006217

DUCC: Total compute time: 0.25 secs

DUCC: Time to write results: 0.04 secs
DUCC Memory Stats
-----------------
allocation count: 633
deallocation count: 632
total memory allocated: 0.284122 GiB
total memory deallocated: 0.284121 GiB
maximum memory in single allocation: 0.008694 GiB
maximum memory consumption: 0.066854 GiB
