
ExaChem Git Information
{
 Branch: main
 Commit Hash: bd25dab [bd25dab8406e69b11ad8def9900a8eea7bb8d543]
 Commit Date: 2025-01-30 14:42:33 -0800
 Commit Message: Fixes ECP handling for multiple atoms

 WARNING: The following ExaChem sources have uncommitted changes at build-time.

 M exachem/cc/ducc/ducc-t_ccsd.cpp

diff --git a/exachem/cc/ducc/ducc-t_ccsd.cpp b/exachem/cc/ducc/ducc-t_ccsd.cpp
index 16950f2..85b1230 100644
--- a/exachem/cc/ducc/ducc-t_ccsd.cpp
+++ b/exachem/cc/ducc/ducc-t_ccsd.cpp
@@ -2036 +2036 @@ void DUCC_T_CCSD_Driver(ChemEnv& chem_env, ExecutionContext& ec, const TiledInde
-  if(rank == 0 && ducc_lvl > 0) {
+  if(rank == 0) {

}


TAMM Git Information
{
 Branch: main
 Commit Hash: 1c9868cf [1c9868cfbfc8bad3586dd21e36f2519cff1fe55a]
 Commit Date: 2024-12-19 12:23:01 -0800
 Commit Message: minor update to print_vector
}


date: Thu Feb  6 15:24:40 2025
program: "/hpc/home/baum612/code/exachem-dev/build/methods_stage/hpc/home/baum612/code/tamm_install/methods/ExaChem"
nnodes: 1, nproc_per_node: 8, nproc_total: 8, 
Memory information
{
[Intel(R) Xeon(R) Platinum 8276M CPU @ 2.20GHz] : 
  CPU memory per node (GiB): 6046
  Total CPU memory (GiB): 6046
}

------------------------------------------------------------

Input file provided: /hpc/home/baum612/TESTS/DUCC-Hamiltonian-Library/N2/cc-pVDZ/AllElectronCCSD-14Elec-23Orbs/1.4_Eq-2.8952au/Bare/N2.json

{
  "geometry": {
    "coordinates": [
      "N  0.000000  0.000000  0.000000",
      "N  0.000000  0.000000  2.8952"
    ],
    "units": "bohr"
  },
  "basis": {
    "basisset": "cc-pvdz"
  },
  "common": {
    "file_prefix": "N2",
    "maxiter": 100
  },
  "SCF": {
    "tol_int": 1e-16,
    "tol_lindep": 1e-09,
    "conve": 1e-10,
    "convd": 1e-09,
    "diis_hist": 10,
    "charge": 0,
    "multiplicity": 1,
    "restart": false,
    "scf_type": "restricted",
    "writem": 10
  },
  "CD": {
    "diagtol": 1e-14,
    "max_cvecs": 1000
  },
  "CC": {
    "threshold": 1e-08,
    "ndiis": 5,
    "writet": false,
    "ccsd_maxiter": 100,
    "lshift": 0.1,
    "nactive_oa": 7,
    "nactive_ob": 7,
    "nactive_va": 16,
    "nactive_vb": 16,
    "ducc_lvl": 0
  },
  "TASK": {
    "ducc": true
  }
}

Output folder & files prefix: N2.cc-pvdz

Printing Internal Coordinates

------------------------------------------------------------
                Bond Lengths

i      j        Length (Angstroms)     Length (Bohr)
0      1          1.5320738600         2.8952000000

Number of Angles: 0
Number of Torsional Angles: 0


----------------------------------------------------------------------
                          Center of Mass

         x               y               z              Unit
               0               0      0.76603693      Angstrom
               0               0          1.4476          Bohr

----------------------------------------------------------------------
                Moment of Inertia Tensor

           58.6881                 0                 0
                 0           58.6881                 0
                 0                 0                 0

----------------------------------------------------------------------
                      Principal Moments of Inertia

           x                 y                 z                Unit
                 0       16.43435522       16.43435522       amu * ang^2
                 0       58.68814793       58.68814793      amu * bohr^2
  0.0000000000e+00  2.7289907497e-39  2.7289907497e-39          g * cm^2

 - Molecule is diatomic.

----------------------------------------------------------------------

         Rotational constants (MHz)

    A = inf        B = 3.0751e+04        C = 3.0751e+04

----------------------------------------------------------------------

        Rotational constants (cm-1)

    A = inf        B = 1.0258e+00        C = 1.0258e+00

----------------------------------------------------------------------

                                Z-Matrix
N   
N        1          2.8952

----------------------------------------------------------------------

             Converted back to Cartesian

N        0.000000      0.000000      0.000000
N        0.000000      0.000000      2.895200

----------------------------------------------------------------------
                       Geometry in bohr 

1     N       0.0000000000    0.0000000000    0.0000000000
2     N       0.0000000000    0.0000000000    2.8952000000
Resetting xc_basis_tol to 1e-10

 Number of nodes, processes per node used for SCF calculation: 1, 8

Common Options
{
 maxiter    = 100
 basis      = cc-pvdz spherical
 geom_units = bohr
 natoms_max = 30
 debug      = false
 file_prefix    = N2
}

SCF Options
{
 charge            = 0
 multiplicity      = 1
 level shift       = 0
 tol_int           = 1e-16
 tol_sch           = 1e-12
 tol_lindep        = 1e-09
 conve             = 1e-10
 convd             = 1e-09
 diis_hist         = 10
 AO_tilesize       = 30
 writem            = 10
 damp              = 100
 n_lindep          = 0
 scf_type          = restricted
 direct_df         = false
 restart_size      = 2000
 restart           = false
 debug             = false
}

Number of basis functions = 28

Total number of shells = 12

Total number of electrons = 14
  # of alpha electrons    = 7
  # of beta electons      = 7

Nuclear repulsion energy  = 16.9245647969052

# of {all,non-negligible} shell-pairs = {78,78}
Number of AO tiles = 12

Time for initial setup: 0.00 secs
HF exch = 1.00

Time for computing 1-e integrals T, V, S: 0.00 secs
Time for computing orthogonalizer: 0.00 secs

Superposition of Atomic Density Guess ...
Time taken for SAD: 0.04 secs
Total Time to compute initial guess: 0.04 secs


 SCF iterations
-----------------------------------------------------------------------------
 Iter     Energy            E-Diff       RMSD        |[F,P]|^2       Time(s)
-----------------------------------------------------------------------------
   1  -108.1825788597    -1.08e+02     5.41e-02     8.35e+00         0.0 
   2  -108.6408319220    -4.58e-01     5.05e-03     1.15e-01         0.0 
   3  -108.6499850595    -9.15e-03     1.69e-03     5.43e-03         0.0 
   4  -108.6508824018    -8.97e-04     8.07e-04     8.56e-04         0.0 
   5  -108.6510026812    -1.20e-04     3.45e-05     2.09e-06         0.0 
   6  -108.6510029562    -2.75e-07     3.90e-06     2.09e-08         0.0 
   7  -108.6510029595    -3.38e-09     4.92e-07     2.85e-10         0.0 
   8  -108.6510029596    -4.40e-11     5.18e-08     2.25e-12         0.0 
   9  -108.6510029596    -2.84e-13     3.89e-09     2.43e-14         0.0 
<DIIS> Singularity in Pulay matrix detected.
<DIIS> Singularity in Pulay matrix detected.
  10  -108.6510029596     8.53e-14     2.64e-10     1.44e-16         0.0 

** Total SCF energy = -108.6510029595729

Nuclear repulsion energy = 16.924564796905223
#electrons        = 14
1e energy kinetic = 107.3401780456067627
1e energy N-e     = -288.0796006480050551
1e energy         = -180.7394226023981787
2e energy         = 55.1638548459200777
writing orbitals and density to disk ... done.

Total Time taken for Hartree-Fock: 0.25 secs

CD Options
{
 debug            = false
 skip_cd          = [false,100]
 write_cv         = [false,5000]
 diagtol          = 1e-14
 itilesize        = 1000
 max_cvecs_factor = 1000
}

- #occupied, #virtual = 14, 42

- Tilesize for the MSO space: 40

-----------------------------------------------------
Begin 2-index transformation ... 

nAO, nMO, nelectrons = 28, 56, 14
n_occ_alpha, n_vir_alpha, n_occ_beta, n_vir_beta = 7,21,7,21

Time taken for Fao->Fmo transform: 0.00 secs

-----------------------------------------------------
Number of AO tiles = 12
# of {all,non-negligible} shell-pairs = {78,78}

    Begin Cholesky Decomposition
---------------------------------------------
Total # of mpi ranks used for Cholesky decomposition: 8
  --> Number of nodes, mpi ranks per node: 1, 8
- CPU memory required for computing cholesky vectors: 0.00 GiB

- Time for computing the diagonal: 0.01 secs

- Total number of cholesky vectors = 361

- Time to compute cholesky vectors: 0.18 secs

- CPU memory required for resizing the ao cholesky tensor: 0.01 GiB
- CPU memory required for ao2mo transformation: 0.01 GiB
- CPU memory required for the 2-step contraction: 0.01 GiB

- Time for ao to mo transform: 0.01 secs

   End Cholesky Decomposition
---------------------------------------------

Total Time taken for Cholesky Decomposition: 0.22 secs

scf_type = restricted
Closed-Shell SCF
nbf = 28
nbf_orig = 28
n_lindep = 0
focc = 1
nmo = 56
nocc = 14
nvir = 42
n_occ_alpha = 7
n_vir_alpha = 21
n_occ_beta = 7
n_vir_beta = 21
nelectrons = 14
nelectrons_alpha = 7
nelectrons_beta = 7
n_frozen_core = 0
n_frozen_virtual = 0
----------------------------

Total CPU memory required for Closed Shell Cholesky CCSD calculation: 0.02 GiB


 CCSD iterations
------------------------------------------------------------
  Iter     Residuum          Correlation          Time(s)
------------------------------------------------------------
   1     0.4661596686619    0.0000000000000         0.02
   2     0.1138603295064   -0.4456306315238         0.02
   3     0.0624171299365   -0.3682864983023         0.02
   4     0.0206307851891   -0.4227617720676         0.02
   5     0.0177355854846   -0.4075222726572         0.02
 MICROCYCLE DIIS UPDATE:                    6
   6     0.0067732951062   -0.4205675342732         0.02
   7     0.0043195029321   -0.4197195839711         0.02
   8     0.0029098331041   -0.4207546900624         0.02
   9     0.0022830546327   -0.4208459232825         0.02
  10     0.0016798162366   -0.4212671775343         0.02
 MICROCYCLE DIIS UPDATE:                   11
  11     0.0002147606610   -0.4222065238024         0.02
  12     0.0000967593745   -0.4222187632492         0.02
  13     0.0000407686560   -0.4222551714866         0.02
  14     0.0000258364994   -0.4222537388872         0.02
  15     0.0000137526315   -0.4222622457418         0.02
 MICROCYCLE DIIS UPDATE:                   16
  16     0.0000062281456   -0.4222677593897         0.02
  17     0.0000050970715   -0.4222659458465         0.02
  18     0.0000032797633   -0.4222678182105         0.02
  19     0.0000026655710   -0.4222678055295         0.02
  20     0.0000019119715   -0.4222684301581         0.02
 MICROCYCLE DIIS UPDATE:                   21
  21     0.0000001995385   -0.4222695566277         0.02
  22     0.0000000833934   -0.4222695786991         0.02
  23     0.0000000483025   -0.4222695876408         0.02
  24     0.0000000294630   -0.4222695879705         0.02
  25     0.0000000185203   -0.4222695899269         0.02
 MICROCYCLE DIIS UPDATE:                   26
  26     0.0000000043730   -0.4222695935542         0.02
------------------------------------------------------------------
 Iterations converged
 CCSD correlation energy / hartree =        -0.422269593554208
 CCSD total energy / hartree       =      -109.073272553127083

Time taken for Closed Shell Cholesky CCSD: 0.65 secs

Executing DUCC routine
======================
Number of active occupied alpha = 7
Number of active occupied beta  = 7
Number of active virtual alpha  = 16
Number of active virtual beta   = 16
ducc_lvl = 0

Full SCF Energy: -108.651002959573
Bare SCF Energy: -108.651002957210
Frozen Core Energy: -0.000000002363

DUCC: Time taken to compute Bare Hamiltonian: 0.00 secs
Bare Active Space SCF Energy: -108.651002957210
Fully Contracted Scalar: -0.000000000000

DUCC SCF energy: -108.651002957210
Total Energy Shift: -0.000000002363

DUCC: Total compute time: 0.00 secs

DUCC: Time to write results: 0.08 secs
DUCC Memory Stats
-----------------
allocation count: 333
deallocation count: 332
total memory allocated: 0.067916 GiB
total memory deallocated: 0.067916 GiB
maximum memory in single allocation: 0.008694 GiB
maximum memory consumption: 0.028439 GiB
