
ExaChem Git Information
{
 Branch: main
 Commit Hash: bd25dab [bd25dab8406e69b11ad8def9900a8eea7bb8d543]
 Commit Date: 2025-01-30 14:42:33 -0800
 Commit Message: Fixes ECP handling for multiple atoms

 WARNING: The following ExaChem sources have uncommitted changes at build-time.

 M exachem/cc/ducc/ducc-t_ccsd.cpp

diff --git a/exachem/cc/ducc/ducc-t_ccsd.cpp b/exachem/cc/ducc/ducc-t_ccsd.cpp
index 16950f2..85b1230 100644
--- a/exachem/cc/ducc/ducc-t_ccsd.cpp
+++ b/exachem/cc/ducc/ducc-t_ccsd.cpp
@@ -2036 +2036 @@ void DUCC_T_CCSD_Driver(ChemEnv& chem_env, ExecutionContext& ec, const TiledInde
-  if(rank == 0 && ducc_lvl > 0) {
+  if(rank == 0) {

}


TAMM Git Information
{
 Branch: main
 Commit Hash: 1c9868cf [1c9868cfbfc8bad3586dd21e36f2519cff1fe55a]
 Commit Date: 2024-12-19 12:23:01 -0800
 Commit Message: minor update to print_vector
}


date: Thu Feb  6 15:19:09 2025
program: "/hpc/home/baum612/code/exachem-dev/build/methods_stage/hpc/home/baum612/code/tamm_install/methods/ExaChem"
nnodes: 1, nproc_per_node: 8, nproc_total: 8, 
Memory information
{
[Intel(R) Xeon(R) Platinum 8276M CPU @ 2.20GHz] : 
  CPU memory per node (GiB): 6046
  Total CPU memory (GiB): 6046
}

------------------------------------------------------------

Input file provided: /hpc/home/baum612/TESTS/DUCC-Hamiltonian-Library/N2/cc-pVDZ/AllElectronCCSD-14Elec-23Orbs/2.3_Eq-4.7564au/DUCC3/N2.json

{
  "geometry": {
    "coordinates": [
      "N  0.000000  0.000000  0.000000",
      "N  0.000000  0.000000  4.7564"
    ],
    "units": "bohr"
  },
  "basis": {
    "basisset": "cc-pvdz"
  },
  "common": {
    "file_prefix": "N2",
    "maxiter": 100
  },
  "SCF": {
    "tol_int": 1e-16,
    "tol_lindep": 1e-09,
    "conve": 1e-10,
    "convd": 1e-09,
    "diis_hist": 10,
    "charge": 0,
    "multiplicity": 1,
    "restart": false,
    "scf_type": "restricted",
    "writem": 10
  },
  "CD": {
    "diagtol": 1e-14,
    "max_cvecs": 1000
  },
  "CC": {
    "threshold": 1e-08,
    "ndiis": 5,
    "writet": false,
    "ccsd_maxiter": 100,
    "lshift": 0.1,
    "nactive_oa": 7,
    "nactive_ob": 7,
    "nactive_va": 16,
    "nactive_vb": 16,
    "ducc_lvl": 2
  },
  "TASK": {
    "ducc": true
  }
}

Output folder & files prefix: N2.cc-pvdz

Printing Internal Coordinates

------------------------------------------------------------
                Bond Lengths

i      j        Length (Angstroms)     Length (Bohr)
0      1          2.5169784842         4.7564000000

Number of Angles: 0
Number of Torsional Angles: 0


----------------------------------------------------------------------
                          Center of Mass

         x               y               z              Unit
               0               0     1.258489242      Angstrom
               0               0          2.3782          Bohr

----------------------------------------------------------------------
                Moment of Inertia Tensor

           158.398                 0                 0
                 0           158.398                 0
                 0                 0                 0

----------------------------------------------------------------------
                      Principal Moments of Inertia

           x                 y                 z                Unit
                 0       44.35598933       44.35598933       amu * ang^2
                 0       158.3981135       158.3981135      amu * bohr^2
  0.0000000000e+00  7.3654903398e-39  7.3654903398e-39          g * cm^2

 - Molecule is diatomic.

----------------------------------------------------------------------

         Rotational constants (MHz)

    A = inf        B = 1.1394e+04        C = 1.1394e+04

----------------------------------------------------------------------

        Rotational constants (cm-1)

    A = inf        B = 3.8005e-01        C = 3.8005e-01

----------------------------------------------------------------------

                                Z-Matrix
N   
N        1          4.7564

----------------------------------------------------------------------

             Converted back to Cartesian

N        0.000000      0.000000      0.000000
N        0.000000      0.000000      4.756400

----------------------------------------------------------------------
                       Geometry in bohr 

1     N       0.0000000000    0.0000000000    0.0000000000
2     N       0.0000000000    0.0000000000    4.7564000000
Resetting xc_basis_tol to 1e-10

 Number of nodes, processes per node used for SCF calculation: 1, 8

Common Options
{
 maxiter    = 100
 basis      = cc-pvdz spherical
 geom_units = bohr
 natoms_max = 30
 debug      = false
 file_prefix    = N2
}

SCF Options
{
 charge            = 0
 multiplicity      = 1
 level shift       = 0
 tol_int           = 1e-16
 tol_sch           = 1e-12
 tol_lindep        = 1e-09
 conve             = 1e-10
 convd             = 1e-09
 diis_hist         = 10
 AO_tilesize       = 30
 writem            = 10
 damp              = 100
 n_lindep          = 0
 scf_type          = restricted
 direct_df         = false
 restart_size      = 2000
 restart           = false
 debug             = false
}

Number of basis functions = 28

Total number of shells = 12

Total number of electrons = 14
  # of alpha electrons    = 7
  # of beta electons      = 7

Nuclear repulsion energy  = 10.3019090068119

# of {all,non-negligible} shell-pairs = {78,78}
Number of AO tiles = 12

Time for initial setup: 0.00 secs
HF exch = 1.00

Time for computing 1-e integrals T, V, S: 0.00 secs
Time for computing orthogonalizer: 0.00 secs

Superposition of Atomic Density Guess ...
Time taken for SAD: 0.04 secs
Total Time to compute initial guess: 0.04 secs


 SCF iterations
-----------------------------------------------------------------------------
 Iter     Energy            E-Diff       RMSD        |[F,P]|^2       Time(s)
-----------------------------------------------------------------------------
   1  -107.6777283328    -1.08e+02     5.46e-02     4.12e-02         0.0 
   2  -108.1106996993    -4.33e-01     2.44e-03     1.91e-02         0.0 
   3  -108.1133689149    -2.67e-03     1.80e-03     5.36e-03         0.0 
   4  -108.1142843134    -9.15e-04     6.68e-04     4.00e-04         0.0 
   5  -108.1143627223    -7.84e-05     2.06e-05     5.36e-07         0.0 
   6  -108.1143628118    -8.95e-08     4.32e-06     1.33e-08         0.0 
   7  -108.1143628141    -2.29e-09     5.43e-07     3.97e-10         0.0 
   8  -108.1143628141    -6.19e-11     6.10e-08     1.74e-12         0.0 
   9  -108.1143628141    -4.83e-13     1.51e-08     2.61e-13         0.0 
  10  -108.1143628141     8.53e-14     1.13e-08     2.16e-12         0.0 
<DIIS> Singularity in Pulay matrix detected.
  11  -108.1143628141    -1.42e-13     3.74e-10     1.15e-16         0.0 

** Total SCF energy = -108.1143628141212

Nuclear repulsion energy = 10.301909006811874
#electrons        = 14
1e energy kinetic = 107.2394171627838944
1e energy N-e     = -274.4487835692170847
1e energy         = -167.2093664064332472
2e energy         = 48.7930945855002420
writing orbitals and density to disk ... done.

Total Time taken for Hartree-Fock: 0.26 secs

CD Options
{
 debug            = false
 skip_cd          = [false,100]
 write_cv         = [false,5000]
 diagtol          = 1e-14
 itilesize        = 1000
 max_cvecs_factor = 1000
}

- #occupied, #virtual = 14, 42

- Tilesize for the MSO space: 40

-----------------------------------------------------
Begin 2-index transformation ... 

nAO, nMO, nelectrons = 28, 56, 14
n_occ_alpha, n_vir_alpha, n_occ_beta, n_vir_beta = 7,21,7,21

Time taken for Fao->Fmo transform: 0.00 secs

-----------------------------------------------------
Number of AO tiles = 12
# of {all,non-negligible} shell-pairs = {78,78}

    Begin Cholesky Decomposition
---------------------------------------------
Total # of mpi ranks used for Cholesky decomposition: 8
  --> Number of nodes, mpi ranks per node: 1, 8
- CPU memory required for computing cholesky vectors: 0.00 GiB

- Time for computing the diagonal: 0.00 secs

- Total number of cholesky vectors = 784

- Time to compute cholesky vectors: 0.41 secs

- CPU memory required for resizing the ao cholesky tensor: 0.01 GiB
- CPU memory required for ao2mo transformation: 0.01 GiB
- CPU memory required for the 2-step contraction: 0.02 GiB

- Time for ao to mo transform: 0.03 secs

   End Cholesky Decomposition
---------------------------------------------

Total Time taken for Cholesky Decomposition: 0.47 secs

scf_type = restricted
Closed-Shell SCF
nbf = 28
nbf_orig = 28
n_lindep = 0
focc = 1
nmo = 56
nocc = 14
nvir = 42
n_occ_alpha = 7
n_vir_alpha = 21
n_occ_beta = 7
n_vir_beta = 21
nelectrons = 14
nelectrons_alpha = 7
nelectrons_beta = 7
n_frozen_core = 0
n_frozen_virtual = 0
----------------------------

Total CPU memory required for Closed Shell Cholesky CCSD calculation: 0.03 GiB


 CCSD iterations
------------------------------------------------------------
  Iter     Residuum          Correlation          Time(s)
------------------------------------------------------------
   1     0.5065068372925    0.0000000000000         0.04
   2     0.4173929210915   -1.0386153476960         0.04
   3     0.6791874364430    0.0524639612115         0.04
   4     0.8917083872383   -1.6378338124039         0.04
   5     1.2816996148880    0.5791498519631         0.04
 MICROCYCLE DIIS UPDATE:                    6
   6     0.0655118642922   -0.6589175186777         0.04
   7     0.1257344545919   -0.5109381485484         0.04
   8     0.1274110027313   -0.7717173773218         0.04
   9     0.2356892325701   -0.4420439512287         0.04
  10     0.2878209253866   -0.9622357488249         0.04
 MICROCYCLE DIIS UPDATE:                   11
  11     0.0313111628380   -0.7045019955610         0.04
  12     0.0550466936706   -0.6858069889067         0.04
  13     0.0275716514128   -0.7584134845799         0.04
  14     0.0656673834665   -0.7120977000836         0.04
  15     0.0400385660824   -0.8166146391046         0.04
 MICROCYCLE DIIS UPDATE:                   16
  16     0.0234306742656   -0.8795943983146         0.04
  17     0.0587689172803   -0.9310101936667         0.04
  18     0.0421708954297   -0.8345674637596         0.04
  19     0.0494491697902   -0.9096517407254         0.04
  20     0.0407966230572   -0.8262794662780         0.04
 MICROCYCLE DIIS UPDATE:                   21
  21     0.0027781446683   -0.8625162398478         0.04
  22     0.0054489090306   -0.8655677239203         0.04
  23     0.0026633590454   -0.8576268935049         0.04
  24     0.0041085505963   -0.8622675238329         0.04
  25     0.0027015013026   -0.8557584193053         0.04
 MICROCYCLE DIIS UPDATE:                   26
  26     0.0001523231888   -0.8565712393965         0.04
  27     0.0001606999376   -0.8564937223566         0.04
  28     0.0001098510775   -0.8567100182645         0.04
  29     0.0001399636249   -0.8565221496001         0.04
  30     0.0001195494796   -0.8567606615885         0.04
 MICROCYCLE DIIS UPDATE:                   31
  31     0.0000124211715   -0.8566716411805         0.04
  32     0.0000135889433   -0.8566638743134         0.04
  33     0.0000081293356   -0.8566834045397         0.04
  34     0.0000112546715   -0.8566696870812         0.04
  35     0.0000084725715   -0.8566881073849         0.05
 MICROCYCLE DIIS UPDATE:                   36
  36     0.0000006844531   -0.8566833072527         0.04
  37     0.0000003993549   -0.8566832436564         0.04
  38     0.0000001968624   -0.8566835907030         0.04
  39     0.0000001763042   -0.8566836062712         0.04
  40     0.0000000893430   -0.8566837731599         0.04
 MICROCYCLE DIIS UPDATE:                   41
  41     0.0000000480887   -0.8566838956998         0.04
  42     0.0000000702898   -0.8566838937723         0.04
  43     0.0000001521517   -0.8566839222708         0.04
  44     0.0000003639190   -0.8566839149302         0.04
  45     0.0000008720374   -0.8566839347780         0.04
 MICROCYCLE DIIS UPDATE:                   46
  46     0.0000000027452   -0.8566839347912         0.04
------------------------------------------------------------------
 Iterations converged
 CCSD correlation energy / hartree =        -0.856683934791211
 CCSD total energy / hartree       =      -108.971046748912357

Time taken for Closed Shell Cholesky CCSD: 2.05 secs

Executing DUCC routine
======================
Number of active occupied alpha = 7
Number of active occupied beta  = 7
Number of active virtual alpha  = 16
Number of active virtual beta   = 16
ducc_lvl = 2

Full SCF Energy: -108.114362814121
Bare SCF Energy: -108.114362815859
Frozen Core Energy: 0.000000001738

DUCC: Time taken to compute Bare Hamiltonian: 0.00 secs
Bare Active Space SCF Energy: -108.114362815859

DUCC: Time taken to compute single commutator of F and V and double commutator of F: 0.35 secs

DUCC: Time taken to compute double commutator of V and triple commutator of F: 5.25 secs
Fully Contracted Scalar: -0.039222551096

DUCC SCF energy: -108.161139786822
Total Energy Shift: 0.007554421605

DUCC: Total compute time: 5.60 secs

DUCC: Time to write results: 0.09 secs
DUCC Memory Stats
-----------------
allocation count: 3778
deallocation count: 3777
total memory allocated: 4.688909 GiB
total memory deallocated: 4.688908 GiB
maximum memory in single allocation: 0.013458 GiB
maximum memory consumption: 0.887899 GiB
