
ExaChem Git Information
{
 Branch: main
 Commit Hash: bd25dab [bd25dab8406e69b11ad8def9900a8eea7bb8d543]
 Commit Date: 2025-01-30 14:42:33 -0800
 Commit Message: Fixes ECP handling for multiple atoms

 WARNING: The following ExaChem sources have uncommitted changes at build-time.

 M exachem/cc/ducc/ducc-t_ccsd.cpp

diff --git a/exachem/cc/ducc/ducc-t_ccsd.cpp b/exachem/cc/ducc/ducc-t_ccsd.cpp
index 16950f2..85b1230 100644
--- a/exachem/cc/ducc/ducc-t_ccsd.cpp
+++ b/exachem/cc/ducc/ducc-t_ccsd.cpp
@@ -2036 +2036 @@ void DUCC_T_CCSD_Driver(ChemEnv& chem_env, ExecutionContext& ec, const TiledInde
-  if(rank == 0 && ducc_lvl > 0) {
+  if(rank == 0) {

}


TAMM Git Information
{
 Branch: main
 Commit Hash: 1c9868cf [1c9868cfbfc8bad3586dd21e36f2519cff1fe55a]
 Commit Date: 2024-12-19 12:23:01 -0800
 Commit Message: minor update to print_vector
}


date: Thu Feb  6 15:10:02 2025
program: "/hpc/home/baum612/code/exachem-dev/build/methods_stage/hpc/home/baum612/code/tamm_install/methods/ExaChem"
nnodes: 1, nproc_per_node: 8, nproc_total: 8, 
Memory information
{
[Intel(R) Xeon(R) Platinum 8276M CPU @ 2.20GHz] : 
  CPU memory per node (GiB): 6046
  Total CPU memory (GiB): 6046
}

------------------------------------------------------------

Input file provided: /hpc/home/baum612/TESTS/DUCC-Hamiltonian-Library/N2/cc-pVDZ/AllElectronCCSD-14Elec-19Orbs/1.8_Eq-3.7224au/Bare/N2.json

{
  "geometry": {
    "coordinates": [
      "N  0.000000  0.000000  0.000000",
      "N  0.000000  0.000000  3.7224"
    ],
    "units": "bohr"
  },
  "basis": {
    "basisset": "cc-pvdz"
  },
  "common": {
    "file_prefix": "N2",
    "maxiter": 100
  },
  "SCF": {
    "tol_int": 1e-16,
    "tol_lindep": 1e-09,
    "conve": 1e-10,
    "convd": 1e-09,
    "diis_hist": 10,
    "charge": 0,
    "multiplicity": 1,
    "restart": false,
    "scf_type": "restricted",
    "writem": 10
  },
  "CD": {
    "diagtol": 1e-14,
    "max_cvecs": 1000
  },
  "CC": {
    "threshold": 1e-08,
    "ndiis": 5,
    "writet": false,
    "ccsd_maxiter": 100,
    "lshift": 0.1,
    "nactive_oa": 7,
    "nactive_ob": 7,
    "nactive_va": 12,
    "nactive_vb": 12,
    "ducc_lvl": 0
  },
  "TASK": {
    "ducc": true
  }
}

Output folder & files prefix: N2.cc-pvdz

Printing Internal Coordinates

------------------------------------------------------------
                Bond Lengths

i      j        Length (Angstroms)     Length (Bohr)
0      1          1.9698092485         3.7224000000

Number of Angles: 0
Number of Torsional Angles: 0


----------------------------------------------------------------------
                          Center of Mass

         x               y               z              Unit
               0               0    0.9849046243      Angstrom
               0               0          1.8612          Bohr

----------------------------------------------------------------------
                Moment of Inertia Tensor

           97.0151                 0                 0
                 0           97.0151                 0
                 0                 0                 0

----------------------------------------------------------------------
                      Principal Moments of Inertia

           x                 y                 z                Unit
                 0       27.16699536       27.16699536       amu * ang^2
                 0       97.01510168       97.01510168      amu * bohr^2
  0.0000000000e+00  4.5111887904e-39  4.5111887904e-39          g * cm^2

 - Molecule is diatomic.

----------------------------------------------------------------------

         Rotational constants (MHz)

    A = inf        B = 1.8603e+04        C = 1.8603e+04

----------------------------------------------------------------------

        Rotational constants (cm-1)

    A = inf        B = 6.2052e-01        C = 6.2052e-01

----------------------------------------------------------------------

                                Z-Matrix
N   
N        1          3.7224

----------------------------------------------------------------------

             Converted back to Cartesian

N        0.000000      0.000000      0.000000
N        0.000000      0.000000      3.722400

----------------------------------------------------------------------
                       Geometry in bohr 

1     N       0.0000000000    0.0000000000    0.0000000000
2     N       0.0000000000    0.0000000000    3.7224000000
Resetting xc_basis_tol to 1e-10

 Number of nodes, processes per node used for SCF calculation: 1, 8

Common Options
{
 maxiter    = 100
 basis      = cc-pvdz spherical
 geom_units = bohr
 natoms_max = 30
 debug      = false
 file_prefix    = N2
}

SCF Options
{
 charge            = 0
 multiplicity      = 1
 level shift       = 0
 tol_int           = 1e-16
 tol_sch           = 1e-12
 tol_lindep        = 1e-09
 conve             = 1e-10
 convd             = 1e-09
 diis_hist         = 10
 AO_tilesize       = 30
 writem            = 10
 damp              = 100
 n_lindep          = 0
 scf_type          = restricted
 direct_df         = false
 restart_size      = 2000
 restart           = false
 debug             = false
}

Number of basis functions = 28

Total number of shells = 12

Total number of electrons = 14
  # of alpha electrons    = 7
  # of beta electons      = 7

Nuclear repulsion energy  = 13.163550397593

# of {all,non-negligible} shell-pairs = {78,78}
Number of AO tiles = 12

Time for initial setup: 0.00 secs
HF exch = 1.00

Time for computing 1-e integrals T, V, S: 0.00 secs
Time for computing orthogonalizer: 0.00 secs

Superposition of Atomic Density Guess ...
Time taken for SAD: 0.04 secs
Total Time to compute initial guess: 0.04 secs


 SCF iterations
-----------------------------------------------------------------------------
 Iter     Energy            E-Diff       RMSD        |[F,P]|^2       Time(s)
-----------------------------------------------------------------------------
   1  -107.7989735455    -1.08e+02     5.29e-02     9.15e-01         0.0 
   2  -108.3413275950    -5.42e-01     4.31e-03     4.25e-02         0.0 
   3  -108.3465228119    -5.20e-03     1.38e-03     3.83e-03         0.0 
   4  -108.3471564719    -6.34e-04     6.26e-04     4.80e-04         0.0 
   5  -108.3472339713    -7.75e-05     2.78e-05     1.18e-06         0.0 
   6  -108.3472341087    -1.37e-07     5.24e-06     2.71e-08         0.0 
   7  -108.3472341128    -4.13e-09     4.43e-07     1.05e-10         0.0 
   8  -108.3472341128    -2.33e-11     3.38e-08     5.30e-13         0.0 
   9  -108.3472341128    -1.71e-13     3.31e-09     7.57e-15         0.0 
<DIIS> Singularity in Pulay matrix detected.
<DIIS> Singularity in Pulay matrix detected.
  10  -108.3472341128     1.42e-14     4.96e-10     1.23e-16         0.0 

** Total SCF energy = -108.3472341128360

Nuclear repulsion energy = 13.163550397592951
#electrons        = 14
1e energy kinetic = 107.1316805368654173
1e energy N-e     = -280.1461065115496467
1e energy         = -173.0144259746840874
2e energy         = 51.5036414642551392
writing orbitals and density to disk ... done.

Total Time taken for Hartree-Fock: 0.23 secs

CD Options
{
 debug            = false
 skip_cd          = [false,100]
 write_cv         = [false,5000]
 diagtol          = 1e-14
 itilesize        = 1000
 max_cvecs_factor = 1000
}

- #occupied, #virtual = 14, 42

- Tilesize for the MSO space: 40

-----------------------------------------------------
Begin 2-index transformation ... 

nAO, nMO, nelectrons = 28, 56, 14
n_occ_alpha, n_vir_alpha, n_occ_beta, n_vir_beta = 7,21,7,21

Time taken for Fao->Fmo transform: 0.00 secs

-----------------------------------------------------
Number of AO tiles = 12
# of {all,non-negligible} shell-pairs = {78,78}

    Begin Cholesky Decomposition
---------------------------------------------
Total # of mpi ranks used for Cholesky decomposition: 8
  --> Number of nodes, mpi ranks per node: 1, 8
- CPU memory required for computing cholesky vectors: 0.00 GiB

- Time for computing the diagonal: 0.00 secs

- Total number of cholesky vectors = 784

- Time to compute cholesky vectors: 0.43 secs

- CPU memory required for resizing the ao cholesky tensor: 0.01 GiB
- CPU memory required for ao2mo transformation: 0.01 GiB
- CPU memory required for the 2-step contraction: 0.02 GiB

- Time for ao to mo transform: 0.02 secs

   End Cholesky Decomposition
---------------------------------------------

Total Time taken for Cholesky Decomposition: 0.49 secs

scf_type = restricted
Closed-Shell SCF
nbf = 28
nbf_orig = 28
n_lindep = 0
focc = 1
nmo = 56
nocc = 14
nvir = 42
n_occ_alpha = 7
n_vir_alpha = 21
n_occ_beta = 7
n_vir_beta = 21
nelectrons = 14
nelectrons_alpha = 7
nelectrons_beta = 7
n_frozen_core = 0
n_frozen_virtual = 0
----------------------------

Total CPU memory required for Closed Shell Cholesky CCSD calculation: 0.03 GiB


 CCSD iterations
------------------------------------------------------------
  Iter     Residuum          Correlation          Time(s)
------------------------------------------------------------
   1     0.4830537269878    0.0000000000000         0.03
   2     0.2253714509547   -0.6842423440396         0.03
   3     0.2129227329180   -0.3177514452971         0.03
   4     0.1575118867707   -0.6609532488096         0.03
   5     0.1563776013793   -0.3856701407556         0.03
 MICROCYCLE DIIS UPDATE:                    6
   6     0.0247520384689   -0.5189438775183         0.03
   7     0.0253197196211   -0.5126881916276         0.03
   8     0.0168517390905   -0.5294227886919         0.03
   9     0.0193162487894   -0.5248762445112         0.03
  10     0.0127159118103   -0.5378712194664         0.03
 MICROCYCLE DIIS UPDATE:                   11
  11     0.0056958460170   -0.5626959344155         0.03
  12     0.0035855778947   -0.5681042928830         0.03
  13     0.0036391513390   -0.5630896104093         0.03
  14     0.0021262045507   -0.5675941040093         0.03
  15     0.0025247582808   -0.5641561211688         0.03
 MICROCYCLE DIIS UPDATE:                   16
  16     0.0005313664797   -0.5664367631043         0.03
  17     0.0007492395980   -0.5660613503480         0.03
  18     0.0003685489783   -0.5667482995731         0.03
  19     0.0005384460964   -0.5664678100352         0.03
  20     0.0002689824622   -0.5669542470880         0.03
 MICROCYCLE DIIS UPDATE:                   21
  21     0.0000771430766   -0.5674779098410         0.03
  22     0.0000572524529   -0.5674515081981         0.03
  23     0.0000304699493   -0.5674934969935         0.03
  24     0.0000368017635   -0.5674736146621         0.03
  25     0.0000192311234   -0.5675045897906         0.03
 MICROCYCLE DIIS UPDATE:                   26
  26     0.0000101011893   -0.5675244552149         0.03
  27     0.0000124299227   -0.5675192647234         0.03
  28     0.0000061909236   -0.5675302143067         0.03
  29     0.0000086967004   -0.5675260488251         0.03
  30     0.0000043820187   -0.5675337600324         0.03
 MICROCYCLE DIIS UPDATE:                   31
  31     0.0000020312866   -0.5675410732530         0.03
  32     0.0000016632850   -0.5675404924681         0.03
  33     0.0000009777721   -0.5675415439985         0.03
  34     0.0000011087437   -0.5675411889435         0.03
  35     0.0000006496950   -0.5675419739493         0.03
 MICROCYCLE DIIS UPDATE:                   36
  36     0.0000002832730   -0.5675430327588         0.03
  37     0.0000002777915   -0.5675428972641         0.03
  38     0.0000001355630   -0.5675431476041         0.03
  39     0.0000001931351   -0.5675430485795         0.03
  40     0.0000000956883   -0.5675432237348         0.03
 MICROCYCLE DIIS UPDATE:                   41
  41     0.0000000444366   -0.5675433756213         0.03
  42     0.0000000409714   -0.5675433582273         0.03
  43     0.0000000235490   -0.5675433860977         0.03
  44     0.0000000283906   -0.5675433750921         0.03
  45     0.0000000181297   -0.5675433958801         0.03
 MICROCYCLE DIIS UPDATE:                   46
  46     0.0000000108515   -0.5675434096315         0.03
  47     0.0000000121776   -0.5675434061069         0.03
  48     0.0000000070865   -0.5675434158328         0.03
------------------------------------------------------------------
 Iterations converged
 CCSD correlation energy / hartree =        -0.567543415832787
 CCSD total energy / hartree       =      -108.914777528668807

Time taken for Closed Shell Cholesky CCSD: 1.48 secs

Executing DUCC routine
======================
Number of active occupied alpha = 7
Number of active occupied beta  = 7
Number of active virtual alpha  = 12
Number of active virtual beta   = 12
ducc_lvl = 0

Full SCF Energy: -108.347234112836
Bare SCF Energy: -108.347234113060
Frozen Core Energy: 0.000000000224

DUCC: Time taken to compute Bare Hamiltonian: 0.00 secs
Bare Active Space SCF Energy: -108.347234113060
Fully Contracted Scalar: -0.000000000000

DUCC SCF energy: -108.347234113060
Total Energy Shift: 0.000000000224

DUCC: Total compute time: 0.00 secs

DUCC: Time to write results: 0.05 secs
DUCC Memory Stats
-----------------
allocation count: 453
deallocation count: 452
total memory allocated: 0.077611 GiB
total memory deallocated: 0.077610 GiB
maximum memory in single allocation: 0.009159 GiB
maximum memory consumption: 0.031047 GiB
