
ExaChem Git Information
{
 Branch: main
 Commit Hash: bd25dab [bd25dab8406e69b11ad8def9900a8eea7bb8d543]
 Commit Date: 2025-01-30 14:42:33 -0800
 Commit Message: Fixes ECP handling for multiple atoms

 WARNING: The following ExaChem sources have uncommitted changes at build-time.

 M exachem/cc/ducc/ducc-t_ccsd.cpp

diff --git a/exachem/cc/ducc/ducc-t_ccsd.cpp b/exachem/cc/ducc/ducc-t_ccsd.cpp
index 16950f2..85b1230 100644
--- a/exachem/cc/ducc/ducc-t_ccsd.cpp
+++ b/exachem/cc/ducc/ducc-t_ccsd.cpp
@@ -2036 +2036 @@ void DUCC_T_CCSD_Driver(ChemEnv& chem_env, ExecutionContext& ec, const TiledInde
-  if(rank == 0 && ducc_lvl > 0) {
+  if(rank == 0) {

}


TAMM Git Information
{
 Branch: main
 Commit Hash: 1c9868cf [1c9868cfbfc8bad3586dd21e36f2519cff1fe55a]
 Commit Date: 2024-12-19 12:23:01 -0800
 Commit Message: minor update to print_vector
}


date: Thu Feb  6 15:05:47 2025
program: "/hpc/home/baum612/code/exachem-dev/build/methods_stage/hpc/home/baum612/code/tamm_install/methods/ExaChem"
nnodes: 1, nproc_per_node: 8, nproc_total: 8, 
Memory information
{
[Intel(R) Xeon(R) Platinum 8276M CPU @ 2.20GHz] : 
  CPU memory per node (GiB): 6046
  Total CPU memory (GiB): 6046
}

------------------------------------------------------------

Input file provided: /hpc/home/baum612/TESTS/DUCC-Hamiltonian-Library/N2/cc-pVDZ/AllElectronCCSD-14Elec-19Orbs/2.6_Eq-5.3768au/DUCC2/N2.json

{
  "geometry": {
    "coordinates": [
      "N  0.000000  0.000000  0.000000",
      "N  0.000000  0.000000  5.3768"
    ],
    "units": "bohr"
  },
  "basis": {
    "basisset": "cc-pvdz"
  },
  "common": {
    "file_prefix": "N2",
    "maxiter": 100
  },
  "SCF": {
    "tol_int": 1e-16,
    "tol_lindep": 1e-09,
    "conve": 1e-10,
    "convd": 1e-09,
    "diis_hist": 10,
    "charge": 0,
    "multiplicity": 1,
    "restart": false,
    "scf_type": "restricted",
    "writem": 10
  },
  "CD": {
    "diagtol": 1e-14,
    "max_cvecs": 1000
  },
  "CC": {
    "threshold": 1e-08,
    "ndiis": 5,
    "writet": false,
    "ccsd_maxiter": 100,
    "lshift": 0.1,
    "nactive_oa": 7,
    "nactive_ob": 7,
    "nactive_va": 12,
    "nactive_vb": 12,
    "ducc_lvl": 1
  },
  "TASK": {
    "ducc": true
  }
}

Output folder & files prefix: N2.cc-pvdz

Printing Internal Coordinates

------------------------------------------------------------
                Bond Lengths

i      j        Length (Angstroms)     Length (Bohr)
0      1          2.8452800257         5.3768000000

Number of Angles: 0
Number of Torsional Angles: 0


----------------------------------------------------------------------
                          Center of Mass

         x               y               z              Unit
               0               0     1.422640013      Angstrom
               0               0          2.6884          Bohr

----------------------------------------------------------------------
                Moment of Inertia Tensor

           202.414                 0                 0
                 0           202.414                 0
                 0                 0                 0

----------------------------------------------------------------------
                      Principal Moments of Inertia

           x                 y                 z                Unit
                 0       56.68175574       56.68175574       amu * ang^2
                 0       202.4142245       202.4142245      amu * bohr^2
  0.0000000000e+00  9.4122334021e-39  9.4122334021e-39          g * cm^2

 - Molecule is diatomic.

----------------------------------------------------------------------

         Rotational constants (MHz)

    A = inf        B = 8.9161e+03        C = 8.9161e+03

----------------------------------------------------------------------

        Rotational constants (cm-1)

    A = inf        B = 2.9741e-01        C = 2.9741e-01

----------------------------------------------------------------------

                                Z-Matrix
N   
N        1          5.3768

----------------------------------------------------------------------

             Converted back to Cartesian

N        0.000000      0.000000      0.000000
N        0.000000      0.000000      5.376800

----------------------------------------------------------------------
                       Geometry in bohr 

1     N       0.0000000000    0.0000000000    0.0000000000
2     N       0.0000000000    0.0000000000    5.3768000000
Resetting xc_basis_tol to 1e-10

 Number of nodes, processes per node used for SCF calculation: 1, 8

Common Options
{
 maxiter    = 100
 basis      = cc-pvdz spherical
 geom_units = bohr
 natoms_max = 30
 debug      = false
 file_prefix    = N2
}

SCF Options
{
 charge            = 0
 multiplicity      = 1
 level shift       = 0
 tol_int           = 1e-16
 tol_sch           = 1e-12
 tol_lindep        = 1e-09
 conve             = 1e-10
 convd             = 1e-09
 diis_hist         = 10
 AO_tilesize       = 30
 writem            = 10
 damp              = 100
 n_lindep          = 0
 scf_type          = restricted
 direct_df         = false
 restart_size      = 2000
 restart           = false
 debug             = false
}

Number of basis functions = 28

Total number of shells = 12

Total number of electrons = 14
  # of alpha electrons    = 7
  # of beta electons      = 7

Nuclear repulsion energy  = 9.11322719833358

# of {all,non-negligible} shell-pairs = {78,78}
Number of AO tiles = 12

Time for initial setup: 0.00 secs
HF exch = 1.00

Time for computing 1-e integrals T, V, S: 0.00 secs
Time for computing orthogonalizer: 0.00 secs

Superposition of Atomic Density Guess ...
Time taken for SAD: 0.03 secs
Total Time to compute initial guess: 0.03 secs


 SCF iterations
-----------------------------------------------------------------------------
 Iter     Energy            E-Diff       RMSD        |[F,P]|^2       Time(s)
-----------------------------------------------------------------------------
   1  -107.6627104403    -1.08e+02     5.57e-02     7.28e-03         0.0 
   2  -108.0238243998    -3.61e-01     1.19e-03     1.35e-02         0.0 
   3  -108.0251241537    -1.30e-03     2.18e-03     7.14e-03         0.0 
   4  -108.0264208422    -1.30e-03     8.28e-04     5.45e-04         0.0 
   5  -108.0265315543    -1.11e-04     2.17e-05     5.19e-07         0.0 
   6  -108.0265316515    -9.72e-08     3.93e-06     1.21e-08         0.0 
   7  -108.0265316534    -1.89e-09     9.84e-07     6.52e-10         0.0 
   8  -108.0265316535    -1.32e-10     9.18e-08     6.68e-12         0.0 
   9  -108.0265316535    -3.84e-13     3.30e-08     1.73e-11         0.0 
  10  -108.0265316535    -8.95e-13     5.02e-09     1.34e-13         0.0 
<DIIS> Singularity in Pulay matrix detected.
<DIIS> Singularity in Pulay matrix detected.
  11  -108.0265316535    -8.53e-14     4.98e-10     1.71e-16         0.0 

** Total SCF energy = -108.0265316535195

Nuclear repulsion energy = 9.113227198333581
#electrons        = 14
1e energy kinetic = 107.3356191842498362
1e energy N-e     = -272.1608486977716552
1e energy         = -164.8252295135217196
2e energy         = 47.6854706616687523
writing orbitals and density to disk ... done.

Total Time taken for Hartree-Fock: 0.24 secs

CD Options
{
 debug            = false
 skip_cd          = [false,100]
 write_cv         = [false,5000]
 diagtol          = 1e-14
 itilesize        = 1000
 max_cvecs_factor = 1000
}

- #occupied, #virtual = 14, 42

- Tilesize for the MSO space: 40

-----------------------------------------------------
Begin 2-index transformation ... 

nAO, nMO, nelectrons = 28, 56, 14
n_occ_alpha, n_vir_alpha, n_occ_beta, n_vir_beta = 7,21,7,21

Time taken for Fao->Fmo transform: 0.00 secs

-----------------------------------------------------
Number of AO tiles = 12
# of {all,non-negligible} shell-pairs = {78,78}

    Begin Cholesky Decomposition
---------------------------------------------
Total # of mpi ranks used for Cholesky decomposition: 8
  --> Number of nodes, mpi ranks per node: 1, 8
- CPU memory required for computing cholesky vectors: 0.00 GiB

- Time for computing the diagonal: 0.00 secs

- Total number of cholesky vectors = 295

- Time to compute cholesky vectors: 0.14 secs

- CPU memory required for resizing the ao cholesky tensor: 0.01 GiB
- CPU memory required for ao2mo transformation: 0.01 GiB
- CPU memory required for the 2-step contraction: 0.01 GiB

- Time for ao to mo transform: 0.01 secs

   End Cholesky Decomposition
---------------------------------------------

Total Time taken for Cholesky Decomposition: 0.17 secs

scf_type = restricted
Closed-Shell SCF
nbf = 28
nbf_orig = 28
n_lindep = 0
focc = 1
nmo = 56
nocc = 14
nvir = 42
n_occ_alpha = 7
n_vir_alpha = 21
n_occ_beta = 7
n_vir_beta = 21
nelectrons = 14
nelectrons_alpha = 7
nelectrons_beta = 7
n_frozen_core = 0
n_frozen_virtual = 0
----------------------------

Total CPU memory required for Closed Shell Cholesky CCSD calculation: 0.01 GiB


 CCSD iterations
------------------------------------------------------------
  Iter     Residuum          Correlation          Time(s)
------------------------------------------------------------
   1     0.5190077674841    0.0000000000000         0.02
   2     0.5403294326148   -1.2588774601877         0.02
   3     1.1292917636930    0.4376480756934         0.02
   4     1.7216021534117   -2.9280915793215         0.02
   5     2.5504696662072    1.8261290643077         0.02
 MICROCYCLE DIIS UPDATE:                    6
   6     0.1395069598777   -0.7611392940112         0.02
   7     0.3153782355890   -0.3312134793993         0.01
   8     0.4967138159953   -1.2142932450921         0.02
   9     0.9578809744837    0.2450665379734         0.01
  10     1.5706214131240   -2.5308452549855         0.01
 MICROCYCLE DIIS UPDATE:                   11
  11     0.0515262123115   -0.6879301857859         0.02
  12     0.1428961413933   -0.5458169661385         0.01
  13     0.1721612192260   -0.8859266203910         0.01
  14     0.3869424797815   -0.3685860142687         0.01
  15     0.6178818801202   -1.3731201151838         0.01
 MICROCYCLE DIIS UPDATE:                   16
  16     0.0412876905431   -0.7187423597289         0.01
  17     0.1265283679902   -0.6272824655220         0.02
  18     0.1205173170742   -0.8926254568596         0.01
  19     0.2846956020359   -0.5463901876041         0.02
  20     0.3978964883888   -1.2157504891054         0.02
 MICROCYCLE DIIS UPDATE:                   21
  21     0.0363371506585   -0.7805075139633         0.02
  22     0.1197607464077   -0.7145645693784         0.02
  23     0.0984691431373   -0.9475642655667         0.02
  24     0.2092420903017   -0.6941425983879         0.02
  25     0.2531582835682   -1.1446625889326         0.01
 MICROCYCLE DIIS UPDATE:                   26
  26     0.0223380487648   -0.8866349129562         0.02
  27     0.0773472792355   -0.8502867961976         0.02
  28     0.0630587253890   -0.9962061619121         0.02
  29     0.0924599592272   -0.8629403973544         0.02
  30     0.0921533368279   -1.0423332721361         0.01
 MICROCYCLE DIIS UPDATE:                   31
  31     0.0045100800858   -0.9629802779771         0.02
  32     0.0037952523212   -0.9629295920199         0.02
  33     0.0017753128949   -0.9680165518562         0.02
  34     0.0023742000486   -0.9652682236514         0.02
  35     0.0018718406775   -0.9693517365407         0.01
 MICROCYCLE DIIS UPDATE:                   36
  36     0.0001144570171   -0.9680699329754         0.02
  37     0.0001482352860   -0.9681101080798         0.02
  38     0.0001788932656   -0.9678798427747         0.02
  39     0.0002134170883   -0.9681856971846         0.02
  40     0.0002295372779   -0.9677962933769         0.01
 MICROCYCLE DIIS UPDATE:                   41
  41     0.0000095885997   -0.9679974878292         0.02
  42     0.0000050469895   -0.9679982905308         0.01
  43     0.0000036858043   -0.9679984694864         0.02
  44     0.0000030349789   -0.9680001062136         0.01
  45     0.0000028425349   -0.9679970838588         0.01
 MICROCYCLE DIIS UPDATE:                   46
  46     0.0000007314256   -0.9679990761724         0.02
  47     0.0000004064005   -0.9679991725657         0.01
  48     0.0000003382022   -0.9679987819483         0.01
  49     0.0000003672157   -0.9679992113434         0.01
  50     0.0000003889514   -0.9679985922605         0.01
 MICROCYCLE DIIS UPDATE:                   51
  51     0.0000000640630   -0.9679988965130         0.01
  52     0.0000000536464   -0.9679988991769         0.01
  53     0.0000001102487   -0.9679989213350         0.01
  54     0.0000003016744   -0.9679988897091         0.01
  55     0.0000008491315   -0.9679989300745         0.01
 MICROCYCLE DIIS UPDATE:                   56
  56     0.0000000084420   -0.9679989081338         0.01
------------------------------------------------------------------
 Iterations converged
 CCSD correlation energy / hartree =        -0.967998908133778
 CCSD total energy / hartree       =      -108.994530561653235

Time taken for Closed Shell Cholesky CCSD: 1.06 secs

Executing DUCC routine
======================
Number of active occupied alpha = 7
Number of active occupied beta  = 7
Number of active virtual alpha  = 12
Number of active virtual beta   = 12
ducc_lvl = 1

Full SCF Energy: -108.026531653519
Bare SCF Energy: -108.026531646828
Frozen Core Energy: -0.000000006691

DUCC: Time taken to compute Bare Hamiltonian: 0.00 secs
Bare Active Space SCF Energy: -108.026531646828

DUCC: Time taken to compute single commutator of F and V and double commutator of F: 0.25 secs
Fully Contracted Scalar: -0.059433784838

DUCC SCF energy: -108.085965431666
Total Energy Shift: -0.000000006691

DUCC: Total compute time: 0.26 secs

DUCC: Time to write results: 0.05 secs
DUCC Memory Stats
-----------------
allocation count: 876
deallocation count: 875
total memory allocated: 0.280273 GiB
total memory deallocated: 0.280272 GiB
maximum memory in single allocation: 0.008694 GiB
maximum memory consumption: 0.066854 GiB
