
ExaChem Git Information
{
 Branch: main
 Commit Hash: bd25dab [bd25dab8406e69b11ad8def9900a8eea7bb8d543]
 Commit Date: 2025-01-30 14:42:33 -0800
 Commit Message: Fixes ECP handling for multiple atoms

 WARNING: The following ExaChem sources have uncommitted changes at build-time.

 M exachem/cc/ducc/ducc-t_ccsd.cpp

diff --git a/exachem/cc/ducc/ducc-t_ccsd.cpp b/exachem/cc/ducc/ducc-t_ccsd.cpp
index 16950f2..85b1230 100644
--- a/exachem/cc/ducc/ducc-t_ccsd.cpp
+++ b/exachem/cc/ducc/ducc-t_ccsd.cpp
@@ -2036 +2036 @@ void DUCC_T_CCSD_Driver(ChemEnv& chem_env, ExecutionContext& ec, const TiledInde
-  if(rank == 0 && ducc_lvl > 0) {
+  if(rank == 0) {

}


TAMM Git Information
{
 Branch: main
 Commit Hash: 1c9868cf [1c9868cfbfc8bad3586dd21e36f2519cff1fe55a]
 Commit Date: 2024-12-19 12:23:01 -0800
 Commit Message: minor update to print_vector
}


date: Thu Feb  6 15:20:37 2025
program: "/hpc/home/baum612/code/exachem-dev/build/methods_stage/hpc/home/baum612/code/tamm_install/methods/ExaChem"
nnodes: 1, nproc_per_node: 8, nproc_total: 8, 
Memory information
{
[Intel(R) Xeon(R) Platinum 8276M CPU @ 2.20GHz] : 
  CPU memory per node (GiB): 6046
  Total CPU memory (GiB): 6046
}

------------------------------------------------------------

Input file provided: /hpc/home/baum612/TESTS/DUCC-Hamiltonian-Library/N2/cc-pVDZ/AllElectronCCSD-14Elec-23Orbs/2.6_Eq-5.3768au/DUCC3/N2.json

{
  "geometry": {
    "coordinates": [
      "N  0.000000  0.000000  0.000000",
      "N  0.000000  0.000000  5.3768"
    ],
    "units": "bohr"
  },
  "basis": {
    "basisset": "cc-pvdz"
  },
  "common": {
    "file_prefix": "N2",
    "maxiter": 100
  },
  "SCF": {
    "tol_int": 1e-16,
    "tol_lindep": 1e-09,
    "conve": 1e-10,
    "convd": 1e-09,
    "diis_hist": 10,
    "charge": 0,
    "multiplicity": 1,
    "restart": false,
    "scf_type": "restricted",
    "writem": 10
  },
  "CD": {
    "diagtol": 1e-14,
    "max_cvecs": 1000
  },
  "CC": {
    "threshold": 1e-08,
    "ndiis": 5,
    "writet": false,
    "ccsd_maxiter": 100,
    "lshift": 0.1,
    "nactive_oa": 7,
    "nactive_ob": 7,
    "nactive_va": 16,
    "nactive_vb": 16,
    "ducc_lvl": 2
  },
  "TASK": {
    "ducc": true
  }
}

Output folder & files prefix: N2.cc-pvdz

Printing Internal Coordinates

------------------------------------------------------------
                Bond Lengths

i      j        Length (Angstroms)     Length (Bohr)
0      1          2.8452800257         5.3768000000

Number of Angles: 0
Number of Torsional Angles: 0


----------------------------------------------------------------------
                          Center of Mass

         x               y               z              Unit
               0               0     1.422640013      Angstrom
               0               0          2.6884          Bohr

----------------------------------------------------------------------
                Moment of Inertia Tensor

           202.414                 0                 0
                 0           202.414                 0
                 0                 0                 0

----------------------------------------------------------------------
                      Principal Moments of Inertia

           x                 y                 z                Unit
                 0       56.68175574       56.68175574       amu * ang^2
                 0       202.4142245       202.4142245      amu * bohr^2
  0.0000000000e+00  9.4122334021e-39  9.4122334021e-39          g * cm^2

 - Molecule is diatomic.

----------------------------------------------------------------------

         Rotational constants (MHz)

    A = inf        B = 8.9161e+03        C = 8.9161e+03

----------------------------------------------------------------------

        Rotational constants (cm-1)

    A = inf        B = 2.9741e-01        C = 2.9741e-01

----------------------------------------------------------------------

                                Z-Matrix
N   
N        1          5.3768

----------------------------------------------------------------------

             Converted back to Cartesian

N        0.000000      0.000000      0.000000
N        0.000000      0.000000      5.376800

----------------------------------------------------------------------
                       Geometry in bohr 

1     N       0.0000000000    0.0000000000    0.0000000000
2     N       0.0000000000    0.0000000000    5.3768000000
Resetting xc_basis_tol to 1e-10

 Number of nodes, processes per node used for SCF calculation: 1, 8

Common Options
{
 maxiter    = 100
 basis      = cc-pvdz spherical
 geom_units = bohr
 natoms_max = 30
 debug      = false
 file_prefix    = N2
}

SCF Options
{
 charge            = 0
 multiplicity      = 1
 level shift       = 0
 tol_int           = 1e-16
 tol_sch           = 1e-12
 tol_lindep        = 1e-09
 conve             = 1e-10
 convd             = 1e-09
 diis_hist         = 10
 AO_tilesize       = 30
 writem            = 10
 damp              = 100
 n_lindep          = 0
 scf_type          = restricted
 direct_df         = false
 restart_size      = 2000
 restart           = false
 debug             = false
}

Number of basis functions = 28

Total number of shells = 12

Total number of electrons = 14
  # of alpha electrons    = 7
  # of beta electons      = 7

Nuclear repulsion energy  = 9.11322719833358

# of {all,non-negligible} shell-pairs = {78,78}
Number of AO tiles = 12

Time for initial setup: 0.00 secs
HF exch = 1.00

Time for computing 1-e integrals T, V, S: 0.00 secs
Time for computing orthogonalizer: 0.00 secs

Superposition of Atomic Density Guess ...
Time taken for SAD: 0.03 secs
Total Time to compute initial guess: 0.03 secs


 SCF iterations
-----------------------------------------------------------------------------
 Iter     Energy            E-Diff       RMSD        |[F,P]|^2       Time(s)
-----------------------------------------------------------------------------
   1  -107.6627104403    -1.08e+02     5.57e-02     7.28e-03         0.0 
   2  -108.0238243998    -3.61e-01     1.19e-03     1.35e-02         0.0 
   3  -108.0251241537    -1.30e-03     2.18e-03     7.14e-03         0.0 
   4  -108.0264208422    -1.30e-03     8.28e-04     5.45e-04         0.0 
   5  -108.0265315543    -1.11e-04     2.17e-05     5.19e-07         0.0 
   6  -108.0265316515    -9.72e-08     3.93e-06     1.21e-08         0.0 
   7  -108.0265316534    -1.89e-09     9.84e-07     6.52e-10         0.0 
   8  -108.0265316535    -1.32e-10     8.73e-08     6.58e-12         0.0 
   9  -108.0265316535    -1.21e-12     1.85e-08     3.03e-12         0.0 
  10  -108.0265316535    -1.71e-13     7.11e-09     6.31e-13         0.0 
<DIIS> Singularity in Pulay matrix detected.
<DIIS> Singularity in Pulay matrix detected.
  11  -108.0265316535     8.53e-14     5.03e-10     1.72e-16         0.0 

** Total SCF energy = -108.0265316535193

Nuclear repulsion energy = 9.113227198333581
#electrons        = 14
1e energy kinetic = 107.3356191842498362
1e energy N-e     = -272.1608486977715984
1e energy         = -164.8252295135217764
2e energy         = 47.6854706616687878
writing orbitals and density to disk ... done.

Total Time taken for Hartree-Fock: 0.24 secs

CD Options
{
 debug            = false
 skip_cd          = [false,100]
 write_cv         = [false,5000]
 diagtol          = 1e-14
 itilesize        = 1000
 max_cvecs_factor = 1000
}

- #occupied, #virtual = 14, 42

- Tilesize for the MSO space: 40

-----------------------------------------------------
Begin 2-index transformation ... 

nAO, nMO, nelectrons = 28, 56, 14
n_occ_alpha, n_vir_alpha, n_occ_beta, n_vir_beta = 7,21,7,21

Time taken for Fao->Fmo transform: 0.00 secs

-----------------------------------------------------
Number of AO tiles = 12
# of {all,non-negligible} shell-pairs = {78,78}

    Begin Cholesky Decomposition
---------------------------------------------
Total # of mpi ranks used for Cholesky decomposition: 8
  --> Number of nodes, mpi ranks per node: 1, 8
- CPU memory required for computing cholesky vectors: 0.00 GiB

- Time for computing the diagonal: 0.00 secs

- Total number of cholesky vectors = 295

- Time to compute cholesky vectors: 0.14 secs

- CPU memory required for resizing the ao cholesky tensor: 0.01 GiB
- CPU memory required for ao2mo transformation: 0.01 GiB
- CPU memory required for the 2-step contraction: 0.01 GiB

- Time for ao to mo transform: 0.01 secs

   End Cholesky Decomposition
---------------------------------------------

Total Time taken for Cholesky Decomposition: 0.18 secs

scf_type = restricted
Closed-Shell SCF
nbf = 28
nbf_orig = 28
n_lindep = 0
focc = 1
nmo = 56
nocc = 14
nvir = 42
n_occ_alpha = 7
n_vir_alpha = 21
n_occ_beta = 7
n_vir_beta = 21
nelectrons = 14
nelectrons_alpha = 7
nelectrons_beta = 7
n_frozen_core = 0
n_frozen_virtual = 0
----------------------------

Total CPU memory required for Closed Shell Cholesky CCSD calculation: 0.01 GiB


 CCSD iterations
------------------------------------------------------------
  Iter     Residuum          Correlation          Time(s)
------------------------------------------------------------
   1     0.5190077674842    0.0000000000000         0.02
   2     0.5403294326150   -1.2588774601883         0.02
   3     1.1292917636941    0.4376480756943         0.02
   4     1.7216021534137   -2.9280915793250         0.02
   5     2.5504696662100    1.8261290643103         0.02
 MICROCYCLE DIIS UPDATE:                    6
   6     0.1412950980654   -0.7655840937385         0.02
   7     0.3198671571846   -0.3278515574000         0.02
   8     0.5048663521064   -1.2237325834632         0.02
   9     0.9700098386499    0.2566694274645         0.02
  10     1.5859876337729   -2.5563602135495         0.02
 MICROCYCLE DIIS UPDATE:                   11
  11     0.0511112494771   -0.6894099745131         0.02
  12     0.1428285921655   -0.5473750415340         0.02
  13     0.1716936084390   -0.8866837267611         0.02
  14     0.3858318372368   -0.3713796373498         0.02
  15     0.6153200169199   -1.3713253396604         0.02
 MICROCYCLE DIIS UPDATE:                   16
  16     0.0409843214054   -0.7201962678389         0.02
  17     0.1263757729487   -0.6289401203744         0.02
  18     0.1199511198905   -0.8934493645941         0.02
  19     0.2832363711071   -0.5493446620837         0.02
  20     0.3947701631042   -1.2140634808039         0.02
 MICROCYCLE DIIS UPDATE:                   21
  21     0.0360681572492   -0.7820418790659         0.02
  22     0.1193810863322   -0.7163263361749         0.02
  23     0.0979329793662   -0.9483016010042         0.02
  24     0.2075438338196   -0.6968120908760         0.02
  25     0.2503636233237   -1.1430013452536         0.02
 MICROCYCLE DIIS UPDATE:                   26
  26     0.0219936937983   -0.8883008024599         0.02
  27     0.0761022013551   -0.8525493193357         0.02
  28     0.0619624714159   -0.9959936869517         0.02
  29     0.0904455283881   -0.8653652042860         0.02
  30     0.0898359531289   -1.0405560103578         0.02
 MICROCYCLE DIIS UPDATE:                   31
  31     0.0043856206214   -0.9633490449213         0.02
  32     0.0034551429969   -0.9634429166259         0.02
  33     0.0015010346679   -0.9677993847114         0.02
  34     0.0019723224612   -0.9656899300424         0.02
  35     0.0015016368523   -0.9690247335963         0.02
 MICROCYCLE DIIS UPDATE:                   36
  36     0.0001048636218   -0.9680526919402         0.02
  37     0.0001182799175   -0.9680718005204         0.02
  38     0.0001427919920   -0.9679092368146         0.02
  39     0.0001705698641   -0.9681434296595         0.02
  40     0.0001865524487   -0.9678355319977         0.02
 MICROCYCLE DIIS UPDATE:                   41
  41     0.0000086455769   -0.9679975449052         0.02
  42     0.0000047063473   -0.9679978183063         0.02
  43     0.0000033836156   -0.9679985727776         0.02
  44     0.0000027722126   -0.9679997965804         0.02
  45     0.0000025798152   -0.9679972827672         0.02
 MICROCYCLE DIIS UPDATE:                   46
  46     0.0000007079330   -0.9679990926109         0.02
  47     0.0000003707324   -0.9679991768588         0.02
  48     0.0000002782530   -0.9679988338552         0.02
  49     0.0000002745165   -0.9679991433522         0.02
  50     0.0000002759759   -0.9679986923744         0.02
 MICROCYCLE DIIS UPDATE:                   51
  51     0.0000000598011   -0.9679988929591         0.02
  52     0.0000000487009   -0.9679988978859         0.02
  53     0.0000000972197   -0.9679989209736         0.02
  54     0.0000002644320   -0.9679988894220         0.02
  55     0.0000007426072   -0.9679989295459         0.02
 MICROCYCLE DIIS UPDATE:                   56
  56     0.0000000075071   -0.9679989091069         0.02
------------------------------------------------------------------
 Iterations converged
 CCSD correlation energy / hartree =        -0.967998909106928
 CCSD total energy / hartree       =      -108.994530562626267

Time taken for Closed Shell Cholesky CCSD: 1.27 secs

Executing DUCC routine
======================
Number of active occupied alpha = 7
Number of active occupied beta  = 7
Number of active virtual alpha  = 16
Number of active virtual beta   = 16
ducc_lvl = 2

Full SCF Energy: -108.026531653519
Bare SCF Energy: -108.026531646842
Frozen Core Energy: -0.000000006677

DUCC: Time taken to compute Bare Hamiltonian: 0.00 secs
Bare Active Space SCF Energy: -108.026531646842

DUCC: Time taken to compute single commutator of F and V and double commutator of F: 0.33 secs

DUCC: Time taken to compute double commutator of V and triple commutator of F: 5.18 secs
Fully Contracted Scalar: -0.040028567483

DUCC SCF energy: -108.073871168902
Total Energy Shift: 0.007310947900

DUCC: Total compute time: 5.51 secs

DUCC: Time to write results: 0.10 secs
DUCC Memory Stats
-----------------
allocation count: 3838
deallocation count: 3837
total memory allocated: 4.663727 GiB
total memory deallocated: 4.663726 GiB
maximum memory in single allocation: 0.013458 GiB
maximum memory consumption: 0.887899 GiB
