
ExaChem Git Information
{
 Branch: main
 Commit Hash: bd25dab [bd25dab8406e69b11ad8def9900a8eea7bb8d543]
 Commit Date: 2025-01-30 14:42:33 -0800
 Commit Message: Fixes ECP handling for multiple atoms

 WARNING: The following ExaChem sources have uncommitted changes at build-time.

 M exachem/cc/ducc/ducc-t_ccsd.cpp

diff --git a/exachem/cc/ducc/ducc-t_ccsd.cpp b/exachem/cc/ducc/ducc-t_ccsd.cpp
index 16950f2..85b1230 100644
--- a/exachem/cc/ducc/ducc-t_ccsd.cpp
+++ b/exachem/cc/ducc/ducc-t_ccsd.cpp
@@ -2036 +2036 @@ void DUCC_T_CCSD_Driver(ChemEnv& chem_env, ExecutionContext& ec, const TiledInde
-  if(rank == 0 && ducc_lvl > 0) {
+  if(rank == 0) {

}


TAMM Git Information
{
 Branch: main
 Commit Hash: 1c9868cf [1c9868cfbfc8bad3586dd21e36f2519cff1fe55a]
 Commit Date: 2024-12-19 12:23:01 -0800
 Commit Message: minor update to print_vector
}


date: Thu Feb  6 15:00:32 2025
program: "/hpc/home/baum612/code/exachem-dev/build/methods_stage/hpc/home/baum612/code/tamm_install/methods/ExaChem"
nnodes: 1, nproc_per_node: 8, nproc_total: 8, 
Memory information
{
[Intel(R) Xeon(R) Platinum 8276M CPU @ 2.20GHz] : 
  CPU memory per node (GiB): 6046
  Total CPU memory (GiB): 6046
}

------------------------------------------------------------

Input file provided: /hpc/home/baum612/TESTS/DUCC-Hamiltonian-Library/N2/cc-pVDZ/AllElectronCCSD-14Elec-13Orbs/2.0_Eq-4.1360au/DUCC3/N2.json

{
  "geometry": {
    "coordinates": [
      "N  0.000000  0.000000  0.000000",
      "N  0.000000  0.000000  4.1360"
    ],
    "units": "bohr"
  },
  "basis": {
    "basisset": "cc-pvdz"
  },
  "common": {
    "file_prefix": "N2",
    "maxiter": 100
  },
  "SCF": {
    "tol_int": 1e-16,
    "tol_lindep": 1e-09,
    "conve": 1e-10,
    "convd": 1e-09,
    "diis_hist": 10,
    "charge": 0,
    "multiplicity": 1,
    "restart": false,
    "scf_type": "restricted",
    "writem": 10
  },
  "CD": {
    "diagtol": 1e-14,
    "max_cvecs": 1000
  },
  "CC": {
    "threshold": 1e-08,
    "ndiis": 5,
    "writet": false,
    "ccsd_maxiter": 100,
    "lshift": 0.1,
    "nactive_oa": 7,
    "nactive_ob": 7,
    "nactive_va": 6,
    "nactive_vb": 6,
    "ducc_lvl": 2
  },
  "TASK": {
    "ducc": true
  }
}

Output folder & files prefix: N2.cc-pvdz

Printing Internal Coordinates

------------------------------------------------------------
                Bond Lengths

i      j        Length (Angstroms)     Length (Bohr)
0      1          2.1886769428         4.1360000000

Number of Angles: 0
Number of Torsional Angles: 0


----------------------------------------------------------------------
                          Center of Mass

         x               y               z              Unit
               0               0     1.094338471      Angstrom
               0               0           2.068          Bohr

----------------------------------------------------------------------
                Moment of Inertia Tensor

           119.772                 0                 0
                 0           119.772                 0
                 0                 0                 0

----------------------------------------------------------------------
                      Principal Moments of Inertia

           x                 y                 z                Unit
                 0       33.53950044       33.53950044       amu * ang^2
                 0       119.7717305       119.7717305      amu * bohr^2
  0.0000000000e+00  5.5693688770e-39  5.5693688770e-39          g * cm^2

 - Molecule is diatomic.

----------------------------------------------------------------------

         Rotational constants (MHz)

    A = inf        B = 1.5068e+04        C = 1.5068e+04

----------------------------------------------------------------------

        Rotational constants (cm-1)

    A = inf        B = 5.0262e-01        C = 5.0262e-01

----------------------------------------------------------------------

                                Z-Matrix
N   
N        1           4.136

----------------------------------------------------------------------

             Converted back to Cartesian

N        0.000000      0.000000      0.000000
N        0.000000      0.000000      4.136000

----------------------------------------------------------------------
                       Geometry in bohr 

1     N       0.0000000000    0.0000000000    0.0000000000
2     N       0.0000000000    0.0000000000    4.1360000000
Resetting xc_basis_tol to 1e-10

 Number of nodes, processes per node used for SCF calculation: 1, 8

Common Options
{
 maxiter    = 100
 basis      = cc-pvdz spherical
 geom_units = bohr
 natoms_max = 30
 debug      = false
 file_prefix    = N2
}

SCF Options
{
 charge            = 0
 multiplicity      = 1
 level shift       = 0
 tol_int           = 1e-16
 tol_sch           = 1e-12
 tol_lindep        = 1e-09
 conve             = 1e-10
 convd             = 1e-09
 diis_hist         = 10
 AO_tilesize       = 30
 writem            = 10
 damp              = 100
 n_lindep          = 0
 scf_type          = restricted
 direct_df         = false
 restart_size      = 2000
 restart           = false
 debug             = false
}

Number of basis functions = 28

Total number of shells = 12

Total number of electrons = 14
  # of alpha electrons    = 7
  # of beta electons      = 7

Nuclear repulsion energy  = 11.8471953578337

# of {all,non-negligible} shell-pairs = {78,78}
Number of AO tiles = 12

Time for initial setup: 0.00 secs
HF exch = 1.00

Time for computing 1-e integrals T, V, S: 0.00 secs
Time for computing orthogonalizer: 0.00 secs

Superposition of Atomic Density Guess ...
Time taken for SAD: 0.03 secs
Total Time to compute initial guess: 0.03 secs


 SCF iterations
-----------------------------------------------------------------------------
 Iter     Energy            E-Diff       RMSD        |[F,P]|^2       Time(s)
-----------------------------------------------------------------------------
   1  -107.7252845677    -1.08e+02     5.34e-02     2.72e-01         0.0 
   2  -108.2329332055    -5.08e-01     3.74e-03     2.86e-02         0.0 
   3  -108.2370073226    -4.07e-03     1.40e-03     3.83e-03         0.0 
   4  -108.2376249986    -6.18e-04     5.91e-04     3.75e-04         0.0 
   5  -108.2376912529    -6.63e-05     2.40e-05     8.87e-07         0.0 
   6  -108.2376913625    -1.10e-07     5.48e-06     2.75e-08         0.0 
   7  -108.2376913669    -4.32e-09     3.89e-07     1.56e-10         0.0 
   8  -108.2376913669    -2.89e-11     3.50e-08     5.93e-13         0.0 
   9  -108.2376913669    -1.42e-13     2.86e-09     8.09e-15         0.0 
  10  -108.2376913669     1.42e-14     1.24e-09     1.41e-14         0.0 
<DIIS> Singularity in Pulay matrix detected.
  11  -108.2376913669     4.26e-14     4.62e-10     1.32e-15         0.0 

** Total SCF energy = -108.2376913668918

Nuclear repulsion energy = 11.847195357833655
#electrons        = 14
1e energy kinetic = 107.1525136249872077
1e energy N-e     = -277.4854468089807256
1e energy         = -170.3329331839934753
2e energy         = 50.2480464592680462
writing orbitals and density to disk ... done.

Total Time taken for Hartree-Fock: 0.24 secs

CD Options
{
 debug            = false
 skip_cd          = [false,100]
 write_cv         = [false,5000]
 diagtol          = 1e-14
 itilesize        = 1000
 max_cvecs_factor = 1000
}

- #occupied, #virtual = 14, 42

- Tilesize for the MSO space: 40

-----------------------------------------------------
Begin 2-index transformation ... 

nAO, nMO, nelectrons = 28, 56, 14
n_occ_alpha, n_vir_alpha, n_occ_beta, n_vir_beta = 7,21,7,21

Time taken for Fao->Fmo transform: 0.00 secs

-----------------------------------------------------
Number of AO tiles = 12
# of {all,non-negligible} shell-pairs = {78,78}

    Begin Cholesky Decomposition
---------------------------------------------
Total # of mpi ranks used for Cholesky decomposition: 8
  --> Number of nodes, mpi ranks per node: 1, 8
- CPU memory required for computing cholesky vectors: 0.00 GiB

- Time for computing the diagonal: 0.00 secs

- Total number of cholesky vectors = 784

- Time to compute cholesky vectors: 0.41 secs

- CPU memory required for resizing the ao cholesky tensor: 0.01 GiB
- CPU memory required for ao2mo transformation: 0.01 GiB
- CPU memory required for the 2-step contraction: 0.02 GiB

- Time for ao to mo transform: 0.03 secs

   End Cholesky Decomposition
---------------------------------------------

Total Time taken for Cholesky Decomposition: 0.47 secs

scf_type = restricted
Closed-Shell SCF
nbf = 28
nbf_orig = 28
n_lindep = 0
focc = 1
nmo = 56
nocc = 14
nvir = 42
n_occ_alpha = 7
n_vir_alpha = 21
n_occ_beta = 7
n_vir_beta = 21
nelectrons = 14
nelectrons_alpha = 7
nelectrons_beta = 7
n_frozen_core = 0
n_frozen_virtual = 0
----------------------------

Total CPU memory required for Closed Shell Cholesky CCSD calculation: 0.03 GiB


 CCSD iterations
------------------------------------------------------------
  Iter     Residuum          Correlation          Time(s)
------------------------------------------------------------
   1     0.4926803446628    0.0000000000000         0.04
   2     0.2983493631183   -0.8221075540046         0.04
   3     0.3582427305703   -0.2130274478002         0.04
   4     0.3547632605113   -0.9193552783082         0.04
   5     0.4184845565371   -0.1868400121680         0.04
 MICROCYCLE DIIS UPDATE:                    6
   6     0.0329343227117   -0.5716375693071         0.04
   7     0.0459472773179   -0.5392304344169         0.04
   8     0.0265038809857   -0.5956521645317         0.04
   9     0.0471370989357   -0.5537625885221         0.04
  10     0.0270395242521   -0.6186813804179         0.04
 MICROCYCLE DIIS UPDATE:                   11
  11     0.0209072084041   -0.6540776580787         0.04
  12     0.0170488910641   -0.6808106583653         0.04
  13     0.0219133935833   -0.6519447457855         0.04
  14     0.0161092165339   -0.6855770408733         0.04
  15     0.0209735118587   -0.6557129582395         0.04
 MICROCYCLE DIIS UPDATE:                   16
  16     0.0024524163704   -0.6768373143749         0.04
  17     0.0046730562924   -0.6744089596083         0.04
  18     0.0021208788613   -0.6801565273888         0.04
  19     0.0040013913790   -0.6766999405517         0.04
  20     0.0020045345584   -0.6820498826195         0.04
 MICROCYCLE DIIS UPDATE:                   21
  21     0.0007211459856   -0.6832968954123         0.04
  22     0.0008797684363   -0.6828804110819         0.03
  23     0.0004030668121   -0.6838559220623         0.03
  24     0.0007287011997   -0.6833114364723         0.04
  25     0.0003385115295   -0.6842123605300         0.03
 MICROCYCLE DIIS UPDATE:                   26
  26     0.0001151169362   -0.6846434062728         0.03
  27     0.0001350814883   -0.6845931552993         0.04
  28     0.0000605358195   -0.6847453836712         0.04
  29     0.0001047287548   -0.6846632608014         0.03
  30     0.0000500369428   -0.6847991256767         0.03
 MICROCYCLE DIIS UPDATE:                   31
  31     0.0000231653826   -0.6848200725234         0.04
  32     0.0000285687218   -0.6848085966808         0.04
  33     0.0000137103684   -0.6848357304370         0.04
  34     0.0000217882239   -0.6848251977483         0.03
  35     0.0000098407115   -0.6848486842618         0.04
 MICROCYCLE DIIS UPDATE:                   36
  36     0.0000017209316   -0.6848753359204         0.04
  37     0.0000016955878   -0.6848743995316         0.04
  38     0.0000008084155   -0.6848765156617         0.04
  39     0.0000013599872   -0.6848751040140         0.04
  40     0.0000007812666   -0.6848770407783         0.04
 MICROCYCLE DIIS UPDATE:                   41
  41     0.0000002307920   -0.6848768139780         0.04
  42     0.0000003348143   -0.6848766566961         0.03
  43     0.0000001558546   -0.6848770188595         0.04
  44     0.0000002762153   -0.6848768408362         0.04
  45     0.0000001338663   -0.6848771666567         0.03
 MICROCYCLE DIIS UPDATE:                   46
  46     0.0000000515922   -0.6848773647651         0.04
  47     0.0000000628899   -0.6848773401237         0.03
  48     0.0000000438537   -0.6848774085916         0.03
  49     0.0000000809072   -0.6848773709286         0.03
  50     0.0000001246982   -0.6848774317452         0.04
 MICROCYCLE DIIS UPDATE:                   51
  51     0.0000000127065   -0.6848774278049         0.04
  52     0.0000000178430   -0.6848774200051         0.03
  53     0.0000000083967   -0.6848774391416         0.04
------------------------------------------------------------------
 Iterations converged
 CCSD correlation energy / hartree =        -0.684877439141594
 CCSD total energy / hartree       =      -108.922568806033340

Time taken for Closed Shell Cholesky CCSD: 2.16 secs

Executing DUCC routine
======================
Number of active occupied alpha = 7
Number of active occupied beta  = 7
Number of active virtual alpha  = 6
Number of active virtual beta   = 6
ducc_lvl = 2

Full SCF Energy: -108.237691366892
Bare SCF Energy: -108.237691367222
Frozen Core Energy: 0.000000000331

DUCC: Time taken to compute Bare Hamiltonian: 0.00 secs
Bare Active Space SCF Energy: -108.237691367222

DUCC: Time taken to compute single commutator of F and V and double commutator of F: 0.26 secs

DUCC: Time taken to compute double commutator of V and triple commutator of F: 4.43 secs
Fully Contracted Scalar: -0.179364254249

DUCC SCF energy: -108.427987875591
Total Energy Shift: 0.010932254450

DUCC: Total compute time: 4.68 secs

DUCC: Time to write results: 0.02 secs
DUCC Memory Stats
-----------------
allocation count: 3808
deallocation count: 3807
total memory allocated: 0.904748 GiB
total memory deallocated: 0.904748 GiB
maximum memory in single allocation: 0.009159 GiB
maximum memory consumption: 0.135295 GiB
