
ExaChem Git Information
{
 Branch: main
 Commit Hash: bd25dab [bd25dab8406e69b11ad8def9900a8eea7bb8d543]
 Commit Date: 2025-01-30 14:42:33 -0800
 Commit Message: Fixes ECP handling for multiple atoms

 WARNING: The following ExaChem sources have uncommitted changes at build-time.

 M exachem/cc/ducc/ducc-t_ccsd.cpp

diff --git a/exachem/cc/ducc/ducc-t_ccsd.cpp b/exachem/cc/ducc/ducc-t_ccsd.cpp
index 16950f2..85b1230 100644
--- a/exachem/cc/ducc/ducc-t_ccsd.cpp
+++ b/exachem/cc/ducc/ducc-t_ccsd.cpp
@@ -2036 +2036 @@ void DUCC_T_CCSD_Driver(ChemEnv& chem_env, ExecutionContext& ec, const TiledInde
-  if(rank == 0 && ducc_lvl > 0) {
+  if(rank == 0) {

}


TAMM Git Information
{
 Branch: main
 Commit Hash: 1c9868cf [1c9868cfbfc8bad3586dd21e36f2519cff1fe55a]
 Commit Date: 2024-12-19 12:23:01 -0800
 Commit Message: minor update to print_vector
}


date: Thu Feb  6 15:14:21 2025
program: "/hpc/home/baum612/code/exachem-dev/build/methods_stage/hpc/home/baum612/code/tamm_install/methods/ExaChem"
nnodes: 1, nproc_per_node: 8, nproc_total: 8, 
Memory information
{
[Intel(R) Xeon(R) Platinum 8276M CPU @ 2.20GHz] : 
  CPU memory per node (GiB): 6046
  Total CPU memory (GiB): 6046
}

------------------------------------------------------------

Input file provided: /hpc/home/baum612/TESTS/DUCC-Hamiltonian-Library/N2/cc-pVDZ/AllElectronCCSD-14Elec-23Orbs/2.5_Eq-5.1700au/DUCC3/N2.json

{
  "geometry": {
    "coordinates": [
      "N  0.000000  0.000000  0.000000",
      "N  0.000000  0.000000  5.1700"
    ],
    "units": "bohr"
  },
  "basis": {
    "basisset": "cc-pvdz"
  },
  "common": {
    "file_prefix": "N2",
    "maxiter": 100
  },
  "SCF": {
    "tol_int": 1e-16,
    "tol_lindep": 1e-09,
    "conve": 1e-10,
    "convd": 1e-09,
    "diis_hist": 10,
    "charge": 0,
    "multiplicity": 1,
    "restart": false,
    "scf_type": "restricted",
    "writem": 10
  },
  "CD": {
    "diagtol": 1e-14,
    "max_cvecs": 1000
  },
  "CC": {
    "threshold": 1e-08,
    "ndiis": 5,
    "writet": false,
    "ccsd_maxiter": 100,
    "lshift": 0.1,
    "nactive_oa": 7,
    "nactive_ob": 7,
    "nactive_va": 16,
    "nactive_vb": 16,
    "ducc_lvl": 2
  },
  "TASK": {
    "ducc": true
  }
}

Output folder & files prefix: N2.cc-pvdz

Printing Internal Coordinates

------------------------------------------------------------
                Bond Lengths

i      j        Length (Angstroms)     Length (Bohr)
0      1          2.7358461785         5.1700000000

Number of Angles: 0
Number of Torsional Angles: 0


----------------------------------------------------------------------
                          Center of Mass

         x               y               z              Unit
               0               0     1.367923089      Angstrom
               0               0           2.585          Bohr

----------------------------------------------------------------------
                Moment of Inertia Tensor

           187.143                 0                 0
                 0           187.143                 0
                 0                 0                 0

----------------------------------------------------------------------
                      Principal Moments of Inertia

           x                 y                 z                Unit
                 0       52.40546944       52.40546944       amu * ang^2
                 0       187.1433289       187.1433289      amu * bohr^2
  0.0000000000e+00  8.7021388703e-39  8.7021388703e-39          g * cm^2

 - Molecule is diatomic.

----------------------------------------------------------------------

         Rotational constants (MHz)

    A = inf        B = 9.6436e+03        C = 9.6436e+03

----------------------------------------------------------------------

        Rotational constants (cm-1)

    A = inf        B = 3.2168e-01        C = 3.2168e-01

----------------------------------------------------------------------

                                Z-Matrix
N   
N        1            5.17

----------------------------------------------------------------------

             Converted back to Cartesian

N        0.000000      0.000000      0.000000
N        0.000000      0.000000      5.170000

----------------------------------------------------------------------
                       Geometry in bohr 

1     N       0.0000000000    0.0000000000    0.0000000000
2     N       0.0000000000    0.0000000000    5.1700000000
Resetting xc_basis_tol to 1e-10

 Number of nodes, processes per node used for SCF calculation: 1, 8

Common Options
{
 maxiter    = 100
 basis      = cc-pvdz spherical
 geom_units = bohr
 natoms_max = 30
 debug      = false
 file_prefix    = N2
}

SCF Options
{
 charge            = 0
 multiplicity      = 1
 level shift       = 0
 tol_int           = 1e-16
 tol_sch           = 1e-12
 tol_lindep        = 1e-09
 conve             = 1e-10
 convd             = 1e-09
 diis_hist         = 10
 AO_tilesize       = 30
 writem            = 10
 damp              = 100
 n_lindep          = 0
 scf_type          = restricted
 direct_df         = false
 restart_size      = 2000
 restart           = false
 debug             = false
}

Number of basis functions = 28

Total number of shells = 12

Total number of electrons = 14
  # of alpha electrons    = 7
  # of beta electons      = 7

Nuclear repulsion energy  = 9.47775628626692

# of {all,non-negligible} shell-pairs = {78,78}
Number of AO tiles = 12

Time for initial setup: 0.00 secs
HF exch = 1.00

Time for computing 1-e integrals T, V, S: 0.00 secs
Time for computing orthogonalizer: 0.00 secs

Superposition of Atomic Density Guess ...
Time taken for SAD: 0.04 secs
Total Time to compute initial guess: 0.04 secs


 SCF iterations
-----------------------------------------------------------------------------
 Iter     Energy            E-Diff       RMSD        |[F,P]|^2       Time(s)
-----------------------------------------------------------------------------
   1  -107.6658511392    -1.08e+02     5.53e-02     1.25e-02         0.0 
   2  -108.0496252047    -3.84e-01     1.54e-03     1.52e-02         0.0 
   3  -108.0513301033    -1.70e-03     2.11e-03     6.80e-03         0.0 
   4  -108.0525492300    -1.22e-03     7.84e-04     5.03e-04         0.0 
   5  -108.0526506802    -1.01e-04     2.11e-05     5.18e-07         0.0 
   6  -108.0526507775    -9.73e-08     1.54e-06     2.68e-09         0.0 
   7  -108.0526507780    -5.19e-10     3.15e-07     4.80e-11         0.0 
   8  -108.0526507780    -1.19e-11     6.78e-08     4.65e-12         0.0 
   9  -108.0526507780    -3.41e-13     2.40e-08     6.05e-12         0.0 
  10  -108.0526507780    -3.13e-13     9.31e-09     6.60e-13         0.0 
<DIIS> Singularity in Pulay matrix detected.
<DIIS> Singularity in Pulay matrix detected.
  11  -108.0526507780    -4.26e-14     5.62e-10     2.35e-16         0.0 

** Total SCF energy = -108.0526507780281

Nuclear repulsion energy = 9.477756286266924
#electrons        = 14
1e energy kinetic = 107.3044111546170285
1e energy N-e     = -272.8584961137769369
1e energy         = -165.5540849591598374
2e energy         = 48.0236778948648890
writing orbitals and density to disk ... done.

Total Time taken for Hartree-Fock: 0.26 secs

CD Options
{
 debug            = false
 skip_cd          = [false,100]
 write_cv         = [false,5000]
 diagtol          = 1e-14
 itilesize        = 1000
 max_cvecs_factor = 1000
}

- #occupied, #virtual = 14, 42

- Tilesize for the MSO space: 40

-----------------------------------------------------
Begin 2-index transformation ... 

nAO, nMO, nelectrons = 28, 56, 14
n_occ_alpha, n_vir_alpha, n_occ_beta, n_vir_beta = 7,21,7,21

Time taken for Fao->Fmo transform: 0.00 secs

-----------------------------------------------------
Number of AO tiles = 12
# of {all,non-negligible} shell-pairs = {78,78}

    Begin Cholesky Decomposition
---------------------------------------------
Total # of mpi ranks used for Cholesky decomposition: 8
  --> Number of nodes, mpi ranks per node: 1, 8
- CPU memory required for computing cholesky vectors: 0.00 GiB

- Time for computing the diagonal: 0.00 secs

- Total number of cholesky vectors = 299

- Time to compute cholesky vectors: 0.14 secs

- CPU memory required for resizing the ao cholesky tensor: 0.01 GiB
- CPU memory required for ao2mo transformation: 0.01 GiB
- CPU memory required for the 2-step contraction: 0.01 GiB

- Time for ao to mo transform: 0.01 secs

   End Cholesky Decomposition
---------------------------------------------

Total Time taken for Cholesky Decomposition: 0.18 secs

scf_type = restricted
Closed-Shell SCF
nbf = 28
nbf_orig = 28
n_lindep = 0
focc = 1
nmo = 56
nocc = 14
nvir = 42
n_occ_alpha = 7
n_vir_alpha = 21
n_occ_beta = 7
n_vir_beta = 21
nelectrons = 14
nelectrons_alpha = 7
nelectrons_beta = 7
n_frozen_core = 0
n_frozen_virtual = 0
----------------------------

Total CPU memory required for Closed Shell Cholesky CCSD calculation: 0.01 GiB


 CCSD iterations
------------------------------------------------------------
  Iter     Residuum          Correlation          Time(s)
------------------------------------------------------------
   1     0.5149989421725    0.0000000000000         0.02
   2     0.4993016497517   -1.1854002470273         0.02
   3     0.9647996763456    0.2970963341296         0.02
   4     1.4173562483498   -2.4226532475717         0.02
   5     2.1084516370893    1.3972032942664         0.02
 MICROCYCLE DIIS UPDATE:                    6
   6     0.1254762744397   -0.7480947312810         0.02
   7     0.2693068130701   -0.3838224271039         0.02
   8     0.3879767105961   -1.0811102245194         0.02
   9     0.7083605868035   -0.0039988984668         0.02
  10     1.1300175099490   -1.8990476871279         0.02
 MICROCYCLE DIIS UPDATE:                   11
  11     0.0463828827285   -0.6854753611098         0.02
  12     0.1242649782725   -0.5698189279899         0.02
  13     0.1283386979725   -0.8377633358894         0.02
  14     0.2834263609116   -0.4723223176212         0.02
  15     0.3935741214871   -1.1442879776179         0.02
 MICROCYCLE DIIS UPDATE:                   16
  16     0.0364679012786   -0.7338773187923         0.02
  17     0.1039081295066   -0.6720714684104         0.02
  18     0.0777279655363   -0.8636824660743         0.02
  19     0.1825498959551   -0.6583863695803         0.02
  20     0.2042487312221   -1.0396771183597         0.02
 MICROCYCLE DIIS UPDATE:                   21
  21     0.0246359956155   -0.8438680319915         0.02
  22     0.0721587058519   -0.8111775293098         0.02
  23     0.0490175145420   -0.9371223915774         0.02
  24     0.0841198513788   -0.8318085446985         0.02
  25     0.0782374158167   -0.9902636474772         0.02
 MICROCYCLE DIIS UPDATE:                   26
  26     0.0048801276028   -0.9338035525602         0.02
  27     0.0025964030653   -0.9366793917036         0.02
  28     0.0026225434510   -0.9332776877503         0.02
  29     0.0020211167184   -0.9377079036636         0.02
  30     0.0021423682996   -0.9340197413446         0.02
 MICROCYCLE DIIS UPDATE:                   31
  31     0.0001397546759   -0.9360341310891         0.02
  32     0.0001384047722   -0.9359910227526         0.02
  33     0.0001056857275   -0.9362088222074         0.02
  34     0.0001312335472   -0.9360222010258         0.02
  35     0.0001165309096   -0.9362529662181         0.02
 MICROCYCLE DIIS UPDATE:                   36
  36     0.0000103358710   -0.9361602990819         0.02
  37     0.0000052502761   -0.9361575195683         0.02
  38     0.0000036482706   -0.9361586580572         0.02
  39     0.0000028184167   -0.9361554580725         0.02
  40     0.0000026424715   -0.9361586443200         0.02
 MICROCYCLE DIIS UPDATE:                   41
  41     0.0000007548958   -0.9361564341765         0.02
  42     0.0000004786457   -0.9361562971282         0.02
  43     0.0000004598162   -0.9361561309433         0.02
  44     0.0000004900428   -0.9361567347614         0.02
  45     0.0000005601402   -0.9361558974343         0.02
 MICROCYCLE DIIS UPDATE:                   46
  46     0.0000000586515   -0.9361563936755         0.02
  47     0.0000000904702   -0.9361563793213         0.02
  48     0.0000002284779   -0.9361563760127         0.02
  49     0.0000006141186   -0.9361563863172         0.02
  50     0.0000016563891   -0.9361563668399         0.02
 MICROCYCLE DIIS UPDATE:                   51
  51     0.0000000072888   -0.9361563794847         0.02
------------------------------------------------------------------
 Iterations converged
 CCSD correlation energy / hartree =        -0.936156379484729
 CCSD total energy / hartree       =      -108.988807157512781

Time taken for Closed Shell Cholesky CCSD: 1.20 secs

Executing DUCC routine
======================
Number of active occupied alpha = 7
Number of active occupied beta  = 7
Number of active virtual alpha  = 16
Number of active virtual beta   = 16
ducc_lvl = 2

Full SCF Energy: -108.052650778028
Bare SCF Energy: -108.052650769733
Frozen Core Energy: -0.000000008295

DUCC: Time taken to compute Bare Hamiltonian: 0.00 secs
Bare Active Space SCF Energy: -108.052650769733

DUCC: Time taken to compute single commutator of F and V and double commutator of F: 0.34 secs

DUCC: Time taken to compute double commutator of V and triple commutator of F: 5.32 secs
Fully Contracted Scalar: -0.039706061864

DUCC SCF energy: -108.099762497804
Total Energy Shift: 0.007405657912

DUCC: Total compute time: 5.66 secs

DUCC: Time to write results: 0.09 secs
DUCC Memory Stats
-----------------
allocation count: 3808
deallocation count: 3807
total memory allocated: 4.663932 GiB
total memory deallocated: 4.663932 GiB
maximum memory in single allocation: 0.013458 GiB
maximum memory consumption: 0.887899 GiB
