
ExaChem Git Information
{
 Branch: main
 Commit Hash: bd25dab [bd25dab8406e69b11ad8def9900a8eea7bb8d543]
 Commit Date: 2025-01-30 14:42:33 -0800
 Commit Message: Fixes ECP handling for multiple atoms

 WARNING: The following ExaChem sources have uncommitted changes at build-time.

 M exachem/cc/ducc/ducc-t_ccsd.cpp

diff --git a/exachem/cc/ducc/ducc-t_ccsd.cpp b/exachem/cc/ducc/ducc-t_ccsd.cpp
index 16950f2..85b1230 100644
--- a/exachem/cc/ducc/ducc-t_ccsd.cpp
+++ b/exachem/cc/ducc/ducc-t_ccsd.cpp
@@ -2036 +2036 @@ void DUCC_T_CCSD_Driver(ChemEnv& chem_env, ExecutionContext& ec, const TiledInde
-  if(rank == 0 && ducc_lvl > 0) {
+  if(rank == 0) {

}


TAMM Git Information
{
 Branch: main
 Commit Hash: 1c9868cf [1c9868cfbfc8bad3586dd21e36f2519cff1fe55a]
 Commit Date: 2024-12-19 12:23:01 -0800
 Commit Message: minor update to print_vector
}


date: Thu Feb  6 15:30:46 2025
program: "/hpc/home/baum612/code/exachem-dev/build/methods_stage/hpc/home/baum612/code/tamm_install/methods/ExaChem"
nnodes: 1, nproc_per_node: 8, nproc_total: 8, 
Memory information
{
[Intel(R) Xeon(R) Platinum 8276M CPU @ 2.20GHz] : 
  CPU memory per node (GiB): 6046
  Total CPU memory (GiB): 6046
}

------------------------------------------------------------

Input file provided: /hpc/home/baum612/TESTS/DUCC-Hamiltonian-Library/N2/cc-pVDZ/AllElectronCCSD-14Elec-23Orbs/2.2_Eq-4.5496au/Bare/N2.json

{
  "geometry": {
    "coordinates": [
      "N  0.000000  0.000000  0.000000",
      "N  0.000000  0.000000  4.5496"
    ],
    "units": "bohr"
  },
  "basis": {
    "basisset": "cc-pvdz"
  },
  "common": {
    "file_prefix": "N2",
    "maxiter": 100
  },
  "SCF": {
    "tol_int": 1e-16,
    "tol_lindep": 1e-09,
    "conve": 1e-10,
    "convd": 1e-09,
    "diis_hist": 10,
    "charge": 0,
    "multiplicity": 1,
    "restart": false,
    "scf_type": "restricted",
    "writem": 10
  },
  "CD": {
    "diagtol": 1e-14,
    "max_cvecs": 1000
  },
  "CC": {
    "threshold": 1e-08,
    "ndiis": 5,
    "writet": false,
    "ccsd_maxiter": 100,
    "lshift": 0.1,
    "nactive_oa": 7,
    "nactive_ob": 7,
    "nactive_va": 16,
    "nactive_vb": 16,
    "ducc_lvl": 0
  },
  "TASK": {
    "ducc": true
  }
}

Output folder & files prefix: N2.cc-pvdz

Printing Internal Coordinates

------------------------------------------------------------
                Bond Lengths

i      j        Length (Angstroms)     Length (Bohr)
0      1          2.4075446371         4.5496000000

Number of Angles: 0
Number of Torsional Angles: 0


----------------------------------------------------------------------
                          Center of Mass

         x               y               z              Unit
               0               0     1.203772319      Angstrom
               0               0          2.2748          Bohr

----------------------------------------------------------------------
                Moment of Inertia Tensor

           144.924                 0                 0
                 0           144.924                 0
                 0                 0                 0

----------------------------------------------------------------------
                      Principal Moments of Inertia

           x                 y                 z                Unit
                 0       40.58279553       40.58279553       amu * ang^2
                 0       144.9237939       144.9237939      amu * bohr^2
  0.0000000000e+00  6.7389363412e-39  6.7389363412e-39          g * cm^2

 - Molecule is diatomic.

----------------------------------------------------------------------

         Rotational constants (MHz)

    A = inf        B = 1.2453e+04        C = 1.2453e+04

----------------------------------------------------------------------

        Rotational constants (cm-1)

    A = inf        B = 4.1539e-01        C = 4.1539e-01

----------------------------------------------------------------------

                                Z-Matrix
N   
N        1          4.5496

----------------------------------------------------------------------

             Converted back to Cartesian

N        0.000000      0.000000      0.000000
N        0.000000      0.000000      4.549600

----------------------------------------------------------------------
                       Geometry in bohr 

1     N       0.0000000000    0.0000000000    0.0000000000
2     N       0.0000000000    0.0000000000    4.5496000000
Resetting xc_basis_tol to 1e-10

 Number of nodes, processes per node used for SCF calculation: 1, 8

Common Options
{
 maxiter    = 100
 basis      = cc-pvdz spherical
 geom_units = bohr
 natoms_max = 30
 debug      = false
 file_prefix    = N2
}

SCF Options
{
 charge            = 0
 multiplicity      = 1
 level shift       = 0
 tol_int           = 1e-16
 tol_sch           = 1e-12
 tol_lindep        = 1e-09
 conve             = 1e-10
 convd             = 1e-09
 diis_hist         = 10
 AO_tilesize       = 30
 writem            = 10
 damp              = 100
 n_lindep          = 0
 scf_type          = restricted
 direct_df         = false
 restart_size      = 2000
 restart           = false
 debug             = false
}

Number of basis functions = 28

Total number of shells = 12

Total number of electrons = 14
  # of alpha electrons    = 7
  # of beta electons      = 7

Nuclear repulsion energy  = 10.7701775980306

# of {all,non-negligible} shell-pairs = {78,78}
Number of AO tiles = 12

Time for initial setup: 0.00 secs
HF exch = 1.00

Time for computing 1-e integrals T, V, S: 0.00 secs
Time for computing orthogonalizer: 0.00 secs

Superposition of Atomic Density Guess ...
Time taken for SAD: 0.03 secs
Total Time to compute initial guess: 0.03 secs


 SCF iterations
-----------------------------------------------------------------------------
 Iter     Energy            E-Diff       RMSD        |[F,P]|^2       Time(s)
-----------------------------------------------------------------------------
   1  -107.6882171805    -1.08e+02     5.42e-02     7.71e-02         0.0 
   2  -108.1468464956    -4.59e-01     2.92e-03     2.15e-02         0.0 
   3  -108.1500004777    -3.15e-03     1.62e-03     4.63e-03         0.0 
   4  -108.1507677880    -7.67e-04     6.25e-04     3.69e-04         0.0 
   5  -108.1508383680    -7.06e-05     2.14e-05     6.13e-07         0.0 
   6  -108.1508384597    -9.17e-08     5.09e-06     2.15e-08         0.0 
   7  -108.1508384632    -3.50e-09     4.50e-07     3.02e-10         0.0 
   8  -108.1508384632    -4.72e-11     4.80e-08     1.18e-12         0.0 
   9  -108.1508384632    -2.42e-13     4.75e-09     1.45e-14         0.0 
  10  -108.1508384632    -2.84e-14     3.99e-09     2.41e-13         0.0 
<DIIS> Singularity in Pulay matrix detected.
  11  -108.1508384632     2.84e-14     4.16e-10     5.96e-16         0.0 

** Total SCF energy = -108.1508384632232

Nuclear repulsion energy = 10.770177598030596
#electrons        = 14
1e energy kinetic = 107.2072367704359124
1e energy N-e     = -275.3605195540797013
1e energy         = -168.1532827836437320
2e energy         = 49.2322667223899089
writing orbitals and density to disk ... done.

Total Time taken for Hartree-Fock: 0.24 secs

CD Options
{
 debug            = false
 skip_cd          = [false,100]
 write_cv         = [false,5000]
 diagtol          = 1e-14
 itilesize        = 1000
 max_cvecs_factor = 1000
}

- #occupied, #virtual = 14, 42

- Tilesize for the MSO space: 40

-----------------------------------------------------
Begin 2-index transformation ... 

nAO, nMO, nelectrons = 28, 56, 14
n_occ_alpha, n_vir_alpha, n_occ_beta, n_vir_beta = 7,21,7,21

Time taken for Fao->Fmo transform: 0.00 secs

-----------------------------------------------------
Number of AO tiles = 12
# of {all,non-negligible} shell-pairs = {78,78}

    Begin Cholesky Decomposition
---------------------------------------------
Total # of mpi ranks used for Cholesky decomposition: 8
  --> Number of nodes, mpi ranks per node: 1, 8
- CPU memory required for computing cholesky vectors: 0.00 GiB

- Time for computing the diagonal: 0.00 secs

- Total number of cholesky vectors = 784

- Time to compute cholesky vectors: 0.40 secs

- CPU memory required for resizing the ao cholesky tensor: 0.01 GiB
- CPU memory required for ao2mo transformation: 0.01 GiB
- CPU memory required for the 2-step contraction: 0.02 GiB

- Time for ao to mo transform: 0.03 secs

   End Cholesky Decomposition
---------------------------------------------

Total Time taken for Cholesky Decomposition: 0.46 secs

scf_type = restricted
Closed-Shell SCF
nbf = 28
nbf_orig = 28
n_lindep = 0
focc = 1
nmo = 56
nocc = 14
nvir = 42
n_occ_alpha = 7
n_vir_alpha = 21
n_occ_beta = 7
n_vir_beta = 21
nelectrons = 14
nelectrons_alpha = 7
nelectrons_beta = 7
n_frozen_core = 0
n_frozen_virtual = 0
----------------------------

Total CPU memory required for Closed Shell Cholesky CCSD calculation: 0.03 GiB


 CCSD iterations
------------------------------------------------------------
  Iter     Residuum          Correlation          Time(s)
------------------------------------------------------------
   1     0.5020293282170    0.0000000000000         0.05
   2     0.3769326416334   -0.9656957886563         0.04
   3     0.5580268820898   -0.0501348197358         0.04
   4     0.6781843987633   -1.3444307413654         0.04
   5     0.9273966945982    0.2534261936158         0.04
 MICROCYCLE DIIS UPDATE:                    6
   6     0.0539771360128   -0.6335824384336         0.04
   7     0.0992073748517   -0.5204080698195         0.04
   8     0.0865151783592   -0.7069398226729         0.04
   9     0.1566521553765   -0.4951939867508         0.04
  10     0.1629150112708   -0.8108706063157         0.04
 MICROCYCLE DIIS UPDATE:                   11
  11     0.0290825433774   -0.6939903552140         0.04
  12     0.0290398740640   -0.7016197242567         0.04
  13     0.0234893557951   -0.7199282379969         0.04
  14     0.0230493737068   -0.7302500786310         0.04
  15     0.0181720310502   -0.7458056928479         0.04
 MICROCYCLE DIIS UPDATE:                   16
  16     0.0137917440409   -0.8318824264494         0.04
  17     0.0367415195334   -0.8622629274392         0.04
  18     0.0209339532019   -0.8071614445527         0.04
  19     0.0285925444201   -0.8441261596075         0.04
  20     0.0198629720561   -0.7991043482607         0.04
 MICROCYCLE DIIS UPDATE:                   21
  21     0.0022385566626   -0.8117142774023         0.04
  22     0.0040339063227   -0.8139348031911         0.04
  23     0.0017847947070   -0.8085526308599         0.04
  24     0.0030411650410   -0.8115178194867         0.04
  25     0.0017459074518   -0.8070217688933         0.04
 MICROCYCLE DIIS UPDATE:                   26
  26     0.0001170865652   -0.8068808714426         0.04
  27     0.0000842853933   -0.8069230732993         0.04
  28     0.0000470316627   -0.8068197904577         0.05
  29     0.0000646239557   -0.8068878364886         0.04
  30     0.0000417207973   -0.8067914885355         0.05
 MICROCYCLE DIIS UPDATE:                   31
  31     0.0000088704178   -0.8068091799552         0.04
  32     0.0000088028215   -0.8068113299625         0.05
  33     0.0000035791976   -0.8068025046642         0.04
  34     0.0000053018679   -0.8068054528622         0.04
  35     0.0000023038510   -0.8067988344613         0.04
 MICROCYCLE DIIS UPDATE:                   36
  36     0.0000005517767   -0.8067971054826         0.04
  37     0.0000006516336   -0.8067973960371         0.04
  38     0.0000003316741   -0.8067965057578         0.04
  39     0.0000005553164   -0.8067970788595         0.04
  40     0.0000003718977   -0.8067962231975         0.04
 MICROCYCLE DIIS UPDATE:                   41
  41     0.0000001080832   -0.8067964283510         0.04
  42     0.0000001623377   -0.8067964634366         0.04
  43     0.0000002457361   -0.8067963164680         0.04
  44     0.0000005418360   -0.8067963866898         0.04
  45     0.0000011893547   -0.8067962579568         0.04
 MICROCYCLE DIIS UPDATE:                   46
  46     0.0000000095920   -0.8067962488573         0.04
------------------------------------------------------------------
 Iterations converged
 CCSD correlation energy / hartree =        -0.806796248857271
 CCSD total energy / hartree       =      -108.957634712080491

Time taken for Closed Shell Cholesky CCSD: 2.11 secs

Executing DUCC routine
======================
Number of active occupied alpha = 7
Number of active occupied beta  = 7
Number of active virtual alpha  = 16
Number of active virtual beta   = 16
ducc_lvl = 0

Full SCF Energy: -108.150838463223
Bare SCF Energy: -108.150838464866
Frozen Core Energy: 0.000000001642

DUCC: Time taken to compute Bare Hamiltonian: 0.00 secs
Bare Active Space SCF Energy: -108.150838464866
Fully Contracted Scalar: -0.000000000000

DUCC SCF energy: -108.150838464866
Total Energy Shift: 0.000000001642

DUCC: Total compute time: 0.00 secs

DUCC: Time to write results: 0.09 secs
DUCC Memory Stats
-----------------
allocation count: 456
deallocation count: 455
total memory allocated: 0.089713 GiB
total memory deallocated: 0.089712 GiB
maximum memory in single allocation: 0.009159 GiB
maximum memory consumption: 0.031047 GiB
