
ExaChem Git Information
{
 Branch: main
 Commit Hash: bd25dab [bd25dab8406e69b11ad8def9900a8eea7bb8d543]
 Commit Date: 2025-01-30 14:42:33 -0800
 Commit Message: Fixes ECP handling for multiple atoms

 WARNING: The following ExaChem sources have uncommitted changes at build-time.

 M exachem/cc/ducc/ducc-t_ccsd.cpp

diff --git a/exachem/cc/ducc/ducc-t_ccsd.cpp b/exachem/cc/ducc/ducc-t_ccsd.cpp
index 16950f2..85b1230 100644
--- a/exachem/cc/ducc/ducc-t_ccsd.cpp
+++ b/exachem/cc/ducc/ducc-t_ccsd.cpp
@@ -2036 +2036 @@ void DUCC_T_CCSD_Driver(ChemEnv& chem_env, ExecutionContext& ec, const TiledInde
-  if(rank == 0 && ducc_lvl > 0) {
+  if(rank == 0) {

}


TAMM Git Information
{
 Branch: main
 Commit Hash: 1c9868cf [1c9868cfbfc8bad3586dd21e36f2519cff1fe55a]
 Commit Date: 2024-12-19 12:23:01 -0800
 Commit Message: minor update to print_vector
}


date: Thu Feb  6 15:30:02 2025
program: "/hpc/home/baum612/code/exachem-dev/build/methods_stage/hpc/home/baum612/code/tamm_install/methods/ExaChem"
nnodes: 1, nproc_per_node: 8, nproc_total: 8, 
Memory information
{
[Intel(R) Xeon(R) Platinum 8276M CPU @ 2.20GHz] : 
  CPU memory per node (GiB): 6046
  Total CPU memory (GiB): 6046
}

------------------------------------------------------------

Input file provided: /hpc/home/baum612/TESTS/DUCC-Hamiltonian-Library/N2/cc-pVDZ/AllElectronCCSD-14Elec-23Orbs/2.0_Eq-4.1360au/DUCC2/N2.json

{
  "geometry": {
    "coordinates": [
      "N  0.000000  0.000000  0.000000",
      "N  0.000000  0.000000  4.1360"
    ],
    "units": "bohr"
  },
  "basis": {
    "basisset": "cc-pvdz"
  },
  "common": {
    "file_prefix": "N2",
    "maxiter": 100
  },
  "SCF": {
    "tol_int": 1e-16,
    "tol_lindep": 1e-09,
    "conve": 1e-10,
    "convd": 1e-09,
    "diis_hist": 10,
    "charge": 0,
    "multiplicity": 1,
    "restart": false,
    "scf_type": "restricted",
    "writem": 10
  },
  "CD": {
    "diagtol": 1e-14,
    "max_cvecs": 1000
  },
  "CC": {
    "threshold": 1e-08,
    "ndiis": 5,
    "writet": false,
    "ccsd_maxiter": 100,
    "lshift": 0.1,
    "nactive_oa": 7,
    "nactive_ob": 7,
    "nactive_va": 16,
    "nactive_vb": 16,
    "ducc_lvl": 1
  },
  "TASK": {
    "ducc": true
  }
}

Output folder & files prefix: N2.cc-pvdz

Printing Internal Coordinates

------------------------------------------------------------
                Bond Lengths

i      j        Length (Angstroms)     Length (Bohr)
0      1          2.1886769428         4.1360000000

Number of Angles: 0
Number of Torsional Angles: 0


----------------------------------------------------------------------
                          Center of Mass

         x               y               z              Unit
               0               0     1.094338471      Angstrom
               0               0           2.068          Bohr

----------------------------------------------------------------------
                Moment of Inertia Tensor

           119.772                 0                 0
                 0           119.772                 0
                 0                 0                 0

----------------------------------------------------------------------
                      Principal Moments of Inertia

           x                 y                 z                Unit
                 0       33.53950044       33.53950044       amu * ang^2
                 0       119.7717305       119.7717305      amu * bohr^2
  0.0000000000e+00  5.5693688770e-39  5.5693688770e-39          g * cm^2

 - Molecule is diatomic.

----------------------------------------------------------------------

         Rotational constants (MHz)

    A = inf        B = 1.5068e+04        C = 1.5068e+04

----------------------------------------------------------------------

        Rotational constants (cm-1)

    A = inf        B = 5.0262e-01        C = 5.0262e-01

----------------------------------------------------------------------

                                Z-Matrix
N   
N        1           4.136

----------------------------------------------------------------------

             Converted back to Cartesian

N        0.000000      0.000000      0.000000
N        0.000000      0.000000      4.136000

----------------------------------------------------------------------
                       Geometry in bohr 

1     N       0.0000000000    0.0000000000    0.0000000000
2     N       0.0000000000    0.0000000000    4.1360000000
Resetting xc_basis_tol to 1e-10

 Number of nodes, processes per node used for SCF calculation: 1, 8

Common Options
{
 maxiter    = 100
 basis      = cc-pvdz spherical
 geom_units = bohr
 natoms_max = 30
 debug      = false
 file_prefix    = N2
}

SCF Options
{
 charge            = 0
 multiplicity      = 1
 level shift       = 0
 tol_int           = 1e-16
 tol_sch           = 1e-12
 tol_lindep        = 1e-09
 conve             = 1e-10
 convd             = 1e-09
 diis_hist         = 10
 AO_tilesize       = 30
 writem            = 10
 damp              = 100
 n_lindep          = 0
 scf_type          = restricted
 direct_df         = false
 restart_size      = 2000
 restart           = false
 debug             = false
}

Number of basis functions = 28

Total number of shells = 12

Total number of electrons = 14
  # of alpha electrons    = 7
  # of beta electons      = 7

Nuclear repulsion energy  = 11.8471953578337

# of {all,non-negligible} shell-pairs = {78,78}
Number of AO tiles = 12

Time for initial setup: 0.00 secs
HF exch = 1.00

Time for computing 1-e integrals T, V, S: 0.00 secs
Time for computing orthogonalizer: 0.00 secs

Superposition of Atomic Density Guess ...
Time taken for SAD: 0.03 secs
Total Time to compute initial guess: 0.03 secs


 SCF iterations
-----------------------------------------------------------------------------
 Iter     Energy            E-Diff       RMSD        |[F,P]|^2       Time(s)
-----------------------------------------------------------------------------
   1  -107.7252845677    -1.08e+02     5.34e-02     2.72e-01         0.0 
   2  -108.2329332055    -5.08e-01     3.74e-03     2.86e-02         0.0 
   3  -108.2370073226    -4.07e-03     1.40e-03     3.83e-03         0.0 
   4  -108.2376249986    -6.18e-04     5.91e-04     3.75e-04         0.0 
   5  -108.2376912529    -6.63e-05     2.40e-05     8.87e-07         0.0 
   6  -108.2376913625    -1.10e-07     5.48e-06     2.75e-08         0.0 
   7  -108.2376913669    -4.32e-09     3.89e-07     1.56e-10         0.0 
   8  -108.2376913669    -2.89e-11     3.50e-08     5.93e-13         0.0 
   9  -108.2376913669    -1.56e-13     2.65e-09     7.72e-15         0.0 
<DIIS> Singularity in Pulay matrix detected.
<DIIS> Singularity in Pulay matrix detected.
  10  -108.2376913669     7.11e-14     6.10e-10     1.83e-16         0.0 

** Total SCF energy = -108.2376913668917

Nuclear repulsion energy = 11.847195357833655
#electrons        = 14
1e energy kinetic = 107.1525136248882433
1e energy N-e     = -277.4854468085336521
1e energy         = -170.3329331836453662
2e energy         = 50.2480464589199869
writing orbitals and density to disk ... done.

Total Time taken for Hartree-Fock: 0.22 secs

CD Options
{
 debug            = false
 skip_cd          = [false,100]
 write_cv         = [false,5000]
 diagtol          = 1e-14
 itilesize        = 1000
 max_cvecs_factor = 1000
}

- #occupied, #virtual = 14, 42

- Tilesize for the MSO space: 40

-----------------------------------------------------
Begin 2-index transformation ... 

nAO, nMO, nelectrons = 28, 56, 14
n_occ_alpha, n_vir_alpha, n_occ_beta, n_vir_beta = 7,21,7,21

Time taken for Fao->Fmo transform: 0.00 secs

-----------------------------------------------------
Number of AO tiles = 12
# of {all,non-negligible} shell-pairs = {78,78}

    Begin Cholesky Decomposition
---------------------------------------------
Total # of mpi ranks used for Cholesky decomposition: 8
  --> Number of nodes, mpi ranks per node: 1, 8
- CPU memory required for computing cholesky vectors: 0.00 GiB

- Time for computing the diagonal: 0.00 secs

- Total number of cholesky vectors = 784

- Time to compute cholesky vectors: 0.42 secs

- CPU memory required for resizing the ao cholesky tensor: 0.01 GiB
- CPU memory required for ao2mo transformation: 0.01 GiB
- CPU memory required for the 2-step contraction: 0.02 GiB

- Time for ao to mo transform: 0.03 secs

   End Cholesky Decomposition
---------------------------------------------

Total Time taken for Cholesky Decomposition: 0.47 secs

scf_type = restricted
Closed-Shell SCF
nbf = 28
nbf_orig = 28
n_lindep = 0
focc = 1
nmo = 56
nocc = 14
nvir = 42
n_occ_alpha = 7
n_vir_alpha = 21
n_occ_beta = 7
n_vir_beta = 21
nelectrons = 14
nelectrons_alpha = 7
nelectrons_beta = 7
n_frozen_core = 0
n_frozen_virtual = 0
----------------------------

Total CPU memory required for Closed Shell Cholesky CCSD calculation: 0.03 GiB


 CCSD iterations
------------------------------------------------------------
  Iter     Residuum          Correlation          Time(s)
------------------------------------------------------------
   1     0.4926803446600    0.0000000000000         0.04
   2     0.2983493631116   -0.8221075539850         0.04
   3     0.3582427305568   -0.2130274478062         0.04
   4     0.3547632604926   -0.9193552782758         0.04
   5     0.4184845565096   -0.1868400121860         0.04
 MICROCYCLE DIIS UPDATE:                    6
   6     0.0327092264493   -0.5724892990979         0.04
   7     0.0463223715120   -0.5389575967580         0.04
   8     0.0267482946303   -0.5964134442525         0.04
   9     0.0476782018842   -0.5533740400926         0.04
  10     0.0275216451248   -0.6195175456300         0.04
 MICROCYCLE DIIS UPDATE:                   11
  11     0.0215939821259   -0.6543682647704         0.04
  12     0.0184364992958   -0.6831166140014         0.04
  13     0.0230919846828   -0.6516716756010         0.04
  14     0.0175550652479   -0.6875850804071         0.04
  15     0.0221595717936   -0.6552411221455         0.04
 MICROCYCLE DIIS UPDATE:                   16
  16     0.0023957007519   -0.6769596095711         0.04
  17     0.0045872267427   -0.6745950716657         0.04
  18     0.0020824249418   -0.6802277279566         0.04
  19     0.0039297001518   -0.6768388823426         0.04
  20     0.0019664022274   -0.6820866898206         0.04
 MICROCYCLE DIIS UPDATE:                   21
  21     0.0007128402520   -0.6832430718591         0.04
  22     0.0009077581664   -0.6828120800388         0.04
  23     0.0004146599100   -0.6838237815950         0.04
  24     0.0007540779981   -0.6832583113699         0.04
  25     0.0003504165064   -0.6841930055227         0.04
 MICROCYCLE DIIS UPDATE:                   26
  26     0.0001106672528   -0.6846460719268         0.04
  27     0.0001344284247   -0.6845968184427         0.04
  28     0.0000604793059   -0.6847494460200         0.04
  29     0.0001049482923   -0.6846649676001         0.04
  30     0.0000508444453   -0.6848022520942         0.04
 MICROCYCLE DIIS UPDATE:                   31
  31     0.0000234104696   -0.6848146702333         0.04
  32     0.0000302425213   -0.6848036076235         0.04
  33     0.0000144483269   -0.6848328780806         0.04
  34     0.0000234528296   -0.6848213615435         0.04
  35     0.0000105285363   -0.6848469093895         0.04
 MICROCYCLE DIIS UPDATE:                   36
  36     0.0000017336889   -0.6848751768445         0.04
  37     0.0000019160016   -0.6848740723802         0.04
  38     0.0000009554563   -0.6848765125139         0.04
  39     0.0000015566692   -0.6848748324332         0.04
  40     0.0000009256309   -0.6848770792890         0.04
 MICROCYCLE DIIS UPDATE:                   41
  41     0.0000002558564   -0.6848767025383         0.04
  42     0.0000003819966   -0.6848765386806         0.04
  43     0.0000001792349   -0.6848769502742         0.04
  44     0.0000003197805   -0.6848767522400         0.04
  45     0.0000001853627   -0.6848771219277         0.04
 MICROCYCLE DIIS UPDATE:                   46
  46     0.0000000520944   -0.6848773615544         0.04
  47     0.0000000684406   -0.6848773280162         0.04
  48     0.0000000371008   -0.6848774097407         0.04
  49     0.0000000678678   -0.6848773596500         0.04
  50     0.0000000793906   -0.6848774340776         0.04
 MICROCYCLE DIIS UPDATE:                   51
  51     0.0000000141028   -0.6848774231821         0.04
  52     0.0000000192557   -0.6848774158944         0.04
  53     0.0000000094703   -0.6848774359068         0.04
------------------------------------------------------------------
 Iterations converged
 CCSD correlation energy / hartree =        -0.684877435906779
 CCSD total energy / hartree       =      -108.922568802798509

Time taken for Closed Shell Cholesky CCSD: 2.34 secs

Executing DUCC routine
======================
Number of active occupied alpha = 7
Number of active occupied beta  = 7
Number of active virtual alpha  = 16
Number of active virtual beta   = 16
ducc_lvl = 1

Full SCF Energy: -108.237691366892
Bare SCF Energy: -108.237691366466
Frozen Core Energy: -0.000000000425

DUCC: Time taken to compute Bare Hamiltonian: 0.00 secs
Bare Active Space SCF Energy: -108.237691366466

DUCC: Time taken to compute single commutator of F and V and double commutator of F: 0.36 secs
Fully Contracted Scalar: -0.029677812722

DUCC SCF energy: -108.267369179188
Total Energy Shift: -0.000000000425

DUCC: Total compute time: 0.36 secs

DUCC: Time to write results: 0.10 secs
DUCC Memory Stats
-----------------
allocation count: 843
deallocation count: 842
total memory allocated: 0.580104 GiB
total memory deallocated: 0.580104 GiB
maximum memory in single allocation: 0.009159 GiB
maximum memory consumption: 0.166776 GiB
