
ExaChem Git Information
{
 Branch: main
 Commit Hash: bd25dab [bd25dab8406e69b11ad8def9900a8eea7bb8d543]
 Commit Date: 2025-01-30 14:42:33 -0800
 Commit Message: Fixes ECP handling for multiple atoms

 WARNING: The following ExaChem sources have uncommitted changes at build-time.

 M exachem/cc/ducc/ducc-t_ccsd.cpp

diff --git a/exachem/cc/ducc/ducc-t_ccsd.cpp b/exachem/cc/ducc/ducc-t_ccsd.cpp
index 16950f2..85b1230 100644
--- a/exachem/cc/ducc/ducc-t_ccsd.cpp
+++ b/exachem/cc/ducc/ducc-t_ccsd.cpp
@@ -2036 +2036 @@ void DUCC_T_CCSD_Driver(ChemEnv& chem_env, ExecutionContext& ec, const TiledInde
-  if(rank == 0 && ducc_lvl > 0) {
+  if(rank == 0) {

}


TAMM Git Information
{
 Branch: main
 Commit Hash: 1c9868cf [1c9868cfbfc8bad3586dd21e36f2519cff1fe55a]
 Commit Date: 2024-12-19 12:23:01 -0800
 Commit Message: minor update to print_vector
}


date: Thu Feb  6 15:02:19 2025
program: "/hpc/home/baum612/code/exachem-dev/build/methods_stage/hpc/home/baum612/code/tamm_install/methods/ExaChem"
nnodes: 1, nproc_per_node: 8, nproc_total: 8, 
Memory information
{
[Intel(R) Xeon(R) Platinum 8276M CPU @ 2.20GHz] : 
  CPU memory per node (GiB): 6046
  Total CPU memory (GiB): 6046
}

------------------------------------------------------------

Input file provided: /hpc/home/baum612/TESTS/DUCC-Hamiltonian-Library/N2/cc-pVDZ/AllElectronCCSD-14Elec-19Orbs/2.4_Eq-4.9632au/Bare/N2.json

{
  "geometry": {
    "coordinates": [
      "N  0.000000  0.000000  0.000000",
      "N  0.000000  0.000000  4.9632"
    ],
    "units": "bohr"
  },
  "basis": {
    "basisset": "cc-pvdz"
  },
  "common": {
    "file_prefix": "N2",
    "maxiter": 100
  },
  "SCF": {
    "tol_int": 1e-16,
    "tol_lindep": 1e-09,
    "conve": 1e-10,
    "convd": 1e-09,
    "diis_hist": 10,
    "charge": 0,
    "multiplicity": 1,
    "restart": false,
    "scf_type": "restricted",
    "writem": 10
  },
  "CD": {
    "diagtol": 1e-14,
    "max_cvecs": 1000
  },
  "CC": {
    "threshold": 1e-08,
    "ndiis": 5,
    "writet": false,
    "ccsd_maxiter": 100,
    "lshift": 0.1,
    "nactive_oa": 7,
    "nactive_ob": 7,
    "nactive_va": 12,
    "nactive_vb": 12,
    "ducc_lvl": 0
  },
  "TASK": {
    "ducc": true
  }
}

Output folder & files prefix: N2.cc-pvdz

Printing Internal Coordinates

------------------------------------------------------------
                Bond Lengths

i      j        Length (Angstroms)     Length (Bohr)
0      1          2.6264123314         4.9632000000

Number of Angles: 0
Number of Torsional Angles: 0


----------------------------------------------------------------------
                          Center of Mass

         x               y               z              Unit
               0               0     1.313206166      Angstrom
               0               0          2.4816          Bohr

----------------------------------------------------------------------
                Moment of Inertia Tensor

           172.471                 0                 0
                 0           172.471                 0
                 0                 0                 0

----------------------------------------------------------------------
                      Principal Moments of Inertia

           x                 y                 z                Unit
                 0       48.29688063       48.29688063       amu * ang^2
                 0       172.4712919       172.4712919      amu * bohr^2
  0.0000000000e+00  8.0198911829e-39  8.0198911829e-39          g * cm^2

 - Molecule is diatomic.

----------------------------------------------------------------------

         Rotational constants (MHz)

    A = inf        B = 1.0464e+04        C = 1.0464e+04

----------------------------------------------------------------------

        Rotational constants (cm-1)

    A = inf        B = 3.4904e-01        C = 3.4904e-01

----------------------------------------------------------------------

                                Z-Matrix
N   
N        1          4.9632

----------------------------------------------------------------------

             Converted back to Cartesian

N        0.000000      0.000000      0.000000
N        0.000000      0.000000      4.963200

----------------------------------------------------------------------
                       Geometry in bohr 

1     N       0.0000000000    0.0000000000    0.0000000000
2     N       0.0000000000    0.0000000000    4.9632000000
Resetting xc_basis_tol to 1e-10

 Number of nodes, processes per node used for SCF calculation: 1, 8

Common Options
{
 maxiter    = 100
 basis      = cc-pvdz spherical
 geom_units = bohr
 natoms_max = 30
 debug      = false
 file_prefix    = N2
}

SCF Options
{
 charge            = 0
 multiplicity      = 1
 level shift       = 0
 tol_int           = 1e-16
 tol_sch           = 1e-12
 tol_lindep        = 1e-09
 conve             = 1e-10
 convd             = 1e-09
 diis_hist         = 10
 AO_tilesize       = 30
 writem            = 10
 damp              = 100
 n_lindep          = 0
 scf_type          = restricted
 direct_df         = false
 restart_size      = 2000
 restart           = false
 debug             = false
}

Number of basis functions = 28

Total number of shells = 12

Total number of electrons = 14
  # of alpha electrons    = 7
  # of beta electons      = 7

Nuclear repulsion energy  = 9.87266279819471

# of {all,non-negligible} shell-pairs = {78,78}
Number of AO tiles = 12

Time for initial setup: 0.00 secs
HF exch = 1.00

Time for computing 1-e integrals T, V, S: 0.00 secs
Time for computing orthogonalizer: 0.00 secs

Superposition of Atomic Density Guess ...
Time taken for SAD: 0.04 secs
Total Time to compute initial guess: 0.04 secs


 SCF iterations
-----------------------------------------------------------------------------
 Iter     Energy            E-Diff       RMSD        |[F,P]|^2       Time(s)
-----------------------------------------------------------------------------
   1  -107.6706118492    -1.08e+02     5.49e-02     2.23e-02         0.0 
   2  -108.0784469521    -4.08e-01     1.96e-03     1.71e-02         0.0 
   3  -108.0806200927    -2.17e-03     1.97e-03     6.15e-03         0.0 
   4  -108.0817012499    -1.08e-03     7.25e-04     4.48e-04         0.0 
   5  -108.0817906108    -8.94e-05     2.04e-05     5.09e-07         0.0 
   6  -108.0817907031    -9.23e-08     2.78e-06     4.27e-09         0.0 
   7  -108.0817907040    -8.65e-10     4.93e-07     2.82e-10         0.0 
   8  -108.0817907041    -4.52e-11     7.61e-08     2.52e-12         0.0 
   9  -108.0817907041    -6.82e-13     1.49e-08     1.24e-12         0.0 
  10  -108.0817907041    -1.14e-13     6.91e-09     7.60e-13         0.0 
<DIIS> Singularity in Pulay matrix detected.
  11  -108.0817907041     4.26e-14     3.58e-10     8.92e-17         0.0 

** Total SCF energy = -108.0817907040553

Nuclear repulsion energy = 9.872662798194714
#electrons        = 14
1e energy kinetic = 107.2721645775251460
1e energy N-e     = -273.6183261864451310
1e energy         = -166.3461616089199140
2e energy         = 48.3917081066698458
writing orbitals and density to disk ... done.

Total Time taken for Hartree-Fock: 0.28 secs

CD Options
{
 debug            = false
 skip_cd          = [false,100]
 write_cv         = [false,5000]
 diagtol          = 1e-14
 itilesize        = 1000
 max_cvecs_factor = 1000
}

- #occupied, #virtual = 14, 42

- Tilesize for the MSO space: 40

-----------------------------------------------------
Begin 2-index transformation ... 

nAO, nMO, nelectrons = 28, 56, 14
n_occ_alpha, n_vir_alpha, n_occ_beta, n_vir_beta = 7,21,7,21

Time taken for Fao->Fmo transform: 0.00 secs

-----------------------------------------------------
Number of AO tiles = 12
# of {all,non-negligible} shell-pairs = {78,78}

    Begin Cholesky Decomposition
---------------------------------------------
Total # of mpi ranks used for Cholesky decomposition: 8
  --> Number of nodes, mpi ranks per node: 1, 8
- CPU memory required for computing cholesky vectors: 0.00 GiB

- Time for computing the diagonal: 0.00 secs

- Total number of cholesky vectors = 302

- Time to compute cholesky vectors: 0.17 secs

- CPU memory required for resizing the ao cholesky tensor: 0.01 GiB
- CPU memory required for ao2mo transformation: 0.01 GiB
- CPU memory required for the 2-step contraction: 0.01 GiB

- Time for ao to mo transform: 0.01 secs

   End Cholesky Decomposition
---------------------------------------------

Total Time taken for Cholesky Decomposition: 0.20 secs

scf_type = restricted
Closed-Shell SCF
nbf = 28
nbf_orig = 28
n_lindep = 0
focc = 1
nmo = 56
nocc = 14
nvir = 42
n_occ_alpha = 7
n_vir_alpha = 21
n_occ_beta = 7
n_vir_beta = 21
nelectrons = 14
nelectrons_alpha = 7
nelectrons_beta = 7
n_frozen_core = 0
n_frozen_virtual = 0
----------------------------

Total CPU memory required for Closed Shell Cholesky CCSD calculation: 0.01 GiB


 CCSD iterations
------------------------------------------------------------
  Iter     Residuum          Correlation          Time(s)
------------------------------------------------------------
   1     0.5108317403293    0.0000000000000         0.02
   2     0.4582576736859   -1.1119184216144         0.02
   3     0.8147560314847    0.1684387677357         0.01
   4     1.1390663749372   -1.9948613821142         0.01
   5     1.6835942556098    0.9678104701662         0.01
 MICROCYCLE DIIS UPDATE:                    6
   6     0.0929453148976   -0.7037089734572         0.01
   7     0.1897745310252   -0.4595545140554         0.01
   8     0.2359945905451   -0.9045796622186         0.01
   9     0.4269971186359   -0.2743248973427         0.01
  10     0.6163216028989   -1.3150453208431         0.01
 MICROCYCLE DIIS UPDATE:                   11
  11     0.0380767959646   -0.6920428773457         0.01
  12     0.0972490167283   -0.6170408213214         0.01
  13     0.0766238267266   -0.7965390777797         0.01
  14     0.1739348294408   -0.5940259278346         0.01
  15     0.1909749478325   -0.9547499616905         0.02
 MICROCYCLE DIIS UPDATE:                   16
  16     0.0285531487717   -0.7769945561407         0.01
  17     0.0691626582239   -0.7477433651423         0.02
  18     0.0385745922613   -0.8574480501242         0.01
  19     0.0839890426106   -0.7725185835461         0.01
  20     0.0692250687694   -0.9238439802218         0.02
 MICROCYCLE DIIS UPDATE:                   21
  21     0.0084484109477   -0.8979778340236         0.02
  22     0.0082692989434   -0.9072933998894         0.01
  23     0.0077689923005   -0.8929014929621         0.02
  24     0.0080276975973   -0.9070151565977         0.01
  25     0.0077619615426   -0.8925344766895         0.02
 MICROCYCLE DIIS UPDATE:                   26
  26     0.0003536569543   -0.8994543329561         0.02
  27     0.0001829038524   -0.8994610115753         0.02
  28     0.0001442384376   -0.8995115343105         0.02
  29     0.0001157754160   -0.8993487543420         0.01
  30     0.0001246323813   -0.8995275118064         0.01
 MICROCYCLE DIIS UPDATE:                   31
  31     0.0000198378015   -0.8994074323944         0.02
  32     0.0000113340402   -0.8994129076869         0.02
  33     0.0000068999082   -0.8994062648495         0.01
  34     0.0000050265227   -0.8994111700918         0.02
  35     0.0000036253711   -0.8994063690261         0.02
 MICROCYCLE DIIS UPDATE:                   36
  36     0.0000008246487   -0.8994076916264         0.02
  37     0.0000003790343   -0.8994078727642         0.02
  38     0.0000002218708   -0.8994075989169         0.02
  39     0.0000001569013   -0.8994077887463         0.02
  40     0.0000001219431   -0.8994075916032         0.01
 MICROCYCLE DIIS UPDATE:                   41
  41     0.0000000431437   -0.8994076590258         0.02
  42     0.0000000514226   -0.8994076511448         0.02
  43     0.0000001204987   -0.8994076587641         0.01
  44     0.0000003051555   -0.8994076502963         0.02
  45     0.0000007774956   -0.8994076558664         0.02
 MICROCYCLE DIIS UPDATE:                   46
  46     0.0000000041291   -0.8994076522358         0.02
------------------------------------------------------------------
 Iterations converged
 CCSD correlation energy / hartree =        -0.899407652235845
 CCSD total energy / hartree       =      -108.981198356291188

Time taken for Closed Shell Cholesky CCSD: 0.87 secs

Executing DUCC routine
======================
Number of active occupied alpha = 7
Number of active occupied beta  = 7
Number of active virtual alpha  = 12
Number of active virtual beta   = 12
ducc_lvl = 0

Full SCF Energy: -108.081790704055
Bare SCF Energy: -108.081790705751
Frozen Core Energy: 0.000000001696

DUCC: Time taken to compute Bare Hamiltonian: 0.00 secs
Bare Active Space SCF Energy: -108.081790705751
Fully Contracted Scalar: 0.000000000000

DUCC SCF energy: -108.081790705751
Total Energy Shift: 0.000000001696

DUCC: Total compute time: 0.00 secs

DUCC: Time to write results: 0.04 secs
DUCC Memory Stats
-----------------
allocation count: 456
deallocation count: 455
total memory allocated: 0.052800 GiB
total memory deallocated: 0.052799 GiB
maximum memory in single allocation: 0.008694 GiB
maximum memory consumption: 0.019801 GiB
