
ExaChem Git Information
{
 Branch: main
 Commit Hash: bd25dab [bd25dab8406e69b11ad8def9900a8eea7bb8d543]
 Commit Date: 2025-01-30 14:42:33 -0800
 Commit Message: Fixes ECP handling for multiple atoms

 WARNING: The following ExaChem sources have uncommitted changes at build-time.

 M exachem/cc/ducc/ducc-t_ccsd.cpp

diff --git a/exachem/cc/ducc/ducc-t_ccsd.cpp b/exachem/cc/ducc/ducc-t_ccsd.cpp
index 16950f2..85b1230 100644
--- a/exachem/cc/ducc/ducc-t_ccsd.cpp
+++ b/exachem/cc/ducc/ducc-t_ccsd.cpp
@@ -2036 +2036 @@ void DUCC_T_CCSD_Driver(ChemEnv& chem_env, ExecutionContext& ec, const TiledInde
-  if(rank == 0 && ducc_lvl > 0) {
+  if(rank == 0) {

}


TAMM Git Information
{
 Branch: main
 Commit Hash: 1c9868cf [1c9868cfbfc8bad3586dd21e36f2519cff1fe55a]
 Commit Date: 2024-12-19 12:23:01 -0800
 Commit Message: minor update to print_vector
}


date: Thu Feb  6 14:59:48 2025
program: "/hpc/home/baum612/code/exachem-dev/build/methods_stage/hpc/home/baum612/code/tamm_install/methods/ExaChem"
nnodes: 1, nproc_per_node: 8, nproc_total: 8, 
Memory information
{
[Intel(R) Xeon(R) Platinum 8276M CPU @ 2.20GHz] : 
  CPU memory per node (GiB): 6046
  Total CPU memory (GiB): 6046
}

------------------------------------------------------------

Input file provided: /hpc/home/baum612/TESTS/DUCC-Hamiltonian-Library/N2/cc-pVDZ/AllElectronCCSD-14Elec-13Orbs/1.8_Eq-3.7224au/DUCC2/N2.json

{
  "geometry": {
    "coordinates": [
      "N  0.000000  0.000000  0.000000",
      "N  0.000000  0.000000  3.7224"
    ],
    "units": "bohr"
  },
  "basis": {
    "basisset": "cc-pvdz"
  },
  "common": {
    "file_prefix": "N2",
    "maxiter": 100
  },
  "SCF": {
    "tol_int": 1e-16,
    "tol_lindep": 1e-09,
    "conve": 1e-10,
    "convd": 1e-09,
    "diis_hist": 10,
    "charge": 0,
    "multiplicity": 1,
    "restart": false,
    "scf_type": "restricted",
    "writem": 10
  },
  "CD": {
    "diagtol": 1e-14,
    "max_cvecs": 1000
  },
  "CC": {
    "threshold": 1e-08,
    "ndiis": 5,
    "writet": false,
    "ccsd_maxiter": 100,
    "lshift": 0.1,
    "nactive_oa": 7,
    "nactive_ob": 7,
    "nactive_va": 6,
    "nactive_vb": 6,
    "ducc_lvl": 1
  },
  "TASK": {
    "ducc": true
  }
}

Output folder & files prefix: N2.cc-pvdz

Printing Internal Coordinates

------------------------------------------------------------
                Bond Lengths

i      j        Length (Angstroms)     Length (Bohr)
0      1          1.9698092485         3.7224000000

Number of Angles: 0
Number of Torsional Angles: 0


----------------------------------------------------------------------
                          Center of Mass

         x               y               z              Unit
               0               0    0.9849046243      Angstrom
               0               0          1.8612          Bohr

----------------------------------------------------------------------
                Moment of Inertia Tensor

           97.0151                 0                 0
                 0           97.0151                 0
                 0                 0                 0

----------------------------------------------------------------------
                      Principal Moments of Inertia

           x                 y                 z                Unit
                 0       27.16699536       27.16699536       amu * ang^2
                 0       97.01510168       97.01510168      amu * bohr^2
  0.0000000000e+00  4.5111887904e-39  4.5111887904e-39          g * cm^2

 - Molecule is diatomic.

----------------------------------------------------------------------

         Rotational constants (MHz)

    A = inf        B = 1.8603e+04        C = 1.8603e+04

----------------------------------------------------------------------

        Rotational constants (cm-1)

    A = inf        B = 6.2052e-01        C = 6.2052e-01

----------------------------------------------------------------------

                                Z-Matrix
N   
N        1          3.7224

----------------------------------------------------------------------

             Converted back to Cartesian

N        0.000000      0.000000      0.000000
N        0.000000      0.000000      3.722400

----------------------------------------------------------------------
                       Geometry in bohr 

1     N       0.0000000000    0.0000000000    0.0000000000
2     N       0.0000000000    0.0000000000    3.7224000000
Resetting xc_basis_tol to 1e-10

 Number of nodes, processes per node used for SCF calculation: 1, 8

Common Options
{
 maxiter    = 100
 basis      = cc-pvdz spherical
 geom_units = bohr
 natoms_max = 30
 debug      = false
 file_prefix    = N2
}

SCF Options
{
 charge            = 0
 multiplicity      = 1
 level shift       = 0
 tol_int           = 1e-16
 tol_sch           = 1e-12
 tol_lindep        = 1e-09
 conve             = 1e-10
 convd             = 1e-09
 diis_hist         = 10
 AO_tilesize       = 30
 writem            = 10
 damp              = 100
 n_lindep          = 0
 scf_type          = restricted
 direct_df         = false
 restart_size      = 2000
 restart           = false
 debug             = false
}

Number of basis functions = 28

Total number of shells = 12

Total number of electrons = 14
  # of alpha electrons    = 7
  # of beta electons      = 7

Nuclear repulsion energy  = 13.163550397593

# of {all,non-negligible} shell-pairs = {78,78}
Number of AO tiles = 12

Time for initial setup: 0.00 secs
HF exch = 1.00

Time for computing 1-e integrals T, V, S: 0.00 secs
Time for computing orthogonalizer: 0.00 secs

Superposition of Atomic Density Guess ...
Time taken for SAD: 0.03 secs
Total Time to compute initial guess: 0.03 secs


 SCF iterations
-----------------------------------------------------------------------------
 Iter     Energy            E-Diff       RMSD        |[F,P]|^2       Time(s)
-----------------------------------------------------------------------------
   1  -107.7989735455    -1.08e+02     5.29e-02     9.15e-01         0.0 
   2  -108.3413275950    -5.42e-01     4.31e-03     4.25e-02         0.0 
   3  -108.3465228119    -5.20e-03     1.38e-03     3.83e-03         0.0 
   4  -108.3471564719    -6.34e-04     6.26e-04     4.80e-04         0.0 
   5  -108.3472339713    -7.75e-05     2.78e-05     1.18e-06         0.0 
   6  -108.3472341087    -1.37e-07     5.24e-06     2.71e-08         0.0 
   7  -108.3472341128    -4.13e-09     4.43e-07     1.05e-10         0.0 
   8  -108.3472341128    -2.34e-11     3.38e-08     5.30e-13         0.0 
   9  -108.3472341128    -8.53e-14     3.31e-09     7.57e-15         0.0 
<DIIS> Singularity in Pulay matrix detected.
<DIIS> Singularity in Pulay matrix detected.
  10  -108.3472341128    -5.68e-14     4.66e-10     1.08e-16         0.0 

** Total SCF energy = -108.3472341128360

Nuclear repulsion energy = 13.163550397592951
#electrons        = 14
1e energy kinetic = 107.1316805368654173
1e energy N-e     = -280.1461065115498172
1e energy         = -173.0144259746844568
2e energy         = 51.5036414642555016
writing orbitals and density to disk ... done.

Total Time taken for Hartree-Fock: 0.21 secs

CD Options
{
 debug            = false
 skip_cd          = [false,100]
 write_cv         = [false,5000]
 diagtol          = 1e-14
 itilesize        = 1000
 max_cvecs_factor = 1000
}

- #occupied, #virtual = 14, 42

- Tilesize for the MSO space: 40

-----------------------------------------------------
Begin 2-index transformation ... 

nAO, nMO, nelectrons = 28, 56, 14
n_occ_alpha, n_vir_alpha, n_occ_beta, n_vir_beta = 7,21,7,21

Time taken for Fao->Fmo transform: 0.00 secs

-----------------------------------------------------
Number of AO tiles = 12
# of {all,non-negligible} shell-pairs = {78,78}

    Begin Cholesky Decomposition
---------------------------------------------
Total # of mpi ranks used for Cholesky decomposition: 8
  --> Number of nodes, mpi ranks per node: 1, 8
- CPU memory required for computing cholesky vectors: 0.00 GiB

- Time for computing the diagonal: 0.00 secs

- Total number of cholesky vectors = 784

- Time to compute cholesky vectors: 0.40 secs

- CPU memory required for resizing the ao cholesky tensor: 0.01 GiB
- CPU memory required for ao2mo transformation: 0.01 GiB
- CPU memory required for the 2-step contraction: 0.02 GiB

- Time for ao to mo transform: 0.03 secs

   End Cholesky Decomposition
---------------------------------------------

Total Time taken for Cholesky Decomposition: 0.46 secs

scf_type = restricted
Closed-Shell SCF
nbf = 28
nbf_orig = 28
n_lindep = 0
focc = 1
nmo = 56
nocc = 14
nvir = 42
n_occ_alpha = 7
n_vir_alpha = 21
n_occ_beta = 7
n_vir_beta = 21
nelectrons = 14
nelectrons_alpha = 7
nelectrons_beta = 7
n_frozen_core = 0
n_frozen_virtual = 0
----------------------------

Total CPU memory required for Closed Shell Cholesky CCSD calculation: 0.03 GiB


 CCSD iterations
------------------------------------------------------------
  Iter     Residuum          Correlation          Time(s)
------------------------------------------------------------
   1     0.4830537269903    0.0000000000000         0.04
   2     0.2253714509604   -0.6842423440516         0.04
   3     0.2129227329269   -0.3177514452931         0.04
   4     0.1575118867805   -0.6609532488250         0.04
   5     0.1563776013907   -0.3856701407503         0.04
 MICROCYCLE DIIS UPDATE:                    6
   6     0.0254067915538   -0.5183498931650         0.04
   7     0.0257742707694   -0.5118791819957         0.04
   8     0.0170670810405   -0.5290634448620         0.04
   9     0.0196350204344   -0.5242496833178         0.04
  10     0.0128634041176   -0.5375860536238         0.04
 MICROCYCLE DIIS UPDATE:                   11
  11     0.0057465624386   -0.5624795428954         0.04
  12     0.0034127207249   -0.5675549551538         0.04
  13     0.0035712652652   -0.5629107837221         0.04
  14     0.0019850044269   -0.5671825895028         0.04
  15     0.0024836719867   -0.5640129220902         0.03
 MICROCYCLE DIIS UPDATE:                   16
  16     0.0005839127986   -0.5663196336381         0.04
  17     0.0008276141448   -0.5659030336519         0.04
  18     0.0004068022694   -0.5666650844534         0.04
  19     0.0005948473311   -0.5663543678972         0.03
  20     0.0002967564922   -0.5668935202454         0.04
 MICROCYCLE DIIS UPDATE:                   21
  21     0.0000807056332   -0.5674821034756         0.04
  22     0.0000546212973   -0.5674606579150         0.04
  23     0.0000298983184   -0.5674958988463         0.03
  24     0.0000336860881   -0.5674797679388         0.03
  25     0.0000182343739   -0.5675060912822         0.03
 MICROCYCLE DIIS UPDATE:                   26
  26     0.0000101458873   -0.5675243207095         0.04
  27     0.0000126252040   -0.5675187303173         0.04
  28     0.0000062289422   -0.5675300554822         0.03
  29     0.0000088725673   -0.5675256860312         0.03
  30     0.0000044436197   -0.5675336425544         0.03
 MICROCYCLE DIIS UPDATE:                   31
  31     0.0000019374173   -0.5675413927321         0.04
  32     0.0000015487840   -0.5675407888727         0.04
  33     0.0000008965308   -0.5675417732382         0.04
  34     0.0000010230277   -0.5675413983705         0.04
  35     0.0000005863076   -0.5675421388216         0.03
 MICROCYCLE DIIS UPDATE:                   36
  36     0.0000002778975   -0.5675430193970         0.04
  37     0.0000002777378   -0.5675428926586         0.04
  38     0.0000001375129   -0.5675431394161         0.04
  39     0.0000001930546   -0.5675430453588         0.04
  40     0.0000000969335   -0.5675432181603         0.03
 MICROCYCLE DIIS UPDATE:                   41
  41     0.0000000455108   -0.5675433746068         0.04
  42     0.0000000421602   -0.5675433561212         0.03
  43     0.0000000237172   -0.5675433853264         0.03
  44     0.0000000288196   -0.5675433734588         0.04
  45     0.0000000164456   -0.5675433952409         0.03
 MICROCYCLE DIIS UPDATE:                   46
  46     0.0000000109619   -0.5675434103559         0.04
  47     0.0000000124120   -0.5675434075808         0.03
  48     0.0000000098892   -0.5675434164299         0.03
------------------------------------------------------------------
 Iterations converged
 CCSD correlation energy / hartree =        -0.567543416429935
 CCSD total energy / hartree       =      -108.914777529265933

Time taken for Closed Shell Cholesky CCSD: 1.93 secs

Executing DUCC routine
======================
Number of active occupied alpha = 7
Number of active occupied beta  = 7
Number of active virtual alpha  = 6
Number of active virtual beta   = 6
ducc_lvl = 1

Full SCF Energy: -108.347234112836
Bare SCF Energy: -108.347234113236
Frozen Core Energy: 0.000000000400

DUCC: Time taken to compute Bare Hamiltonian: 0.00 secs
Bare Active Space SCF Energy: -108.347234113236

DUCC: Time taken to compute single commutator of F and V and double commutator of F: 0.25 secs
Fully Contracted Scalar: -0.158790767256

DUCC SCF energy: -108.506024880492
Total Energy Shift: 0.000000000400

DUCC: Total compute time: 0.25 secs

DUCC: Time to write results: 0.02 secs
DUCC Memory Stats
-----------------
allocation count: 813
deallocation count: 812
total memory allocated: 0.135267 GiB
total memory deallocated: 0.135266 GiB
maximum memory in single allocation: 0.009159 GiB
maximum memory consumption: 0.031047 GiB
