
ExaChem Git Information
{
 Branch: main
 Commit Hash: bd25dab [bd25dab8406e69b11ad8def9900a8eea7bb8d543]
 Commit Date: 2025-01-30 14:42:33 -0800
 Commit Message: Fixes ECP handling for multiple atoms

 WARNING: The following ExaChem sources have uncommitted changes at build-time.

 M exachem/cc/ducc/ducc-t_ccsd.cpp

diff --git a/exachem/cc/ducc/ducc-t_ccsd.cpp b/exachem/cc/ducc/ducc-t_ccsd.cpp
index 16950f2..d62ffdf 100644
--- a/exachem/cc/ducc/ducc-t_ccsd.cpp
+++ b/exachem/cc/ducc/ducc-t_ccsd.cpp
@@ -1694 +1694 @@ void DUCC_T_CCSD_Driver(ChemEnv& chem_env, ExecutionContext& ec, const TiledInde
-  // const TiledIndexSpace& V  = MO("virt");
+  const TiledIndexSpace& V  = MO("virt");
@@ -1819,0 +1820,14 @@ void DUCC_T_CCSD_Driver(ChemEnv& chem_env, ExecutionContext& ec, const TiledInde
+  // Calculate External contribution to the energy
+  Tensor<T> i1{{O, V}, {1, 1}}; 
+  Tensor<T> ext_e{};
+
+  sch.allocate(i1,ext_e).execute();
+  sch (i1(h1, p1) = f1(h1, p1))
+      (i1(h1, p1) += 0.5 * t1(p2, h2) * v2tensors.v2ijab(h2, h1, p2, p1))
+      (ext_e() = 0)
+      (ext_e() += t1(p1, h1) * i1(h1, p1))
+      (ext_e() += 0.25 * t2(p1, p2, h3, h4) * v2tensors.v2ijab(h3, h4, p1, p2)).execute();
+
+  if(rank == 0) {std::cout << "Energy from external amplitudes = " << get_scalar(ext_e) << std::endl;}
+  sch.deallocate(i1,ext_e).execute();
+
@@ -2036 +2050 @@ void DUCC_T_CCSD_Driver(ChemEnv& chem_env, ExecutionContext& ec, const TiledInde
-  if(rank == 0 && ducc_lvl > 0) {
+  if(rank == 0) {

}


TAMM Git Information
{
 Branch: main
 Commit Hash: 1c9868cf [1c9868cfbfc8bad3586dd21e36f2519cff1fe55a]
 Commit Date: 2024-12-19 12:23:01 -0800
 Commit Message: minor update to print_vector
}


date: Thu Mar 13 11:06:57 2025
program: "/hpc/home/baum612/code/exachem-dev/build/methods_stage/hpc/home/baum612/code/tamm_install/methods/ExaChem"
nnodes: 1, nproc_per_node: 8, nproc_total: 8, 
Memory information
{
[Intel(R) Xeon(R) Platinum 8276M CPU @ 2.20GHz] : 
  CPU memory per node (GiB): 6046
  Total CPU memory (GiB): 6046
}

------------------------------------------------------------

Input file provided: /hpc/home/baum612/TESTS/DUCC-Hamiltonian-Library/N2/cc-pVTZ/1.5_Eq-3.1020au/Bare/N2.json

{
  "geometry": {
    "coordinates": [
      "N  0.000000  0.000000  0.000000",
      "N  0.000000  0.000000  3.1020"
    ],
    "units": "bohr"
  },
  "basis": {
    "basisset": "cc-pvtz"
  },
  "common": {
    "file_prefix": "N2",
    "maxiter": 100
  },
  "SCF": {
    "tol_int": 1e-16,
    "tol_lindep": 1e-09,
    "conve": 1e-10,
    "convd": 1e-09,
    "diis_hist": 10,
    "charge": 0,
    "multiplicity": 1,
    "restart": false,
    "scf_type": "restricted",
    "writem": 10
  },
  "CD": {
    "diagtol": 1e-14,
    "max_cvecs": 1000
  },
  "CC": {
    "threshold": 1e-08,
    "ndiis": 5,
    "writet": false,
    "ccsd_maxiter": 100,
    "lshift": 0.1,
    "nactive_oa": 3,
    "nactive_ob": 3,
    "nactive_va": 3,
    "nactive_vb": 3,
    "ducc_lvl": 0
  },
  "TASK": {
    "ducc": true
  }
}

Output folder & files prefix: N2.cc-pvtz

Printing Internal Coordinates

------------------------------------------------------------
                Bond Lengths

i      j        Length (Angstroms)     Length (Bohr)
0      1          1.6415077071         3.1020000000

Number of Angles: 0
Number of Torsional Angles: 0


----------------------------------------------------------------------
                          Center of Mass

         x               y               z              Unit
               0               0    0.8207538536      Angstrom
               0               0           1.551          Bohr

----------------------------------------------------------------------
                Moment of Inertia Tensor

           67.3716                 0                 0
                 0           67.3716                 0
                 0                 0                 0

----------------------------------------------------------------------
                      Principal Moments of Inertia

           x                 y                 z                Unit
                 0         18.865969         18.865969       amu * ang^2
                 0       67.37159839       67.37159839      amu * bohr^2
  0.0000000000e+00  3.1327699933e-39  3.1327699933e-39          g * cm^2

 - Molecule is diatomic.

----------------------------------------------------------------------

         Rotational constants (MHz)

    A = inf        B = 2.6788e+04        C = 2.6788e+04

----------------------------------------------------------------------

        Rotational constants (cm-1)

    A = inf        B = 8.9355e-01        C = 8.9355e-01

----------------------------------------------------------------------

                                Z-Matrix
N   
N        1           3.102

----------------------------------------------------------------------

             Converted back to Cartesian

N        0.000000      0.000000      0.000000
N        0.000000      0.000000      3.102000

----------------------------------------------------------------------
                       Geometry in bohr 

1     N       0.0000000000    0.0000000000    0.0000000000
2     N       0.0000000000    0.0000000000    3.1020000000
Resetting xc_basis_tol to 1e-10

 Number of nodes, processes per node used for SCF calculation: 1, 8

Common Options
{
 maxiter    = 100
 basis      = cc-pvtz spherical
 geom_units = bohr
 natoms_max = 30
 debug      = false
 file_prefix    = N2
}

SCF Options
{
 charge            = 0
 multiplicity      = 1
 level shift       = 0
 tol_int           = 1e-16
 tol_sch           = 1e-12
 tol_lindep        = 1e-09
 conve             = 1e-10
 convd             = 1e-09
 diis_hist         = 10
 AO_tilesize       = 30
 writem            = 10
 damp              = 100
 n_lindep          = 0
 scf_type          = restricted
 direct_df         = false
 restart_size      = 2000
 restart           = false
 debug             = false
}

Number of basis functions = 60

Total number of shells = 20

Total number of electrons = 14
  # of alpha electrons    = 7
  # of beta electons      = 7

Nuclear repulsion energy  = 15.7962604771115

# of {all,non-negligible} shell-pairs = {210,210}
Number of AO tiles = 20

Time for initial setup: 0.00 secs
HF exch = 1.00

Time for computing 1-e integrals T, V, S: 0.00 secs
Time for computing orthogonalizer: 0.00 secs

Superposition of Atomic Density Guess ...
Time taken for SAD: 0.05 secs
Total Time to compute initial guess: 0.05 secs


 SCF iterations
-----------------------------------------------------------------------------
 Iter     Energy            E-Diff       RMSD        |[F,P]|^2       Time(s)
-----------------------------------------------------------------------------
   1  -108.0895820786    -1.08e+02     1.89e-02     9.63e+00         0.0 
   2  -108.5796545128    -4.90e-01     2.10e-03     1.77e-01         0.0 
   3  -108.5888966623    -9.24e-03     6.68e-04     1.33e-02         0.0 
   4  -108.5899724495    -1.08e-03     3.58e-04     2.46e-03         0.0 
   5  -108.5901525718    -1.80e-04     1.56e-05     7.45e-06         0.0 
   6  -108.5901529819    -4.10e-07     3.09e-06     1.36e-07         0.0 
   7  -108.5901529936    -1.16e-08     5.66e-07     2.71e-09         0.0 
   8  -108.5901529938    -2.71e-10     9.47e-08     4.63e-11         0.0 
   9  -108.5901529938    -5.41e-12     4.17e-09     3.85e-13         0.0 
  10  -108.5901529938     0.00e+00     3.27e-10     4.62e-15         0.0 

** Total SCF energy = -108.5901529938366

Nuclear repulsion energy = 15.796260477111542
#electrons        = 14
1e energy kinetic = 107.3568922885807808
1e energy N-e     = -285.7699623944752148
1e energy         = -178.4130701058944339
2e energy         = 54.0266566349462423
writing orbitals and density to disk ... done.

Total Time taken for Hartree-Fock: 0.40 secs

CD Options
{
 debug            = false
 skip_cd          = [false,100]
 write_cv         = [false,5000]
 diagtol          = 1e-14
 itilesize        = 1000
 max_cvecs_factor = 1000
}

- #occupied, #virtual = 14, 106

- Tilesize for the MSO space: 40

-----------------------------------------------------
Begin 2-index transformation ... 

nAO, nMO, nelectrons = 60, 120, 14
n_occ_alpha, n_vir_alpha, n_occ_beta, n_vir_beta = 7,53,7,53

Time taken for Fao->Fmo transform: 0.00 secs

-----------------------------------------------------
Number of AO tiles = 20
# of {all,non-negligible} shell-pairs = {210,210}

    Begin Cholesky Decomposition
---------------------------------------------
Total # of mpi ranks used for Cholesky decomposition: 8
  --> Number of nodes, mpi ranks per node: 1, 8
- CPU memory required for computing cholesky vectors: 0.05 GiB

- Time for computing the diagonal: 0.00 secs

- Total number of cholesky vectors = 1680

- Time to compute cholesky vectors: 2.39 secs

- CPU memory required for resizing the ao cholesky tensor: 0.09 GiB
- CPU memory required for ao2mo transformation: 0.14 GiB
- CPU memory required for the 2-step contraction: 0.18 GiB

- Time for ao to mo transform: 0.29 secs

   End Cholesky Decomposition
---------------------------------------------

Total Time taken for Cholesky Decomposition: 2.75 secs

scf_type = restricted
Closed-Shell SCF
nbf = 60
nbf_orig = 60
n_lindep = 0
focc = 1
nmo = 120
nocc = 14
nvir = 106
n_occ_alpha = 7
n_vir_alpha = 53
n_occ_beta = 7
n_vir_beta = 53
nelectrons = 14
nelectrons_alpha = 7
nelectrons_beta = 7
n_frozen_core = 0
n_frozen_virtual = 0
----------------------------

Total CPU memory required for Closed Shell Cholesky CCSD calculation: 0.28 GiB


 CCSD iterations
------------------------------------------------------------
  Iter     Residuum          Correlation          Time(s)
------------------------------------------------------------
   1     0.6731614615146    0.0000000000000         1.09
   2     0.1565705741235   -0.5705573177739         0.98
   3     0.1015331393521   -0.4352109389594         0.97
   4     0.0463058226420   -0.5371504262319         0.97
   5     0.0348062958874   -0.4893323094428         0.98
 MICROCYCLE DIIS UPDATE:                    6
   6     0.0097987977848   -0.5166223510212         0.98
   7     0.0063198029810   -0.5144756355270         0.98
   8     0.0041595853257   -0.5166202288067         0.97
   9     0.0034661038600   -0.5163687658762         0.97
  10     0.0024950670052   -0.5173523146168         0.97
 MICROCYCLE DIIS UPDATE:                   11
  11     0.0004330260090   -0.5188642299669         0.97
  12     0.0001735329985   -0.5189469175818         0.97
  13     0.0000868773412   -0.5189710527190         0.98
  14     0.0000505607306   -0.5189838893024         0.97
  15     0.0000323987049   -0.5189908878716         1.01
 MICROCYCLE DIIS UPDATE:                   16
  16     0.0000126901949   -0.5190018952685         1.07
  17     0.0000074818361   -0.5190026155269         1.07
  18     0.0000052801728   -0.5190045796389         1.07
  19     0.0000041634051   -0.5190049777584         1.07
  20     0.0000030997185   -0.5190059154438         1.07
 MICROCYCLE DIIS UPDATE:                   21
  21     0.0000006135653   -0.5190080163880         1.07
  22     0.0000003130802   -0.5190079140857         1.07
  23     0.0000001497997   -0.5190080511358         1.07
  24     0.0000001155123   -0.5190080135117         1.07
  25     0.0000000673287   -0.5190080612483         1.07
 MICROCYCLE DIIS UPDATE:                   26
  26     0.0000000375528   -0.5190080801030         1.06
  27     0.0000000257029   -0.5190080740525         1.07
  28     0.0000000169869   -0.5190080838524         1.06
  29     0.0000000139943   -0.5190080826383         1.07
  30     0.0000000099539   -0.5190080869128         1.06
------------------------------------------------------------------
 Iterations converged
 CCSD correlation energy / hartree =        -0.519008086912828
 CCSD total energy / hartree       =      -109.109161080749445

Time taken for Closed Shell Cholesky CCSD: 31.05 secs

Executing DUCC routine
======================
Number of active occupied alpha = 3
Number of active occupied beta  = 3
Number of active virtual alpha  = 3
Number of active virtual beta   = 3
ducc_lvl = 0

Full SCF Energy: -108.590152993837
Bare SCF Energy: -108.590153001496
Frozen Core Energy: 0.000000007660
Energy from external amplitudes = -0.333810698287

DUCC: Time taken to compute Bare Hamiltonian: 0.00 secs
Bare Active Space SCF Energy: 6.143951142661
Fully Contracted Scalar: -0.000000000000

DUCC SCF energy: 6.143951142661
Total Energy Shift: -114.734104136497

DUCC: Total compute time: 0.00 secs

DUCC: Time to write results: 0.01 secs
DUCC Memory Stats
-----------------
allocation count: 335
deallocation count: 334
total memory allocated: 0.934205 GiB
total memory deallocated: 0.934204 GiB
maximum memory in single allocation: 0.352732 GiB
maximum memory consumption: 0.509908 GiB
