
ExaChem Git Information
{
 Branch: main
 Commit Hash: bd25dab [bd25dab8406e69b11ad8def9900a8eea7bb8d543]
 Commit Date: 2025-01-30 14:42:33 -0800
 Commit Message: Fixes ECP handling for multiple atoms

 WARNING: The following ExaChem sources have uncommitted changes at build-time.

 M exachem/cc/ducc/ducc-t_ccsd.cpp

diff --git a/exachem/cc/ducc/ducc-t_ccsd.cpp b/exachem/cc/ducc/ducc-t_ccsd.cpp
index 16950f2..85b1230 100644
--- a/exachem/cc/ducc/ducc-t_ccsd.cpp
+++ b/exachem/cc/ducc/ducc-t_ccsd.cpp
@@ -2036 +2036 @@ void DUCC_T_CCSD_Driver(ChemEnv& chem_env, ExecutionContext& ec, const TiledInde
-  if(rank == 0 && ducc_lvl > 0) {
+  if(rank == 0) {

}


TAMM Git Information
{
 Branch: main
 Commit Hash: 1c9868cf [1c9868cfbfc8bad3586dd21e36f2519cff1fe55a]
 Commit Date: 2024-12-19 12:23:01 -0800
 Commit Message: minor update to print_vector
}


date: Thu Feb  6 15:03:40 2025
program: "/hpc/home/baum612/code/exachem-dev/build/methods_stage/hpc/home/baum612/code/tamm_install/methods/ExaChem"
nnodes: 1, nproc_per_node: 8, nproc_total: 8, 
Memory information
{
[Intel(R) Xeon(R) Platinum 8276M CPU @ 2.20GHz] : 
  CPU memory per node (GiB): 6046
  Total CPU memory (GiB): 6046
}

------------------------------------------------------------

Input file provided: /hpc/home/baum612/TESTS/DUCC-Hamiltonian-Library/N2/cc-pVDZ/AllElectronCCSD-14Elec-19Orbs/2.1_Eq-4.3428au/Bare/N2.json

{
  "geometry": {
    "coordinates": [
      "N  0.000000  0.000000  0.000000",
      "N  0.000000  0.000000  4.3428"
    ],
    "units": "bohr"
  },
  "basis": {
    "basisset": "cc-pvdz"
  },
  "common": {
    "file_prefix": "N2",
    "maxiter": 100
  },
  "SCF": {
    "tol_int": 1e-16,
    "tol_lindep": 1e-09,
    "conve": 1e-10,
    "convd": 1e-09,
    "diis_hist": 10,
    "charge": 0,
    "multiplicity": 1,
    "restart": false,
    "scf_type": "restricted",
    "writem": 10
  },
  "CD": {
    "diagtol": 1e-14,
    "max_cvecs": 1000
  },
  "CC": {
    "threshold": 1e-08,
    "ndiis": 5,
    "writet": false,
    "ccsd_maxiter": 100,
    "lshift": 0.1,
    "nactive_oa": 7,
    "nactive_ob": 7,
    "nactive_va": 12,
    "nactive_vb": 12,
    "ducc_lvl": 0
  },
  "TASK": {
    "ducc": true
  }
}

Output folder & files prefix: N2.cc-pvdz

Printing Internal Coordinates

------------------------------------------------------------
                Bond Lengths

i      j        Length (Angstroms)     Length (Bohr)
0      1          2.2981107900         4.3428000000

Number of Angles: 0
Number of Torsional Angles: 0


----------------------------------------------------------------------
                          Center of Mass

         x               y               z              Unit
               0               0     1.149055395      Angstrom
               0               0          2.1714          Bohr

----------------------------------------------------------------------
                Moment of Inertia Tensor

           132.048                 0                 0
                 0           132.048                 0
                 0                 0                 0

----------------------------------------------------------------------
                      Principal Moments of Inertia

           x                 y                 z                Unit
                 0       36.97729924       36.97729924       amu * ang^2
                 0       132.0483328       132.0483328      amu * bohr^2
  0.0000000000e+00  6.1402291869e-39  6.1402291869e-39          g * cm^2

 - Molecule is diatomic.

----------------------------------------------------------------------

         Rotational constants (MHz)

    A = inf        B = 1.3667e+04        C = 1.3667e+04

----------------------------------------------------------------------

        Rotational constants (cm-1)

    A = inf        B = 4.5589e-01        C = 4.5589e-01

----------------------------------------------------------------------

                                Z-Matrix
N   
N        1          4.3428

----------------------------------------------------------------------

             Converted back to Cartesian

N        0.000000      0.000000      0.000000
N        0.000000      0.000000      4.342800

----------------------------------------------------------------------
                       Geometry in bohr 

1     N       0.0000000000    0.0000000000    0.0000000000
2     N       0.0000000000    0.0000000000    4.3428000000
Resetting xc_basis_tol to 1e-10

 Number of nodes, processes per node used for SCF calculation: 1, 8

Common Options
{
 maxiter    = 100
 basis      = cc-pvdz spherical
 geom_units = bohr
 natoms_max = 30
 debug      = false
 file_prefix    = N2
}

SCF Options
{
 charge            = 0
 multiplicity      = 1
 level shift       = 0
 tol_int           = 1e-16
 tol_sch           = 1e-12
 tol_lindep        = 1e-09
 conve             = 1e-10
 convd             = 1e-09
 diis_hist         = 10
 AO_tilesize       = 30
 writem            = 10
 damp              = 100
 n_lindep          = 0
 scf_type          = restricted
 direct_df         = false
 restart_size      = 2000
 restart           = false
 debug             = false
}

Number of basis functions = 28

Total number of shells = 12

Total number of electrons = 14
  # of alpha electrons    = 7
  # of beta electons      = 7

Nuclear repulsion energy  = 11.2830431979368

# of {all,non-negligible} shell-pairs = {78,78}
Number of AO tiles = 12

Time for initial setup: 0.00 secs
HF exch = 1.00

Time for computing 1-e integrals T, V, S: 0.00 secs
Time for computing orthogonalizer: 0.00 secs

Superposition of Atomic Density Guess ...
Time taken for SAD: 0.04 secs
Total Time to compute initial guess: 0.04 secs


 SCF iterations
-----------------------------------------------------------------------------
 Iter     Energy            E-Diff       RMSD        |[F,P]|^2       Time(s)
-----------------------------------------------------------------------------
   1  -107.7034573118    -1.08e+02     5.38e-02     1.45e-01         0.0 
   2  -108.1874029574    -4.84e-01     3.37e-03     2.45e-02         0.0 
   3  -108.1910172217    -3.61e-03     1.48e-03     4.11e-03         0.0 
   4  -108.1916840232    -6.67e-04     5.99e-04     3.61e-04         0.0 
   5  -108.1917505111    -6.65e-05     2.25e-05     7.36e-07         0.0 
   6  -108.1917506097    -9.86e-08     5.39e-06     2.59e-08         0.0 
   7  -108.1917506138    -4.12e-09     3.89e-07     2.14e-10         0.0 
   8  -108.1917506139    -3.52e-11     3.92e-08     8.07e-13         0.0 
   9  -108.1917506139    -2.42e-13     2.68e-09     9.59e-15         0.0 
  10  -108.1917506139     0.00e+00     1.62e-09     2.59e-14         0.0 
<DIIS> Singularity in Pulay matrix detected.
  11  -108.1917506139     2.84e-14     5.10e-10     2.08e-15         0.0 

** Total SCF energy = -108.1917506138751

Nuclear repulsion energy = 11.283043197936815
#electrons        = 14
1e energy kinetic = 107.1774032963213301
1e energy N-e     = -276.3670641557234262
1e energy         = -169.1896608594021814
2e energy         = 49.7148670475901966
writing orbitals and density to disk ... done.

Total Time taken for Hartree-Fock: 0.28 secs

CD Options
{
 debug            = false
 skip_cd          = [false,100]
 write_cv         = [false,5000]
 diagtol          = 1e-14
 itilesize        = 1000
 max_cvecs_factor = 1000
}

- #occupied, #virtual = 14, 42

- Tilesize for the MSO space: 40

-----------------------------------------------------
Begin 2-index transformation ... 

nAO, nMO, nelectrons = 28, 56, 14
n_occ_alpha, n_vir_alpha, n_occ_beta, n_vir_beta = 7,21,7,21

Time taken for Fao->Fmo transform: 0.00 secs

-----------------------------------------------------
Number of AO tiles = 12
# of {all,non-negligible} shell-pairs = {78,78}

    Begin Cholesky Decomposition
---------------------------------------------
Total # of mpi ranks used for Cholesky decomposition: 8
  --> Number of nodes, mpi ranks per node: 1, 8
- CPU memory required for computing cholesky vectors: 0.00 GiB

- Time for computing the diagonal: 0.00 secs

- Total number of cholesky vectors = 784

- Time to compute cholesky vectors: 0.45 secs

- CPU memory required for resizing the ao cholesky tensor: 0.01 GiB
- CPU memory required for ao2mo transformation: 0.01 GiB
- CPU memory required for the 2-step contraction: 0.02 GiB

- Time for ao to mo transform: 0.02 secs

   End Cholesky Decomposition
---------------------------------------------

Total Time taken for Cholesky Decomposition: 0.50 secs

scf_type = restricted
Closed-Shell SCF
nbf = 28
nbf_orig = 28
n_lindep = 0
focc = 1
nmo = 56
nocc = 14
nvir = 42
n_occ_alpha = 7
n_vir_alpha = 21
n_occ_beta = 7
n_vir_beta = 21
nelectrons = 14
nelectrons_alpha = 7
nelectrons_beta = 7
n_frozen_core = 0
n_frozen_virtual = 0
----------------------------

Total CPU memory required for Closed Shell Cholesky CCSD calculation: 0.03 GiB


 CCSD iterations
------------------------------------------------------------
  Iter     Residuum          Correlation          Time(s)
------------------------------------------------------------
   1     0.4974123029869    0.0000000000000         0.03
   2     0.3371441592507   -0.8934152282498         0.03
   3     0.4511257176529   -0.1387760972272         0.03
   4     0.4994559968967   -1.1073835081223         0.02
   5     0.6382921108655   -0.0013016291653         0.03
 MICROCYCLE DIIS UPDATE:                    6
   6     0.0454905401007   -0.6156900197987         0.03
   7     0.0775470384173   -0.5297512749498         0.03
   8     0.0583358273806   -0.6603897921090         0.02
   9     0.1022362713470   -0.5290055412416         0.02
  10     0.0880129237847   -0.7133940434033         0.02
 MICROCYCLE DIIS UPDATE:                   11
  11     0.0241326285785   -0.6763434407052         0.03
  12     0.0150227564011   -0.6935923721099         0.03
  13     0.0220531330493   -0.6871555483957         0.03
  14     0.0106629510143   -0.7115226401248         0.03
  15     0.0206016646100   -0.6995703529585         0.03
 MICROCYCLE DIIS UPDATE:                   16
  16     0.0048418674001   -0.7510851804119         0.03
  17     0.0050464108070   -0.7568802920412         0.03
  18     0.0025545208869   -0.7507129606989         0.03
  19     0.0036417150156   -0.7549155574005         0.03
  20     0.0021576031560   -0.7496771197362         0.03
 MICROCYCLE DIIS UPDATE:                   21
  21     0.0005609495218   -0.7507438658106         0.03
  22     0.0011179825904   -0.7513501283172         0.03
  23     0.0004626821718   -0.7499866798543         0.03
  24     0.0008651487699   -0.7506517682405         0.03
  25     0.0004133172906   -0.7494927276065         0.03
 MICROCYCLE DIIS UPDATE:                   26
  26     0.0000575884561   -0.7489923472962         0.03
  27     0.0000314739928   -0.7490063132690         0.02
  28     0.0000225279787   -0.7489820880341         0.03
  29     0.0000213273684   -0.7490060408877         0.03
  30     0.0000159828332   -0.7489781396599         0.03
 MICROCYCLE DIIS UPDATE:                   31
  31     0.0000023293323   -0.7489884028386         0.03
  32     0.0000022344900   -0.7489888876675         0.03
  33     0.0000009794155   -0.7489864361182         0.03
  34     0.0000017103953   -0.7489874476390         0.03
  35     0.0000007676323   -0.7489852494567         0.03
 MICROCYCLE DIIS UPDATE:                   36
  36     0.0000002739600   -0.7489843737149         0.03
  37     0.0000002277891   -0.7489844469922         0.03
  38     0.0000001153396   -0.7489842779828         0.03
  39     0.0000001376240   -0.7489843025997         0.03
  40     0.0000000718679   -0.7489841733530         0.03
 MICROCYCLE DIIS UPDATE:                   41
  41     0.0000000504266   -0.7489840900385         0.03
  42     0.0000000723798   -0.7489840899431         0.03
  43     0.0000001187717   -0.7489840474143         0.03
  44     0.0000002408485   -0.7489840537012         0.03
  45     0.0000004890169   -0.7489840201559         0.03
 MICROCYCLE DIIS UPDATE:                   46
  46     0.0000000080051   -0.7489839926269         0.03
------------------------------------------------------------------
 Iterations converged
 CCSD correlation energy / hartree =        -0.748983992626919
 CCSD total energy / hartree       =      -108.940734606502062

Time taken for Closed Shell Cholesky CCSD: 1.40 secs

Executing DUCC routine
======================
Number of active occupied alpha = 7
Number of active occupied beta  = 7
Number of active virtual alpha  = 12
Number of active virtual beta   = 12
ducc_lvl = 0

Full SCF Energy: -108.191750613875
Bare SCF Energy: -108.191750615121
Frozen Core Energy: 0.000000001246

DUCC: Time taken to compute Bare Hamiltonian: 0.00 secs
Bare Active Space SCF Energy: -108.191750615121
Fully Contracted Scalar: -0.000000000000

DUCC SCF energy: -108.191750615121
Total Energy Shift: 0.000000001246

DUCC: Total compute time: 0.00 secs

DUCC: Time to write results: 0.05 secs
DUCC Memory Stats
-----------------
allocation count: 456
deallocation count: 455
total memory allocated: 0.077622 GiB
total memory deallocated: 0.077621 GiB
maximum memory in single allocation: 0.009159 GiB
maximum memory consumption: 0.031047 GiB
