
ExaChem Git Information
{
 Branch: main
 Commit Hash: bd25dab [bd25dab8406e69b11ad8def9900a8eea7bb8d543]
 Commit Date: 2025-01-30 14:42:33 -0800
 Commit Message: Fixes ECP handling for multiple atoms

 WARNING: The following ExaChem sources have uncommitted changes at build-time.

 M exachem/cc/ducc/ducc-t_ccsd.cpp

diff --git a/exachem/cc/ducc/ducc-t_ccsd.cpp b/exachem/cc/ducc/ducc-t_ccsd.cpp
index 16950f2..85b1230 100644
--- a/exachem/cc/ducc/ducc-t_ccsd.cpp
+++ b/exachem/cc/ducc/ducc-t_ccsd.cpp
@@ -2036 +2036 @@ void DUCC_T_CCSD_Driver(ChemEnv& chem_env, ExecutionContext& ec, const TiledInde
-  if(rank == 0 && ducc_lvl > 0) {
+  if(rank == 0) {

}


TAMM Git Information
{
 Branch: main
 Commit Hash: 1c9868cf [1c9868cfbfc8bad3586dd21e36f2519cff1fe55a]
 Commit Date: 2024-12-19 12:23:01 -0800
 Commit Message: minor update to print_vector
}


date: Thu Feb  6 15:11:01 2025
program: "/hpc/home/baum612/code/exachem-dev/build/methods_stage/hpc/home/baum612/code/tamm_install/methods/ExaChem"
nnodes: 1, nproc_per_node: 8, nproc_total: 8, 
Memory information
{
[Intel(R) Xeon(R) Platinum 8276M CPU @ 2.20GHz] : 
  CPU memory per node (GiB): 6046
  Total CPU memory (GiB): 6046
}

------------------------------------------------------------

Input file provided: /hpc/home/baum612/TESTS/DUCC-Hamiltonian-Library/N2/cc-pVDZ/AllElectronCCSD-14Elec-19Orbs/1.7_Eq-3.5156au/DUCC3/N2.json

{
  "geometry": {
    "coordinates": [
      "N  0.000000  0.000000  0.000000",
      "N  0.000000  0.000000  3.5156"
    ],
    "units": "bohr"
  },
  "basis": {
    "basisset": "cc-pvdz"
  },
  "common": {
    "file_prefix": "N2",
    "maxiter": 100
  },
  "SCF": {
    "tol_int": 1e-16,
    "tol_lindep": 1e-09,
    "conve": 1e-10,
    "convd": 1e-09,
    "diis_hist": 10,
    "charge": 0,
    "multiplicity": 1,
    "restart": false,
    "scf_type": "restricted",
    "writem": 10
  },
  "CD": {
    "diagtol": 1e-14,
    "max_cvecs": 1000
  },
  "CC": {
    "threshold": 1e-08,
    "ndiis": 5,
    "writet": false,
    "ccsd_maxiter": 100,
    "lshift": 0.1,
    "nactive_oa": 7,
    "nactive_ob": 7,
    "nactive_va": 12,
    "nactive_vb": 12,
    "ducc_lvl": 2
  },
  "TASK": {
    "ducc": true
  }
}

Output folder & files prefix: N2.cc-pvdz

Printing Internal Coordinates

------------------------------------------------------------
                Bond Lengths

i      j        Length (Angstroms)     Length (Bohr)
0      1          1.8603754014         3.5156000000

Number of Angles: 0
Number of Torsional Angles: 0


----------------------------------------------------------------------
                          Center of Mass

         x               y               z              Unit
               0               0    0.9301877007      Angstrom
               0               0          1.7578          Bohr

----------------------------------------------------------------------
                Moment of Inertia Tensor

           86.5351                 0                 0
                 0           86.5351                 0
                 0                 0                 0

----------------------------------------------------------------------
                      Principal Moments of Inertia

           x                 y                 z                Unit
                 0       24.23228907       24.23228907       amu * ang^2
                 0       86.53507527       86.53507527      amu * bohr^2
  0.0000000000e+00  4.0238690136e-39  4.0238690136e-39          g * cm^2

 - Molecule is diatomic.

----------------------------------------------------------------------

         Rotational constants (MHz)

    A = inf        B = 2.0856e+04        C = 2.0856e+04

----------------------------------------------------------------------

        Rotational constants (cm-1)

    A = inf        B = 6.9567e-01        C = 6.9567e-01

----------------------------------------------------------------------

                                Z-Matrix
N   
N        1          3.5156

----------------------------------------------------------------------

             Converted back to Cartesian

N        0.000000      0.000000      0.000000
N        0.000000      0.000000      3.515600

----------------------------------------------------------------------
                       Geometry in bohr 

1     N       0.0000000000    0.0000000000    0.0000000000
2     N       0.0000000000    0.0000000000    3.5156000000
Resetting xc_basis_tol to 1e-10

 Number of nodes, processes per node used for SCF calculation: 1, 8

Common Options
{
 maxiter    = 100
 basis      = cc-pvdz spherical
 geom_units = bohr
 natoms_max = 30
 debug      = false
 file_prefix    = N2
}

SCF Options
{
 charge            = 0
 multiplicity      = 1
 level shift       = 0
 tol_int           = 1e-16
 tol_sch           = 1e-12
 tol_lindep        = 1e-09
 conve             = 1e-10
 convd             = 1e-09
 diis_hist         = 10
 AO_tilesize       = 30
 writem            = 10
 damp              = 100
 n_lindep          = 0
 scf_type          = restricted
 direct_df         = false
 restart_size      = 2000
 restart           = false
 debug             = false
}

Number of basis functions = 28

Total number of shells = 12

Total number of electrons = 14
  # of alpha electrons    = 7
  # of beta electons      = 7

Nuclear repulsion energy  = 13.937876891569

# of {all,non-negligible} shell-pairs = {78,78}
Number of AO tiles = 12

Time for initial setup: 0.00 secs
HF exch = 1.00

Time for computing 1-e integrals T, V, S: 0.00 secs
Time for computing orthogonalizer: 0.00 secs

Superposition of Atomic Density Guess ...
Time taken for SAD: 0.04 secs
Total Time to compute initial guess: 0.04 secs


 SCF iterations
-----------------------------------------------------------------------------
 Iter     Energy            E-Diff       RMSD        |[F,P]|^2       Time(s)
-----------------------------------------------------------------------------
   1  -107.8577836749    -1.08e+02     5.28e-02     1.63e+00         0.0 
   2  -108.4053694671    -5.48e-01     4.52e-03     5.42e-02         0.0 
   3  -108.4113334603    -5.96e-03     1.43e-03     4.06e-03         0.0 
   4  -108.4120158743    -6.82e-04     6.66e-04     5.69e-04         0.0 
   5  -108.4121043778    -8.85e-05     2.96e-05     1.33e-06         0.0 
   6  -108.4121045326    -1.55e-07     4.93e-06     2.54e-08         0.0 
   7  -108.4121045364    -3.85e-09     4.27e-07     1.08e-10         0.0 
   8  -108.4121045365    -2.19e-11     3.29e-08     7.07e-13         0.0 
   9  -108.4121045365    -1.85e-13     3.82e-09     1.20e-14         0.0 
<DIIS> Singularity in Pulay matrix detected.
<DIIS> Singularity in Pulay matrix detected.
  10  -108.4121045365    -1.42e-14     3.11e-10     8.74e-17         0.0 

** Total SCF energy = -108.4121045364589

Nuclear repulsion energy = 13.937876891569006
#electrons        = 14
1e energy kinetic = 107.1440611461810022
1e energy N-e     = -281.7438662967285836
1e energy         = -174.5998051505474962
2e energy         = 52.2498237225195936
writing orbitals and density to disk ... done.

Total Time taken for Hartree-Fock: 0.24 secs

CD Options
{
 debug            = false
 skip_cd          = [false,100]
 write_cv         = [false,5000]
 diagtol          = 1e-14
 itilesize        = 1000
 max_cvecs_factor = 1000
}

- #occupied, #virtual = 14, 42

- Tilesize for the MSO space: 40

-----------------------------------------------------
Begin 2-index transformation ... 

nAO, nMO, nelectrons = 28, 56, 14
n_occ_alpha, n_vir_alpha, n_occ_beta, n_vir_beta = 7,21,7,21

Time taken for Fao->Fmo transform: 0.00 secs

-----------------------------------------------------
Number of AO tiles = 12
# of {all,non-negligible} shell-pairs = {78,78}

    Begin Cholesky Decomposition
---------------------------------------------
Total # of mpi ranks used for Cholesky decomposition: 8
  --> Number of nodes, mpi ranks per node: 1, 8
- CPU memory required for computing cholesky vectors: 0.00 GiB

- Time for computing the diagonal: 0.00 secs

- Total number of cholesky vectors = 784

- Time to compute cholesky vectors: 0.43 secs

- CPU memory required for resizing the ao cholesky tensor: 0.01 GiB
- CPU memory required for ao2mo transformation: 0.01 GiB
- CPU memory required for the 2-step contraction: 0.02 GiB

- Time for ao to mo transform: 0.02 secs

   End Cholesky Decomposition
---------------------------------------------

Total Time taken for Cholesky Decomposition: 0.48 secs

scf_type = restricted
Closed-Shell SCF
nbf = 28
nbf_orig = 28
n_lindep = 0
focc = 1
nmo = 56
nocc = 14
nvir = 42
n_occ_alpha = 7
n_vir_alpha = 21
n_occ_beta = 7
n_vir_beta = 21
nelectrons = 14
nelectrons_alpha = 7
nelectrons_beta = 7
n_frozen_core = 0
n_frozen_virtual = 0
----------------------------

Total CPU memory required for Closed Shell Cholesky CCSD calculation: 0.03 GiB


 CCSD iterations
------------------------------------------------------------
  Iter     Residuum          Correlation          Time(s)
------------------------------------------------------------
   1     0.4783140070221    0.0000000000000         0.03
   2     0.1922080288948   -0.6188589737529         0.03
   3     0.1592551993349   -0.3487187777737         0.03
   4     0.0975231726146   -0.5761634691890         0.03
   5     0.0898249766529   -0.4222880011216         0.03
 MICROCYCLE DIIS UPDATE:                    6
   6     0.0182782333221   -0.4991615128698         0.03
   7     0.0174488037302   -0.4953842095458         0.03
   8     0.0119829415170   -0.5047646797713         0.03
   9     0.0122176498926   -0.5033620843025         0.03
  10     0.0086820287614   -0.5094585528551         0.03
 MICROCYCLE DIIS UPDATE:                   11
  11     0.0017074668166   -0.5227353918316         0.03
  12     0.0009135131939   -0.5238662992541         0.03
  13     0.0008001717540   -0.5229002747057         0.03
  14     0.0004058257118   -0.5236606782416         0.03
  15     0.0004422340052   -0.5231612094875         0.03
 MICROCYCLE DIIS UPDATE:                   16
  16     0.0001229660513   -0.5235161672531         0.03
  17     0.0001452600189   -0.5234519948229         0.03
  18     0.0000796800182   -0.5235617704117         0.03
  19     0.0000952119175   -0.5235293896017         0.03
  20     0.0000565706094   -0.5235938591484         0.02
 MICROCYCLE DIIS UPDATE:                   21
  21     0.0000128486552   -0.5236800505302         0.02
  22     0.0000076191580   -0.5236776245406         0.03
  23     0.0000042913905   -0.5236816925094         0.02
  24     0.0000039954816   -0.5236801256402         0.02
  25     0.0000023843873   -0.5236825548469         0.03
 MICROCYCLE DIIS UPDATE:                   26
  26     0.0000010772047   -0.5236843189777         0.02
  27     0.0000011957453   -0.5236838400704         0.02
  28     0.0000006410018   -0.5236847460286         0.02
  29     0.0000007658024   -0.5236844793638         0.02
  30     0.0000004479988   -0.5236850066475         0.02
 MICROCYCLE DIIS UPDATE:                   31
  31     0.0000001710993   -0.5236856185066         0.02
  32     0.0000001226362   -0.5236855747610         0.03
  33     0.0000000718048   -0.5236856450665         0.03
  34     0.0000000724079   -0.5236856217835         0.02
  35     0.0000000446101   -0.5236856647585         0.03
 MICROCYCLE DIIS UPDATE:                   36
  36     0.0000000182192   -0.5236857132000         0.02
  37     0.0000000165957   -0.5236857057877         0.02
  38     0.0000000086971   -0.5236857186484         0.02
------------------------------------------------------------------
 Iterations converged
 CCSD correlation energy / hartree =        -0.523685718648359
 CCSD total energy / hartree       =      -108.935790255107293

Time taken for Closed Shell Cholesky CCSD: 1.15 secs

Executing DUCC routine
======================
Number of active occupied alpha = 7
Number of active occupied beta  = 7
Number of active virtual alpha  = 12
Number of active virtual beta   = 12
ducc_lvl = 2

Full SCF Energy: -108.412104536459
Bare SCF Energy: -108.412104537492
Frozen Core Energy: 0.000000001033

DUCC: Time taken to compute Bare Hamiltonian: 0.00 secs
Bare Active Space SCF Energy: -108.412104537492

DUCC: Time taken to compute single commutator of F and V and double commutator of F: 0.28 secs

DUCC: Time taken to compute double commutator of V and triple commutator of F: 4.76 secs
Fully Contracted Scalar: -0.090103594356

DUCC SCF energy: -108.512270668481
Total Energy Shift: 0.010062537666

DUCC: Total compute time: 5.04 secs

DUCC: Time to write results: 0.05 secs
DUCC Memory Stats
-----------------
allocation count: 3715
deallocation count: 3714
total memory allocated: 2.387471 GiB
total memory deallocated: 2.387470 GiB
maximum memory in single allocation: 0.009159 GiB
maximum memory consumption: 0.317725 GiB
