
ExaChem Git Information
{
 Branch: main
 Commit Hash: bd25dab [bd25dab8406e69b11ad8def9900a8eea7bb8d543]
 Commit Date: 2025-01-30 14:42:33 -0800
 Commit Message: Fixes ECP handling for multiple atoms

 WARNING: The following ExaChem sources have uncommitted changes at build-time.

 M exachem/cc/ducc/ducc-t_ccsd.cpp

diff --git a/exachem/cc/ducc/ducc-t_ccsd.cpp b/exachem/cc/ducc/ducc-t_ccsd.cpp
index 16950f2..85b1230 100644
--- a/exachem/cc/ducc/ducc-t_ccsd.cpp
+++ b/exachem/cc/ducc/ducc-t_ccsd.cpp
@@ -2036 +2036 @@ void DUCC_T_CCSD_Driver(ChemEnv& chem_env, ExecutionContext& ec, const TiledInde
-  if(rank == 0 && ducc_lvl > 0) {
+  if(rank == 0) {

}


TAMM Git Information
{
 Branch: main
 Commit Hash: 1c9868cf [1c9868cfbfc8bad3586dd21e36f2519cff1fe55a]
 Commit Date: 2024-12-19 12:23:01 -0800
 Commit Message: minor update to print_vector
}


date: Thu Feb  6 15:12:05 2025
program: "/hpc/home/baum612/code/exachem-dev/build/methods_stage/hpc/home/baum612/code/tamm_install/methods/ExaChem"
nnodes: 1, nproc_per_node: 8, nproc_total: 8, 
Memory information
{
[Intel(R) Xeon(R) Platinum 8276M CPU @ 2.20GHz] : 
  CPU memory per node (GiB): 6046
  Total CPU memory (GiB): 6046
}

------------------------------------------------------------

Input file provided: /hpc/home/baum612/TESTS/DUCC-Hamiltonian-Library/N2/cc-pVDZ/AllElectronCCSD-14Elec-19Orbs/2.2_Eq-4.5496au/DUCC2/N2.json

{
  "geometry": {
    "coordinates": [
      "N  0.000000  0.000000  0.000000",
      "N  0.000000  0.000000  4.5496"
    ],
    "units": "bohr"
  },
  "basis": {
    "basisset": "cc-pvdz"
  },
  "common": {
    "file_prefix": "N2",
    "maxiter": 100
  },
  "SCF": {
    "tol_int": 1e-16,
    "tol_lindep": 1e-09,
    "conve": 1e-10,
    "convd": 1e-09,
    "diis_hist": 10,
    "charge": 0,
    "multiplicity": 1,
    "restart": false,
    "scf_type": "restricted",
    "writem": 10
  },
  "CD": {
    "diagtol": 1e-14,
    "max_cvecs": 1000
  },
  "CC": {
    "threshold": 1e-08,
    "ndiis": 5,
    "writet": false,
    "ccsd_maxiter": 100,
    "lshift": 0.1,
    "nactive_oa": 7,
    "nactive_ob": 7,
    "nactive_va": 12,
    "nactive_vb": 12,
    "ducc_lvl": 1
  },
  "TASK": {
    "ducc": true
  }
}

Output folder & files prefix: N2.cc-pvdz

Printing Internal Coordinates

------------------------------------------------------------
                Bond Lengths

i      j        Length (Angstroms)     Length (Bohr)
0      1          2.4075446371         4.5496000000

Number of Angles: 0
Number of Torsional Angles: 0


----------------------------------------------------------------------
                          Center of Mass

         x               y               z              Unit
               0               0     1.203772319      Angstrom
               0               0          2.2748          Bohr

----------------------------------------------------------------------
                Moment of Inertia Tensor

           144.924                 0                 0
                 0           144.924                 0
                 0                 0                 0

----------------------------------------------------------------------
                      Principal Moments of Inertia

           x                 y                 z                Unit
                 0       40.58279553       40.58279553       amu * ang^2
                 0       144.9237939       144.9237939      amu * bohr^2
  0.0000000000e+00  6.7389363412e-39  6.7389363412e-39          g * cm^2

 - Molecule is diatomic.

----------------------------------------------------------------------

         Rotational constants (MHz)

    A = inf        B = 1.2453e+04        C = 1.2453e+04

----------------------------------------------------------------------

        Rotational constants (cm-1)

    A = inf        B = 4.1539e-01        C = 4.1539e-01

----------------------------------------------------------------------

                                Z-Matrix
N   
N        1          4.5496

----------------------------------------------------------------------

             Converted back to Cartesian

N        0.000000      0.000000      0.000000
N        0.000000      0.000000      4.549600

----------------------------------------------------------------------
                       Geometry in bohr 

1     N       0.0000000000    0.0000000000    0.0000000000
2     N       0.0000000000    0.0000000000    4.5496000000
Resetting xc_basis_tol to 1e-10

 Number of nodes, processes per node used for SCF calculation: 1, 8

Common Options
{
 maxiter    = 100
 basis      = cc-pvdz spherical
 geom_units = bohr
 natoms_max = 30
 debug      = false
 file_prefix    = N2
}

SCF Options
{
 charge            = 0
 multiplicity      = 1
 level shift       = 0
 tol_int           = 1e-16
 tol_sch           = 1e-12
 tol_lindep        = 1e-09
 conve             = 1e-10
 convd             = 1e-09
 diis_hist         = 10
 AO_tilesize       = 30
 writem            = 10
 damp              = 100
 n_lindep          = 0
 scf_type          = restricted
 direct_df         = false
 restart_size      = 2000
 restart           = false
 debug             = false
}

Number of basis functions = 28

Total number of shells = 12

Total number of electrons = 14
  # of alpha electrons    = 7
  # of beta electons      = 7

Nuclear repulsion energy  = 10.7701775980306

# of {all,non-negligible} shell-pairs = {78,78}
Number of AO tiles = 12

Time for initial setup: 0.00 secs
HF exch = 1.00

Time for computing 1-e integrals T, V, S: 0.00 secs
Time for computing orthogonalizer: 0.00 secs

Superposition of Atomic Density Guess ...
Time taken for SAD: 0.03 secs
Total Time to compute initial guess: 0.03 secs


 SCF iterations
-----------------------------------------------------------------------------
 Iter     Energy            E-Diff       RMSD        |[F,P]|^2       Time(s)
-----------------------------------------------------------------------------
   1  -107.6882171805    -1.08e+02     5.42e-02     7.71e-02         0.0 
   2  -108.1468464956    -4.59e-01     2.92e-03     2.15e-02         0.0 
   3  -108.1500004777    -3.15e-03     1.62e-03     4.63e-03         0.0 
   4  -108.1507677880    -7.67e-04     6.25e-04     3.69e-04         0.0 
   5  -108.1508383680    -7.06e-05     2.14e-05     6.13e-07         0.0 
   6  -108.1508384597    -9.17e-08     5.09e-06     2.15e-08         0.0 
   7  -108.1508384632    -3.50e-09     4.50e-07     3.02e-10         0.0 
   8  -108.1508384632    -4.72e-11     4.80e-08     1.18e-12         0.0 
   9  -108.1508384632    -3.13e-13     2.07e-09     9.58e-15         0.0 
  10  -108.1508384632     7.11e-14     1.52e-09     8.13e-15         0.0 
<DIIS> Singularity in Pulay matrix detected.
  11  -108.1508384632    -7.11e-14     8.77e-10     1.11e-14         0.0 

** Total SCF energy = -108.1508384632233

Nuclear repulsion energy = 10.770177598030596
#electrons        = 14
1e energy kinetic = 107.2072367716280183
1e energy N-e     = -275.3605195558407104
1e energy         = -168.1532827842127631
2e energy         = 49.2322667229588617
writing orbitals and density to disk ... done.

Total Time taken for Hartree-Fock: 0.24 secs

CD Options
{
 debug            = false
 skip_cd          = [false,100]
 write_cv         = [false,5000]
 diagtol          = 1e-14
 itilesize        = 1000
 max_cvecs_factor = 1000
}

- #occupied, #virtual = 14, 42

- Tilesize for the MSO space: 40

-----------------------------------------------------
Begin 2-index transformation ... 

nAO, nMO, nelectrons = 28, 56, 14
n_occ_alpha, n_vir_alpha, n_occ_beta, n_vir_beta = 7,21,7,21

Time taken for Fao->Fmo transform: 0.00 secs

-----------------------------------------------------
Number of AO tiles = 12
# of {all,non-negligible} shell-pairs = {78,78}

    Begin Cholesky Decomposition
---------------------------------------------
Total # of mpi ranks used for Cholesky decomposition: 8
  --> Number of nodes, mpi ranks per node: 1, 8
- CPU memory required for computing cholesky vectors: 0.00 GiB

- Time for computing the diagonal: 0.00 secs

- Total number of cholesky vectors = 784

- Time to compute cholesky vectors: 0.40 secs

- CPU memory required for resizing the ao cholesky tensor: 0.01 GiB
- CPU memory required for ao2mo transformation: 0.01 GiB
- CPU memory required for the 2-step contraction: 0.02 GiB

- Time for ao to mo transform: 0.02 secs

   End Cholesky Decomposition
---------------------------------------------

Total Time taken for Cholesky Decomposition: 0.45 secs

scf_type = restricted
Closed-Shell SCF
nbf = 28
nbf_orig = 28
n_lindep = 0
focc = 1
nmo = 56
nocc = 14
nvir = 42
n_occ_alpha = 7
n_vir_alpha = 21
n_occ_beta = 7
n_vir_beta = 21
nelectrons = 14
nelectrons_alpha = 7
nelectrons_beta = 7
n_frozen_core = 0
n_frozen_virtual = 0
----------------------------

Total CPU memory required for Closed Shell Cholesky CCSD calculation: 0.03 GiB


 CCSD iterations
------------------------------------------------------------
  Iter     Residuum          Correlation          Time(s)
------------------------------------------------------------
   1     0.5020293282170    0.0000000000000         0.03
   2     0.3769326416334   -0.9656957886563         0.03
   3     0.5580268820898   -0.0501348197358         0.03
   4     0.6781843987633   -1.3444307413654         0.03
   5     0.9273966945982    0.2534261936158         0.03
 MICROCYCLE DIIS UPDATE:                    6
   6     0.0537631699572   -0.6326551212389         0.03
   7     0.0987776932538   -0.5205748705789         0.03
   8     0.0858872002526   -0.7060550543112         0.03
   9     0.1558149730251   -0.4957600157366         0.03
  10     0.1617782669879   -0.8095779194790         0.03
 MICROCYCLE DIIS UPDATE:                   11
  11     0.0291912999996   -0.6940001386176         0.03
  12     0.0288849920455   -0.7020114356470         0.03
  13     0.0236253950793   -0.7198659037354         0.03
  14     0.0227834758221   -0.7307326288729         0.03
  15     0.0183750831176   -0.7456034161684         0.03
 MICROCYCLE DIIS UPDATE:                   16
  16     0.0131891493740   -0.8310303158517         0.03
  17     0.0349410569261   -0.8597773970740         0.03
  18     0.0198946974640   -0.8073831655858         0.03
  19     0.0273318792167   -0.8426055408873         0.03
  20     0.0189874658421   -0.7995468310870         0.03
 MICROCYCLE DIIS UPDATE:                   21
  21     0.0021521433425   -0.8115177863080         0.03
  22     0.0038664559126   -0.8136424423711         0.03
  23     0.0017093258017   -0.8084866006321         0.03
  24     0.0029138677841   -0.8113239065434         0.03
  25     0.0016713739201   -0.8070174262996         0.03
 MICROCYCLE DIIS UPDATE:                   26
  26     0.0001131442653   -0.8068797542852         0.03
  27     0.0000831118046   -0.8069224434118         0.03
  28     0.0000464823933   -0.8068188400668         0.02
  29     0.0000646784575   -0.8068877985302         0.03
  30     0.0000420502920   -0.8067907684019         0.03
 MICROCYCLE DIIS UPDATE:                   31
  31     0.0000087398655   -0.8068089958756         0.03
  32     0.0000087162261   -0.8068112061854         0.03
  33     0.0000035363862   -0.8068023609768         0.03
  34     0.0000052901456   -0.8068053973911         0.03
  35     0.0000023174570   -0.8067987361284         0.03
 MICROCYCLE DIIS UPDATE:                   36
  36     0.0000005453550   -0.8067970954811         0.03
  37     0.0000006466377   -0.8067973876334         0.03
  38     0.0000003290605   -0.8067965027509         0.03
  39     0.0000005505695   -0.8067970727828         0.03
  40     0.0000003619467   -0.8067962231931         0.03
 MICROCYCLE DIIS UPDATE:                   41
  41     0.0000001016317   -0.8067964102441         0.03
  42     0.0000001564697   -0.8067964424621         0.03
  43     0.0000002506970   -0.8067963093382         0.03
  44     0.0000005543177   -0.8067963718452         0.03
  45     0.0000012217559   -0.8067962566261         0.03
 MICROCYCLE DIIS UPDATE:                   46
  46     0.0000000085922   -0.8067962474414         0.03
------------------------------------------------------------------
 Iterations converged
 CCSD correlation energy / hartree =        -0.806796247441384
 CCSD total energy / hartree       =      -108.957634710664692

Time taken for Closed Shell Cholesky CCSD: 1.39 secs

Executing DUCC routine
======================
Number of active occupied alpha = 7
Number of active occupied beta  = 7
Number of active virtual alpha  = 12
Number of active virtual beta   = 12
ducc_lvl = 1

Full SCF Energy: -108.150838463223
Bare SCF Energy: -108.150838464866
Frozen Core Energy: 0.000000001642

DUCC: Time taken to compute Bare Hamiltonian: 0.00 secs
Bare Active Space SCF Energy: -108.150838464866

DUCC: Time taken to compute single commutator of F and V and double commutator of F: 0.28 secs
Fully Contracted Scalar: -0.061434147558

DUCC SCF energy: -108.212272612423
Total Energy Shift: 0.000000001642

DUCC: Total compute time: 0.29 secs

DUCC: Time to write results: 0.05 secs
DUCC Memory Stats
-----------------
allocation count: 816
deallocation count: 815
total memory allocated: 0.305455 GiB
total memory deallocated: 0.305454 GiB
maximum memory in single allocation: 0.009159 GiB
maximum memory consumption: 0.066854 GiB
