
ExaChem Git Information
{
 Branch: main
 Commit Hash: bd25dab [bd25dab8406e69b11ad8def9900a8eea7bb8d543]
 Commit Date: 2025-01-30 14:42:33 -0800
 Commit Message: Fixes ECP handling for multiple atoms

 WARNING: The following ExaChem sources have uncommitted changes at build-time.

 M exachem/cc/ducc/ducc-t_ccsd.cpp

diff --git a/exachem/cc/ducc/ducc-t_ccsd.cpp b/exachem/cc/ducc/ducc-t_ccsd.cpp
index 16950f2..85b1230 100644
--- a/exachem/cc/ducc/ducc-t_ccsd.cpp
+++ b/exachem/cc/ducc/ducc-t_ccsd.cpp
@@ -2036 +2036 @@ void DUCC_T_CCSD_Driver(ChemEnv& chem_env, ExecutionContext& ec, const TiledInde
-  if(rank == 0 && ducc_lvl > 0) {
+  if(rank == 0) {

}


TAMM Git Information
{
 Branch: main
 Commit Hash: 1c9868cf [1c9868cfbfc8bad3586dd21e36f2519cff1fe55a]
 Commit Date: 2024-12-19 12:23:01 -0800
 Commit Message: minor update to print_vector
}


date: Thu Feb  6 14:59:27 2025
program: "/hpc/home/baum612/code/exachem-dev/build/methods_stage/hpc/home/baum612/code/tamm_install/methods/ExaChem"
nnodes: 1, nproc_per_node: 8, nproc_total: 8, 
Memory information
{
[Intel(R) Xeon(R) Platinum 8276M CPU @ 2.20GHz] : 
  CPU memory per node (GiB): 6046
  Total CPU memory (GiB): 6046
}

------------------------------------------------------------

Input file provided: /hpc/home/baum612/TESTS/DUCC-Hamiltonian-Library/N2/cc-pVDZ/AllElectronCCSD-14Elec-13Orbs/1.9_Eq-3.9292au/DUCC2/N2.json

{
  "geometry": {
    "coordinates": [
      "N  0.000000  0.000000  0.000000",
      "N  0.000000  0.000000  3.9292"
    ],
    "units": "bohr"
  },
  "basis": {
    "basisset": "cc-pvdz"
  },
  "common": {
    "file_prefix": "N2",
    "maxiter": 100
  },
  "SCF": {
    "tol_int": 1e-16,
    "tol_lindep": 1e-09,
    "conve": 1e-10,
    "convd": 1e-09,
    "diis_hist": 10,
    "charge": 0,
    "multiplicity": 1,
    "restart": false,
    "scf_type": "restricted",
    "writem": 10
  },
  "CD": {
    "diagtol": 1e-14,
    "max_cvecs": 1000
  },
  "CC": {
    "threshold": 1e-08,
    "ndiis": 5,
    "writet": false,
    "ccsd_maxiter": 100,
    "lshift": 0.1,
    "nactive_oa": 7,
    "nactive_ob": 7,
    "nactive_va": 6,
    "nactive_vb": 6,
    "ducc_lvl": 1
  },
  "TASK": {
    "ducc": true
  }
}

Output folder & files prefix: N2.cc-pvdz

Printing Internal Coordinates

------------------------------------------------------------
                Bond Lengths

i      j        Length (Angstroms)     Length (Bohr)
0      1          2.0792430957         3.9292000000

Number of Angles: 0
Number of Torsional Angles: 0


----------------------------------------------------------------------
                          Center of Mass

         x               y               z              Unit
               0               0     1.039621548      Angstrom
               0               0          1.9646          Bohr

----------------------------------------------------------------------
                Moment of Inertia Tensor

           108.094                 0                 0
                 0           108.094                 0
                 0                 0                 0

----------------------------------------------------------------------
                      Principal Moments of Inertia

           x                 y                 z                Unit
                 0       30.26939915       30.26939915       amu * ang^2
                 0       108.0939868       108.0939868      amu * bohr^2
  0.0000000000e+00  5.0263554115e-39  5.0263554115e-39          g * cm^2

 - Molecule is diatomic.

----------------------------------------------------------------------

         Rotational constants (MHz)

    A = inf        B = 1.6696e+04        C = 1.6696e+04

----------------------------------------------------------------------

        Rotational constants (cm-1)

    A = inf        B = 5.5692e-01        C = 5.5692e-01

----------------------------------------------------------------------

                                Z-Matrix
N   
N        1          3.9292

----------------------------------------------------------------------

             Converted back to Cartesian

N        0.000000      0.000000      0.000000
N        0.000000      0.000000      3.929200

----------------------------------------------------------------------
                       Geometry in bohr 

1     N       0.0000000000    0.0000000000    0.0000000000
2     N       0.0000000000    0.0000000000    3.9292000000
Resetting xc_basis_tol to 1e-10

 Number of nodes, processes per node used for SCF calculation: 1, 8

Common Options
{
 maxiter    = 100
 basis      = cc-pvdz spherical
 geom_units = bohr
 natoms_max = 30
 debug      = false
 file_prefix    = N2
}

SCF Options
{
 charge            = 0
 multiplicity      = 1
 level shift       = 0
 tol_int           = 1e-16
 tol_sch           = 1e-12
 tol_lindep        = 1e-09
 conve             = 1e-10
 convd             = 1e-09
 diis_hist         = 10
 AO_tilesize       = 30
 writem            = 10
 damp              = 100
 n_lindep          = 0
 scf_type          = restricted
 direct_df         = false
 restart_size      = 2000
 restart           = false
 debug             = false
}

Number of basis functions = 28

Total number of shells = 12

Total number of electrons = 14
  # of alpha electrons    = 7
  # of beta electons      = 7

Nuclear repulsion energy  = 12.4707319556144

# of {all,non-negligible} shell-pairs = {78,78}
Number of AO tiles = 12

Time for initial setup: 0.00 secs
HF exch = 1.00

Time for computing 1-e integrals T, V, S: 0.00 secs
Time for computing orthogonalizer: 0.00 secs

Superposition of Atomic Density Guess ...
Time taken for SAD: 0.03 secs
Total Time to compute initial guess: 0.03 secs


 SCF iterations
-----------------------------------------------------------------------------
 Iter     Energy            E-Diff       RMSD        |[F,P]|^2       Time(s)
-----------------------------------------------------------------------------
   1  -107.7560978208    -1.08e+02     5.31e-02     5.03e-01         0.0 
   2  -108.2840380915    -5.28e-01     4.05e-03     3.43e-02         0.0 
   3  -108.2886203313    -4.58e-03     1.37e-03     3.75e-03         0.0 
   4  -108.2892303143    -6.10e-04     6.01e-04     4.15e-04         0.0 
   5  -108.2893002503    -6.99e-05     2.59e-05     1.04e-06         0.0 
   6  -108.2893003733    -1.23e-07     5.42e-06     2.78e-08         0.0 
   7  -108.2893003776    -4.30e-09     4.21e-07     1.22e-10         0.0 
   8  -108.2893003776    -2.57e-11     3.39e-08     4.93e-13         0.0 
   9  -108.2893003776    -1.42e-13     3.01e-09     6.28e-15         0.0 
<DIIS> Singularity in Pulay matrix detected.
  10  -108.2893003776    -5.68e-14     8.25e-10     1.37e-15         0.0 

** Total SCF energy = -108.2893003776429

Nuclear repulsion energy = 12.470731955614376
#electrons        = 14
1e energy kinetic = 107.1359482283322251
1e energy N-e     = -278.7366807147935219
1e energy         = -171.6007324864613111
2e energy         = 50.8407001532040610
writing orbitals and density to disk ... done.

Total Time taken for Hartree-Fock: 0.22 secs

CD Options
{
 debug            = false
 skip_cd          = [false,100]
 write_cv         = [false,5000]
 diagtol          = 1e-14
 itilesize        = 1000
 max_cvecs_factor = 1000
}

- #occupied, #virtual = 14, 42

- Tilesize for the MSO space: 40

-----------------------------------------------------
Begin 2-index transformation ... 

nAO, nMO, nelectrons = 28, 56, 14
n_occ_alpha, n_vir_alpha, n_occ_beta, n_vir_beta = 7,21,7,21

Time taken for Fao->Fmo transform: 0.00 secs

-----------------------------------------------------
Number of AO tiles = 12
# of {all,non-negligible} shell-pairs = {78,78}

    Begin Cholesky Decomposition
---------------------------------------------
Total # of mpi ranks used for Cholesky decomposition: 8
  --> Number of nodes, mpi ranks per node: 1, 8
- CPU memory required for computing cholesky vectors: 0.00 GiB

- Time for computing the diagonal: 0.00 secs

- Total number of cholesky vectors = 784

- Time to compute cholesky vectors: 0.41 secs

- CPU memory required for resizing the ao cholesky tensor: 0.01 GiB
- CPU memory required for ao2mo transformation: 0.01 GiB
- CPU memory required for the 2-step contraction: 0.02 GiB

- Time for ao to mo transform: 0.03 secs

   End Cholesky Decomposition
---------------------------------------------

Total Time taken for Cholesky Decomposition: 0.48 secs

scf_type = restricted
Closed-Shell SCF
nbf = 28
nbf_orig = 28
n_lindep = 0
focc = 1
nmo = 56
nocc = 14
nvir = 42
n_occ_alpha = 7
n_vir_alpha = 21
n_occ_beta = 7
n_vir_beta = 21
nelectrons = 14
nelectrons_alpha = 7
nelectrons_beta = 7
n_frozen_core = 0
n_frozen_virtual = 0
----------------------------

Total CPU memory required for Closed Shell Cholesky CCSD calculation: 0.03 GiB


 CCSD iterations
------------------------------------------------------------
  Iter     Residuum          Correlation          Time(s)
------------------------------------------------------------
   1     0.4878735595371    0.0000000000000         0.04
   2     0.2609365072293   -0.7522043798703         0.04
   3     0.2790151924543   -0.2726652032724         0.04
   4     0.2418953123231   -0.7729824913307         0.03
   5     0.2616884996960   -0.3112160043968         0.04
 MICROCYCLE DIIS UPDATE:                    6
   6     0.0298165145997   -0.5406540423372         0.04
   7     0.0333847584679   -0.5280134286919         0.04
   8     0.0205763812593   -0.5567593827265         0.04
   9     0.0284719536616   -0.5433002103304         0.04
  10     0.0162501631687   -0.5702726033539         0.04
 MICROCYCLE DIIS UPDATE:                   11
  11     0.0123813297770   -0.6074026468891         0.04
  12     0.0093092700894   -0.6216998876272         0.04
  13     0.0105591724864   -0.6069170379897         0.04
  14     0.0071877343489   -0.6219874574656         0.04
  15     0.0088587704811   -0.6092715406220         0.03
 MICROCYCLE DIIS UPDATE:                   16
  16     0.0013623785965   -0.6177008645649         0.03
  17     0.0022243389623   -0.6165407582517         0.04
  18     0.0010113263280   -0.6189399650812         0.03
  19     0.0017601671324   -0.6177158670335         0.03
  20     0.0007972557623   -0.6197056678491         0.04
 MICROCYCLE DIIS UPDATE:                   21
  21     0.0003051937203   -0.6211038320899         0.04
  22     0.0002853629894   -0.6209703693713         0.04
  23     0.0001386276834   -0.6212329188414         0.04
  24     0.0002144989863   -0.6210973728961         0.03
  25     0.0000994557202   -0.6213211498328         0.04
 MICROCYCLE DIIS UPDATE:                   26
  26     0.0000518983562   -0.6214603038794         0.04
  27     0.0000650225473   -0.6214336031983         0.03
  28     0.0000300427854   -0.6214996416447         0.04
  29     0.0000487610857   -0.6214689879818         0.04
  30     0.0000219617903   -0.6215226027372         0.03
 MICROCYCLE DIIS UPDATE:                   31
  31     0.0000113805239   -0.6215554719095         0.04
  32     0.0000111029095   -0.6215510282723         0.04
  33     0.0000060602546   -0.6215594515638         0.04
  34     0.0000080338408   -0.6215565039987         0.04
  35     0.0000041992460   -0.6215634922687         0.03
 MICROCYCLE DIIS UPDATE:                   36
  36     0.0000012985138   -0.6215744087857         0.04
  37     0.0000011466331   -0.6215737417463         0.04
  38     0.0000005134346   -0.6215749688580         0.04
  39     0.0000008613505   -0.6215743301047         0.04
  40     0.0000003920420   -0.6215753284517         0.04
 MICROCYCLE DIIS UPDATE:                   41
  41     0.0000001788733   -0.6215757508271         0.04
  42     0.0000001969979   -0.6215756596618         0.03
  43     0.0000001072621   -0.6215758270825         0.04
  44     0.0000001582271   -0.6215757553713         0.04
  45     0.0000001097672   -0.6215758976146         0.04
 MICROCYCLE DIIS UPDATE:                   46
  46     0.0000000562309   -0.6215759824317         0.04
  47     0.0000000656821   -0.6215759636426         0.04
  48     0.0000000356647   -0.6215760222808         0.04
  49     0.0000000539221   -0.6215760027686         0.04
  50     0.0000000473401   -0.6215760492843         0.04
 MICROCYCLE DIIS UPDATE:                   51
  51     0.0000000150106   -0.6215760860675         0.04
  52     0.0000000146947   -0.6215760817765         0.04
  53     0.0000000090105   -0.6215760921242         0.03
------------------------------------------------------------------
 Iterations converged
 CCSD correlation energy / hartree =        -0.621576092124243
 CCSD total energy / hartree       =      -108.910876469767160

Time taken for Closed Shell Cholesky CCSD: 2.19 secs

Executing DUCC routine
======================
Number of active occupied alpha = 7
Number of active occupied beta  = 7
Number of active virtual alpha  = 6
Number of active virtual beta   = 6
ducc_lvl = 1

Full SCF Energy: -108.289300377643
Bare SCF Energy: -108.289300378511
Frozen Core Energy: 0.000000000868

DUCC: Time taken to compute Bare Hamiltonian: 0.00 secs
Bare Active Space SCF Energy: -108.289300378511

DUCC: Time taken to compute single commutator of F and V and double commutator of F: 0.26 secs
Fully Contracted Scalar: -0.149562100943

DUCC SCF energy: -108.438862479455
Total Energy Shift: 0.000000000868

DUCC: Total compute time: 0.26 secs

DUCC: Time to write results: 0.02 secs
DUCC Memory Stats
-----------------
allocation count: 843
deallocation count: 842
total memory allocated: 0.135267 GiB
total memory deallocated: 0.135266 GiB
maximum memory in single allocation: 0.009159 GiB
maximum memory consumption: 0.031047 GiB
