
ExaChem Git Information
{
 Branch: main
 Commit Hash: bd25dab [bd25dab8406e69b11ad8def9900a8eea7bb8d543]
 Commit Date: 2025-01-30 14:42:33 -0800
 Commit Message: Fixes ECP handling for multiple atoms

 WARNING: The following ExaChem sources have uncommitted changes at build-time.

 M exachem/cc/ducc/ducc-t_ccsd.cpp

diff --git a/exachem/cc/ducc/ducc-t_ccsd.cpp b/exachem/cc/ducc/ducc-t_ccsd.cpp
index 16950f2..85b1230 100644
--- a/exachem/cc/ducc/ducc-t_ccsd.cpp
+++ b/exachem/cc/ducc/ducc-t_ccsd.cpp
@@ -2036 +2036 @@ void DUCC_T_CCSD_Driver(ChemEnv& chem_env, ExecutionContext& ec, const TiledInde
-  if(rank == 0 && ducc_lvl > 0) {
+  if(rank == 0) {

}


TAMM Git Information
{
 Branch: main
 Commit Hash: 1c9868cf [1c9868cfbfc8bad3586dd21e36f2519cff1fe55a]
 Commit Date: 2024-12-19 12:23:01 -0800
 Commit Message: minor update to print_vector
}


date: Thu Feb  6 15:07:11 2025
program: "/hpc/home/baum612/code/exachem-dev/build/methods_stage/hpc/home/baum612/code/tamm_install/methods/ExaChem"
nnodes: 1, nproc_per_node: 8, nproc_total: 8, 
Memory information
{
[Intel(R) Xeon(R) Platinum 8276M CPU @ 2.20GHz] : 
  CPU memory per node (GiB): 6046
  Total CPU memory (GiB): 6046
}

------------------------------------------------------------

Input file provided: /hpc/home/baum612/TESTS/DUCC-Hamiltonian-Library/N2/cc-pVDZ/AllElectronCCSD-14Elec-19Orbs/2.7_Eq-5.5836au/DUCC3/N2.json

{
  "geometry": {
    "coordinates": [
      "N  0.000000  0.000000  0.000000",
      "N  0.000000  0.000000  5.5836"
    ],
    "units": "bohr"
  },
  "basis": {
    "basisset": "cc-pvdz"
  },
  "common": {
    "file_prefix": "N2",
    "maxiter": 100
  },
  "SCF": {
    "tol_int": 1e-16,
    "tol_lindep": 1e-09,
    "conve": 1e-10,
    "convd": 1e-09,
    "diis_hist": 10,
    "charge": 0,
    "multiplicity": 1,
    "restart": false,
    "scf_type": "restricted",
    "writem": 10
  },
  "CD": {
    "diagtol": 1e-14,
    "max_cvecs": 1000
  },
  "CC": {
    "threshold": 1e-08,
    "ndiis": 5,
    "writet": false,
    "ccsd_maxiter": 100,
    "lshift": 0.1,
    "nactive_oa": 7,
    "nactive_ob": 7,
    "nactive_va": 12,
    "nactive_vb": 12,
    "ducc_lvl": 2
  },
  "TASK": {
    "ducc": true
  }
}

Output folder & files prefix: N2.cc-pvdz

Printing Internal Coordinates

------------------------------------------------------------
                Bond Lengths

i      j        Length (Angstroms)     Length (Bohr)
0      1          2.9547138728         5.5836000000

Number of Angles: 0
Number of Torsional Angles: 0


----------------------------------------------------------------------
                          Center of Mass

         x               y               z              Unit
               0               0     1.477356936      Angstrom
               0               0          2.7918          Bohr

----------------------------------------------------------------------
                Moment of Inertia Tensor

           218.284                 0                 0
                 0           218.284                 0
                 0                 0                 0

----------------------------------------------------------------------
                      Principal Moments of Inertia

           x                 y                 z                Unit
                 0       61.12573955       61.12573955       amu * ang^2
                 0       218.2839788       218.2839788      amu * bohr^2
  0.0000000000e+00  1.0150174778e-38  1.0150174778e-38          g * cm^2

 - Molecule is diatomic.

----------------------------------------------------------------------

         Rotational constants (MHz)

    A = inf        B = 8.2679e+03        C = 8.2679e+03

----------------------------------------------------------------------

        Rotational constants (cm-1)

    A = inf        B = 2.7579e-01        C = 2.7579e-01

----------------------------------------------------------------------

                                Z-Matrix
N   
N        1          5.5836

----------------------------------------------------------------------

             Converted back to Cartesian

N        0.000000      0.000000      0.000000
N        0.000000      0.000000      5.583600

----------------------------------------------------------------------
                       Geometry in bohr 

1     N       0.0000000000    0.0000000000    0.0000000000
2     N       0.0000000000    0.0000000000    5.5836000000
Resetting xc_basis_tol to 1e-10

 Number of nodes, processes per node used for SCF calculation: 1, 8

Common Options
{
 maxiter    = 100
 basis      = cc-pvdz spherical
 geom_units = bohr
 natoms_max = 30
 debug      = false
 file_prefix    = N2
}

SCF Options
{
 charge            = 0
 multiplicity      = 1
 level shift       = 0
 tol_int           = 1e-16
 tol_sch           = 1e-12
 tol_lindep        = 1e-09
 conve             = 1e-10
 convd             = 1e-09
 diis_hist         = 10
 AO_tilesize       = 30
 writem            = 10
 damp              = 100
 n_lindep          = 0
 scf_type          = restricted
 direct_df         = false
 restart_size      = 2000
 restart           = false
 debug             = false
}

Number of basis functions = 28

Total number of shells = 12

Total number of electrons = 14
  # of alpha electrons    = 7
  # of beta electons      = 7

Nuclear repulsion energy  = 8.77570026506197

# of {all,non-negligible} shell-pairs = {78,78}
Number of AO tiles = 12

Time for initial setup: 0.00 secs
HF exch = 1.00

Time for computing 1-e integrals T, V, S: 0.00 secs
Time for computing orthogonalizer: 0.00 secs

Superposition of Atomic Density Guess ...
Time taken for SAD: 0.03 secs
Total Time to compute initial guess: 0.03 secs


 SCF iterations
-----------------------------------------------------------------------------
 Iter     Energy            E-Diff       RMSD        |[F,P]|^2       Time(s)
-----------------------------------------------------------------------------
   1  -107.6606667995    -1.08e+02     5.60e-02     4.48e-03         0.0 
   2  -108.0006856855    -3.40e-01     9.23e-04     1.19e-02         0.0 
   3  -108.0016570355    -9.71e-04     2.21e-03     7.15e-03         0.0 
   4  -108.0029655247    -1.31e-03     8.38e-04     5.52e-04         0.0 
   5  -108.0030778983    -1.12e-04     2.02e-05     4.85e-07         0.0 
   6  -108.0030779877    -8.94e-08     5.70e-06     2.30e-08         0.0 
   7  -108.0030779914    -3.69e-09     1.33e-06     1.09e-09         0.0 
   8  -108.0030779916    -2.25e-10     1.14e-07     1.23e-11         0.0 
   9  -108.0030779916    -1.80e-12     2.71e-08     1.16e-11         0.0 
  10  -108.0030779916    -3.98e-13     4.99e-09     1.34e-13         0.0 
<DIIS> Singularity in Pulay matrix detected.
<DIIS> Singularity in Pulay matrix detected.
  11  -108.0030779916    -8.53e-14     5.21e-10     1.84e-16         0.0 

** Total SCF energy = -108.0030779916146

Nuclear repulsion energy = 8.775700265061968
#electrons        = 14
1e energy kinetic = 107.3655794216675474
1e energy N-e     = -271.5185075447934082
1e energy         = -164.1529281231259176
2e energy         = 47.3741498664493292
writing orbitals and density to disk ... done.

Total Time taken for Hartree-Fock: 0.24 secs

CD Options
{
 debug            = false
 skip_cd          = [false,100]
 write_cv         = [false,5000]
 diagtol          = 1e-14
 itilesize        = 1000
 max_cvecs_factor = 1000
}

- #occupied, #virtual = 14, 42

- Tilesize for the MSO space: 40

-----------------------------------------------------
Begin 2-index transformation ... 

nAO, nMO, nelectrons = 28, 56, 14
n_occ_alpha, n_vir_alpha, n_occ_beta, n_vir_beta = 7,21,7,21

Time taken for Fao->Fmo transform: 0.00 secs

-----------------------------------------------------
Number of AO tiles = 12
# of {all,non-negligible} shell-pairs = {78,78}

    Begin Cholesky Decomposition
---------------------------------------------
Total # of mpi ranks used for Cholesky decomposition: 8
  --> Number of nodes, mpi ranks per node: 1, 8
- CPU memory required for computing cholesky vectors: 0.00 GiB

- Time for computing the diagonal: 0.00 secs

- Total number of cholesky vectors = 318

- Time to compute cholesky vectors: 0.16 secs

- CPU memory required for resizing the ao cholesky tensor: 0.01 GiB
- CPU memory required for ao2mo transformation: 0.01 GiB
- CPU memory required for the 2-step contraction: 0.01 GiB

- Time for ao to mo transform: 0.01 secs

   End Cholesky Decomposition
---------------------------------------------

Total Time taken for Cholesky Decomposition: 0.19 secs

scf_type = restricted
Closed-Shell SCF
nbf = 28
nbf_orig = 28
n_lindep = 0
focc = 1
nmo = 56
nocc = 14
nvir = 42
n_occ_alpha = 7
n_vir_alpha = 21
n_occ_beta = 7
n_vir_beta = 21
nelectrons = 14
nelectrons_alpha = 7
nelectrons_beta = 7
n_frozen_core = 0
n_frozen_virtual = 0
----------------------------

Total CPU memory required for Closed Shell Cholesky CCSD calculation: 0.01 GiB


 CCSD iterations
------------------------------------------------------------
  Iter     Residuum          Correlation          Time(s)
------------------------------------------------------------
   1     0.5228586105294    0.0000000000000         0.02
   2     0.5811649651961   -1.3321635496812         0.01
   3     1.3080800623458    0.5892126808990         0.01
   4     2.0447996661996   -3.5175792312916         0.01
   5     3.0550688313518    2.1891810961458         0.01
 MICROCYCLE DIIS UPDATE:                    6
   6     0.1371359213474   -0.7563516491491         0.01
   7     0.3250572703607   -0.3166356329269         0.01
   8     0.5450802421564   -1.2847590159154         0.01
   9     1.1291407822910    0.4126447488099         0.01
  10     1.8685523880461   -3.0739526291654         0.01
 MICROCYCLE DIIS UPDATE:                   11
  11     0.0534989625506   -0.6923918314379         0.01
  12     0.1539566984834   -0.5366099448646         0.01
  13     0.2046581785241   -0.9290107361542         0.01
  14     0.4775808833463   -0.2838122693577         0.01
  15     0.8421856540997   -1.6121892884697         0.01
 MICROCYCLE DIIS UPDATE:                   16
  16     0.0443845780053   -0.7132080300653         0.01
  17     0.1410595458719   -0.6011270093432         0.02
  18     0.1578904052634   -0.9264160231333         0.02
  19     0.3808624333490   -0.4449781175376         0.02
  20     0.6206001552610   -1.4264840285154         0.01
 MICROCYCLE DIIS UPDATE:                   21
  21     0.0407929494698   -0.7522097955429         0.01
  22     0.1369251455618   -0.6680818428253         0.01
  23     0.1309938910606   -0.9590887870802         0.01
  24     0.3063960861826   -0.5852056277398         0.01
  25     0.4466524325071   -1.3160906037574         0.01
 MICROCYCLE DIIS UPDATE:                   26
  26     0.0361017677423   -0.8200897193674         0.02
  27     0.1341456086923   -0.7484390339438         0.02
  28     0.1238010770537   -1.0239937599663         0.02
  29     0.2330875064416   -0.7149256127207         0.01
  30     0.3001578551269   -1.2309406749661         0.01
 MICROCYCLE DIIS UPDATE:                   31
  31     0.0213005393455   -0.9193157996616         0.01
  32     0.0810977055484   -0.8819871651225         0.01
  33     0.0751463507757   -1.0441557650684         0.01
  34     0.0995114113829   -0.8865535043277         0.01
  35     0.1013538778937   -1.0821946828558         0.01
 MICROCYCLE DIIS UPDATE:                   36
  36     0.0044429781393   -0.9888230457995         0.02
  37     0.0066339703544   -0.9872666819728         0.02
  38     0.0046673106161   -0.9988706236907         0.02
  39     0.0054711669167   -0.9900225515838         0.02
  40     0.0045971666781   -0.9997896871109         0.02
 MICROCYCLE DIIS UPDATE:                   41
  41     0.0001837351653   -0.9960438343879         0.02
  42     0.0004533335125   -0.9962526344767         0.02
  43     0.0005466590277   -0.9953627450558         0.01
  44     0.0006418154772   -0.9963831916563         0.02
  45     0.0006580140976   -0.9952004516827         0.02
 MICROCYCLE DIIS UPDATE:                   46
  46     0.0000162631034   -0.9957972850378         0.02
  47     0.0000080424574   -0.9958033034542         0.02
  48     0.0000040705721   -0.9957942888362         0.02
  49     0.0000028214699   -0.9957978665065         0.02
  50     0.0000018332070   -0.9957941101636         0.02
 MICROCYCLE DIIS UPDATE:                   51
  51     0.0000005487173   -0.9957946381343         0.02
  52     0.0000003027729   -0.9957949929841         0.02
  53     0.0000002789521   -0.9957949739972         0.02
  54     0.0000002915937   -0.9957948866596         0.02
  55     0.0000004109484   -0.9957952182215         0.02
 MICROCYCLE DIIS UPDATE:                   56
  56     0.0000000668555   -0.9957950245510         0.02
  57     0.0000001024269   -0.9957950592625         0.02
  58     0.0000002693576   -0.9957949875096         0.02
  59     0.0000007902859   -0.9957950260590         0.02
  60     0.0000023357014   -0.9957950077161         0.01
 MICROCYCLE DIIS UPDATE:                   61
  61     0.0000000076916   -0.9957950047576         0.02
------------------------------------------------------------------
 Iterations converged
 CCSD correlation energy / hartree =        -0.995795004757614
 CCSD total energy / hartree       =      -108.998872996372199

Time taken for Closed Shell Cholesky CCSD: 1.18 secs

Executing DUCC routine
======================
Number of active occupied alpha = 7
Number of active occupied beta  = 7
Number of active virtual alpha  = 12
Number of active virtual beta   = 12
ducc_lvl = 2

Full SCF Energy: -108.003077991615
Bare SCF Energy: -108.003077986577
Frozen Core Energy: -0.000000005037

DUCC: Time taken to compute Bare Hamiltonian: 0.00 secs
Bare Active Space SCF Energy: -108.003077986577

DUCC: Time taken to compute single commutator of F and V and double commutator of F: 0.27 secs

DUCC: Time taken to compute double commutator of V and triple commutator of F: 4.84 secs
Fully Contracted Scalar: -0.081744275653

DUCC SCF energy: -108.091842827100
Total Energy Shift: 0.007020559833

DUCC: Total compute time: 5.11 secs

DUCC: Time to write results: 0.06 secs
DUCC Memory Stats
-----------------
allocation count: 3868
deallocation count: 3867
total memory allocated: 2.363485 GiB
total memory deallocated: 2.363484 GiB
maximum memory in single allocation: 0.008694 GiB
maximum memory consumption: 0.317725 GiB
