
ExaChem Git Information
{
 Branch: main
 Commit Hash: bd25dab [bd25dab8406e69b11ad8def9900a8eea7bb8d543]
 Commit Date: 2025-01-30 14:42:33 -0800
 Commit Message: Fixes ECP handling for multiple atoms

 WARNING: The following ExaChem sources have uncommitted changes at build-time.

 M exachem/cc/ducc/ducc-t_ccsd.cpp

diff --git a/exachem/cc/ducc/ducc-t_ccsd.cpp b/exachem/cc/ducc/ducc-t_ccsd.cpp
index 16950f2..85b1230 100644
--- a/exachem/cc/ducc/ducc-t_ccsd.cpp
+++ b/exachem/cc/ducc/ducc-t_ccsd.cpp
@@ -2036 +2036 @@ void DUCC_T_CCSD_Driver(ChemEnv& chem_env, ExecutionContext& ec, const TiledInde
-  if(rank == 0 && ducc_lvl > 0) {
+  if(rank == 0) {

}


TAMM Git Information
{
 Branch: main
 Commit Hash: 1c9868cf [1c9868cfbfc8bad3586dd21e36f2519cff1fe55a]
 Commit Date: 2024-12-19 12:23:01 -0800
 Commit Message: minor update to print_vector
}


date: Thu Feb  6 14:56:48 2025
program: "/hpc/home/baum612/code/exachem-dev/build/methods_stage/hpc/home/baum612/code/tamm_install/methods/ExaChem"
nnodes: 1, nproc_per_node: 8, nproc_total: 8, 
Memory information
{
[Intel(R) Xeon(R) Platinum 8276M CPU @ 2.20GHz] : 
  CPU memory per node (GiB): 6046
  Total CPU memory (GiB): 6046
}

------------------------------------------------------------

Input file provided: /hpc/home/baum612/TESTS/DUCC-Hamiltonian-Library/N2/cc-pVDZ/AllElectronCCSD-14Elec-13Orbs/2.8_Eq-5.7904au/DUCC3/N2.json

{
  "geometry": {
    "coordinates": [
      "N  0.000000  0.000000  0.000000",
      "N  0.000000  0.000000  5.7904"
    ],
    "units": "bohr"
  },
  "basis": {
    "basisset": "cc-pvdz"
  },
  "common": {
    "file_prefix": "N2",
    "maxiter": 100
  },
  "SCF": {
    "tol_int": 1e-16,
    "tol_lindep": 1e-09,
    "conve": 1e-10,
    "convd": 1e-09,
    "diis_hist": 10,
    "charge": 0,
    "multiplicity": 1,
    "restart": false,
    "scf_type": "restricted",
    "writem": 10
  },
  "CD": {
    "diagtol": 1e-14,
    "max_cvecs": 1000
  },
  "CC": {
    "threshold": 1e-08,
    "ndiis": 5,
    "writet": false,
    "ccsd_maxiter": 100,
    "lshift": 0.1,
    "nactive_oa": 7,
    "nactive_ob": 7,
    "nactive_va": 6,
    "nactive_vb": 6,
    "ducc_lvl": 2
  },
  "TASK": {
    "ducc": true
  }
}

Output folder & files prefix: N2.cc-pvdz

Printing Internal Coordinates

------------------------------------------------------------
                Bond Lengths

i      j        Length (Angstroms)     Length (Bohr)
0      1          3.0641477199         5.7904000000

Number of Angles: 0
Number of Torsional Angles: 0


----------------------------------------------------------------------
                          Center of Mass

         x               y               z              Unit
               0               0      1.53207386      Angstrom
               0               0          2.8952          Bohr

----------------------------------------------------------------------
                Moment of Inertia Tensor

           234.753                 0                 0
                 0           234.753                 0
                 0                 0                 0

----------------------------------------------------------------------
                      Principal Moments of Inertia

           x                 y                 z                Unit
                 0       65.73742086       65.73742086       amu * ang^2
                 0       234.7525917       234.7525917      amu * bohr^2
  0.0000000000e+00  1.0915962999e-38  1.0915962999e-38          g * cm^2

 - Molecule is diatomic.

----------------------------------------------------------------------

         Rotational constants (MHz)

    A = inf        B = 7.6878e+03        C = 7.6878e+03

----------------------------------------------------------------------

        Rotational constants (cm-1)

    A = inf        B = 2.5644e-01        C = 2.5644e-01

----------------------------------------------------------------------

                                Z-Matrix
N   
N        1          5.7904

----------------------------------------------------------------------

             Converted back to Cartesian

N        0.000000      0.000000      0.000000
N        0.000000      0.000000      5.790400

----------------------------------------------------------------------
                       Geometry in bohr 

1     N       0.0000000000    0.0000000000    0.0000000000
2     N       0.0000000000    0.0000000000    5.7904000000
Resetting xc_basis_tol to 1e-10

 Number of nodes, processes per node used for SCF calculation: 1, 8

Common Options
{
 maxiter    = 100
 basis      = cc-pvdz spherical
 geom_units = bohr
 natoms_max = 30
 debug      = false
 file_prefix    = N2
}

SCF Options
{
 charge            = 0
 multiplicity      = 1
 level shift       = 0
 tol_int           = 1e-16
 tol_sch           = 1e-12
 tol_lindep        = 1e-09
 conve             = 1e-10
 convd             = 1e-09
 diis_hist         = 10
 AO_tilesize       = 30
 writem            = 10
 damp              = 100
 n_lindep          = 0
 scf_type          = restricted
 direct_df         = false
 restart_size      = 2000
 restart           = false
 debug             = false
}

Number of basis functions = 28

Total number of shells = 12

Total number of electrons = 14
  # of alpha electrons    = 7
  # of beta electons      = 7

Nuclear repulsion energy  = 8.46228239845261

# of {all,non-negligible} shell-pairs = {78,78}
Number of AO tiles = 12

Time for initial setup: 0.00 secs
HF exch = 1.00

Time for computing 1-e integrals T, V, S: 0.00 secs
Time for computing orthogonalizer: 0.00 secs

Superposition of Atomic Density Guess ...
Time taken for SAD: 0.04 secs
Total Time to compute initial guess: 0.04 secs


 SCF iterations
-----------------------------------------------------------------------------
 Iter     Energy            E-Diff       RMSD        |[F,P]|^2       Time(s)
-----------------------------------------------------------------------------
   1  -107.6593550139    -1.08e+02     5.63e-02     2.92e-03         0.0 
   2  -107.9798980980    -3.21e-01     7.13e-04     1.04e-02         0.0 
   3  -107.9806135593    -7.15e-04     2.20e-03     6.87e-03         0.0 
   4  -107.9818810051    -1.27e-03     8.03e-04     5.11e-04         0.0 
   5  -107.9819850047    -1.04e-04     1.87e-05     5.09e-07         0.0 
   6  -107.9819850999    -9.52e-08     5.73e-06     2.23e-08         0.0 
   7  -107.9819851035    -3.59e-09     1.42e-06     1.13e-09         0.0 
   8  -107.9819851037    -2.36e-10     1.53e-07     2.37e-11         0.0 
   9  -107.9819851037    -4.02e-12     1.34e-08     1.11e-12         0.0 
  10  -107.9819851037    -4.26e-14     6.97e-09     6.99e-13         0.0 
<DIIS> Singularity in Pulay matrix detected.
<DIIS> Singularity in Pulay matrix detected.
  11  -107.9819851037     4.26e-14     5.56e-10     2.18e-16         0.0 

** Total SCF energy = -107.9819851037499

Nuclear repulsion energy = 8.462282398452611
#electrons        = 14
1e energy kinetic = 107.3942329526184665
1e energy N-e     = -270.9256297228325252
1e energy         = -163.5313967702141156
2e energy         = 47.0871292680115872
writing orbitals and density to disk ... done.

Total Time taken for Hartree-Fock: 0.27 secs

CD Options
{
 debug            = false
 skip_cd          = [false,100]
 write_cv         = [false,5000]
 diagtol          = 1e-14
 itilesize        = 1000
 max_cvecs_factor = 1000
}

- #occupied, #virtual = 14, 42

- Tilesize for the MSO space: 40

-----------------------------------------------------
Begin 2-index transformation ... 

nAO, nMO, nelectrons = 28, 56, 14
n_occ_alpha, n_vir_alpha, n_occ_beta, n_vir_beta = 7,21,7,21

Time taken for Fao->Fmo transform: 0.00 secs

-----------------------------------------------------
Number of AO tiles = 12
# of {all,non-negligible} shell-pairs = {78,78}

    Begin Cholesky Decomposition
---------------------------------------------
Total # of mpi ranks used for Cholesky decomposition: 8
  --> Number of nodes, mpi ranks per node: 1, 8
- CPU memory required for computing cholesky vectors: 0.00 GiB

- Time for computing the diagonal: 0.01 secs

- Total number of cholesky vectors = 288

- Time to compute cholesky vectors: 0.14 secs

- CPU memory required for resizing the ao cholesky tensor: 0.01 GiB
- CPU memory required for ao2mo transformation: 0.01 GiB
- CPU memory required for the 2-step contraction: 0.01 GiB

- Time for ao to mo transform: 0.01 secs

   End Cholesky Decomposition
---------------------------------------------

Total Time taken for Cholesky Decomposition: 0.18 secs

scf_type = restricted
Closed-Shell SCF
nbf = 28
nbf_orig = 28
n_lindep = 0
focc = 1
nmo = 56
nocc = 14
nvir = 42
n_occ_alpha = 7
n_vir_alpha = 21
n_occ_beta = 7
n_vir_beta = 21
nelectrons = 14
nelectrons_alpha = 7
nelectrons_beta = 7
n_frozen_core = 0
n_frozen_virtual = 0
----------------------------

Total CPU memory required for Closed Shell Cholesky CCSD calculation: 0.01 GiB


 CCSD iterations
------------------------------------------------------------
  Iter     Residuum          Correlation          Time(s)
------------------------------------------------------------
   1     0.5265504838385    0.0000000000000         0.02
   2     0.6216442243701   -1.4050534295387         0.02
   3     1.5008443490551    0.7508138884710         0.02
   4     2.3783159995727   -4.1967332434906         0.02
   5     3.6637310614754    2.3915535888930         0.02
 MICROCYCLE DIIS UPDATE:                    6
   6     0.1142071930036   -0.7229378107420         0.02
   7     0.2749532148201   -0.3617189336679         0.02
   8     0.4776030824304   -1.2184302946575         0.02
   9     1.0905245168175    0.3735504692537         0.02
  10     1.9432445747285   -3.1491242771714         0.02
 MICROCYCLE DIIS UPDATE:                   11
  11     0.0583064654610   -0.6938948088668         0.02
  12     0.1686546779393   -0.5153256853513         0.02
  13     0.2508488890676   -0.9812175467383         0.02
  14     0.6047974223655   -0.1509988299089         0.02
  15     1.1661405187348   -1.9646846231296         0.02
 MICROCYCLE DIIS UPDATE:                   16
  16     0.0478921011207   -0.7103591164035         0.02
  17     0.1546847881048   -0.5761069457723         0.02
  18     0.2003343431795   -0.9665902116763         0.02
  19     0.4933567189356   -0.3231039425602         0.02
  20     0.9146705132022   -1.7085930943141         0.02
 MICROCYCLE DIIS UPDATE:                   21
  21     0.0434867504051   -0.7394473214895         0.02
  22     0.1494252409566   -0.6369002699421         0.02
  23     0.1660689632681   -0.9832724455114         0.02
  24     0.4061666416508   -0.4749460790835         0.02
  25     0.6921917871416   -1.5359637007090         0.02
 MICROCYCLE DIIS UPDATE:                   26
  26     0.0414264904051   -0.7834660801863         0.02
  27     0.1513357275862   -0.6966610151089         0.02
  28     0.1546498488378   -1.0303246770698         0.02
  29     0.3400470558457   -0.5959461817358         0.02
  30     0.5270062189909   -1.4290007850113         0.02
 MICROCYCLE DIIS UPDATE:                   31
  31     0.0359728984666   -0.8521427150129         0.02
  32     0.1448089388375   -0.7772751964824         0.02
  33     0.1474588214160   -1.0889769341114         0.02
  34     0.2497476102766   -0.7291552099063         0.02
  35     0.3339101284176   -1.2937723347627         0.02
 MICROCYCLE DIIS UPDATE:                   36
  36     0.0208363279029   -0.9460804951123         0.02
  37     0.0845083495420   -0.9084200040083         0.02
  38     0.0868840711637   -1.0862337511564         0.02
  39     0.1066201921201   -0.9040819632264         0.02
  40     0.1078031314081   -1.1141010354828         0.02
 MICROCYCLE DIIS UPDATE:                   41
  41     0.0045814156835   -1.0107985882226         0.02
  42     0.0103665241034   -1.0076663782708         0.02
  43     0.0093756156218   -1.0281835292746         0.02
  44     0.0102820483079   -1.0096290351573         0.02
  45     0.0087297478694   -1.0281809668611         0.02
 MICROCYCLE DIIS UPDATE:                   46
  46     0.0003047328336   -1.0206091354429         0.02
  47     0.0009023007024   -1.0211256338356         0.02
  48     0.0011310393626   -1.0192286902194         0.02
  49     0.0012814646472   -1.0214060442169         0.02
  50     0.0012634429809   -1.0190592887163         0.02
 MICROCYCLE DIIS UPDATE:                   51
  51     0.0000238824082   -1.0202276859029         0.02
  52     0.0000282822168   -1.0202492744667         0.02
  53     0.0000237044152   -1.0201964907904         0.02
  54     0.0000212521699   -1.0202387674455         0.02
  55     0.0000159362382   -1.0202032590451         0.02
 MICROCYCLE DIIS UPDATE:                   56
  56     0.0000004996026   -1.0202171037908         0.02
  57     0.0000009773605   -1.0202165052047         0.02
  58     0.0000012484619   -1.0202185228233         0.02
  59     0.0000013982519   -1.0202161129552         0.02
  60     0.0000013925763   -1.0202186872793         0.02
 MICROCYCLE DIIS UPDATE:                   61
  61     0.0000000456583   -1.0202174197868         0.02
  62     0.0000000732845   -1.0202174174464         0.02
  63     0.0000002149518   -1.0202173968486         0.02
  64     0.0000006566481   -1.0202174254296         0.02
  65     0.0000020125635   -1.0202173922878         0.02
 MICROCYCLE DIIS UPDATE:                   66
  66     0.0000000056260   -1.0202174102853         0.02
------------------------------------------------------------------
 Iterations converged
 CCSD correlation energy / hartree =        -1.020217410285346
 CCSD total energy / hartree       =      -109.002202514035261

Time taken for Closed Shell Cholesky CCSD: 1.42 secs

Executing DUCC routine
======================
Number of active occupied alpha = 7
Number of active occupied beta  = 7
Number of active virtual alpha  = 6
Number of active virtual beta   = 6
ducc_lvl = 2

Full SCF Energy: -107.981985103750
Bare SCF Energy: -107.981985100369
Frozen Core Energy: -0.000000003381

DUCC: Time taken to compute Bare Hamiltonian: 0.00 secs
Bare Active Space SCF Energy: -107.981985100369

DUCC: Time taken to compute single commutator of F and V and double commutator of F: 0.24 secs

DUCC: Time taken to compute double commutator of V and triple commutator of F: 4.37 secs
Fully Contracted Scalar: -0.153604488386

DUCC SCF energy: -108.120934721891
Total Energy Shift: -0.014654870245

DUCC: Total compute time: 4.61 secs

DUCC: Time to write results: 0.02 secs
DUCC Memory Stats
-----------------
allocation count: 3898
deallocation count: 3897
total memory allocated: 0.879206 GiB
total memory deallocated: 0.879205 GiB
maximum memory in single allocation: 0.008694 GiB
maximum memory consumption: 0.135295 GiB
