
ExaChem Git Information
{
 Branch: main
 Commit Hash: bd25dab [bd25dab8406e69b11ad8def9900a8eea7bb8d543]
 Commit Date: 2025-01-30 14:42:33 -0800
 Commit Message: Fixes ECP handling for multiple atoms

 WARNING: The following ExaChem sources have uncommitted changes at build-time.

 M exachem/cc/ducc/ducc-t_ccsd.cpp

diff --git a/exachem/cc/ducc/ducc-t_ccsd.cpp b/exachem/cc/ducc/ducc-t_ccsd.cpp
index 16950f2..85b1230 100644
--- a/exachem/cc/ducc/ducc-t_ccsd.cpp
+++ b/exachem/cc/ducc/ducc-t_ccsd.cpp
@@ -2036 +2036 @@ void DUCC_T_CCSD_Driver(ChemEnv& chem_env, ExecutionContext& ec, const TiledInde
-  if(rank == 0 && ducc_lvl > 0) {
+  if(rank == 0) {

}


TAMM Git Information
{
 Branch: main
 Commit Hash: 1c9868cf [1c9868cfbfc8bad3586dd21e36f2519cff1fe55a]
 Commit Date: 2024-12-19 12:23:01 -0800
 Commit Message: minor update to print_vector
}


date: Thu Feb  6 14:55:52 2025
program: "/hpc/home/baum612/code/exachem-dev/build/methods_stage/hpc/home/baum612/code/tamm_install/methods/ExaChem"
nnodes: 1, nproc_per_node: 8, nproc_total: 8, 
Memory information
{
[Intel(R) Xeon(R) Platinum 8276M CPU @ 2.20GHz] : 
  CPU memory per node (GiB): 6046
  Total CPU memory (GiB): 6046
}

------------------------------------------------------------

Input file provided: /hpc/home/baum612/TESTS/DUCC-Hamiltonian-Library/N2/cc-pVDZ/AllElectronCCSD-14Elec-13Orbs/2.9_Eq-5.9972au/Bare/N2.json

{
  "geometry": {
    "coordinates": [
      "N  0.000000  0.000000  0.000000",
      "N  0.000000  0.000000  5.9972"
    ],
    "units": "bohr"
  },
  "basis": {
    "basisset": "cc-pvdz"
  },
  "common": {
    "file_prefix": "N2",
    "maxiter": 100
  },
  "SCF": {
    "tol_int": 1e-16,
    "tol_lindep": 1e-09,
    "conve": 1e-10,
    "convd": 1e-09,
    "diis_hist": 10,
    "charge": 0,
    "multiplicity": 1,
    "restart": false,
    "scf_type": "restricted",
    "writem": 10
  },
  "CD": {
    "diagtol": 1e-14,
    "max_cvecs": 1000
  },
  "CC": {
    "threshold": 1e-08,
    "ndiis": 5,
    "writet": false,
    "ccsd_maxiter": 100,
    "lshift": 0.1,
    "nactive_oa": 7,
    "nactive_ob": 7,
    "nactive_va": 6,
    "nactive_vb": 6,
    "ducc_lvl": 0
  },
  "TASK": {
    "ducc": true
  }
}

Output folder & files prefix: N2.cc-pvdz

Printing Internal Coordinates

------------------------------------------------------------
                Bond Lengths

i      j        Length (Angstroms)     Length (Bohr)
0      1          3.1735815671         5.9972000000

Number of Angles: 0
Number of Torsional Angles: 0


----------------------------------------------------------------------
                          Center of Mass

         x               y               z              Unit
               0               0     1.586790784      Angstrom
               0               0          2.9986          Bohr

----------------------------------------------------------------------
                Moment of Inertia Tensor

            251.82                 0                 0
                 0            251.82                 0
                 0                 0                 0

----------------------------------------------------------------------
                      Principal Moments of Inertia

           x                 y                 z                Unit
                 0       70.51679968       70.51679968       amu * ang^2
                 0       251.8200633       251.8200633      amu * bohr^2
  0.0000000000e+00  1.1709598064e-38  1.1709598064e-38          g * cm^2

 - Molecule is diatomic.

----------------------------------------------------------------------

         Rotational constants (MHz)

    A = inf        B = 7.1668e+03        C = 7.1668e+03

----------------------------------------------------------------------

        Rotational constants (cm-1)

    A = inf        B = 2.3906e-01        C = 2.3906e-01

----------------------------------------------------------------------

                                Z-Matrix
N   
N        1          5.9972

----------------------------------------------------------------------

             Converted back to Cartesian

N        0.000000      0.000000      0.000000
N        0.000000      0.000000      5.997200

----------------------------------------------------------------------
                       Geometry in bohr 

1     N       0.0000000000    0.0000000000    0.0000000000
2     N       0.0000000000    0.0000000000    5.9972000000
Resetting xc_basis_tol to 1e-10

 Number of nodes, processes per node used for SCF calculation: 1, 8

Common Options
{
 maxiter    = 100
 basis      = cc-pvdz spherical
 geom_units = bohr
 natoms_max = 30
 debug      = false
 file_prefix    = N2
}

SCF Options
{
 charge            = 0
 multiplicity      = 1
 level shift       = 0
 tol_int           = 1e-16
 tol_sch           = 1e-12
 tol_lindep        = 1e-09
 conve             = 1e-10
 convd             = 1e-09
 diis_hist         = 10
 AO_tilesize       = 30
 writem            = 10
 damp              = 100
 n_lindep          = 0
 scf_type          = restricted
 direct_df         = false
 restart_size      = 2000
 restart           = false
 debug             = false
}

Number of basis functions = 28

Total number of shells = 12

Total number of electrons = 14
  # of alpha electrons    = 7
  # of beta electons      = 7

Nuclear repulsion energy  = 8.17047955712666

# of {all,non-negligible} shell-pairs = {78,78}
Number of AO tiles = 12

Time for initial setup: 0.00 secs
HF exch = 1.00

Time for computing 1-e integrals T, V, S: 0.00 secs
Time for computing orthogonalizer: 0.00 secs

Superposition of Atomic Density Guess ...
Time taken for SAD: 0.03 secs
Total Time to compute initial guess: 0.03 secs


 SCF iterations
-----------------------------------------------------------------------------
 Iter     Energy            E-Diff       RMSD        |[F,P]|^2       Time(s)
-----------------------------------------------------------------------------
Resetting lshift to 0.50
   1  -107.6585243498    -1.08e+02     5.65e-02     2.01e-03         0.0 
   2  -107.9611941698    -3.03e-01     5.50e-04     8.98e-03         0.0 
   3  -107.9617146879    -5.21e-04     2.18e-03     6.41e-03         0.0 
   4  -107.9629048395    -1.19e-03     7.28e-04     4.32e-04         0.0 
   5  -107.9629925089    -8.77e-05     2.56e-05     7.86e-07         0.0 
   6  -107.9629926607    -1.52e-07     3.96e-06     1.10e-08         0.0 
   7  -107.9629926625    -1.78e-09     1.18e-06     6.56e-10         0.0 
   8  -107.9629926627    -1.34e-10     2.40e-07     7.39e-11         0.0 
   9  -107.9629926626     2.85e-11     2.26e-07     7.12e-10         0.0 
  10  -107.9629926627    -3.67e-11     2.88e-09     6.46e-15         0.0 
<DIIS> Singularity in Pulay matrix detected.
<DIIS> Singularity in Pulay matrix detected.
<DIIS> Singularity in Pulay matrix detected.
  11  -107.9629926627    -1.14e-13     7.46e-10     2.59e-16         0.0 

** Total SCF energy = -107.9629926626587

Nuclear repulsion energy = 8.170479557126658
#electrons        = 14
1e energy kinetic = 107.4215437617981621
1e energy N-e     = -270.3770205095361803
1e energy         = -162.9554767477380324
2e energy         = 46.8220045279526502
writing orbitals and density to disk ... done.

Total Time taken for Hartree-Fock: 0.24 secs

CD Options
{
 debug            = false
 skip_cd          = [false,100]
 write_cv         = [false,5000]
 diagtol          = 1e-14
 itilesize        = 1000
 max_cvecs_factor = 1000
}

- #occupied, #virtual = 14, 42

- Tilesize for the MSO space: 40

-----------------------------------------------------
Begin 2-index transformation ... 

nAO, nMO, nelectrons = 28, 56, 14
n_occ_alpha, n_vir_alpha, n_occ_beta, n_vir_beta = 7,21,7,21

Time taken for Fao->Fmo transform: 0.00 secs

-----------------------------------------------------
Number of AO tiles = 12
# of {all,non-negligible} shell-pairs = {78,78}

    Begin Cholesky Decomposition
---------------------------------------------
Total # of mpi ranks used for Cholesky decomposition: 8
  --> Number of nodes, mpi ranks per node: 1, 8
- CPU memory required for computing cholesky vectors: 0.00 GiB

- Time for computing the diagonal: 0.00 secs

- Total number of cholesky vectors = 283

- Time to compute cholesky vectors: 0.13 secs

- CPU memory required for resizing the ao cholesky tensor: 0.01 GiB
- CPU memory required for ao2mo transformation: 0.00 GiB
- CPU memory required for the 2-step contraction: 0.01 GiB

- Time for ao to mo transform: 0.01 secs

   End Cholesky Decomposition
---------------------------------------------

Total Time taken for Cholesky Decomposition: 0.17 secs

scf_type = restricted
Closed-Shell SCF
nbf = 28
nbf_orig = 28
n_lindep = 0
focc = 1
nmo = 56
nocc = 14
nvir = 42
n_occ_alpha = 7
n_vir_alpha = 21
n_occ_beta = 7
n_vir_beta = 21
nelectrons = 14
nelectrons_alpha = 7
nelectrons_beta = 7
n_frozen_core = 0
n_frozen_virtual = 0
----------------------------

Total CPU memory required for Closed Shell Cholesky CCSD calculation: 0.01 GiB


 CCSD iterations
------------------------------------------------------------
  Iter     Residuum          Correlation          Time(s)
------------------------------------------------------------
   1     0.5300799698205    0.0000000000000         0.02
   2     0.6616118592406   -1.4773191854005         0.02
   3     1.7070580255389    0.9213823799693         0.02
   4     2.7129363412086   -4.9700379218038         0.02
   5     4.1661962785342    2.3044414108412         0.02
 MICROCYCLE DIIS UPDATE:                    6
   6     0.1221361833570   -0.7385352796948         0.02
   7     0.3086703080917   -0.3287742486037         0.02
   8     0.5733975075448   -1.3476509576083         0.02
   9     1.3724657739353    0.6413806605473         0.02
  10     2.3119258762423   -4.0598235490692         0.02
 MICROCYCLE DIIS UPDATE:                   11
  11     0.0650232753758   -0.7100697371878         0.02
  12     0.1990624145160   -0.4867984102961         0.02
  13     0.3328866164305   -1.0812288431923         0.02
  14     0.8120725762676    0.0541013329930         0.02
  15     1.6753228708504   -2.5565922455326         0.02
 MICROCYCLE DIIS UPDATE:                   16
  16     0.0511381090021   -0.7106968025984         0.02
  17     0.1689201277925   -0.5516473388695         0.02
  18     0.2497219105169   -1.0163720590025         0.02
  19     0.6279293119334   -0.1762805569822         0.02
  20     1.2905805725610   -2.0870498448654         0.02
 MICROCYCLE DIIS UPDATE:                   21
  21     0.0454417615016   -0.7282918224419         0.02
  22     0.1583949805858   -0.6071124853397         0.02
  23     0.2035213480686   -1.0080243313219         0.02
  24     0.5177248146553   -0.3441556398976         0.02
  25     1.0109110995262   -1.8232907907672         0.02
 MICROCYCLE DIIS UPDATE:                   26
  26     0.0437343010269   -0.7578537122187         0.02
  27     0.1583920174609   -0.6580613957861         0.02
  28     0.1821325292958   -1.0346345142546         0.02
  29     0.4441934873631   -0.4723614670361         0.02
  30     0.8065070287787   -1.6677541972950         0.02
 MICROCYCLE DIIS UPDATE:                   31
  31     0.0424298105436   -0.8009578899177         0.02
  32     0.1645999802625   -0.7090276025693         0.02
  33     0.1823839443057   -1.0883346058521         0.02
  34     0.3854342084974   -0.5745132307950         0.02
  35     0.6448245323812   -1.5566751691004         0.02
 MICROCYCLE DIIS UPDATE:                   36
  36     0.0377888700511   -0.8631408754727         0.02
  37     0.1584012222872   -0.7831699446108         0.02
  38     0.1757354139695   -1.1404439081129         0.02
  39     0.2877950728329   -0.7062783070442         0.02
  40     0.4117678217840   -1.3822309177540         0.02
 MICROCYCLE DIIS UPDATE:                   41
  41     0.0245561420786   -0.9504271125265         0.02
  42     0.1054407576758   -0.9039268156630         0.02
  43     0.1188618111681   -1.1373349527796         0.02
  44     0.1430352251354   -0.8822825897882         0.02
  45     0.1498276559422   -1.1711212683927         0.02
 MICROCYCLE DIIS UPDATE:                   46
  46     0.0070210460178   -1.0226572563986         0.02
  47     0.0239554675624   -1.0140869807184         0.02
  48     0.0261858364043   -1.0659901998618         0.02
  49     0.0281260364014   -1.0126138988659         0.02
  50     0.0240376468736   -1.0638544279291         0.02
 MICROCYCLE DIIS UPDATE:                   51
  51     0.0007350317662   -1.0418470233560         0.02
  52     0.0011276257914   -1.0425672622739         0.02
  53     0.0016566238146   -1.0404102962606         0.02
  54     0.0019551051349   -1.0434397341336         0.02
  55     0.0020621252143   -1.0399923456199         0.02
 MICROCYCLE DIIS UPDATE:                   56
  56     0.0000289773461   -1.0417776663797         0.02
  57     0.0000152751880   -1.0417977127454         0.02
  58     0.0000176321987   -1.0417725132078         0.02
  59     0.0000143028631   -1.0418046272929         0.02
  60     0.0000125792116   -1.0417793716869         0.02
 MICROCYCLE DIIS UPDATE:                   61
  61     0.0000010830901   -1.0417917499862         0.02
  62     0.0000009720187   -1.0417913767842         0.02
  63     0.0000012825721   -1.0417924971062         0.02
  64     0.0000015663336   -1.0417904580448         0.02
  65     0.0000017678749   -1.0417930854762         0.02
 MICROCYCLE DIIS UPDATE:                   66
  66     0.0000000544065   -1.0417915918833         0.02
  67     0.0000000788817   -1.0417916099858         0.02
  68     0.0000002146697   -1.0417916577625         0.02
  69     0.0000006610223   -1.0417915860655         0.02
  70     0.0000020893187   -1.0417917019003         0.02
 MICROCYCLE DIIS UPDATE:                   71
  71     0.0000000067114   -1.0417916330950         0.02
------------------------------------------------------------------
 Iterations converged
 CCSD correlation energy / hartree =        -1.041791633094983
 CCSD total energy / hartree       =      -109.004784295753709

Time taken for Closed Shell Cholesky CCSD: 1.47 secs

Executing DUCC routine
======================
Number of active occupied alpha = 7
Number of active occupied beta  = 7
Number of active virtual alpha  = 6
Number of active virtual beta   = 6
ducc_lvl = 0

Full SCF Energy: -107.962992662659
Bare SCF Energy: -107.962992668036
Frozen Core Energy: 0.000000005377

DUCC: Time taken to compute Bare Hamiltonian: 0.00 secs
Bare Active Space SCF Energy: -107.962992668036
Fully Contracted Scalar: 0.000000000000

DUCC SCF energy: -107.962992668036
Total Energy Shift: 0.000000005377

DUCC: Total compute time: 0.00 secs

DUCC: Time to write results: 0.02 secs
DUCC Memory Stats
-----------------
allocation count: 606
deallocation count: 605
total memory allocated: 0.044822 GiB
total memory deallocated: 0.044822 GiB
maximum memory in single allocation: 0.008694 GiB
maximum memory consumption: 0.018401 GiB
