
ExaChem Git Information
{
 Branch: main
 Commit Hash: bd25dab [bd25dab8406e69b11ad8def9900a8eea7bb8d543]
 Commit Date: 2025-01-30 14:42:33 -0800
 Commit Message: Fixes ECP handling for multiple atoms

 WARNING: The following ExaChem sources have uncommitted changes at build-time.

 M exachem/cc/ducc/ducc-t_ccsd.cpp

diff --git a/exachem/cc/ducc/ducc-t_ccsd.cpp b/exachem/cc/ducc/ducc-t_ccsd.cpp
index 16950f2..85b1230 100644
--- a/exachem/cc/ducc/ducc-t_ccsd.cpp
+++ b/exachem/cc/ducc/ducc-t_ccsd.cpp
@@ -2036 +2036 @@ void DUCC_T_CCSD_Driver(ChemEnv& chem_env, ExecutionContext& ec, const TiledInde
-  if(rank == 0 && ducc_lvl > 0) {
+  if(rank == 0) {

}


TAMM Git Information
{
 Branch: main
 Commit Hash: 1c9868cf [1c9868cfbfc8bad3586dd21e36f2519cff1fe55a]
 Commit Date: 2024-12-19 12:23:01 -0800
 Commit Message: minor update to print_vector
}


date: Thu Feb  6 15:12:51 2025
program: "/hpc/home/baum612/code/exachem-dev/build/methods_stage/hpc/home/baum612/code/tamm_install/methods/ExaChem"
nnodes: 1, nproc_per_node: 8, nproc_total: 8, 
Memory information
{
[Intel(R) Xeon(R) Platinum 8276M CPU @ 2.20GHz] : 
  CPU memory per node (GiB): 6046
  Total CPU memory (GiB): 6046
}

------------------------------------------------------------

Input file provided: /hpc/home/baum612/TESTS/DUCC-Hamiltonian-Library/N2/cc-pVDZ/AllElectronCCSD-14Elec-23Orbs/3.0_Eq-6.2040au/Bare/N2.json

{
  "geometry": {
    "coordinates": [
      "N  0.000000  0.000000  0.000000",
      "N  0.000000  0.000000  6.2040"
    ],
    "units": "bohr"
  },
  "basis": {
    "basisset": "cc-pvdz"
  },
  "common": {
    "file_prefix": "N2",
    "maxiter": 100
  },
  "SCF": {
    "tol_int": 1e-16,
    "tol_lindep": 1e-09,
    "conve": 1e-10,
    "convd": 1e-09,
    "diis_hist": 10,
    "charge": 0,
    "multiplicity": 1,
    "restart": false,
    "scf_type": "restricted",
    "writem": 10
  },
  "CD": {
    "diagtol": 1e-14,
    "max_cvecs": 1000
  },
  "CC": {
    "threshold": 1e-08,
    "ndiis": 5,
    "writet": false,
    "ccsd_maxiter": 100,
    "lshift": 0.1,
    "nactive_oa": 7,
    "nactive_ob": 7,
    "nactive_va": 16,
    "nactive_vb": 16,
    "ducc_lvl": 0
  },
  "TASK": {
    "ducc": true
  }
}

Output folder & files prefix: N2.cc-pvdz

Printing Internal Coordinates

------------------------------------------------------------
                Bond Lengths

i      j        Length (Angstroms)     Length (Bohr)
0      1          3.2830154142         6.2040000000

Number of Angles: 0
Number of Torsional Angles: 0


----------------------------------------------------------------------
                          Center of Mass

         x               y               z              Unit
               0               0     1.641507707      Angstrom
               0               0           3.102          Bohr

----------------------------------------------------------------------
                Moment of Inertia Tensor

           269.486                 0                 0
                 0           269.486                 0
                 0                 0                 0

----------------------------------------------------------------------
                      Principal Moments of Inertia

           x                 y                 z                Unit
                 0       75.46387599       75.46387599       amu * ang^2
                 0       269.4863936       269.4863936      amu * bohr^2
  0.0000000000e+00  1.2531079973e-38  1.2531079973e-38          g * cm^2

 - Molecule is diatomic.

----------------------------------------------------------------------

         Rotational constants (MHz)

    A = inf        B = 6.6970e+03        C = 6.6970e+03

----------------------------------------------------------------------

        Rotational constants (cm-1)

    A = inf        B = 2.2339e-01        C = 2.2339e-01

----------------------------------------------------------------------

                                Z-Matrix
N   
N        1           6.204

----------------------------------------------------------------------

             Converted back to Cartesian

N        0.000000      0.000000      0.000000
N        0.000000      0.000000      6.204000

----------------------------------------------------------------------
                       Geometry in bohr 

1     N       0.0000000000    0.0000000000    0.0000000000
2     N       0.0000000000    0.0000000000    6.2040000000
Resetting xc_basis_tol to 1e-10

 Number of nodes, processes per node used for SCF calculation: 1, 8

Common Options
{
 maxiter    = 100
 basis      = cc-pvdz spherical
 geom_units = bohr
 natoms_max = 30
 debug      = false
 file_prefix    = N2
}

SCF Options
{
 charge            = 0
 multiplicity      = 1
 level shift       = 0
 tol_int           = 1e-16
 tol_sch           = 1e-12
 tol_lindep        = 1e-09
 conve             = 1e-10
 convd             = 1e-09
 diis_hist         = 10
 AO_tilesize       = 30
 writem            = 10
 damp              = 100
 n_lindep          = 0
 scf_type          = restricted
 direct_df         = false
 restart_size      = 2000
 restart           = false
 debug             = false
}

Number of basis functions = 28

Total number of shells = 12

Total number of electrons = 14
  # of alpha electrons    = 7
  # of beta electons      = 7

Nuclear repulsion energy  = 7.89813023855577

# of {all,non-negligible} shell-pairs = {78,78}
Number of AO tiles = 12

Time for initial setup: 0.00 secs
HF exch = 1.00

Time for computing 1-e integrals T, V, S: 0.00 secs
Time for computing orthogonalizer: 0.00 secs

Superposition of Atomic Density Guess ...
Time taken for SAD: 0.03 secs
Total Time to compute initial guess: 0.03 secs


 SCF iterations
-----------------------------------------------------------------------------
 Iter     Energy            E-Diff       RMSD        |[F,P]|^2       Time(s)
-----------------------------------------------------------------------------
Resetting lshift to 0.50
   1  -107.6580054601    -1.08e+02     5.67e-02     1.44e-03         0.0 
   2  -107.9443446977    -2.86e-01     4.23e-04     7.71e-03         0.0 
   3  -107.9447189115    -3.74e-04     2.13e-03     5.84e-03         0.0 
   4  -107.9458091775    -1.09e-03     6.29e-04     3.40e-04         0.0 
   5  -107.9458776304    -6.85e-05     3.93e-05     1.39e-06         0.0 
   6  -107.9458778999    -2.69e-07     1.67e-06     2.74e-09         0.0 
   7  -107.9458779005    -5.89e-10     4.76e-07     4.88e-11         0.0 
   8  -107.9458779005    -2.81e-12     1.65e-07     1.66e-10         0.0 
   9  -107.9458779005    -1.18e-12     1.85e-07     1.64e-10         0.0 
  10  -107.9458779005    -1.11e-11     2.04e-09     2.74e-15         0.0 
<DIIS> Singularity in Pulay matrix detected.
<DIIS> Singularity in Pulay matrix detected.
<DIIS> Singularity in Pulay matrix detected.
<DIIS> Singularity in Pulay matrix detected.
<DIIS> Singularity in Pulay matrix detected.
  11  -107.9458779005    -2.84e-14     8.15e-10     2.44e-16         0.0 

** Total SCF energy = -107.9458779005294

Nuclear repulsion energy = 7.898130238555771
#electrons        = 14
1e energy kinetic = 107.4474318779225541
1e energy N-e     = -269.8679108864401428
1e energy         = -162.4204790085176455
2e energy         = 46.5764708694325620
writing orbitals and density to disk ... done.

Total Time taken for Hartree-Fock: 0.24 secs

CD Options
{
 debug            = false
 skip_cd          = [false,100]
 write_cv         = [false,5000]
 diagtol          = 1e-14
 itilesize        = 1000
 max_cvecs_factor = 1000
}

- #occupied, #virtual = 14, 42

- Tilesize for the MSO space: 40

-----------------------------------------------------
Begin 2-index transformation ... 

nAO, nMO, nelectrons = 28, 56, 14
n_occ_alpha, n_vir_alpha, n_occ_beta, n_vir_beta = 7,21,7,21

Time taken for Fao->Fmo transform: 0.00 secs

-----------------------------------------------------
Number of AO tiles = 12
# of {all,non-negligible} shell-pairs = {78,78}

    Begin Cholesky Decomposition
---------------------------------------------
Total # of mpi ranks used for Cholesky decomposition: 8
  --> Number of nodes, mpi ranks per node: 1, 8
- CPU memory required for computing cholesky vectors: 0.00 GiB

- Time for computing the diagonal: 0.00 secs

- Total number of cholesky vectors = 611

- Time to compute cholesky vectors: 0.29 secs

- CPU memory required for resizing the ao cholesky tensor: 0.01 GiB
- CPU memory required for ao2mo transformation: 0.01 GiB
- CPU memory required for the 2-step contraction: 0.01 GiB

- Time for ao to mo transform: 0.02 secs

   End Cholesky Decomposition
---------------------------------------------

Total Time taken for Cholesky Decomposition: 0.34 secs

scf_type = restricted
Closed-Shell SCF
nbf = 28
nbf_orig = 28
n_lindep = 0
focc = 1
nmo = 56
nocc = 14
nvir = 42
n_occ_alpha = 7
n_vir_alpha = 21
n_occ_beta = 7
n_vir_beta = 21
nelectrons = 14
nelectrons_alpha = 7
nelectrons_beta = 7
n_frozen_core = 0
n_frozen_virtual = 0
----------------------------

Total CPU memory required for Closed Shell Cholesky CCSD calculation: 0.02 GiB


 CCSD iterations
------------------------------------------------------------
  Iter     Residuum          Correlation          Time(s)
------------------------------------------------------------
   1     0.5334416067783    0.0000000000000         0.04
   2     0.7009217743500   -1.5487166666996         0.03
   3     1.9259689238694    1.0997688075997         0.03
   4     3.0409878831699   -5.8405311484924         0.03
   5     4.1189447246571    1.7617076640958         0.03
 MICROCYCLE DIIS UPDATE:                    6
   6     0.1851208970692   -0.8324984162082         0.03
   7     0.5088583701705   -0.1319824349883         0.03
   8     1.0143762990787   -1.9311309960557         0.03
   9     2.3855392144380    1.6133300078668         0.03
  10     3.2268371317063   -7.2937893280193         0.03
 MICROCYCLE DIIS UPDATE:                   11
  11     0.0543104183632   -0.6464624271201         0.03
  12     0.0706718384317   -0.6443837300298         0.03
  13     0.0506937448997   -0.7608442708180         0.03
  14     0.1753111803670   -0.6160046430407         0.03
  15     0.2485637541231   -1.0808129802336         0.03
 MICROCYCLE DIIS UPDATE:                   16
  16     0.0507479831537   -0.7202084510208         0.03
  17     0.1293058792516   -0.6487978534148         0.03
  18     0.1401930252514   -0.9557268977357         0.03
  19     0.4192740026397   -0.4665453851493         0.03
  20     0.8031843625256   -1.6648806559015         0.03
 MICROCYCLE DIIS UPDATE:                   21
  21     0.0490168232664   -0.7888021983240         0.03
  22     0.1671192025428   -0.6923178549074         0.03
  23     0.1959974453798   -1.0946324405255         0.03
  24     0.4549299121466   -0.5016680086192         0.03
  25     0.8542425814051   -1.7421566948230         0.03
 MICROCYCLE DIIS UPDATE:                   26
  26     0.0420622111656   -0.8479912056201         0.03
  27     0.1910810203233   -0.7353865628907         0.03
  28     0.2443069436909   -1.2003315911811         0.03
  29     0.4244173806381   -0.5549080388129         0.03
  30     0.7396205896078   -1.6573762248427         0.03
 MICROCYCLE DIIS UPDATE:                   31
  31     0.0364497550663   -0.8997839720557         0.03
  32     0.1579032453609   -0.8275365110314         0.03
  33     0.1897348190530   -1.1961172062760         0.03
  34     0.2688500032412   -0.7463631494768         0.03
  35     0.3675322028528   -1.3678443035854         0.03
 MICROCYCLE DIIS UPDATE:                   36
  36     0.0210133756577   -0.9875295003061         0.03
  37     0.0917261107676   -0.9499104916691         0.03
  38     0.1130098025419   -1.1616971887866         0.03
  39     0.1244718095264   -0.9218332676384         0.03
  40     0.1181390769956   -1.1626004684619         0.03
 MICROCYCLE DIIS UPDATE:                   41
  41     0.0051536588954   -1.0466997956676         0.03
  42     0.0190504732144   -1.0398804171224         0.03
  43     0.0226212350270   -1.0831542730456         0.04
  44     0.0234515880397   -1.0362084815557         0.03
  45     0.0186215218191   -1.0781642770157         0.03
 MICROCYCLE DIIS UPDATE:                   46
  46     0.0005269082548   -1.0611036803246         0.03
  47     0.0010150986229   -1.0616947156357         0.03
  48     0.0015717277025   -1.0595879575461         0.03
  49     0.0019085184756   -1.0625546134209         0.03
  50     0.0020084667824   -1.0592349907349         0.03
 MICROCYCLE DIIS UPDATE:                   51
  51     0.0000219990302   -1.0609246881177         0.03
  52     0.0000137033378   -1.0609199345891         0.03
  53     0.0000145951933   -1.0609388332292         0.03
  54     0.0000201869518   -1.0609184722599         0.03
  55     0.0000237503844   -1.0609466498041         0.03
 MICROCYCLE DIIS UPDATE:                   56
  56     0.0000014097804   -1.0609325733727         0.03
  57     0.0000016310883   -1.0609319199660         0.03
  58     0.0000025210860   -1.0609309790774         0.03
  59     0.0000035782431   -1.0609339780809         0.03
  60     0.0000045660763   -1.0609287170691         0.03
 MICROCYCLE DIIS UPDATE:                   61
  61     0.0000001119222   -1.0609318852703         0.03
  62     0.0000002189556   -1.0609317985184         0.03
  63     0.0000006587199   -1.0609319891383         0.03
  64     0.0000021403217   -1.0609318066946         0.03
  65     0.0000070202247   -1.0609319366888         0.03
 MICROCYCLE DIIS UPDATE:                   66
  66     0.0000000128851   -1.0609318932611         0.03
  67     0.0000000112083   -1.0609318888412         0.03
  68     0.0000000212049   -1.0609319010011         0.03
  69     0.0000000604537   -1.0609318843182         0.03
  70     0.0000001903960   -1.0609319028627         0.03
 MICROCYCLE DIIS UPDATE:                   71
  71     0.0000000016215   -1.0609318937810         0.03
------------------------------------------------------------------
 Iterations converged
 CCSD correlation energy / hartree =        -1.060931893781041
 CCSD total energy / hartree       =      -109.006809794310414

Time taken for Closed Shell Cholesky CCSD: 2.65 secs

Executing DUCC routine
======================
Number of active occupied alpha = 7
Number of active occupied beta  = 7
Number of active virtual alpha  = 16
Number of active virtual beta   = 16
ducc_lvl = 0

Full SCF Energy: -107.945877900529
Bare SCF Energy: -107.945877898846
Frozen Core Energy: -0.000000001684

DUCC: Time taken to compute Bare Hamiltonian: 0.00 secs
Bare Active Space SCF Energy: -107.945877898846
Fully Contracted Scalar: 0.000000000000

DUCC SCF energy: -107.945877898846
Total Energy Shift: -0.000000001684

DUCC: Total compute time: 0.00 secs

DUCC: Time to write results: 0.12 secs
DUCC Memory Stats
-----------------
allocation count: 606
deallocation count: 605
total memory allocated: 0.080805 GiB
total memory deallocated: 0.080804 GiB
maximum memory in single allocation: 0.008694 GiB
maximum memory consumption: 0.028439 GiB
