
ExaChem Git Information
{
 Branch: main
 Commit Hash: bd25dab [bd25dab8406e69b11ad8def9900a8eea7bb8d543]
 Commit Date: 2025-01-30 14:42:33 -0800
 Commit Message: Fixes ECP handling for multiple atoms

 WARNING: The following ExaChem sources have uncommitted changes at build-time.

 M exachem/cc/ducc/ducc-t_ccsd.cpp

diff --git a/exachem/cc/ducc/ducc-t_ccsd.cpp b/exachem/cc/ducc/ducc-t_ccsd.cpp
index 16950f2..85b1230 100644
--- a/exachem/cc/ducc/ducc-t_ccsd.cpp
+++ b/exachem/cc/ducc/ducc-t_ccsd.cpp
@@ -2036 +2036 @@ void DUCC_T_CCSD_Driver(ChemEnv& chem_env, ExecutionContext& ec, const TiledInde
-  if(rank == 0 && ducc_lvl > 0) {
+  if(rank == 0) {

}


TAMM Git Information
{
 Branch: main
 Commit Hash: 1c9868cf [1c9868cfbfc8bad3586dd21e36f2519cff1fe55a]
 Commit Date: 2024-12-19 12:23:01 -0800
 Commit Message: minor update to print_vector
}


date: Thu Feb  6 15:22:03 2025
program: "/hpc/home/baum612/code/exachem-dev/build/methods_stage/hpc/home/baum612/code/tamm_install/methods/ExaChem"
nnodes: 1, nproc_per_node: 8, nproc_total: 8, 
Memory information
{
[Intel(R) Xeon(R) Platinum 8276M CPU @ 2.20GHz] : 
  CPU memory per node (GiB): 6046
  Total CPU memory (GiB): 6046
}

------------------------------------------------------------

Input file provided: /hpc/home/baum612/TESTS/DUCC-Hamiltonian-Library/N2/cc-pVDZ/AllElectronCCSD-14Elec-23Orbs/1.1_Eq-2.2748au/DUCC3/N2.json

{
  "geometry": {
    "coordinates": [
      "N  0.000000  0.000000  0.000000",
      "N  0.000000  0.000000  2.2748"
    ],
    "units": "bohr"
  },
  "basis": {
    "basisset": "cc-pvdz"
  },
  "common": {
    "file_prefix": "N2",
    "maxiter": 100
  },
  "SCF": {
    "tol_int": 1e-16,
    "tol_lindep": 1e-09,
    "conve": 1e-10,
    "convd": 1e-09,
    "diis_hist": 10,
    "charge": 0,
    "multiplicity": 1,
    "restart": false,
    "scf_type": "restricted",
    "writem": 10
  },
  "CD": {
    "diagtol": 1e-14,
    "max_cvecs": 1000
  },
  "CC": {
    "threshold": 1e-08,
    "ndiis": 5,
    "writet": false,
    "ccsd_maxiter": 100,
    "lshift": 0.1,
    "nactive_oa": 7,
    "nactive_ob": 7,
    "nactive_va": 16,
    "nactive_vb": 16,
    "ducc_lvl": 2
  },
  "TASK": {
    "ducc": true
  }
}

Output folder & files prefix: N2.cc-pvdz

Printing Internal Coordinates

------------------------------------------------------------
                Bond Lengths

i      j        Length (Angstroms)     Length (Bohr)
0      1          1.2037723185         2.2748000000

Number of Angles: 0
Number of Torsional Angles: 0


----------------------------------------------------------------------
                          Center of Mass

         x               y               z              Unit
               0               0    0.6018861593      Angstrom
               0               0          1.1374          Bohr

----------------------------------------------------------------------
                Moment of Inertia Tensor

           36.2309                 0                 0
                 0           36.2309                 0
                 0                 0                 0

----------------------------------------------------------------------
                      Principal Moments of Inertia

           x                 y                 z                Unit
                 0       10.14569888       10.14569888       amu * ang^2
                 0       36.23094847       36.23094847      amu * bohr^2
  0.0000000000e+00  1.6847340853e-39  1.6847340853e-39          g * cm^2

 - Molecule is diatomic.

----------------------------------------------------------------------

         Rotational constants (MHz)

    A = inf        B = 4.9812e+04        C = 4.9812e+04

----------------------------------------------------------------------

        Rotational constants (cm-1)

    A = inf        B = 1.6616e+00        C = 1.6616e+00

----------------------------------------------------------------------

                                Z-Matrix
N   
N        1          2.2748

----------------------------------------------------------------------

             Converted back to Cartesian

N        0.000000      0.000000      0.000000
N        0.000000      0.000000      2.274800

----------------------------------------------------------------------
                       Geometry in bohr 

1     N       0.0000000000    0.0000000000    0.0000000000
2     N       0.0000000000    0.0000000000    2.2748000000
Resetting xc_basis_tol to 1e-10

 Number of nodes, processes per node used for SCF calculation: 1, 8

Common Options
{
 maxiter    = 100
 basis      = cc-pvdz spherical
 geom_units = bohr
 natoms_max = 30
 debug      = false
 file_prefix    = N2
}

SCF Options
{
 charge            = 0
 multiplicity      = 1
 level shift       = 0
 tol_int           = 1e-16
 tol_sch           = 1e-12
 tol_lindep        = 1e-09
 conve             = 1e-10
 convd             = 1e-09
 diis_hist         = 10
 AO_tilesize       = 30
 writem            = 10
 damp              = 100
 n_lindep          = 0
 scf_type          = restricted
 direct_df         = false
 restart_size      = 2000
 restart           = false
 debug             = false
}

Number of basis functions = 28

Total number of shells = 12

Total number of electrons = 14
  # of alpha electrons    = 7
  # of beta electons      = 7

Nuclear repulsion energy  = 21.5403551960612

# of {all,non-negligible} shell-pairs = {78,78}
Number of AO tiles = 12

Time for initial setup: 0.00 secs
HF exch = 1.00

Time for computing 1-e integrals T, V, S: 0.00 secs
Time for computing orthogonalizer: 0.00 secs

Superposition of Atomic Density Guess ...
Time taken for SAD: 0.03 secs
Total Time to compute initial guess: 0.03 secs


 SCF iterations
-----------------------------------------------------------------------------
 Iter     Energy            E-Diff       RMSD        |[F,P]|^2       Time(s)
-----------------------------------------------------------------------------
   1  -108.8738347541    -1.09e+02     5.90e-02     4.11e+01         0.0 
   2  -108.9010738600    -2.72e-02     5.24e-03     1.42e-01         0.0 
   3  -108.9110109968    -9.94e-03     1.88e-03     5.51e-03         0.0 
   4  -108.9117472328    -7.36e-04     7.01e-04     5.14e-04         0.0 
   5  -108.9118060041    -5.88e-05     3.45e-05     2.80e-06         0.0 
   6  -108.9118062987    -2.95e-07     6.78e-06     3.72e-08         0.0 
   7  -108.9118063059    -7.22e-09     1.26e-06     3.99e-10         0.0 
   8  -108.9118063060    -1.01e-10     1.20e-07     5.11e-12         0.0 
   9  -108.9118063060    -1.17e-12     5.05e-09     3.56e-14         0.0 
<DIIS> Singularity in Pulay matrix detected.
  10  -108.9118063060     5.68e-14     8.12e-10     5.55e-16         0.0 

** Total SCF energy = -108.9118063059885

Nuclear repulsion energy = 21.540355196061192
#electrons        = 14
1e energy kinetic = 108.1325802341012121
1e energy N-e     = -298.2605361843504852
1e energy         = -190.1279559502492305
2e energy         = 59.6757944481994684
writing orbitals and density to disk ... done.

Total Time taken for Hartree-Fock: 0.22 secs

CD Options
{
 debug            = false
 skip_cd          = [false,100]
 write_cv         = [false,5000]
 diagtol          = 1e-14
 itilesize        = 1000
 max_cvecs_factor = 1000
}

- #occupied, #virtual = 14, 42

- Tilesize for the MSO space: 40

-----------------------------------------------------
Begin 2-index transformation ... 

nAO, nMO, nelectrons = 28, 56, 14
n_occ_alpha, n_vir_alpha, n_occ_beta, n_vir_beta = 7,21,7,21

Time taken for Fao->Fmo transform: 0.00 secs

-----------------------------------------------------
Number of AO tiles = 12
# of {all,non-negligible} shell-pairs = {78,78}

    Begin Cholesky Decomposition
---------------------------------------------
Total # of mpi ranks used for Cholesky decomposition: 8
  --> Number of nodes, mpi ranks per node: 1, 8
- CPU memory required for computing cholesky vectors: 0.00 GiB

- Time for computing the diagonal: 0.00 secs

- Total number of cholesky vectors = 369

- Time to compute cholesky vectors: 0.18 secs

- CPU memory required for resizing the ao cholesky tensor: 0.01 GiB
- CPU memory required for ao2mo transformation: 0.01 GiB
- CPU memory required for the 2-step contraction: 0.01 GiB

- Time for ao to mo transform: 0.01 secs

   End Cholesky Decomposition
---------------------------------------------

Total Time taken for Cholesky Decomposition: 0.22 secs

scf_type = restricted
Closed-Shell SCF
nbf = 28
nbf_orig = 28
n_lindep = 0
focc = 1
nmo = 56
nocc = 14
nvir = 42
n_occ_alpha = 7
n_vir_alpha = 21
n_occ_beta = 7
n_vir_beta = 21
nelectrons = 14
nelectrons_alpha = 7
nelectrons_beta = 7
n_frozen_core = 0
n_frozen_virtual = 0
----------------------------

Total CPU memory required for Closed Shell Cholesky CCSD calculation: 0.02 GiB


 CCSD iterations
------------------------------------------------------------
  Iter     Residuum          Correlation          Time(s)
------------------------------------------------------------
   1     0.4609531596785    0.0000000000000         0.02
   2     0.0773059481323   -0.3203795740907         0.02
   3     0.0302969170625   -0.3203342948667         0.02
   4     0.0117583284982   -0.3332148669133         0.02
   5     0.0069280921665   -0.3346938104654         0.02
 MICROCYCLE DIIS UPDATE:                    6
   6     0.0022349034342   -0.3373174183163         0.02
   7     0.0010666288744   -0.3372793713901         0.02
   8     0.0006395630512   -0.3373451294738         0.02
   9     0.0004056259904   -0.3373736354898         0.02
  10     0.0002591832116   -0.3374014892609         0.02
 MICROCYCLE DIIS UPDATE:                   11
  11     0.0000147865077   -0.3374622931719         0.02
  12     0.0000065788190   -0.3374599853814         0.02
  13     0.0000026924566   -0.3374619144719         0.02
  14     0.0000014733733   -0.3374620143180         0.02
  15     0.0000007676644   -0.3374622395499         0.02
 MICROCYCLE DIIS UPDATE:                   16
  16     0.0000001590035   -0.3374624367111         0.02
  17     0.0000000782274   -0.3374624330287         0.02
  18     0.0000000474264   -0.3374624433661         0.02
  19     0.0000000302063   -0.3374624463108         0.02
  20     0.0000000192269   -0.3374624489380         0.02
 MICROCYCLE DIIS UPDATE:                   21
  21     0.0000000016063   -0.3374624535280         0.02
------------------------------------------------------------------
 Iterations converged
 CCSD correlation energy / hartree =        -0.337462453527952
 CCSD total energy / hartree       =      -109.249268759516454

Time taken for Closed Shell Cholesky CCSD: 0.54 secs

Executing DUCC routine
======================
Number of active occupied alpha = 7
Number of active occupied beta  = 7
Number of active virtual alpha  = 16
Number of active virtual beta   = 16
ducc_lvl = 2

Full SCF Energy: -108.911806305989
Bare SCF Energy: -108.911806306667
Frozen Core Energy: 0.000000000678

DUCC: Time taken to compute Bare Hamiltonian: 0.00 secs
Bare Active Space SCF Energy: -108.911806306667

DUCC: Time taken to compute single commutator of F and V and double commutator of F: 0.32 secs

DUCC: Time taken to compute double commutator of V and triple commutator of F: 5.32 secs
Fully Contracted Scalar: -0.041029595941

DUCC SCF energy: -108.956509443797
Total Energy Shift: 0.003673541867

DUCC: Total compute time: 5.64 secs

DUCC: Time to write results: 0.09 secs
DUCC Memory Stats
-----------------
allocation count: 3625
deallocation count: 3624
total memory allocated: 4.667524 GiB
total memory deallocated: 4.667523 GiB
maximum memory in single allocation: 0.013458 GiB
maximum memory consumption: 0.887899 GiB
