
ExaChem Git Information
{
 Branch: main
 Commit Hash: bd25dab [bd25dab8406e69b11ad8def9900a8eea7bb8d543]
 Commit Date: 2025-01-30 14:42:33 -0800
 Commit Message: Fixes ECP handling for multiple atoms

 WARNING: The following ExaChem sources have uncommitted changes at build-time.

 M exachem/cc/ducc/ducc-t_ccsd.cpp

diff --git a/exachem/cc/ducc/ducc-t_ccsd.cpp b/exachem/cc/ducc/ducc-t_ccsd.cpp
index 16950f2..d62ffdf 100644
--- a/exachem/cc/ducc/ducc-t_ccsd.cpp
+++ b/exachem/cc/ducc/ducc-t_ccsd.cpp
@@ -1694 +1694 @@ void DUCC_T_CCSD_Driver(ChemEnv& chem_env, ExecutionContext& ec, const TiledInde
-  // const TiledIndexSpace& V  = MO("virt");
+  const TiledIndexSpace& V  = MO("virt");
@@ -1819,0 +1820,14 @@ void DUCC_T_CCSD_Driver(ChemEnv& chem_env, ExecutionContext& ec, const TiledInde
+  // Calculate External contribution to the energy
+  Tensor<T> i1{{O, V}, {1, 1}}; 
+  Tensor<T> ext_e{};
+
+  sch.allocate(i1,ext_e).execute();
+  sch (i1(h1, p1) = f1(h1, p1))
+      (i1(h1, p1) += 0.5 * t1(p2, h2) * v2tensors.v2ijab(h2, h1, p2, p1))
+      (ext_e() = 0)
+      (ext_e() += t1(p1, h1) * i1(h1, p1))
+      (ext_e() += 0.25 * t2(p1, p2, h3, h4) * v2tensors.v2ijab(h3, h4, p1, p2)).execute();
+
+  if(rank == 0) {std::cout << "Energy from external amplitudes = " << get_scalar(ext_e) << std::endl;}
+  sch.deallocate(i1,ext_e).execute();
+
@@ -2036 +2050 @@ void DUCC_T_CCSD_Driver(ChemEnv& chem_env, ExecutionContext& ec, const TiledInde
-  if(rank == 0 && ducc_lvl > 0) {
+  if(rank == 0) {

}


TAMM Git Information
{
 Branch: main
 Commit Hash: 1c9868cf [1c9868cfbfc8bad3586dd21e36f2519cff1fe55a]
 Commit Date: 2024-12-19 12:23:01 -0800
 Commit Message: minor update to print_vector
}


date: Thu Mar 13 11:09:50 2025
program: "/hpc/home/baum612/code/exachem-dev/build/methods_stage/hpc/home/baum612/code/tamm_install/methods/ExaChem"
nnodes: 1, nproc_per_node: 8, nproc_total: 8, 
Memory information
{
[Intel(R) Xeon(R) Platinum 8276M CPU @ 2.20GHz] : 
  CPU memory per node (GiB): 6046
  Total CPU memory (GiB): 6046
}

------------------------------------------------------------

Input file provided: /hpc/home/baum612/TESTS/DUCC-Hamiltonian-Library/N2/cc-pVTZ/2.0_Eq-4.1360au/DUCC2/N2.json

{
  "geometry": {
    "coordinates": [
      "N  0.000000  0.000000  0.000000",
      "N  0.000000  0.000000  4.1360"
    ],
    "units": "bohr"
  },
  "basis": {
    "basisset": "cc-pvtz"
  },
  "common": {
    "file_prefix": "N2",
    "maxiter": 100
  },
  "SCF": {
    "tol_int": 1e-16,
    "tol_lindep": 1e-09,
    "conve": 1e-10,
    "convd": 1e-09,
    "diis_hist": 10,
    "charge": 0,
    "multiplicity": 1,
    "restart": false,
    "scf_type": "restricted",
    "writem": 10
  },
  "CD": {
    "diagtol": 1e-14,
    "max_cvecs": 1000
  },
  "CC": {
    "threshold": 1e-08,
    "ndiis": 5,
    "writet": false,
    "ccsd_maxiter": 100,
    "lshift": 0.1,
    "nactive_oa": 3,
    "nactive_ob": 3,
    "nactive_va": 3,
    "nactive_vb": 3,
    "ducc_lvl": 1
  },
  "TASK": {
    "ducc": true
  }
}

Output folder & files prefix: N2.cc-pvtz

Printing Internal Coordinates

------------------------------------------------------------
                Bond Lengths

i      j        Length (Angstroms)     Length (Bohr)
0      1          2.1886769428         4.1360000000

Number of Angles: 0
Number of Torsional Angles: 0


----------------------------------------------------------------------
                          Center of Mass

         x               y               z              Unit
               0               0     1.094338471      Angstrom
               0               0           2.068          Bohr

----------------------------------------------------------------------
                Moment of Inertia Tensor

           119.772                 0                 0
                 0           119.772                 0
                 0                 0                 0

----------------------------------------------------------------------
                      Principal Moments of Inertia

           x                 y                 z                Unit
                 0       33.53950044       33.53950044       amu * ang^2
                 0       119.7717305       119.7717305      amu * bohr^2
  0.0000000000e+00  5.5693688770e-39  5.5693688770e-39          g * cm^2

 - Molecule is diatomic.

----------------------------------------------------------------------

         Rotational constants (MHz)

    A = inf        B = 1.5068e+04        C = 1.5068e+04

----------------------------------------------------------------------

        Rotational constants (cm-1)

    A = inf        B = 5.0262e-01        C = 5.0262e-01

----------------------------------------------------------------------

                                Z-Matrix
N   
N        1           4.136

----------------------------------------------------------------------

             Converted back to Cartesian

N        0.000000      0.000000      0.000000
N        0.000000      0.000000      4.136000

----------------------------------------------------------------------
                       Geometry in bohr 

1     N       0.0000000000    0.0000000000    0.0000000000
2     N       0.0000000000    0.0000000000    4.1360000000
Resetting xc_basis_tol to 1e-10

 Number of nodes, processes per node used for SCF calculation: 1, 8

Common Options
{
 maxiter    = 100
 basis      = cc-pvtz spherical
 geom_units = bohr
 natoms_max = 30
 debug      = false
 file_prefix    = N2
}

SCF Options
{
 charge            = 0
 multiplicity      = 1
 level shift       = 0
 tol_int           = 1e-16
 tol_sch           = 1e-12
 tol_lindep        = 1e-09
 conve             = 1e-10
 convd             = 1e-09
 diis_hist         = 10
 AO_tilesize       = 30
 writem            = 10
 damp              = 100
 n_lindep          = 0
 scf_type          = restricted
 direct_df         = false
 restart_size      = 2000
 restart           = false
 debug             = false
}

Number of basis functions = 60

Total number of shells = 20

Total number of electrons = 14
  # of alpha electrons    = 7
  # of beta electons      = 7

Nuclear repulsion energy  = 11.8471953578337

# of {all,non-negligible} shell-pairs = {210,210}
Number of AO tiles = 20

Time for initial setup: 0.00 secs
HF exch = 1.00

Time for computing 1-e integrals T, V, S: 0.00 secs
Time for computing orthogonalizer: 0.00 secs

Superposition of Atomic Density Guess ...
Time taken for SAD: 0.06 secs
Total Time to compute initial guess: 0.06 secs


 SCF iterations
-----------------------------------------------------------------------------
 Iter     Energy            E-Diff       RMSD        |[F,P]|^2       Time(s)
-----------------------------------------------------------------------------
   1  -107.7703649554    -1.08e+02     1.88e-02     9.08e-01         0.0 
   2  -108.2591809258    -4.89e-01     1.69e-03     6.26e-02         0.0 
   3  -108.2642577486    -5.08e-03     5.32e-04     8.63e-03         0.0 
   4  -108.2650008963    -7.43e-04     3.27e-04     1.48e-03         0.0 
   5  -108.2651414793    -1.41e-04     1.25e-05     4.95e-06         0.0 
   6  -108.2651417362    -2.57e-07     2.97e-06     2.13e-07         0.0 
   7  -108.2651417491    -1.28e-08     2.70e-07     1.00e-09         0.0 
   8  -108.2651417491    -8.93e-11     2.92e-08     5.65e-12         0.0 
   9  -108.2651417491    -6.54e-13     2.82e-09     4.96e-14         0.0 
  10  -108.2651417491     0.00e+00     4.05e-10     6.42e-16         0.0 

** Total SCF energy = -108.2651417491405

Nuclear repulsion energy = 11.847195357833655
#electrons        = 14
1e energy kinetic = 107.3546923474997072
1e energy N-e     = -277.6131074273984041
1e energy         = -170.2584150798986400
2e energy         = 50.1460779729244877
writing orbitals and density to disk ... done.

Total Time taken for Hartree-Fock: 0.45 secs

CD Options
{
 debug            = false
 skip_cd          = [false,100]
 write_cv         = [false,5000]
 diagtol          = 1e-14
 itilesize        = 1000
 max_cvecs_factor = 1000
}

- #occupied, #virtual = 14, 106

- Tilesize for the MSO space: 40

-----------------------------------------------------
Begin 2-index transformation ... 

nAO, nMO, nelectrons = 60, 120, 14
n_occ_alpha, n_vir_alpha, n_occ_beta, n_vir_beta = 7,53,7,53

Time taken for Fao->Fmo transform: 0.00 secs

-----------------------------------------------------
Number of AO tiles = 20
# of {all,non-negligible} shell-pairs = {210,210}

    Begin Cholesky Decomposition
---------------------------------------------
Total # of mpi ranks used for Cholesky decomposition: 8
  --> Number of nodes, mpi ranks per node: 1, 8
- CPU memory required for computing cholesky vectors: 0.05 GiB

- Time for computing the diagonal: 0.00 secs

- Total number of cholesky vectors = 1123

- Time to compute cholesky vectors: 1.25 secs

- CPU memory required for resizing the ao cholesky tensor: 0.08 GiB
- CPU memory required for ao2mo transformation: 0.09 GiB
- CPU memory required for the 2-step contraction: 0.12 GiB

- Time for ao to mo transform: 0.20 secs

   End Cholesky Decomposition
---------------------------------------------

Total Time taken for Cholesky Decomposition: 1.52 secs

scf_type = restricted
Closed-Shell SCF
nbf = 60
nbf_orig = 60
n_lindep = 0
focc = 1
nmo = 120
nocc = 14
nvir = 106
n_occ_alpha = 7
n_vir_alpha = 53
n_occ_beta = 7
n_vir_beta = 53
nelectrons = 14
nelectrons_alpha = 7
nelectrons_beta = 7
n_frozen_core = 0
n_frozen_virtual = 0
----------------------------

Total CPU memory required for Closed Shell Cholesky CCSD calculation: 0.20 GiB


 CCSD iterations
------------------------------------------------------------
  Iter     Residuum          Correlation          Time(s)
------------------------------------------------------------
   1     0.6797491169314    0.0000000000000         0.80
   2     0.3175530840312   -0.8814699193822         0.69
   3     0.3871490551309   -0.2685564619877         0.67
   4     0.4014329249713   -1.0015933626249         0.67
   5     0.4778560344621   -0.2167352684945         0.67
 MICROCYCLE DIIS UPDATE:                    6
   6     0.0327540215480   -0.6385065568632         0.67
   7     0.0451501244262   -0.5966130331576         0.68
   8     0.0311229492938   -0.6586197252233         0.67
   9     0.0496379524392   -0.6032054476560         0.67
  10     0.0377231474526   -0.6796676199302         0.68
 MICROCYCLE DIIS UPDATE:                   11
  11     0.0121158742933   -0.6778322065697         0.67
  12     0.0062254835388   -0.6870372792074         0.67
  13     0.0100710533712   -0.6798472605735         0.67
  14     0.0056865849514   -0.6919996245923         0.67
  15     0.0100243413761   -0.6826599852901         0.67
 MICROCYCLE DIIS UPDATE:                   16
  16     0.0025349565731   -0.6964331084896         0.67
  17     0.0034982173679   -0.6948418050950         0.67
  18     0.0018921902747   -0.6989164642053         0.67
  19     0.0032314667763   -0.6962687975280         0.67
  20     0.0019689059771   -0.7006096377250         0.67
 MICROCYCLE DIIS UPDATE:                   21
  21     0.0005569134873   -0.7018527046657         0.67
  22     0.0006025536730   -0.7015678408231         0.67
  23     0.0003194770156   -0.7021889284066         0.68
  24     0.0005481437705   -0.7017720826519         0.67
  25     0.0003118557399   -0.7024562604976         0.66
 MICROCYCLE DIIS UPDATE:                   26
  26     0.0001401166558   -0.7026707864345         0.66
  27     0.0001502822832   -0.7026177104286         0.67
  28     0.0000799754268   -0.7027825864276         0.66
  29     0.0001312457635   -0.7026853008796         0.66
  30     0.0000762902517   -0.7028553487558         0.67
 MICROCYCLE DIIS UPDATE:                   31
  31     0.0000288624102   -0.7029023675957         0.67
  32     0.0000296265120   -0.7028905136648         0.66
  33     0.0000166928642   -0.7029153846485         0.66
  34     0.0000245393399   -0.7029027556978         0.66
  35     0.0000131107210   -0.7029287824495         0.66
 MICROCYCLE DIIS UPDATE:                   36
  36     0.0000038123516   -0.7029573876145         0.67
  37     0.0000033165863   -0.7029555395255         0.66
  38     0.0000017421366   -0.7029594527086         0.66
  39     0.0000029958281   -0.7029568413748         0.66
  40     0.0000018612766   -0.7029609159730         0.66
 MICROCYCLE DIIS UPDATE:                   41
  41     0.0000005534404   -0.7029617629705         0.67
  42     0.0000005158534   -0.7029615228401         0.66
  43     0.0000002925807   -0.7029619979519         0.67
  44     0.0000004492358   -0.7029617204529         0.66
  45     0.0000002634186   -0.7029622295654         0.66
 MICROCYCLE DIIS UPDATE:                   46
  46     0.0000001698349   -0.7029623276999         0.66
  47     0.0000002115162   -0.7029622859870         0.66
  48     0.0000002045263   -0.7029624630921         0.66
  49     0.0000003524453   -0.7029623860259         0.66
  50     0.0000005696389   -0.7029625610442         0.67
 MICROCYCLE DIIS UPDATE:                   51
  51     0.0000000474896   -0.7029626720737         0.67
  52     0.0000000385372   -0.7029626618662         0.66
  53     0.0000000243666   -0.7029626885841         0.66
  54     0.0000000311774   -0.7029626781506         0.66
  55     0.0000000206278   -0.7029627065478         0.66
 MICROCYCLE DIIS UPDATE:                   56
  56     0.0000000159570   -0.7029627161654         0.66
  57     0.0000000179050   -0.7029627160975         0.66
  58     0.0000000187047   -0.7029627283240         0.66
  59     0.0000000313390   -0.7029627256251         0.66
  60     0.0000000519508   -0.7029627371297         0.66
 MICROCYCLE DIIS UPDATE:                   61
  61     0.0000000043304   -0.7029627512020         0.66
------------------------------------------------------------------
 Iterations converged
 CCSD correlation energy / hartree =        -0.702962751201984
 CCSD total energy / hartree       =      -108.968104500342491

Time taken for Closed Shell Cholesky CCSD: 41.28 secs

Executing DUCC routine
======================
Number of active occupied alpha = 3
Number of active occupied beta  = 3
Number of active virtual alpha  = 3
Number of active virtual beta   = 3
ducc_lvl = 1

Full SCF Energy: -108.265141749141
Bare SCF Energy: -108.265141754260
Frozen Core Energy: 0.000000005119
Energy from external amplitudes = -0.302618745181

DUCC: Time taken to compute Bare Hamiltonian: 0.00 secs
Bare Active Space SCF Energy: 3.249080561395

DUCC: Time taken to compute single commutator of F and V and double commutator of F: 0.30 secs
Fully Contracted Scalar: -0.220276808481

DUCC SCF energy: 3.085067696385
Total Energy Shift: -111.570486254006

DUCC: Total compute time: 0.30 secs

DUCC: Time to write results: 0.01 secs
DUCC Memory Stats
-----------------
allocation count: 905
deallocation count: 904
total memory allocated: 0.843596 GiB
total memory deallocated: 0.843595 GiB
maximum memory in single allocation: 0.352732 GiB
maximum memory consumption: 0.480028 GiB
