
ExaChem Git Information
{
 Branch: main
 Commit Hash: bd25dab [bd25dab8406e69b11ad8def9900a8eea7bb8d543]
 Commit Date: 2025-01-30 14:42:33 -0800
 Commit Message: Fixes ECP handling for multiple atoms

 WARNING: The following ExaChem sources have uncommitted changes at build-time.

 M exachem/cc/ducc/ducc-t_ccsd.cpp

diff --git a/exachem/cc/ducc/ducc-t_ccsd.cpp b/exachem/cc/ducc/ducc-t_ccsd.cpp
index 16950f2..85b1230 100644
--- a/exachem/cc/ducc/ducc-t_ccsd.cpp
+++ b/exachem/cc/ducc/ducc-t_ccsd.cpp
@@ -2036 +2036 @@ void DUCC_T_CCSD_Driver(ChemEnv& chem_env, ExecutionContext& ec, const TiledInde
-  if(rank == 0 && ducc_lvl > 0) {
+  if(rank == 0) {

}


TAMM Git Information
{
 Branch: main
 Commit Hash: 1c9868cf [1c9868cfbfc8bad3586dd21e36f2519cff1fe55a]
 Commit Date: 2024-12-19 12:23:01 -0800
 Commit Message: minor update to print_vector
}


date: Thu Feb  6 15:19:40 2025
program: "/hpc/home/baum612/code/exachem-dev/build/methods_stage/hpc/home/baum612/code/tamm_install/methods/ExaChem"
nnodes: 1, nproc_per_node: 8, nproc_total: 8, 
Memory information
{
[Intel(R) Xeon(R) Platinum 8276M CPU @ 2.20GHz] : 
  CPU memory per node (GiB): 6046
  Total CPU memory (GiB): 6046
}

------------------------------------------------------------

Input file provided: /hpc/home/baum612/TESTS/DUCC-Hamiltonian-Library/N2/cc-pVDZ/AllElectronCCSD-14Elec-23Orbs/1.2_Eq-2.4816au/DUCC2/N2.json

{
  "geometry": {
    "coordinates": [
      "N  0.000000  0.000000  0.000000",
      "N  0.000000  0.000000  2.4816"
    ],
    "units": "bohr"
  },
  "basis": {
    "basisset": "cc-pvdz"
  },
  "common": {
    "file_prefix": "N2",
    "maxiter": 100
  },
  "SCF": {
    "tol_int": 1e-16,
    "tol_lindep": 1e-09,
    "conve": 1e-10,
    "convd": 1e-09,
    "diis_hist": 10,
    "charge": 0,
    "multiplicity": 1,
    "restart": false,
    "scf_type": "restricted",
    "writem": 10
  },
  "CD": {
    "diagtol": 1e-14,
    "max_cvecs": 1000
  },
  "CC": {
    "threshold": 1e-08,
    "ndiis": 5,
    "writet": false,
    "ccsd_maxiter": 100,
    "lshift": 0.1,
    "nactive_oa": 7,
    "nactive_ob": 7,
    "nactive_va": 16,
    "nactive_vb": 16,
    "ducc_lvl": 1
  },
  "TASK": {
    "ducc": true
  }
}

Output folder & files prefix: N2.cc-pvdz

Printing Internal Coordinates

------------------------------------------------------------
                Bond Lengths

i      j        Length (Angstroms)     Length (Bohr)
0      1          1.3132061657         2.4816000000

Number of Angles: 0
Number of Torsional Angles: 0


----------------------------------------------------------------------
                          Center of Mass

         x               y               z              Unit
               0               0    0.6566030828      Angstrom
               0               0          1.2408          Bohr

----------------------------------------------------------------------
                Moment of Inertia Tensor

           43.1178                 0                 0
                 0           43.1178                 0
                 0                 0                 0

----------------------------------------------------------------------
                      Principal Moments of Inertia

           x                 y                 z                Unit
                 0       12.07422016       12.07422016       amu * ang^2
                 0       43.11782297       43.11782297      amu * bohr^2
  0.0000000000e+00  2.0049727957e-39  2.0049727957e-39          g * cm^2

 - Molecule is diatomic.

----------------------------------------------------------------------

         Rotational constants (MHz)

    A = inf        B = 4.1856e+04        C = 4.1856e+04

----------------------------------------------------------------------

        Rotational constants (cm-1)

    A = inf        B = 1.3962e+00        C = 1.3962e+00

----------------------------------------------------------------------

                                Z-Matrix
N   
N        1          2.4816

----------------------------------------------------------------------

             Converted back to Cartesian

N        0.000000      0.000000      0.000000
N        0.000000      0.000000      2.481600

----------------------------------------------------------------------
                       Geometry in bohr 

1     N       0.0000000000    0.0000000000    0.0000000000
2     N       0.0000000000    0.0000000000    2.4816000000
Resetting xc_basis_tol to 1e-10

 Number of nodes, processes per node used for SCF calculation: 1, 8

Common Options
{
 maxiter    = 100
 basis      = cc-pvdz spherical
 geom_units = bohr
 natoms_max = 30
 debug      = false
 file_prefix    = N2
}

SCF Options
{
 charge            = 0
 multiplicity      = 1
 level shift       = 0
 tol_int           = 1e-16
 tol_sch           = 1e-12
 tol_lindep        = 1e-09
 conve             = 1e-10
 convd             = 1e-09
 diis_hist         = 10
 AO_tilesize       = 30
 writem            = 10
 damp              = 100
 n_lindep          = 0
 scf_type          = restricted
 direct_df         = false
 restart_size      = 2000
 restart           = false
 debug             = false
}

Number of basis functions = 28

Total number of shells = 12

Total number of electrons = 14
  # of alpha electrons    = 7
  # of beta electons      = 7

Nuclear repulsion energy  = 19.7453255963894

# of {all,non-negligible} shell-pairs = {78,78}
Number of AO tiles = 12

Time for initial setup: 0.00 secs
HF exch = 1.00

Time for computing 1-e integrals T, V, S: 0.00 secs
Time for computing orthogonalizer: 0.00 secs

Superposition of Atomic Density Guess ...
Time taken for SAD: 0.04 secs
Total Time to compute initial guess: 0.04 secs


 SCF iterations
-----------------------------------------------------------------------------
 Iter     Energy            E-Diff       RMSD        |[F,P]|^2       Time(s)
-----------------------------------------------------------------------------
   1  -108.5911582380    -1.09e+02     5.69e-02     2.40e+01         0.0 
   2  -108.8220805473    -2.31e-01     5.22e-03     1.49e-01         0.0 
   3  -108.8324755656    -1.04e-02     1.84e-03     5.97e-03         0.0 
   4  -108.8333484582    -8.73e-04     8.02e-04     7.51e-04         0.0 
   5  -108.8334426370    -9.42e-05     3.66e-05     2.61e-06         0.0 
   6  -108.8334429702    -3.33e-07     5.84e-06     3.09e-08         0.0 
   7  -108.8334429758    -5.54e-09     8.49e-07     3.87e-10         0.0 
   8  -108.8334429758    -7.55e-11     7.07e-08     2.97e-12         0.0 
   9  -108.8334429758    -5.97e-13     4.40e-09     1.83e-14         0.0 
<DIIS> Singularity in Pulay matrix detected.
  10  -108.8334429758     5.68e-14     5.05e-10     2.58e-16         0.0 

** Total SCF energy = -108.8334429758483

Nuclear repulsion energy = 19.745325596389428
#electrons        = 14
1e energy kinetic = 107.7444894797136783
1e energy N-e     = -294.2546793534858693
1e energy         = -186.5101898737721626
2e energy         = 57.9314213015344350
writing orbitals and density to disk ... done.

Total Time taken for Hartree-Fock: 0.25 secs

CD Options
{
 debug            = false
 skip_cd          = [false,100]
 write_cv         = [false,5000]
 diagtol          = 1e-14
 itilesize        = 1000
 max_cvecs_factor = 1000
}

- #occupied, #virtual = 14, 42

- Tilesize for the MSO space: 40

-----------------------------------------------------
Begin 2-index transformation ... 

nAO, nMO, nelectrons = 28, 56, 14
n_occ_alpha, n_vir_alpha, n_occ_beta, n_vir_beta = 7,21,7,21

Time taken for Fao->Fmo transform: 0.00 secs

-----------------------------------------------------
Number of AO tiles = 12
# of {all,non-negligible} shell-pairs = {78,78}

    Begin Cholesky Decomposition
---------------------------------------------
Total # of mpi ranks used for Cholesky decomposition: 8
  --> Number of nodes, mpi ranks per node: 1, 8
- CPU memory required for computing cholesky vectors: 0.00 GiB

- Time for computing the diagonal: 0.01 secs

- Total number of cholesky vectors = 369

- Time to compute cholesky vectors: 0.19 secs

- CPU memory required for resizing the ao cholesky tensor: 0.01 GiB
- CPU memory required for ao2mo transformation: 0.01 GiB
- CPU memory required for the 2-step contraction: 0.01 GiB

- Time for ao to mo transform: 0.01 secs

   End Cholesky Decomposition
---------------------------------------------

Total Time taken for Cholesky Decomposition: 0.23 secs

scf_type = restricted
Closed-Shell SCF
nbf = 28
nbf_orig = 28
n_lindep = 0
focc = 1
nmo = 56
nocc = 14
nvir = 42
n_occ_alpha = 7
n_vir_alpha = 21
n_occ_beta = 7
n_vir_beta = 21
nelectrons = 14
nelectrons_alpha = 7
nelectrons_beta = 7
n_frozen_core = 0
n_frozen_virtual = 0
----------------------------

Total CPU memory required for Closed Shell Cholesky CCSD calculation: 0.02 GiB


 CCSD iterations
------------------------------------------------------------
  Iter     Residuum          Correlation          Time(s)
------------------------------------------------------------
   1     0.4617299463704    0.0000000000000         0.02
   2     0.0849967910448   -0.3562505120145         0.02
   3     0.0367629222320   -0.3398536115506         0.02
   4     0.0132597298926   -0.3598981435883         0.02
   5     0.0090160917408   -0.3597792998737         0.02
 MICROCYCLE DIIS UPDATE:                    6
   6     0.0033134148593   -0.3639808057689         0.02
   7     0.0017310979599   -0.3638431584214         0.02
   8     0.0010952227982   -0.3640182027483         0.02
   9     0.0007449665670   -0.3640735279337         0.02
  10     0.0005055310165   -0.3641426338239         0.02
 MICROCYCLE DIIS UPDATE:                   11
  11     0.0000405721447   -0.3643008247872         0.02
  12     0.0000191297451   -0.3642955833932         0.02
  13     0.0000076498000   -0.3643026907904         0.02
  14     0.0000045938858   -0.3643026219076         0.02
  15     0.0000024557737   -0.3643035957328         0.02
 MICROCYCLE DIIS UPDATE:                   16
  16     0.0000006492350   -0.3643043744912         0.02
  17     0.0000003725181   -0.3643043024912         0.02
  18     0.0000002343108   -0.3643043758169         0.02
  19     0.0000001613509   -0.3643043893224         0.02
  20     0.0000001088883   -0.3643044081336         0.02
 MICROCYCLE DIIS UPDATE:                   21
  21     0.0000000109539   -0.3643044428520         0.02
  22     0.0000000047671   -0.3643044423247         0.02
------------------------------------------------------------------
 Iterations converged
 CCSD correlation energy / hartree =        -0.364304442324724
 CCSD total energy / hartree       =      -109.197747418173023

Time taken for Closed Shell Cholesky CCSD: 0.56 secs

Executing DUCC routine
======================
Number of active occupied alpha = 7
Number of active occupied beta  = 7
Number of active virtual alpha  = 16
Number of active virtual beta   = 16
ducc_lvl = 1

Full SCF Energy: -108.833442975848
Bare SCF Energy: -108.833442977328
Frozen Core Energy: 0.000000001480

DUCC: Time taken to compute Bare Hamiltonian: 0.00 secs
Bare Active Space SCF Energy: -108.833442977328

DUCC: Time taken to compute single commutator of F and V and double commutator of F: 0.31 secs
Fully Contracted Scalar: -0.033548465345

DUCC SCF energy: -108.866991442674
Total Energy Shift: 0.000000001480

DUCC: Total compute time: 0.31 secs

DUCC: Time to write results: 0.08 secs
DUCC Memory Stats
-----------------
allocation count: 663
deallocation count: 662
total memory allocated: 0.558731 GiB
total memory deallocated: 0.558730 GiB
maximum memory in single allocation: 0.008694 GiB
maximum memory consumption: 0.166776 GiB
