
ExaChem Git Information
{
 Branch: main
 Commit Hash: bd25dab [bd25dab8406e69b11ad8def9900a8eea7bb8d543]
 Commit Date: 2025-01-30 14:42:33 -0800
 Commit Message: Fixes ECP handling for multiple atoms

 WARNING: The following ExaChem sources have uncommitted changes at build-time.

 M exachem/cc/ducc/ducc-t_ccsd.cpp

diff --git a/exachem/cc/ducc/ducc-t_ccsd.cpp b/exachem/cc/ducc/ducc-t_ccsd.cpp
index 16950f2..85b1230 100644
--- a/exachem/cc/ducc/ducc-t_ccsd.cpp
+++ b/exachem/cc/ducc/ducc-t_ccsd.cpp
@@ -2036 +2036 @@ void DUCC_T_CCSD_Driver(ChemEnv& chem_env, ExecutionContext& ec, const TiledInde
-  if(rank == 0 && ducc_lvl > 0) {
+  if(rank == 0) {

}


TAMM Git Information
{
 Branch: main
 Commit Hash: 1c9868cf [1c9868cfbfc8bad3586dd21e36f2519cff1fe55a]
 Commit Date: 2024-12-19 12:23:01 -0800
 Commit Message: minor update to print_vector
}


date: Thu Feb  6 14:56:22 2025
program: "/hpc/home/baum612/code/exachem-dev/build/methods_stage/hpc/home/baum612/code/tamm_install/methods/ExaChem"
nnodes: 1, nproc_per_node: 8, nproc_total: 8, 
Memory information
{
[Intel(R) Xeon(R) Platinum 8276M CPU @ 2.20GHz] : 
  CPU memory per node (GiB): 6046
  Total CPU memory (GiB): 6046
}

------------------------------------------------------------

Input file provided: /hpc/home/baum612/TESTS/DUCC-Hamiltonian-Library/N2/cc-pVDZ/AllElectronCCSD-14Elec-13Orbs/2.1_Eq-4.3428au/Bare/N2.json

{
  "geometry": {
    "coordinates": [
      "N  0.000000  0.000000  0.000000",
      "N  0.000000  0.000000  4.3428"
    ],
    "units": "bohr"
  },
  "basis": {
    "basisset": "cc-pvdz"
  },
  "common": {
    "file_prefix": "N2",
    "maxiter": 100
  },
  "SCF": {
    "tol_int": 1e-16,
    "tol_lindep": 1e-09,
    "conve": 1e-10,
    "convd": 1e-09,
    "diis_hist": 10,
    "charge": 0,
    "multiplicity": 1,
    "restart": false,
    "scf_type": "restricted",
    "writem": 10
  },
  "CD": {
    "diagtol": 1e-14,
    "max_cvecs": 1000
  },
  "CC": {
    "threshold": 1e-08,
    "ndiis": 5,
    "writet": false,
    "ccsd_maxiter": 100,
    "lshift": 0.1,
    "nactive_oa": 7,
    "nactive_ob": 7,
    "nactive_va": 6,
    "nactive_vb": 6,
    "ducc_lvl": 0
  },
  "TASK": {
    "ducc": true
  }
}

Output folder & files prefix: N2.cc-pvdz

Printing Internal Coordinates

------------------------------------------------------------
                Bond Lengths

i      j        Length (Angstroms)     Length (Bohr)
0      1          2.2981107900         4.3428000000

Number of Angles: 0
Number of Torsional Angles: 0


----------------------------------------------------------------------
                          Center of Mass

         x               y               z              Unit
               0               0     1.149055395      Angstrom
               0               0          2.1714          Bohr

----------------------------------------------------------------------
                Moment of Inertia Tensor

           132.048                 0                 0
                 0           132.048                 0
                 0                 0                 0

----------------------------------------------------------------------
                      Principal Moments of Inertia

           x                 y                 z                Unit
                 0       36.97729924       36.97729924       amu * ang^2
                 0       132.0483328       132.0483328      amu * bohr^2
  0.0000000000e+00  6.1402291869e-39  6.1402291869e-39          g * cm^2

 - Molecule is diatomic.

----------------------------------------------------------------------

         Rotational constants (MHz)

    A = inf        B = 1.3667e+04        C = 1.3667e+04

----------------------------------------------------------------------

        Rotational constants (cm-1)

    A = inf        B = 4.5589e-01        C = 4.5589e-01

----------------------------------------------------------------------

                                Z-Matrix
N   
N        1          4.3428

----------------------------------------------------------------------

             Converted back to Cartesian

N        0.000000      0.000000      0.000000
N        0.000000      0.000000      4.342800

----------------------------------------------------------------------
                       Geometry in bohr 

1     N       0.0000000000    0.0000000000    0.0000000000
2     N       0.0000000000    0.0000000000    4.3428000000
Resetting xc_basis_tol to 1e-10

 Number of nodes, processes per node used for SCF calculation: 1, 8

Common Options
{
 maxiter    = 100
 basis      = cc-pvdz spherical
 geom_units = bohr
 natoms_max = 30
 debug      = false
 file_prefix    = N2
}

SCF Options
{
 charge            = 0
 multiplicity      = 1
 level shift       = 0
 tol_int           = 1e-16
 tol_sch           = 1e-12
 tol_lindep        = 1e-09
 conve             = 1e-10
 convd             = 1e-09
 diis_hist         = 10
 AO_tilesize       = 30
 writem            = 10
 damp              = 100
 n_lindep          = 0
 scf_type          = restricted
 direct_df         = false
 restart_size      = 2000
 restart           = false
 debug             = false
}

Number of basis functions = 28

Total number of shells = 12

Total number of electrons = 14
  # of alpha electrons    = 7
  # of beta electons      = 7

Nuclear repulsion energy  = 11.2830431979368

# of {all,non-negligible} shell-pairs = {78,78}
Number of AO tiles = 12

Time for initial setup: 0.00 secs
HF exch = 1.00

Time for computing 1-e integrals T, V, S: 0.00 secs
Time for computing orthogonalizer: 0.00 secs

Superposition of Atomic Density Guess ...
Time taken for SAD: 0.04 secs
Total Time to compute initial guess: 0.04 secs


 SCF iterations
-----------------------------------------------------------------------------
 Iter     Energy            E-Diff       RMSD        |[F,P]|^2       Time(s)
-----------------------------------------------------------------------------
   1  -107.7034573118    -1.08e+02     5.38e-02     1.45e-01         0.0 
   2  -108.1874029574    -4.84e-01     3.37e-03     2.45e-02         0.0 
   3  -108.1910172217    -3.61e-03     1.48e-03     4.11e-03         0.0 
   4  -108.1916840232    -6.67e-04     5.99e-04     3.61e-04         0.0 
   5  -108.1917505111    -6.65e-05     2.25e-05     7.36e-07         0.0 
   6  -108.1917506097    -9.86e-08     5.39e-06     2.59e-08         0.0 
   7  -108.1917506138    -4.12e-09     3.89e-07     2.14e-10         0.0 
   8  -108.1917506139    -3.52e-11     3.92e-08     8.07e-13         0.0 
   9  -108.1917506139    -2.56e-13     2.57e-09     9.44e-15         0.0 
  10  -108.1917506139     8.53e-14     1.50e-09     1.92e-14         0.0 
<DIIS> Singularity in Pulay matrix detected.
  11  -108.1917506139     0.00e+00     5.44e-10     2.71e-15         0.0 

** Total SCF energy = -108.1917506138751

Nuclear repulsion energy = 11.283043197936815
#electrons        = 14
1e energy kinetic = 107.1774032963738250
1e energy N-e     = -276.3670641558049397
1e energy         = -169.1896608594310862
2e energy         = 49.7148670476191157
writing orbitals and density to disk ... done.

Total Time taken for Hartree-Fock: 0.26 secs

CD Options
{
 debug            = false
 skip_cd          = [false,100]
 write_cv         = [false,5000]
 diagtol          = 1e-14
 itilesize        = 1000
 max_cvecs_factor = 1000
}

- #occupied, #virtual = 14, 42

- Tilesize for the MSO space: 40

-----------------------------------------------------
Begin 2-index transformation ... 

nAO, nMO, nelectrons = 28, 56, 14
n_occ_alpha, n_vir_alpha, n_occ_beta, n_vir_beta = 7,21,7,21

Time taken for Fao->Fmo transform: 0.00 secs

-----------------------------------------------------
Number of AO tiles = 12
# of {all,non-negligible} shell-pairs = {78,78}

    Begin Cholesky Decomposition
---------------------------------------------
Total # of mpi ranks used for Cholesky decomposition: 8
  --> Number of nodes, mpi ranks per node: 1, 8
- CPU memory required for computing cholesky vectors: 0.00 GiB

- Time for computing the diagonal: 0.00 secs

- Total number of cholesky vectors = 784

- Time to compute cholesky vectors: 0.47 secs

- CPU memory required for resizing the ao cholesky tensor: 0.01 GiB
- CPU memory required for ao2mo transformation: 0.01 GiB
- CPU memory required for the 2-step contraction: 0.02 GiB

- Time for ao to mo transform: 0.03 secs

   End Cholesky Decomposition
---------------------------------------------

Total Time taken for Cholesky Decomposition: 0.53 secs

scf_type = restricted
Closed-Shell SCF
nbf = 28
nbf_orig = 28
n_lindep = 0
focc = 1
nmo = 56
nocc = 14
nvir = 42
n_occ_alpha = 7
n_vir_alpha = 21
n_occ_beta = 7
n_vir_beta = 21
nelectrons = 14
nelectrons_alpha = 7
nelectrons_beta = 7
n_frozen_core = 0
n_frozen_virtual = 0
----------------------------

Total CPU memory required for Closed Shell Cholesky CCSD calculation: 0.03 GiB


 CCSD iterations
------------------------------------------------------------
  Iter     Residuum          Correlation          Time(s)
------------------------------------------------------------
   1     0.4974123029869    0.0000000000000         0.04
   2     0.3371441592507   -0.8934152282498         0.04
   3     0.4511257176529   -0.1387760972272         0.04
   4     0.4994559968967   -1.1073835081223         0.04
   5     0.6382921108655   -0.0013016291653         0.04
 MICROCYCLE DIIS UPDATE:                    6
   6     0.0446750113689   -0.6139514078041         0.04
   7     0.0761178825518   -0.5308845341880         0.04
   8     0.0565852944527   -0.6581616277569         0.03
   9     0.0999721611963   -0.5308654106091         0.03
  10     0.0852271629723   -0.7103975427267         0.03
 MICROCYCLE DIIS UPDATE:                   11
  11     0.0235849081010   -0.6762413140388         0.03
  12     0.0156022696740   -0.6909680460331         0.03
  13     0.0207441616221   -0.6877704248445         0.03
  14     0.0107047119222   -0.7088132670642         0.03
  15     0.0188661210284   -0.7006897828659         0.03
 MICROCYCLE DIIS UPDATE:                   16
  16     0.0050311831575   -0.7523159548077         0.03
  17     0.0060731212737   -0.7590138044794         0.03
  18     0.0031372698127   -0.7511174390696         0.03
  19     0.0046712102045   -0.7565194444520         0.04
  20     0.0028254367518   -0.7496923101395         0.04
 MICROCYCLE DIIS UPDATE:                   21
  21     0.0006566113620   -0.7509807314178         0.04
  22     0.0013053751520   -0.7516977978873         0.04
  23     0.0005496176611   -0.7500729244637         0.04
  24     0.0010264959492   -0.7509098347657         0.04
  25     0.0005086048684   -0.7495095402090         0.04
 MICROCYCLE DIIS UPDATE:                   26
  26     0.0000559856231   -0.7489965446202         0.04
  27     0.0000294633949   -0.7490102328678         0.04
  28     0.0000194492564   -0.7489894469318         0.05
  29     0.0000197573552   -0.7490098438025         0.03
  30     0.0000131122236   -0.7489847581303         0.03
 MICROCYCLE DIIS UPDATE:                   31
  31     0.0000038351845   -0.7489918223560         0.03
  32     0.0000044358009   -0.7489932043630         0.03
  33     0.0000019273765   -0.7489883183846         0.03
  34     0.0000032370427   -0.7489903280245         0.03
  35     0.0000014763760   -0.7489861935678         0.03
 MICROCYCLE DIIS UPDATE:                   36
  36     0.0000003469044   -0.7489844909592         0.03
  37     0.0000003344472   -0.7489846887923         0.03
  38     0.0000001521179   -0.7489843205235         0.03
  39     0.0000002707449   -0.7489845234827         0.03
  40     0.0000001306002   -0.7489841692401         0.03
 MICROCYCLE DIIS UPDATE:                   41
  41     0.0000000665676   -0.7489841178723         0.03
  42     0.0000000965065   -0.7489841444094         0.03
  43     0.0000001241992   -0.7489840563266         0.03
  44     0.0000002510484   -0.7489840944158         0.03
  45     0.0000004988783   -0.7489840188369         0.03
 MICROCYCLE DIIS UPDATE:                   46
  46     0.0000000085310   -0.7489839940810         0.03
------------------------------------------------------------------
 Iterations converged
 CCSD correlation energy / hartree =        -0.748983994080989
 CCSD total energy / hartree       =      -108.940734607956131

Time taken for Closed Shell Cholesky CCSD: 1.86 secs

Executing DUCC routine
======================
Number of active occupied alpha = 7
Number of active occupied beta  = 7
Number of active virtual alpha  = 6
Number of active virtual beta   = 6
ducc_lvl = 0

Full SCF Energy: -108.191750613875
Bare SCF Energy: -108.191750615121
Frozen Core Energy: 0.000000001246

DUCC: Time taken to compute Bare Hamiltonian: 0.00 secs
Bare Active Space SCF Energy: -108.191750615121
Fully Contracted Scalar: -0.000000000000

DUCC SCF energy: -108.191750615121
Total Energy Shift: 0.000000001246

DUCC: Total compute time: 0.00 secs

DUCC: Time to write results: 0.02 secs
DUCC Memory Stats
-----------------
allocation count: 456
deallocation count: 455
total memory allocated: 0.070622 GiB
total memory deallocated: 0.070621 GiB
maximum memory in single allocation: 0.009159 GiB
maximum memory consumption: 0.031047 GiB
