
ExaChem Git Information
{
 Branch: main
 Commit Hash: bd25dab [bd25dab8406e69b11ad8def9900a8eea7bb8d543]
 Commit Date: 2025-01-30 14:42:33 -0800
 Commit Message: Fixes ECP handling for multiple atoms

 WARNING: The following ExaChem sources have uncommitted changes at build-time.

 M exachem/cc/ducc/ducc-t_ccsd.cpp

diff --git a/exachem/cc/ducc/ducc-t_ccsd.cpp b/exachem/cc/ducc/ducc-t_ccsd.cpp
index 16950f2..85b1230 100644
--- a/exachem/cc/ducc/ducc-t_ccsd.cpp
+++ b/exachem/cc/ducc/ducc-t_ccsd.cpp
@@ -2036 +2036 @@ void DUCC_T_CCSD_Driver(ChemEnv& chem_env, ExecutionContext& ec, const TiledInde
-  if(rank == 0 && ducc_lvl > 0) {
+  if(rank == 0) {

}


TAMM Git Information
{
 Branch: main
 Commit Hash: 1c9868cf [1c9868cfbfc8bad3586dd21e36f2519cff1fe55a]
 Commit Date: 2024-12-19 12:23:01 -0800
 Commit Message: minor update to print_vector
}


date: Thu Feb  6 15:00:46 2025
program: "/hpc/home/baum612/code/exachem-dev/build/methods_stage/hpc/home/baum612/code/tamm_install/methods/ExaChem"
nnodes: 1, nproc_per_node: 8, nproc_total: 8, 
Memory information
{
[Intel(R) Xeon(R) Platinum 8276M CPU @ 2.20GHz] : 
  CPU memory per node (GiB): 6046
  Total CPU memory (GiB): 6046
}

------------------------------------------------------------

Input file provided: /hpc/home/baum612/TESTS/DUCC-Hamiltonian-Library/N2/cc-pVDZ/AllElectronCCSD-14Elec-13Orbs/2.2_Eq-4.5496au/DUCC2/N2.json

{
  "geometry": {
    "coordinates": [
      "N  0.000000  0.000000  0.000000",
      "N  0.000000  0.000000  4.5496"
    ],
    "units": "bohr"
  },
  "basis": {
    "basisset": "cc-pvdz"
  },
  "common": {
    "file_prefix": "N2",
    "maxiter": 100
  },
  "SCF": {
    "tol_int": 1e-16,
    "tol_lindep": 1e-09,
    "conve": 1e-10,
    "convd": 1e-09,
    "diis_hist": 10,
    "charge": 0,
    "multiplicity": 1,
    "restart": false,
    "scf_type": "restricted",
    "writem": 10
  },
  "CD": {
    "diagtol": 1e-14,
    "max_cvecs": 1000
  },
  "CC": {
    "threshold": 1e-08,
    "ndiis": 5,
    "writet": false,
    "ccsd_maxiter": 100,
    "lshift": 0.1,
    "nactive_oa": 7,
    "nactive_ob": 7,
    "nactive_va": 6,
    "nactive_vb": 6,
    "ducc_lvl": 1
  },
  "TASK": {
    "ducc": true
  }
}

Output folder & files prefix: N2.cc-pvdz

Printing Internal Coordinates

------------------------------------------------------------
                Bond Lengths

i      j        Length (Angstroms)     Length (Bohr)
0      1          2.4075446371         4.5496000000

Number of Angles: 0
Number of Torsional Angles: 0


----------------------------------------------------------------------
                          Center of Mass

         x               y               z              Unit
               0               0     1.203772319      Angstrom
               0               0          2.2748          Bohr

----------------------------------------------------------------------
                Moment of Inertia Tensor

           144.924                 0                 0
                 0           144.924                 0
                 0                 0                 0

----------------------------------------------------------------------
                      Principal Moments of Inertia

           x                 y                 z                Unit
                 0       40.58279553       40.58279553       amu * ang^2
                 0       144.9237939       144.9237939      amu * bohr^2
  0.0000000000e+00  6.7389363412e-39  6.7389363412e-39          g * cm^2

 - Molecule is diatomic.

----------------------------------------------------------------------

         Rotational constants (MHz)

    A = inf        B = 1.2453e+04        C = 1.2453e+04

----------------------------------------------------------------------

        Rotational constants (cm-1)

    A = inf        B = 4.1539e-01        C = 4.1539e-01

----------------------------------------------------------------------

                                Z-Matrix
N   
N        1          4.5496

----------------------------------------------------------------------

             Converted back to Cartesian

N        0.000000      0.000000      0.000000
N        0.000000      0.000000      4.549600

----------------------------------------------------------------------
                       Geometry in bohr 

1     N       0.0000000000    0.0000000000    0.0000000000
2     N       0.0000000000    0.0000000000    4.5496000000
Resetting xc_basis_tol to 1e-10

 Number of nodes, processes per node used for SCF calculation: 1, 8

Common Options
{
 maxiter    = 100
 basis      = cc-pvdz spherical
 geom_units = bohr
 natoms_max = 30
 debug      = false
 file_prefix    = N2
}

SCF Options
{
 charge            = 0
 multiplicity      = 1
 level shift       = 0
 tol_int           = 1e-16
 tol_sch           = 1e-12
 tol_lindep        = 1e-09
 conve             = 1e-10
 convd             = 1e-09
 diis_hist         = 10
 AO_tilesize       = 30
 writem            = 10
 damp              = 100
 n_lindep          = 0
 scf_type          = restricted
 direct_df         = false
 restart_size      = 2000
 restart           = false
 debug             = false
}

Number of basis functions = 28

Total number of shells = 12

Total number of electrons = 14
  # of alpha electrons    = 7
  # of beta electons      = 7

Nuclear repulsion energy  = 10.7701775980306

# of {all,non-negligible} shell-pairs = {78,78}
Number of AO tiles = 12

Time for initial setup: 0.00 secs
HF exch = 1.00

Time for computing 1-e integrals T, V, S: 0.00 secs
Time for computing orthogonalizer: 0.00 secs

Superposition of Atomic Density Guess ...
Time taken for SAD: 0.03 secs
Total Time to compute initial guess: 0.03 secs


 SCF iterations
-----------------------------------------------------------------------------
 Iter     Energy            E-Diff       RMSD        |[F,P]|^2       Time(s)
-----------------------------------------------------------------------------
   1  -107.6882171805    -1.08e+02     5.42e-02     7.71e-02         0.0 
   2  -108.1468464956    -4.59e-01     2.92e-03     2.15e-02         0.0 
   3  -108.1500004777    -3.15e-03     1.62e-03     4.63e-03         0.0 
   4  -108.1507677880    -7.67e-04     6.25e-04     3.69e-04         0.0 
   5  -108.1508383680    -7.06e-05     2.14e-05     6.13e-07         0.0 
   6  -108.1508384597    -9.17e-08     5.09e-06     2.15e-08         0.0 
   7  -108.1508384632    -3.50e-09     4.50e-07     3.02e-10         0.0 
   8  -108.1508384632    -4.73e-11     4.80e-08     1.18e-12         0.0 
   9  -108.1508384632    -1.99e-13     7.54e-09     2.55e-14         0.0 
  10  -108.1508384632     5.68e-14     6.45e-09     6.67e-13         0.0 
<DIIS> Singularity in Pulay matrix detected.
  11  -108.1508384632    -5.68e-14     3.92e-10     2.66e-16         0.0 

** Total SCF energy = -108.1508384632233

Nuclear repulsion energy = 10.770177598030596
#electrons        = 14
1e energy kinetic = 107.2072367704047480
1e energy N-e     = -275.3605195540336581
1e energy         = -168.1532827836288959
2e energy         = 49.2322667223750301
writing orbitals and density to disk ... done.

Total Time taken for Hartree-Fock: 0.24 secs

CD Options
{
 debug            = false
 skip_cd          = [false,100]
 write_cv         = [false,5000]
 diagtol          = 1e-14
 itilesize        = 1000
 max_cvecs_factor = 1000
}

- #occupied, #virtual = 14, 42

- Tilesize for the MSO space: 40

-----------------------------------------------------
Begin 2-index transformation ... 

nAO, nMO, nelectrons = 28, 56, 14
n_occ_alpha, n_vir_alpha, n_occ_beta, n_vir_beta = 7,21,7,21

Time taken for Fao->Fmo transform: 0.00 secs

-----------------------------------------------------
Number of AO tiles = 12
# of {all,non-negligible} shell-pairs = {78,78}

    Begin Cholesky Decomposition
---------------------------------------------
Total # of mpi ranks used for Cholesky decomposition: 8
  --> Number of nodes, mpi ranks per node: 1, 8
- CPU memory required for computing cholesky vectors: 0.00 GiB

- Time for computing the diagonal: 0.00 secs

- Total number of cholesky vectors = 784

- Time to compute cholesky vectors: 0.41 secs

- CPU memory required for resizing the ao cholesky tensor: 0.01 GiB
- CPU memory required for ao2mo transformation: 0.01 GiB
- CPU memory required for the 2-step contraction: 0.02 GiB

- Time for ao to mo transform: 0.03 secs

   End Cholesky Decomposition
---------------------------------------------

Total Time taken for Cholesky Decomposition: 0.47 secs

scf_type = restricted
Closed-Shell SCF
nbf = 28
nbf_orig = 28
n_lindep = 0
focc = 1
nmo = 56
nocc = 14
nvir = 42
n_occ_alpha = 7
n_vir_alpha = 21
n_occ_beta = 7
n_vir_beta = 21
nelectrons = 14
nelectrons_alpha = 7
nelectrons_beta = 7
n_frozen_core = 0
n_frozen_virtual = 0
----------------------------

Total CPU memory required for Closed Shell Cholesky CCSD calculation: 0.03 GiB


 CCSD iterations
------------------------------------------------------------
  Iter     Residuum          Correlation          Time(s)
------------------------------------------------------------
   1     0.5020293282170    0.0000000000000         0.04
   2     0.3769326416334   -0.9656957886563         0.04
   3     0.5580268820898   -0.0501348197358         0.04
   4     0.6781843987633   -1.3444307413654         0.04
   5     0.9273966945982    0.2534261936158         0.04
 MICROCYCLE DIIS UPDATE:                    6
   6     0.0532972101849   -0.6318374264249         0.04
   7     0.0980233445537   -0.5212100591306         0.04
   8     0.0848763470905   -0.7048795131102         0.04
   9     0.1544174776991   -0.4970021999272         0.04
  10     0.1598792193594   -0.8076498562400         0.04
 MICROCYCLE DIIS UPDATE:                   11
  11     0.0285592632199   -0.6925310692890         0.04
  12     0.0313710157756   -0.6962155989037         0.04
  13     0.0220573392106   -0.7204911826716         0.04
  14     0.0266096205677   -0.7240423394947         0.03
  15     0.0162223099998   -0.7481633164903         0.03
 MICROCYCLE DIIS UPDATE:                   16
  16     0.0154850397324   -0.8337337895555         0.04
  17     0.0417692410322   -0.8685443178198         0.04
  18     0.0244071752764   -0.8054483392653         0.04
  19     0.0326679053530   -0.8485302596825         0.04
  20     0.0231171937312   -0.7968272934093         0.04
 MICROCYCLE DIIS UPDATE:                   21
  21     0.0025607357082   -0.8118947972615         0.04
  22     0.0041514933082   -0.8141200284428         0.04
  23     0.0018169206488   -0.8086476579719         0.04
  24     0.0031010397757   -0.8116275163186         0.04
  25     0.0017632489837   -0.8070644669915         0.04
 MICROCYCLE DIIS UPDATE:                   26
  26     0.0001315613936   -0.8069342210960         0.04
  27     0.0001191407439   -0.8069962986230         0.04
  28     0.0000604812203   -0.8068437076171         0.04
  29     0.0000917653258   -0.8069354478874         0.03
  30     0.0000556718260   -0.8067986492348         0.04
 MICROCYCLE DIIS UPDATE:                   31
  31     0.0000126706008   -0.8068133425444         0.04
  32     0.0000115362441   -0.8068162198991         0.03
  33     0.0000047096359   -0.8068042099248         0.03
  34     0.0000071655830   -0.8068086163951         0.03
  35     0.0000032151197   -0.8067993851860         0.03
 MICROCYCLE DIIS UPDATE:                   36
  36     0.0000007616699   -0.8067974354775         0.03
  37     0.0000009478485   -0.8067978970124         0.04
  38     0.0000004898574   -0.8067965948606         0.04
  39     0.0000008075810   -0.8067974485885         0.03
  40     0.0000005326242   -0.8067961949924         0.03
 MICROCYCLE DIIS UPDATE:                   41
  41     0.0000001378236   -0.8067964554513         0.03
  42     0.0000002180373   -0.8067964977592         0.04
  43     0.0000003741265   -0.8067963278677         0.03
  44     0.0000008286203   -0.8067964084424         0.04
  45     0.0000018315936   -0.8067962616189         0.03
 MICROCYCLE DIIS UPDATE:                   46
  46     0.0000000112343   -0.8067962501324         0.04
  47     0.0000000128248   -0.8067962553528         0.04
  48     0.0000000120882   -0.8067962396616         0.03
  49     0.0000000252808   -0.8067962496673         0.04
  50     0.0000000518831   -0.8067962344502         0.03
 MICROCYCLE DIIS UPDATE:                   51
  51     0.0000000023354   -0.8067962393117         0.04
------------------------------------------------------------------
 Iterations converged
 CCSD correlation energy / hartree =        -0.806796239311696
 CCSD total energy / hartree       =      -108.957634702534946

Time taken for Closed Shell Cholesky CCSD: 2.09 secs

Executing DUCC routine
======================
Number of active occupied alpha = 7
Number of active occupied beta  = 7
Number of active virtual alpha  = 6
Number of active virtual beta   = 6
ducc_lvl = 1

Full SCF Energy: -108.150838463223
Bare SCF Energy: -108.150838464866
Frozen Core Energy: 0.000000001643

DUCC: Time taken to compute Bare Hamiltonian: 0.00 secs
Bare Active Space SCF Energy: -108.150838464866

DUCC: Time taken to compute single commutator of F and V and double commutator of F: 0.26 secs
Fully Contracted Scalar: -0.119076577097

DUCC SCF energy: -108.269915041963
Total Energy Shift: 0.000000001643

DUCC: Total compute time: 0.26 secs

DUCC: Time to write results: 0.02 secs
DUCC Memory Stats
-----------------
allocation count: 846
deallocation count: 845
total memory allocated: 0.135279 GiB
total memory deallocated: 0.135278 GiB
maximum memory in single allocation: 0.009159 GiB
maximum memory consumption: 0.031047 GiB
