
ExaChem Git Information
{
 Branch: main
 Commit Hash: bd25dab [bd25dab8406e69b11ad8def9900a8eea7bb8d543]
 Commit Date: 2025-01-30 14:42:33 -0800
 Commit Message: Fixes ECP handling for multiple atoms

 WARNING: The following ExaChem sources have uncommitted changes at build-time.

 M exachem/cc/ducc/ducc-t_ccsd.cpp

diff --git a/exachem/cc/ducc/ducc-t_ccsd.cpp b/exachem/cc/ducc/ducc-t_ccsd.cpp
index 16950f2..85b1230 100644
--- a/exachem/cc/ducc/ducc-t_ccsd.cpp
+++ b/exachem/cc/ducc/ducc-t_ccsd.cpp
@@ -2036 +2036 @@ void DUCC_T_CCSD_Driver(ChemEnv& chem_env, ExecutionContext& ec, const TiledInde
-  if(rank == 0 && ducc_lvl > 0) {
+  if(rank == 0) {

}


TAMM Git Information
{
 Branch: main
 Commit Hash: 1c9868cf [1c9868cfbfc8bad3586dd21e36f2519cff1fe55a]
 Commit Date: 2024-12-19 12:23:01 -0800
 Commit Message: minor update to print_vector
}


date: Thu Feb  6 14:55:14 2025
program: "/hpc/home/baum612/code/exachem-dev/build/methods_stage/hpc/home/baum612/code/tamm_install/methods/ExaChem"
nnodes: 1, nproc_per_node: 8, nproc_total: 8, 
Memory information
{
[Intel(R) Xeon(R) Platinum 8276M CPU @ 2.20GHz] : 
  CPU memory per node (GiB): 6046
  Total CPU memory (GiB): 6046
}

------------------------------------------------------------

Input file provided: /hpc/home/baum612/TESTS/DUCC-Hamiltonian-Library/N2/cc-pVDZ/AllElectronCCSD-14Elec-13Orbs/3.0_Eq-6.2040au/DUCC3/N2.json

{
  "geometry": {
    "coordinates": [
      "N  0.000000  0.000000  0.000000",
      "N  0.000000  0.000000  6.2040"
    ],
    "units": "bohr"
  },
  "basis": {
    "basisset": "cc-pvdz"
  },
  "common": {
    "file_prefix": "N2",
    "maxiter": 100
  },
  "SCF": {
    "tol_int": 1e-16,
    "tol_lindep": 1e-09,
    "conve": 1e-10,
    "convd": 1e-09,
    "diis_hist": 10,
    "charge": 0,
    "multiplicity": 1,
    "restart": false,
    "scf_type": "restricted",
    "writem": 10
  },
  "CD": {
    "diagtol": 1e-14,
    "max_cvecs": 1000
  },
  "CC": {
    "threshold": 1e-08,
    "ndiis": 5,
    "writet": false,
    "ccsd_maxiter": 100,
    "lshift": 0.1,
    "nactive_oa": 7,
    "nactive_ob": 7,
    "nactive_va": 6,
    "nactive_vb": 6,
    "ducc_lvl": 2
  },
  "TASK": {
    "ducc": true
  }
}

Output folder & files prefix: N2.cc-pvdz

Printing Internal Coordinates

------------------------------------------------------------
                Bond Lengths

i      j        Length (Angstroms)     Length (Bohr)
0      1          3.2830154142         6.2040000000

Number of Angles: 0
Number of Torsional Angles: 0


----------------------------------------------------------------------
                          Center of Mass

         x               y               z              Unit
               0               0     1.641507707      Angstrom
               0               0           3.102          Bohr

----------------------------------------------------------------------
                Moment of Inertia Tensor

           269.486                 0                 0
                 0           269.486                 0
                 0                 0                 0

----------------------------------------------------------------------
                      Principal Moments of Inertia

           x                 y                 z                Unit
                 0       75.46387599       75.46387599       amu * ang^2
                 0       269.4863936       269.4863936      amu * bohr^2
  0.0000000000e+00  1.2531079973e-38  1.2531079973e-38          g * cm^2

 - Molecule is diatomic.

----------------------------------------------------------------------

         Rotational constants (MHz)

    A = inf        B = 6.6970e+03        C = 6.6970e+03

----------------------------------------------------------------------

        Rotational constants (cm-1)

    A = inf        B = 2.2339e-01        C = 2.2339e-01

----------------------------------------------------------------------

                                Z-Matrix
N   
N        1           6.204

----------------------------------------------------------------------

             Converted back to Cartesian

N        0.000000      0.000000      0.000000
N        0.000000      0.000000      6.204000

----------------------------------------------------------------------
                       Geometry in bohr 

1     N       0.0000000000    0.0000000000    0.0000000000
2     N       0.0000000000    0.0000000000    6.2040000000
Resetting xc_basis_tol to 1e-10

 Number of nodes, processes per node used for SCF calculation: 1, 8

Common Options
{
 maxiter    = 100
 basis      = cc-pvdz spherical
 geom_units = bohr
 natoms_max = 30
 debug      = false
 file_prefix    = N2
}

SCF Options
{
 charge            = 0
 multiplicity      = 1
 level shift       = 0
 tol_int           = 1e-16
 tol_sch           = 1e-12
 tol_lindep        = 1e-09
 conve             = 1e-10
 convd             = 1e-09
 diis_hist         = 10
 AO_tilesize       = 30
 writem            = 10
 damp              = 100
 n_lindep          = 0
 scf_type          = restricted
 direct_df         = false
 restart_size      = 2000
 restart           = false
 debug             = false
}

Number of basis functions = 28

Total number of shells = 12

Total number of electrons = 14
  # of alpha electrons    = 7
  # of beta electons      = 7

Nuclear repulsion energy  = 7.89813023855577

# of {all,non-negligible} shell-pairs = {78,78}
Number of AO tiles = 12

Time for initial setup: 0.00 secs
HF exch = 1.00

Time for computing 1-e integrals T, V, S: 0.00 secs
Time for computing orthogonalizer: 0.00 secs

Superposition of Atomic Density Guess ...
Time taken for SAD: 0.04 secs
Total Time to compute initial guess: 0.04 secs


 SCF iterations
-----------------------------------------------------------------------------
 Iter     Energy            E-Diff       RMSD        |[F,P]|^2       Time(s)
-----------------------------------------------------------------------------
Resetting lshift to 0.50
   1  -107.6580054601    -1.08e+02     5.67e-02     1.44e-03         0.0 
   2  -107.9443446977    -2.86e-01     4.23e-04     7.71e-03         0.0 
   3  -107.9447189115    -3.74e-04     2.13e-03     5.84e-03         0.0 
   4  -107.9458091775    -1.09e-03     6.29e-04     3.40e-04         0.0 
   5  -107.9458776304    -6.85e-05     3.93e-05     1.39e-06         0.0 
   6  -107.9458778999    -2.69e-07     1.67e-06     2.74e-09         0.0 
   7  -107.9458779005    -5.89e-10     4.91e-07     5.05e-11         0.0 
   8  -107.9458779005     1.11e-11     1.93e-07     4.51e-10         0.0 
   9  -107.9458779005    -1.90e-11     1.82e-07     7.72e-11         0.0 
  10  -107.9458779005    -7.13e-12     2.03e-09     2.73e-15         0.0 
<DIIS> Singularity in Pulay matrix detected.
<DIIS> Singularity in Pulay matrix detected.
<DIIS> Singularity in Pulay matrix detected.
<DIIS> Singularity in Pulay matrix detected.
<DIIS> Singularity in Pulay matrix detected.
  11  -107.9458779005    -7.11e-14     6.26e-10     2.14e-16         0.0 

** Total SCF energy = -107.9458779005294

Nuclear repulsion energy = 7.898130238555771
#electrons        = 14
1e energy kinetic = 107.4474318779195841
1e energy N-e     = -269.8679108864345721
1e energy         = -162.4204790085150307
2e energy         = 46.5764708694298477
writing orbitals and density to disk ... done.

Total Time taken for Hartree-Fock: 0.25 secs

CD Options
{
 debug            = false
 skip_cd          = [false,100]
 write_cv         = [false,5000]
 diagtol          = 1e-14
 itilesize        = 1000
 max_cvecs_factor = 1000
}

- #occupied, #virtual = 14, 42

- Tilesize for the MSO space: 40

-----------------------------------------------------
Begin 2-index transformation ... 

nAO, nMO, nelectrons = 28, 56, 14
n_occ_alpha, n_vir_alpha, n_occ_beta, n_vir_beta = 7,21,7,21

Time taken for Fao->Fmo transform: 0.00 secs

-----------------------------------------------------
Number of AO tiles = 12
# of {all,non-negligible} shell-pairs = {78,78}

    Begin Cholesky Decomposition
---------------------------------------------
Total # of mpi ranks used for Cholesky decomposition: 8
  --> Number of nodes, mpi ranks per node: 1, 8
- CPU memory required for computing cholesky vectors: 0.00 GiB

- Time for computing the diagonal: 0.00 secs

- Total number of cholesky vectors = 611

- Time to compute cholesky vectors: 0.29 secs

- CPU memory required for resizing the ao cholesky tensor: 0.01 GiB
- CPU memory required for ao2mo transformation: 0.01 GiB
- CPU memory required for the 2-step contraction: 0.01 GiB

- Time for ao to mo transform: 0.02 secs

   End Cholesky Decomposition
---------------------------------------------

Total Time taken for Cholesky Decomposition: 0.34 secs

scf_type = restricted
Closed-Shell SCF
nbf = 28
nbf_orig = 28
n_lindep = 0
focc = 1
nmo = 56
nocc = 14
nvir = 42
n_occ_alpha = 7
n_vir_alpha = 21
n_occ_beta = 7
n_vir_beta = 21
nelectrons = 14
nelectrons_alpha = 7
nelectrons_beta = 7
n_frozen_core = 0
n_frozen_virtual = 0
----------------------------

Total CPU memory required for Closed Shell Cholesky CCSD calculation: 0.02 GiB


 CCSD iterations
------------------------------------------------------------
  Iter     Residuum          Correlation          Time(s)
------------------------------------------------------------
   1     0.5334416067802    0.0000000000000         0.03
   2     0.7009217743639   -1.5487166667316         0.03
   3     1.9259689239551    1.0997688076635         0.03
   4     3.0409878832810   -5.8405311488565         0.03
   5     4.1189447244596    1.7617076637720         0.03
 MICROCYCLE DIIS UPDATE:                    6
   6     0.1795413220963   -0.8231166244360         0.03
   7     0.4909224118823   -0.1478476079287         0.03
   8     0.9774342032246   -1.8838086164239         0.03
   9     2.3251634834957    1.5496720609887         0.03
  10     2.6537499487857   -7.1011195830842         0.03
 MICROCYCLE DIIS UPDATE:                   11
  11     0.0528029130718   -0.6472364497384         0.03
  12     0.0764868182988   -0.6322316349505         0.03
  13     0.0606754351049   -0.7776158603132         0.03
  14     0.2177508265916   -0.5654547308940         0.03
  15     0.3535375232518   -1.1801283352105         0.03
 MICROCYCLE DIIS UPDATE:                   16
  16     0.0500342550647   -0.7407188876615         0.03
  17     0.1538549239862   -0.6442680601753         0.03
  18     0.1881290766704   -1.0275767523692         0.03
  19     0.5021612603944   -0.4023228529704         0.03
  20     1.0087704100985   -1.8490426576501         0.03
 MICROCYCLE DIIS UPDATE:                   21
  21     0.0469719088596   -0.7941311740664         0.03
  22     0.1852409827537   -0.6783381913795         0.03
  23     0.2377130291839   -1.1392920080430         0.03
  24     0.5134087138532   -0.4362161905800         0.03
  25     1.0034031333582   -1.8602224622295         0.03
 MICROCYCLE DIIS UPDATE:                   26
  26     0.0437087042671   -0.8285815241211         0.03
  27     0.1764648061550   -0.7386212887365         0.03
  28     0.2109677638292   -1.1595420647077         0.03
  29     0.4015200160224   -0.5838627536215         0.03
  30     0.6948039769555   -1.6255885096609         0.03
 MICROCYCLE DIIS UPDATE:                   31
  31     0.0373824431026   -0.8925081468656         0.03
  32     0.1632284179800   -0.8165408490785         0.03
  33     0.1979271402638   -1.1994343012758         0.03
  34     0.2863139237456   -0.7251447708380         0.03
  35     0.4042722700670   -1.3967828637195         0.03
 MICROCYCLE DIIS UPDATE:                   36
  36     0.0230332616857   -0.9782387741341         0.03
  37     0.1005769640542   -0.9373198496478         0.03
  38     0.1240781901378   -1.1698823152511         0.03
  39     0.1387864905364   -0.9046838242739         0.04
  40     0.1363231726300   -1.1776620276208         0.03
 MICROCYCLE DIIS UPDATE:                   41
  41     0.0063778306932   -1.0427378843888         0.03
  42     0.0240829184740   -1.0342736712879         0.03
  43     0.0290581158267   -1.0892614784963         0.03
  44     0.0304999242957   -1.0287554228609         0.03
  45     0.0248457120028   -1.0837811026023         0.03
 MICROCYCLE DIIS UPDATE:                   46
  46     0.0006967887593   -1.0606162021487         0.03
  47     0.0007009715068   -1.0610238198116         0.03
  48     0.0010278121007   -1.0603162893854         0.03
  49     0.0013096492237   -1.0617624959121         0.03
  50     0.0015496474990   -1.0597943602759         0.03
 MICROCYCLE DIIS UPDATE:                   51
  51     0.0000234887966   -1.0609343044097         0.03
  52     0.0000195408352   -1.0609160702706         0.03
  53     0.0000204835762   -1.0609433849674         0.03
  54     0.0000229591257   -1.0609266173080         0.03
  55     0.0000292347350   -1.0609222647979         0.03
 MICROCYCLE DIIS UPDATE:                   56
  56     0.0000018109672   -1.0609314233306         0.03
  57     0.0000014010748   -1.0609308550621         0.03
  58     0.0000016465799   -1.0609334490704         0.03
  59     0.0000016901221   -1.0609301987444         0.03
  60     0.0000015020563   -1.0609333029444         0.03
 MICROCYCLE DIIS UPDATE:                   61
  61     0.0000001165481   -1.0609318984530         0.03
  62     0.0000001461199   -1.0609318823970         0.03
  63     0.0000004157046   -1.0609318850856         0.03
  64     0.0000013226368   -1.0609319493888         0.03
  65     0.0000043216007   -1.0609317783146         0.03
 MICROCYCLE DIIS UPDATE:                   66
  66     0.0000000154391   -1.0609319010668         0.03
  67     0.0000000099331   -1.0609318878334         0.03
------------------------------------------------------------------
 Iterations converged
 CCSD correlation energy / hartree =        -1.060931887833385
 CCSD total energy / hartree       =      -109.006809788362773

Time taken for Closed Shell Cholesky CCSD: 2.34 secs

Executing DUCC routine
======================
Number of active occupied alpha = 7
Number of active occupied beta  = 7
Number of active virtual alpha  = 6
Number of active virtual beta   = 6
ducc_lvl = 2

Full SCF Energy: -107.945877900529
Bare SCF Energy: -107.945877899745
Frozen Core Energy: -0.000000000785

DUCC: Time taken to compute Bare Hamiltonian: 0.00 secs
Bare Active Space SCF Energy: -107.945877899745

DUCC: Time taken to compute single commutator of F and V and double commutator of F: 0.25 secs

DUCC: Time taken to compute double commutator of V and triple commutator of F: 4.35 secs
Fully Contracted Scalar: -0.151543174933

DUCC SCF energy: -108.078334366720
Total Energy Shift: -0.019086708742

DUCC: Total compute time: 4.60 secs

DUCC: Time to write results: 0.02 secs
DUCC Memory Stats
-----------------
allocation count: 3898
deallocation count: 3897
total memory allocated: 0.895840 GiB
total memory deallocated: 0.895839 GiB
maximum memory in single allocation: 0.008694 GiB
maximum memory consumption: 0.135295 GiB
