
ExaChem Git Information
{
 Branch: main
 Commit Hash: bd25dab [bd25dab8406e69b11ad8def9900a8eea7bb8d543]
 Commit Date: 2025-01-30 14:42:33 -0800
 Commit Message: Fixes ECP handling for multiple atoms

 WARNING: The following ExaChem sources have uncommitted changes at build-time.

 M exachem/cc/ducc/ducc-t_ccsd.cpp

diff --git a/exachem/cc/ducc/ducc-t_ccsd.cpp b/exachem/cc/ducc/ducc-t_ccsd.cpp
index 16950f2..85b1230 100644
--- a/exachem/cc/ducc/ducc-t_ccsd.cpp
+++ b/exachem/cc/ducc/ducc-t_ccsd.cpp
@@ -2036 +2036 @@ void DUCC_T_CCSD_Driver(ChemEnv& chem_env, ExecutionContext& ec, const TiledInde
-  if(rank == 0 && ducc_lvl > 0) {
+  if(rank == 0) {

}


TAMM Git Information
{
 Branch: main
 Commit Hash: 1c9868cf [1c9868cfbfc8bad3586dd21e36f2519cff1fe55a]
 Commit Date: 2024-12-19 12:23:01 -0800
 Commit Message: minor update to print_vector
}


date: Thu Feb  6 15:09:24 2025
program: "/hpc/home/baum612/code/exachem-dev/build/methods_stage/hpc/home/baum612/code/tamm_install/methods/ExaChem"
nnodes: 1, nproc_per_node: 8, nproc_total: 8, 
Memory information
{
[Intel(R) Xeon(R) Platinum 8276M CPU @ 2.20GHz] : 
  CPU memory per node (GiB): 6046
  Total CPU memory (GiB): 6046
}

------------------------------------------------------------

Input file provided: /hpc/home/baum612/TESTS/DUCC-Hamiltonian-Library/N2/cc-pVDZ/AllElectronCCSD-14Elec-19Orbs/1.9_Eq-3.9292au/Bare/N2.json

{
  "geometry": {
    "coordinates": [
      "N  0.000000  0.000000  0.000000",
      "N  0.000000  0.000000  3.9292"
    ],
    "units": "bohr"
  },
  "basis": {
    "basisset": "cc-pvdz"
  },
  "common": {
    "file_prefix": "N2",
    "maxiter": 100
  },
  "SCF": {
    "tol_int": 1e-16,
    "tol_lindep": 1e-09,
    "conve": 1e-10,
    "convd": 1e-09,
    "diis_hist": 10,
    "charge": 0,
    "multiplicity": 1,
    "restart": false,
    "scf_type": "restricted",
    "writem": 10
  },
  "CD": {
    "diagtol": 1e-14,
    "max_cvecs": 1000
  },
  "CC": {
    "threshold": 1e-08,
    "ndiis": 5,
    "writet": false,
    "ccsd_maxiter": 100,
    "lshift": 0.1,
    "nactive_oa": 7,
    "nactive_ob": 7,
    "nactive_va": 12,
    "nactive_vb": 12,
    "ducc_lvl": 0
  },
  "TASK": {
    "ducc": true
  }
}

Output folder & files prefix: N2.cc-pvdz

Printing Internal Coordinates

------------------------------------------------------------
                Bond Lengths

i      j        Length (Angstroms)     Length (Bohr)
0      1          2.0792430957         3.9292000000

Number of Angles: 0
Number of Torsional Angles: 0


----------------------------------------------------------------------
                          Center of Mass

         x               y               z              Unit
               0               0     1.039621548      Angstrom
               0               0          1.9646          Bohr

----------------------------------------------------------------------
                Moment of Inertia Tensor

           108.094                 0                 0
                 0           108.094                 0
                 0                 0                 0

----------------------------------------------------------------------
                      Principal Moments of Inertia

           x                 y                 z                Unit
                 0       30.26939915       30.26939915       amu * ang^2
                 0       108.0939868       108.0939868      amu * bohr^2
  0.0000000000e+00  5.0263554115e-39  5.0263554115e-39          g * cm^2

 - Molecule is diatomic.

----------------------------------------------------------------------

         Rotational constants (MHz)

    A = inf        B = 1.6696e+04        C = 1.6696e+04

----------------------------------------------------------------------

        Rotational constants (cm-1)

    A = inf        B = 5.5692e-01        C = 5.5692e-01

----------------------------------------------------------------------

                                Z-Matrix
N   
N        1          3.9292

----------------------------------------------------------------------

             Converted back to Cartesian

N        0.000000      0.000000      0.000000
N        0.000000      0.000000      3.929200

----------------------------------------------------------------------
                       Geometry in bohr 

1     N       0.0000000000    0.0000000000    0.0000000000
2     N       0.0000000000    0.0000000000    3.9292000000
Resetting xc_basis_tol to 1e-10

 Number of nodes, processes per node used for SCF calculation: 1, 8

Common Options
{
 maxiter    = 100
 basis      = cc-pvdz spherical
 geom_units = bohr
 natoms_max = 30
 debug      = false
 file_prefix    = N2
}

SCF Options
{
 charge            = 0
 multiplicity      = 1
 level shift       = 0
 tol_int           = 1e-16
 tol_sch           = 1e-12
 tol_lindep        = 1e-09
 conve             = 1e-10
 convd             = 1e-09
 diis_hist         = 10
 AO_tilesize       = 30
 writem            = 10
 damp              = 100
 n_lindep          = 0
 scf_type          = restricted
 direct_df         = false
 restart_size      = 2000
 restart           = false
 debug             = false
}

Number of basis functions = 28

Total number of shells = 12

Total number of electrons = 14
  # of alpha electrons    = 7
  # of beta electons      = 7

Nuclear repulsion energy  = 12.4707319556144

# of {all,non-negligible} shell-pairs = {78,78}
Number of AO tiles = 12

Time for initial setup: 0.00 secs
HF exch = 1.00

Time for computing 1-e integrals T, V, S: 0.00 secs
Time for computing orthogonalizer: 0.00 secs

Superposition of Atomic Density Guess ...
Time taken for SAD: 0.04 secs
Total Time to compute initial guess: 0.04 secs


 SCF iterations
-----------------------------------------------------------------------------
 Iter     Energy            E-Diff       RMSD        |[F,P]|^2       Time(s)
-----------------------------------------------------------------------------
   1  -107.7560978208    -1.08e+02     5.31e-02     5.03e-01         0.0 
   2  -108.2840380915    -5.28e-01     4.05e-03     3.43e-02         0.0 
   3  -108.2886203313    -4.58e-03     1.37e-03     3.75e-03         0.0 
   4  -108.2892303143    -6.10e-04     6.01e-04     4.15e-04         0.0 
   5  -108.2893002503    -6.99e-05     2.59e-05     1.04e-06         0.0 
   6  -108.2893003733    -1.23e-07     5.42e-06     2.78e-08         0.0 
   7  -108.2893003776    -4.30e-09     4.21e-07     1.22e-10         0.0 
   8  -108.2893003776    -2.57e-11     3.39e-08     4.93e-13         0.0 
   9  -108.2893003776    -1.42e-13     3.01e-09     6.28e-15         0.0 
<DIIS> Singularity in Pulay matrix detected.
  10  -108.2893003776     5.68e-14     8.25e-10     1.34e-15         0.0 

** Total SCF energy = -108.2893003776428

Nuclear repulsion energy = 12.470731955614376
#electrons        = 14
1e energy kinetic = 107.1359482283321398
1e energy N-e     = -278.7366807147937493
1e energy         = -171.6007324864616805
2e energy         = 50.8407001532044305
writing orbitals and density to disk ... done.

Total Time taken for Hartree-Fock: 0.23 secs

CD Options
{
 debug            = false
 skip_cd          = [false,100]
 write_cv         = [false,5000]
 diagtol          = 1e-14
 itilesize        = 1000
 max_cvecs_factor = 1000
}

- #occupied, #virtual = 14, 42

- Tilesize for the MSO space: 40

-----------------------------------------------------
Begin 2-index transformation ... 

nAO, nMO, nelectrons = 28, 56, 14
n_occ_alpha, n_vir_alpha, n_occ_beta, n_vir_beta = 7,21,7,21

Time taken for Fao->Fmo transform: 0.00 secs

-----------------------------------------------------
Number of AO tiles = 12
# of {all,non-negligible} shell-pairs = {78,78}

    Begin Cholesky Decomposition
---------------------------------------------
Total # of mpi ranks used for Cholesky decomposition: 8
  --> Number of nodes, mpi ranks per node: 1, 8
- CPU memory required for computing cholesky vectors: 0.00 GiB

- Time for computing the diagonal: 0.00 secs

- Total number of cholesky vectors = 784

- Time to compute cholesky vectors: 0.44 secs

- CPU memory required for resizing the ao cholesky tensor: 0.01 GiB
- CPU memory required for ao2mo transformation: 0.01 GiB
- CPU memory required for the 2-step contraction: 0.02 GiB

- Time for ao to mo transform: 0.02 secs

   End Cholesky Decomposition
---------------------------------------------

Total Time taken for Cholesky Decomposition: 0.49 secs

scf_type = restricted
Closed-Shell SCF
nbf = 28
nbf_orig = 28
n_lindep = 0
focc = 1
nmo = 56
nocc = 14
nvir = 42
n_occ_alpha = 7
n_vir_alpha = 21
n_occ_beta = 7
n_vir_beta = 21
nelectrons = 14
nelectrons_alpha = 7
nelectrons_beta = 7
n_frozen_core = 0
n_frozen_virtual = 0
----------------------------

Total CPU memory required for Closed Shell Cholesky CCSD calculation: 0.03 GiB


 CCSD iterations
------------------------------------------------------------
  Iter     Residuum          Correlation          Time(s)
------------------------------------------------------------
   1     0.4878735595384    0.0000000000000         0.03
   2     0.2609365072355   -0.7522043798864         0.03
   3     0.2790151924666   -0.2726652032663         0.03
   4     0.2418953123389   -0.7729824913563         0.03
   5     0.2616884997174   -0.3112160043840         0.03
 MICROCYCLE DIIS UPDATE:                    6
   6     0.0292559460490   -0.5415133238408         0.03
   7     0.0332618208529   -0.5284458118192         0.03
   8     0.0204244200189   -0.5573279693619         0.03
   9     0.0284250172253   -0.5436473958514         0.03
  10     0.0161505555213   -0.5707550241806         0.03
 MICROCYCLE DIIS UPDATE:                   11
  11     0.0126524139109   -0.6077659679714         0.03
  12     0.0100448817356   -0.6231358925713         0.03
  13     0.0110473899415   -0.6070649388272         0.03
  14     0.0078493902283   -0.6231367603972         0.03
  15     0.0092858306187   -0.6093341343356         0.03
 MICROCYCLE DIIS UPDATE:                   16
  16     0.0012894935217   -0.6179505656576         0.03
  17     0.0020759880892   -0.6168805945848         0.03
  18     0.0009459790887   -0.6191090966250         0.03
  19     0.0016413991661   -0.6179739026542         0.03
  20     0.0007439810045   -0.6198232080728         0.03
 MICROCYCLE DIIS UPDATE:                   21
  21     0.0002897986049   -0.6210989526083         0.03
  22     0.0002924115273   -0.6209527488146         0.03
  23     0.0001395885776   -0.6212324420965         0.03
  24     0.0002224912764   -0.6210845556889         0.03
  25     0.0001022686673   -0.6213224513856         0.03
 MICROCYCLE DIIS UPDATE:                   26
  26     0.0000499560692   -0.6214642693077         0.03
  27     0.0000628510815   -0.6214393745935         0.03
  28     0.0000291662445   -0.6215026864750         0.03
  29     0.0000469928151   -0.6214731530091         0.03
  30     0.0000212120569   -0.6215247111446         0.03
 MICROCYCLE DIIS UPDATE:                   31
  31     0.0000114647105   -0.6215525864711         0.03
  32     0.0000120977458   -0.6215481046735         0.03
  33     0.0000064847693   -0.6215578122335         0.03
  34     0.0000089752722   -0.6215542851607         0.03
  35     0.0000045810226   -0.6215623559637         0.03
 MICROCYCLE DIIS UPDATE:                   36
  36     0.0000012643726   -0.6215743560475         0.03
  37     0.0000012689769   -0.6215736618061         0.03
  38     0.0000005726326   -0.6215750575440         0.03
  39     0.0000009413296   -0.6215742716299         0.03
  40     0.0000004416621   -0.6215754129554         0.03
 MICROCYCLE DIIS UPDATE:                   41
  41     0.0000002032863   -0.6215756268490         0.03
  42     0.0000002551876   -0.6215755149453         0.03
  43     0.0000001332027   -0.6215757451173         0.03
  44     0.0000002046694   -0.6215756451566         0.03
  45     0.0000001264751   -0.6215758389465         0.03
 MICROCYCLE DIIS UPDATE:                   46
  46     0.0000000530047   -0.6215760016948         0.03
  47     0.0000000666200   -0.6215759743095         0.03
  48     0.0000000318604   -0.6215760429878         0.03
  49     0.0000000526516   -0.6215760102326         0.03
  50     0.0000000373145   -0.6215760657944         0.03
 MICROCYCLE DIIS UPDATE:                   51
  51     0.0000000150153   -0.6215760794661         0.03
  52     0.0000000193187   -0.6215760711003         0.03
  53     0.0000000105101   -0.6215760888126         0.03
  54     0.0000000166496   -0.6215760810003         0.03
  55     0.0000000137987   -0.6215760959425         0.03
 MICROCYCLE DIIS UPDATE:                   56
  56     0.0000000045463   -0.6215761064310         0.03
------------------------------------------------------------------
 Iterations converged
 CCSD correlation energy / hartree =        -0.621576106431036
 CCSD total energy / hartree       =      -108.910876484073867

Time taken for Closed Shell Cholesky CCSD: 1.73 secs

Executing DUCC routine
======================
Number of active occupied alpha = 7
Number of active occupied beta  = 7
Number of active virtual alpha  = 12
Number of active virtual beta   = 12
ducc_lvl = 0

Full SCF Energy: -108.289300377643
Bare SCF Energy: -108.289300378500
Frozen Core Energy: 0.000000000857

DUCC: Time taken to compute Bare Hamiltonian: 0.00 secs
Bare Active Space SCF Energy: -108.289300378500
Fully Contracted Scalar: -0.000000000000

DUCC SCF energy: -108.289300378500
Total Energy Shift: 0.000000000857

DUCC: Total compute time: 0.00 secs

DUCC: Time to write results: 0.05 secs
DUCC Memory Stats
-----------------
allocation count: 513
deallocation count: 512
total memory allocated: 0.077611 GiB
total memory deallocated: 0.077610 GiB
maximum memory in single allocation: 0.009159 GiB
maximum memory consumption: 0.031047 GiB
