
ExaChem Git Information
{
 Branch: main
 Commit Hash: bd25dab [bd25dab8406e69b11ad8def9900a8eea7bb8d543]
 Commit Date: 2025-01-30 14:42:33 -0800
 Commit Message: Fixes ECP handling for multiple atoms

 WARNING: The following ExaChem sources have uncommitted changes at build-time.

 M exachem/cc/ducc/ducc-t_ccsd.cpp

diff --git a/exachem/cc/ducc/ducc-t_ccsd.cpp b/exachem/cc/ducc/ducc-t_ccsd.cpp
index 16950f2..85b1230 100644
--- a/exachem/cc/ducc/ducc-t_ccsd.cpp
+++ b/exachem/cc/ducc/ducc-t_ccsd.cpp
@@ -2036 +2036 @@ void DUCC_T_CCSD_Driver(ChemEnv& chem_env, ExecutionContext& ec, const TiledInde
-  if(rank == 0 && ducc_lvl > 0) {
+  if(rank == 0) {

}


TAMM Git Information
{
 Branch: main
 Commit Hash: 1c9868cf [1c9868cfbfc8bad3586dd21e36f2519cff1fe55a]
 Commit Date: 2024-12-19 12:23:01 -0800
 Commit Message: minor update to print_vector
}


date: Thu Feb  6 15:13:30 2025
program: "/hpc/home/baum612/code/exachem-dev/build/methods_stage/hpc/home/baum612/code/tamm_install/methods/ExaChem"
nnodes: 1, nproc_per_node: 8, nproc_total: 8, 
Memory information
{
[Intel(R) Xeon(R) Platinum 8276M CPU @ 2.20GHz] : 
  CPU memory per node (GiB): 6046
  Total CPU memory (GiB): 6046
}

------------------------------------------------------------

Input file provided: /hpc/home/baum612/TESTS/DUCC-Hamiltonian-Library/N2/cc-pVDZ/AllElectronCCSD-14Elec-23Orbs/3.0_Eq-6.2040au/DUCC3/N2.json

{
  "geometry": {
    "coordinates": [
      "N  0.000000  0.000000  0.000000",
      "N  0.000000  0.000000  6.2040"
    ],
    "units": "bohr"
  },
  "basis": {
    "basisset": "cc-pvdz"
  },
  "common": {
    "file_prefix": "N2",
    "maxiter": 100
  },
  "SCF": {
    "tol_int": 1e-16,
    "tol_lindep": 1e-09,
    "conve": 1e-10,
    "convd": 1e-09,
    "diis_hist": 10,
    "charge": 0,
    "multiplicity": 1,
    "restart": false,
    "scf_type": "restricted",
    "writem": 10
  },
  "CD": {
    "diagtol": 1e-14,
    "max_cvecs": 1000
  },
  "CC": {
    "threshold": 1e-08,
    "ndiis": 5,
    "writet": false,
    "ccsd_maxiter": 100,
    "lshift": 0.1,
    "nactive_oa": 7,
    "nactive_ob": 7,
    "nactive_va": 16,
    "nactive_vb": 16,
    "ducc_lvl": 2
  },
  "TASK": {
    "ducc": true
  }
}

Output folder & files prefix: N2.cc-pvdz

Printing Internal Coordinates

------------------------------------------------------------
                Bond Lengths

i      j        Length (Angstroms)     Length (Bohr)
0      1          3.2830154142         6.2040000000

Number of Angles: 0
Number of Torsional Angles: 0


----------------------------------------------------------------------
                          Center of Mass

         x               y               z              Unit
               0               0     1.641507707      Angstrom
               0               0           3.102          Bohr

----------------------------------------------------------------------
                Moment of Inertia Tensor

           269.486                 0                 0
                 0           269.486                 0
                 0                 0                 0

----------------------------------------------------------------------
                      Principal Moments of Inertia

           x                 y                 z                Unit
                 0       75.46387599       75.46387599       amu * ang^2
                 0       269.4863936       269.4863936      amu * bohr^2
  0.0000000000e+00  1.2531079973e-38  1.2531079973e-38          g * cm^2

 - Molecule is diatomic.

----------------------------------------------------------------------

         Rotational constants (MHz)

    A = inf        B = 6.6970e+03        C = 6.6970e+03

----------------------------------------------------------------------

        Rotational constants (cm-1)

    A = inf        B = 2.2339e-01        C = 2.2339e-01

----------------------------------------------------------------------

                                Z-Matrix
N   
N        1           6.204

----------------------------------------------------------------------

             Converted back to Cartesian

N        0.000000      0.000000      0.000000
N        0.000000      0.000000      6.204000

----------------------------------------------------------------------
                       Geometry in bohr 

1     N       0.0000000000    0.0000000000    0.0000000000
2     N       0.0000000000    0.0000000000    6.2040000000
Resetting xc_basis_tol to 1e-10

 Number of nodes, processes per node used for SCF calculation: 1, 8

Common Options
{
 maxiter    = 100
 basis      = cc-pvdz spherical
 geom_units = bohr
 natoms_max = 30
 debug      = false
 file_prefix    = N2
}

SCF Options
{
 charge            = 0
 multiplicity      = 1
 level shift       = 0
 tol_int           = 1e-16
 tol_sch           = 1e-12
 tol_lindep        = 1e-09
 conve             = 1e-10
 convd             = 1e-09
 diis_hist         = 10
 AO_tilesize       = 30
 writem            = 10
 damp              = 100
 n_lindep          = 0
 scf_type          = restricted
 direct_df         = false
 restart_size      = 2000
 restart           = false
 debug             = false
}

Number of basis functions = 28

Total number of shells = 12

Total number of electrons = 14
  # of alpha electrons    = 7
  # of beta electons      = 7

Nuclear repulsion energy  = 7.89813023855577

# of {all,non-negligible} shell-pairs = {78,78}
Number of AO tiles = 12

Time for initial setup: 0.00 secs
HF exch = 1.00

Time for computing 1-e integrals T, V, S: 0.00 secs
Time for computing orthogonalizer: 0.00 secs

Superposition of Atomic Density Guess ...
Time taken for SAD: 0.04 secs
Total Time to compute initial guess: 0.04 secs


 SCF iterations
-----------------------------------------------------------------------------
 Iter     Energy            E-Diff       RMSD        |[F,P]|^2       Time(s)
-----------------------------------------------------------------------------
Resetting lshift to 0.50
   1  -107.6580054601    -1.08e+02     5.67e-02     1.44e-03         0.0 
   2  -107.9443446977    -2.86e-01     4.23e-04     7.71e-03         0.0 
   3  -107.9447189115    -3.74e-04     2.13e-03     5.84e-03         0.0 
   4  -107.9458091775    -1.09e-03     6.29e-04     3.40e-04         0.0 
   5  -107.9458776304    -6.85e-05     3.93e-05     1.39e-06         0.0 
   6  -107.9458778999    -2.69e-07     1.67e-06     2.74e-09         0.0 
   7  -107.9458779005    -5.89e-10     4.71e-07     4.82e-11         0.0 
   8  -107.9458779005    -7.67e-12     1.85e-07     6.48e-11         0.0 
   9  -107.9458779005     1.34e-11     1.87e-07     3.88e-10         0.0 
  10  -107.9458779005    -2.08e-11     2.03e-09     2.80e-15         0.0 
<DIIS> Singularity in Pulay matrix detected.
<DIIS> Singularity in Pulay matrix detected.
<DIIS> Singularity in Pulay matrix detected.
<DIIS> Singularity in Pulay matrix detected.
<DIIS> Singularity in Pulay matrix detected.
  11  -107.9458779005    -4.26e-14     6.37e-10     2.14e-16         0.0 

** Total SCF energy = -107.9458779005293

Nuclear repulsion energy = 7.898130238555771
#electrons        = 14
1e energy kinetic = 107.4474318779195698
1e energy N-e     = -269.8679108864345153
1e energy         = -162.4204790085150307
2e energy         = 46.5764708694299188
writing orbitals and density to disk ... done.

Total Time taken for Hartree-Fock: 0.25 secs

CD Options
{
 debug            = false
 skip_cd          = [false,100]
 write_cv         = [false,5000]
 diagtol          = 1e-14
 itilesize        = 1000
 max_cvecs_factor = 1000
}

- #occupied, #virtual = 14, 42

- Tilesize for the MSO space: 40

-----------------------------------------------------
Begin 2-index transformation ... 

nAO, nMO, nelectrons = 28, 56, 14
n_occ_alpha, n_vir_alpha, n_occ_beta, n_vir_beta = 7,21,7,21

Time taken for Fao->Fmo transform: 0.00 secs

-----------------------------------------------------
Number of AO tiles = 12
# of {all,non-negligible} shell-pairs = {78,78}

    Begin Cholesky Decomposition
---------------------------------------------
Total # of mpi ranks used for Cholesky decomposition: 8
  --> Number of nodes, mpi ranks per node: 1, 8
- CPU memory required for computing cholesky vectors: 0.00 GiB

- Time for computing the diagonal: 0.00 secs

- Total number of cholesky vectors = 611

- Time to compute cholesky vectors: 0.29 secs

- CPU memory required for resizing the ao cholesky tensor: 0.01 GiB
- CPU memory required for ao2mo transformation: 0.01 GiB
- CPU memory required for the 2-step contraction: 0.01 GiB

- Time for ao to mo transform: 0.02 secs

   End Cholesky Decomposition
---------------------------------------------

Total Time taken for Cholesky Decomposition: 0.34 secs

scf_type = restricted
Closed-Shell SCF
nbf = 28
nbf_orig = 28
n_lindep = 0
focc = 1
nmo = 56
nocc = 14
nvir = 42
n_occ_alpha = 7
n_vir_alpha = 21
n_occ_beta = 7
n_vir_beta = 21
nelectrons = 14
nelectrons_alpha = 7
nelectrons_beta = 7
n_frozen_core = 0
n_frozen_virtual = 0
----------------------------

Total CPU memory required for Closed Shell Cholesky CCSD calculation: 0.02 GiB


 CCSD iterations
------------------------------------------------------------
  Iter     Residuum          Correlation          Time(s)
------------------------------------------------------------
   1     0.5334416067802    0.0000000000000         0.04
   2     0.7009217743633   -1.5487166667303         0.03
   3     1.9259689239515    1.0997688076608         0.03
   4     3.0409878832764   -5.8405311488415         0.03
   5     4.1189447244675    1.7617076637852         0.03
 MICROCYCLE DIIS UPDATE:                    6
   6     0.1851208971106   -0.8324984162683         0.03
   7     0.5088583702979   -0.1319824348652         0.03
   8     1.0143762993435   -1.9311309964290         0.03
   9     2.3855392150084    1.6133300084073         0.03
  10     3.2268371364257   -7.2937893299398         0.03
 MICROCYCLE DIIS UPDATE:                   11
  11     0.0543104183662   -0.6464624271225         0.03
  12     0.0706718384337   -0.6443837300317         0.03
  13     0.0506937449018   -0.7608442708275         0.03
  14     0.1753111803805   -0.6160046430336         0.03
  15     0.2485637541548   -1.0808129802759         0.03
 MICROCYCLE DIIS UPDATE:                   16
  16     0.0507479831551   -0.7202084510319         0.03
  17     0.1293058792575   -0.6487978534236         0.04
  18     0.1401930252592   -0.9557268977619         0.03
  19     0.4192740026625   -0.4665453851468         0.03
  20     0.8031843625855   -1.6648806559745         0.03
 MICROCYCLE DIIS UPDATE:                   21
  21     0.0490168232668   -0.7888021983492         0.03
  22     0.1671192025621   -0.6923178549155         0.03
  23     0.1959974454158   -1.0946324405914         0.03
  24     0.4549299121874   -0.5016680085962         0.03
  25     0.8542425815042   -1.7421566949240         0.03
 MICROCYCLE DIIS UPDATE:                   26
  26     0.0420622111655   -0.8479912056355         0.03
  27     0.1910810203214   -0.7353865629163         0.03
  28     0.2443069436837   -1.2003315912005         0.03
  29     0.4244173806088   -0.5549080388612         0.03
  30     0.7396205895312   -1.6573762248009         0.03
 MICROCYCLE DIIS UPDATE:                   31
  31     0.0364497550651   -0.8997839720812         0.03
  32     0.1579032453618   -0.8275365110572         0.03
  33     0.1897348190592   -1.1961172063086         0.03
  34     0.2688500032235   -0.7463631495083         0.03
  35     0.3675322028036   -1.3678443035590         0.03
 MICROCYCLE DIIS UPDATE:                   36
  36     0.0210133756549   -0.9875295003323         0.04
  37     0.0917261107576   -0.9499104917001         0.03
  38     0.1130098025319   -1.1616971887972         0.03
  39     0.1244718095068   -0.9218332676735         0.03
  40     0.1181390769635   -1.1626004684481         0.03
 MICROCYCLE DIIS UPDATE:                   41
  41     0.0051536588938   -1.0466997956862         0.03
  42     0.0190504732097   -1.0398804171422         0.03
  43     0.0226212350218   -1.0831542730554         0.03
  44     0.0234515880332   -1.0362084815764         0.03
  45     0.0186215218121   -1.0781642770236         0.03
 MICROCYCLE DIIS UPDATE:                   46
  46     0.0005269082547   -1.0611036803391         0.04
  47     0.0010150986233   -1.0616947156504         0.03
  48     0.0015717277032   -1.0595879575598         0.03
  49     0.0019085184770   -1.0625546134356         0.03
  50     0.0020084667857   -1.0592349907488         0.03
 MICROCYCLE DIIS UPDATE:                   51
  51     0.0000219990304   -1.0609246881320         0.03
  52     0.0000137033379   -1.0609199346023         0.03
  53     0.0000145951877   -1.0609388332445         0.03
  54     0.0000201869316   -1.0609184722733         0.03
  55     0.0000237503204   -1.0609466498175         0.03
 MICROCYCLE DIIS UPDATE:                   56
  56     0.0000014097891   -1.0609325733920         0.03
  57     0.0000016311695   -1.0609319199688         0.03
  58     0.0000025214740   -1.0609309790980         0.03
  59     0.0000035802012   -1.0609339781000         0.03
  60     0.0000045790620   -1.0609287170360         0.03
 MICROCYCLE DIIS UPDATE:                   61
  61     0.0000001340084   -1.0609318901108         0.03
  62     0.0000002900781   -1.0609318050224         0.03
  63     0.0000009107520   -1.0609319830551         0.03
  64     0.0000029672032   -1.0609317985586         0.03
  65     0.0000097104343   -1.0609319656504         0.03
 MICROCYCLE DIIS UPDATE:                   66
  66     0.0000000159121   -1.0609318940083         0.03
  67     0.0000000173897   -1.0609318888175         0.03
  68     0.0000000464508   -1.0609319004761         0.03
  69     0.0000001469594   -1.0609318858339         0.04
  70     0.0000004736667   -1.0609319009146         0.04
 MICROCYCLE DIIS UPDATE:                   71
  71     0.0000000023658   -1.0609318942812         0.03
------------------------------------------------------------------
 Iterations converged
 CCSD correlation energy / hartree =        -1.060931894281215
 CCSD total energy / hartree       =      -109.006809794810550

Time taken for Closed Shell Cholesky CCSD: 2.71 secs

Executing DUCC routine
======================
Number of active occupied alpha = 7
Number of active occupied beta  = 7
Number of active virtual alpha  = 16
Number of active virtual beta   = 16
ducc_lvl = 2

Full SCF Energy: -107.945877900529
Bare SCF Energy: -107.945877899708
Frozen Core Energy: -0.000000000822

DUCC: Time taken to compute Bare Hamiltonian: 0.00 secs
Bare Active Space SCF Energy: -107.945877899707

DUCC: Time taken to compute single commutator of F and V and double commutator of F: 0.34 secs

DUCC: Time taken to compute double commutator of V and triple commutator of F: 5.20 secs
Fully Contracted Scalar: -0.041400926601

DUCC SCF energy: -107.994222598706
Total Energy Shift: 0.006943771576

DUCC: Total compute time: 5.55 secs

DUCC: Time to write results: 0.11 secs
DUCC Memory Stats
-----------------
allocation count: 3928
deallocation count: 3927
total memory allocated: 4.680001 GiB
total memory deallocated: 4.680000 GiB
maximum memory in single allocation: 0.013458 GiB
maximum memory consumption: 0.887899 GiB
