
ExaChem Git Information
{
 Branch: main
 Commit Hash: bd25dab [bd25dab8406e69b11ad8def9900a8eea7bb8d543]
 Commit Date: 2025-01-30 14:42:33 -0800
 Commit Message: Fixes ECP handling for multiple atoms

 WARNING: The following ExaChem sources have uncommitted changes at build-time.

 M exachem/cc/ducc/ducc-t_ccsd.cpp

diff --git a/exachem/cc/ducc/ducc-t_ccsd.cpp b/exachem/cc/ducc/ducc-t_ccsd.cpp
index 16950f2..85b1230 100644
--- a/exachem/cc/ducc/ducc-t_ccsd.cpp
+++ b/exachem/cc/ducc/ducc-t_ccsd.cpp
@@ -2036 +2036 @@ void DUCC_T_CCSD_Driver(ChemEnv& chem_env, ExecutionContext& ec, const TiledInde
-  if(rank == 0 && ducc_lvl > 0) {
+  if(rank == 0) {

}


TAMM Git Information
{
 Branch: main
 Commit Hash: 1c9868cf [1c9868cfbfc8bad3586dd21e36f2519cff1fe55a]
 Commit Date: 2024-12-19 12:23:01 -0800
 Commit Message: minor update to print_vector
}


date: Thu Feb  6 15:26:38 2025
program: "/hpc/home/baum612/code/exachem-dev/build/methods_stage/hpc/home/baum612/code/tamm_install/methods/ExaChem"
nnodes: 1, nproc_per_node: 8, nproc_total: 8, 
Memory information
{
[Intel(R) Xeon(R) Platinum 8276M CPU @ 2.20GHz] : 
  CPU memory per node (GiB): 6046
  Total CPU memory (GiB): 6046
}

------------------------------------------------------------

Input file provided: /hpc/home/baum612/TESTS/DUCC-Hamiltonian-Library/N2/cc-pVDZ/AllElectronCCSD-14Elec-23Orbs/1.9_Eq-3.9292au/DUCC2/N2.json

{
  "geometry": {
    "coordinates": [
      "N  0.000000  0.000000  0.000000",
      "N  0.000000  0.000000  3.9292"
    ],
    "units": "bohr"
  },
  "basis": {
    "basisset": "cc-pvdz"
  },
  "common": {
    "file_prefix": "N2",
    "maxiter": 100
  },
  "SCF": {
    "tol_int": 1e-16,
    "tol_lindep": 1e-09,
    "conve": 1e-10,
    "convd": 1e-09,
    "diis_hist": 10,
    "charge": 0,
    "multiplicity": 1,
    "restart": false,
    "scf_type": "restricted",
    "writem": 10
  },
  "CD": {
    "diagtol": 1e-14,
    "max_cvecs": 1000
  },
  "CC": {
    "threshold": 1e-08,
    "ndiis": 5,
    "writet": false,
    "ccsd_maxiter": 100,
    "lshift": 0.1,
    "nactive_oa": 7,
    "nactive_ob": 7,
    "nactive_va": 16,
    "nactive_vb": 16,
    "ducc_lvl": 1
  },
  "TASK": {
    "ducc": true
  }
}

Output folder & files prefix: N2.cc-pvdz

Printing Internal Coordinates

------------------------------------------------------------
                Bond Lengths

i      j        Length (Angstroms)     Length (Bohr)
0      1          2.0792430957         3.9292000000

Number of Angles: 0
Number of Torsional Angles: 0


----------------------------------------------------------------------
                          Center of Mass

         x               y               z              Unit
               0               0     1.039621548      Angstrom
               0               0          1.9646          Bohr

----------------------------------------------------------------------
                Moment of Inertia Tensor

           108.094                 0                 0
                 0           108.094                 0
                 0                 0                 0

----------------------------------------------------------------------
                      Principal Moments of Inertia

           x                 y                 z                Unit
                 0       30.26939915       30.26939915       amu * ang^2
                 0       108.0939868       108.0939868      amu * bohr^2
  0.0000000000e+00  5.0263554115e-39  5.0263554115e-39          g * cm^2

 - Molecule is diatomic.

----------------------------------------------------------------------

         Rotational constants (MHz)

    A = inf        B = 1.6696e+04        C = 1.6696e+04

----------------------------------------------------------------------

        Rotational constants (cm-1)

    A = inf        B = 5.5692e-01        C = 5.5692e-01

----------------------------------------------------------------------

                                Z-Matrix
N   
N        1          3.9292

----------------------------------------------------------------------

             Converted back to Cartesian

N        0.000000      0.000000      0.000000
N        0.000000      0.000000      3.929200

----------------------------------------------------------------------
                       Geometry in bohr 

1     N       0.0000000000    0.0000000000    0.0000000000
2     N       0.0000000000    0.0000000000    3.9292000000
Resetting xc_basis_tol to 1e-10

 Number of nodes, processes per node used for SCF calculation: 1, 8

Common Options
{
 maxiter    = 100
 basis      = cc-pvdz spherical
 geom_units = bohr
 natoms_max = 30
 debug      = false
 file_prefix    = N2
}

SCF Options
{
 charge            = 0
 multiplicity      = 1
 level shift       = 0
 tol_int           = 1e-16
 tol_sch           = 1e-12
 tol_lindep        = 1e-09
 conve             = 1e-10
 convd             = 1e-09
 diis_hist         = 10
 AO_tilesize       = 30
 writem            = 10
 damp              = 100
 n_lindep          = 0
 scf_type          = restricted
 direct_df         = false
 restart_size      = 2000
 restart           = false
 debug             = false
}

Number of basis functions = 28

Total number of shells = 12

Total number of electrons = 14
  # of alpha electrons    = 7
  # of beta electons      = 7

Nuclear repulsion energy  = 12.4707319556144

# of {all,non-negligible} shell-pairs = {78,78}
Number of AO tiles = 12

Time for initial setup: 0.00 secs
HF exch = 1.00

Time for computing 1-e integrals T, V, S: 0.00 secs
Time for computing orthogonalizer: 0.00 secs

Superposition of Atomic Density Guess ...
Time taken for SAD: 0.04 secs
Total Time to compute initial guess: 0.04 secs


 SCF iterations
-----------------------------------------------------------------------------
 Iter     Energy            E-Diff       RMSD        |[F,P]|^2       Time(s)
-----------------------------------------------------------------------------
   1  -107.7560978208    -1.08e+02     5.31e-02     5.03e-01         0.0 
   2  -108.2840380915    -5.28e-01     4.05e-03     3.43e-02         0.0 
   3  -108.2886203313    -4.58e-03     1.37e-03     3.75e-03         0.0 
   4  -108.2892303143    -6.10e-04     6.01e-04     4.15e-04         0.0 
   5  -108.2893002503    -6.99e-05     2.59e-05     1.04e-06         0.0 
   6  -108.2893003733    -1.23e-07     5.42e-06     2.78e-08         0.0 
   7  -108.2893003776    -4.30e-09     4.21e-07     1.22e-10         0.0 
   8  -108.2893003776    -2.55e-11     3.39e-08     4.93e-13         0.0 
   9  -108.2893003776    -2.56e-13     3.00e-09     6.25e-15         0.0 
<DIIS> Singularity in Pulay matrix detected.
<DIIS> Singularity in Pulay matrix detected.
  10  -108.2893003776     0.00e+00     7.58e-10     2.77e-16         0.0 

** Total SCF energy = -108.2893003776428

Nuclear repulsion energy = 12.470731955614376
#electrons        = 14
1e energy kinetic = 107.1359482283340157
1e energy N-e     = -278.7366807148138150
1e energy         = -171.6007324864796431
2e energy         = 50.8407001532224641
writing orbitals and density to disk ... done.

Total Time taken for Hartree-Fock: 0.25 secs

CD Options
{
 debug            = false
 skip_cd          = [false,100]
 write_cv         = [false,5000]
 diagtol          = 1e-14
 itilesize        = 1000
 max_cvecs_factor = 1000
}

- #occupied, #virtual = 14, 42

- Tilesize for the MSO space: 40

-----------------------------------------------------
Begin 2-index transformation ... 

nAO, nMO, nelectrons = 28, 56, 14
n_occ_alpha, n_vir_alpha, n_occ_beta, n_vir_beta = 7,21,7,21

Time taken for Fao->Fmo transform: 0.00 secs

-----------------------------------------------------
Number of AO tiles = 12
# of {all,non-negligible} shell-pairs = {78,78}

    Begin Cholesky Decomposition
---------------------------------------------
Total # of mpi ranks used for Cholesky decomposition: 8
  --> Number of nodes, mpi ranks per node: 1, 8
- CPU memory required for computing cholesky vectors: 0.00 GiB

- Time for computing the diagonal: 0.00 secs

- Total number of cholesky vectors = 784

- Time to compute cholesky vectors: 0.42 secs

- CPU memory required for resizing the ao cholesky tensor: 0.01 GiB
- CPU memory required for ao2mo transformation: 0.01 GiB
- CPU memory required for the 2-step contraction: 0.02 GiB

- Time for ao to mo transform: 0.03 secs

   End Cholesky Decomposition
---------------------------------------------

Total Time taken for Cholesky Decomposition: 0.47 secs

scf_type = restricted
Closed-Shell SCF
nbf = 28
nbf_orig = 28
n_lindep = 0
focc = 1
nmo = 56
nocc = 14
nvir = 42
n_occ_alpha = 7
n_vir_alpha = 21
n_occ_beta = 7
n_vir_beta = 21
nelectrons = 14
nelectrons_alpha = 7
nelectrons_beta = 7
n_frozen_core = 0
n_frozen_virtual = 0
----------------------------

Total CPU memory required for Closed Shell Cholesky CCSD calculation: 0.03 GiB


 CCSD iterations
------------------------------------------------------------
  Iter     Residuum          Correlation          Time(s)
------------------------------------------------------------
   1     0.4878735596831    0.0000000000000         0.04
   2     0.2609365080375   -0.7522043820065         0.04
   3     0.2790151940755   -0.2726652024780         0.04
   4     0.2418953144172   -0.7729824947566         0.04
   5     0.2616885025416   -0.3112160026984         0.04
 MICROCYCLE DIIS UPDATE:                    6
   6     0.0292644721262   -0.5414202795162         0.04
   7     0.0333745319678   -0.5282069197011         0.04
   8     0.0204636638484   -0.5572707297334         0.04
   9     0.0285226771373   -0.5434514632357         0.04
  10     0.0161861083324   -0.5707203173156         0.04
 MICROCYCLE DIIS UPDATE:                   11
  11     0.0126488378813   -0.6076234009140         0.04
  12     0.0099647271778   -0.6229025344867         0.04
  13     0.0110251418171   -0.6069534168865         0.04
  14     0.0077812310679   -0.6229507972752         0.04
  15     0.0092671323742   -0.6092498613538         0.04
 MICROCYCLE DIIS UPDATE:                   16
  16     0.0013066796590   -0.6178729097822         0.04
  17     0.0021152948738   -0.6167875745301         0.04
  18     0.0009635110877   -0.6190581409492         0.04
  19     0.0016727290588   -0.6179028374772         0.04
  20     0.0007580546150   -0.6197870515841         0.04
 MICROCYCLE DIIS UPDATE:                   21
  21     0.0002956641585   -0.6210879230098         0.04
  22     0.0002979320720   -0.6209399825606         0.04
  23     0.0001424183088   -0.6212241663365         0.04
  24     0.0002267098224   -0.6210743982854         0.04
  25     0.0001042649388   -0.6213161659342         0.04
 MICROCYCLE DIIS UPDATE:                   26
  26     0.0000510296957   -0.6214613586623         0.04
  27     0.0000641050911   -0.6214362496391         0.04
  28     0.0000297752674   -0.6215007159123         0.04
  29     0.0000479237560   -0.6214708525199         0.04
  30     0.0000216322220   -0.6215233121917         0.04
 MICROCYCLE DIIS UPDATE:                   31
  31     0.0000116645476   -0.6215522309663         0.04
  32     0.0000122355854   -0.6215477549897         0.04
  33     0.0000065935270   -0.6215574835900         0.04
  34     0.0000090612401   -0.6215540135916         0.04
  35     0.0000046538282   -0.6215620980731         0.04
 MICROCYCLE DIIS UPDATE:                   36
  36     0.0000012702094   -0.6215743423472         0.04
  37     0.0000012758864   -0.6215736409218         0.04
  38     0.0000005751362   -0.6215750454303         0.04
  39     0.0000009478579   -0.6215742567743         0.04
  40     0.0000004440498   -0.6215754047915         0.04
 MICROCYCLE DIIS UPDATE:                   41
  41     0.0000002040005   -0.6215756284656         0.04
  42     0.0000002558966   -0.6215755165890         0.04
  43     0.0000001359041   -0.6215757466177         0.04
  44     0.0000002093388   -0.6215756468369         0.04
  45     0.0000001454179   -0.6215758406051         0.04
 MICROCYCLE DIIS UPDATE:                   46
  46     0.0000000539175   -0.6215760010606         0.04
  47     0.0000000681958   -0.6215759727939         0.04
  48     0.0000000319625   -0.6215760432268         0.04
  49     0.0000000529057   -0.6215760097136         0.04
  50     0.0000000333737   -0.6215760667095         0.04
 MICROCYCLE DIIS UPDATE:                   51
  51     0.0000000153185   -0.6215760817966         0.04
  52     0.0000000195279   -0.6215760734600         0.04
  53     0.0000000111816   -0.6215760911047         0.04
  54     0.0000000177169   -0.6215760833958         0.04
  55     0.0000000169893   -0.6215760982931         0.04
 MICROCYCLE DIIS UPDATE:                   56
  56     0.0000000046968   -0.6215761085079         0.04
------------------------------------------------------------------
 Iterations converged
 CCSD correlation energy / hartree =        -0.621576108507911
 CCSD total energy / hartree       =      -108.910876486150741

Time taken for Closed Shell Cholesky CCSD: 2.50 secs

Executing DUCC routine
======================
Number of active occupied alpha = 7
Number of active occupied beta  = 7
Number of active virtual alpha  = 16
Number of active virtual beta   = 16
ducc_lvl = 1

Full SCF Energy: -108.289300377643
Bare SCF Energy: -108.289300373505
Frozen Core Energy: -0.000000004138

DUCC: Time taken to compute Bare Hamiltonian: 0.00 secs
Bare Active Space SCF Energy: -108.289300373505

DUCC: Time taken to compute single commutator of F and V and double commutator of F: 0.40 secs
Fully Contracted Scalar: -0.030028366650

DUCC SCF energy: -108.319328740155
Total Energy Shift: -0.000000004138

DUCC: Total compute time: 0.40 secs

DUCC: Time to write results: 0.11 secs
DUCC Memory Stats
-----------------
allocation count: 873
deallocation count: 872
total memory allocated: 0.580105 GiB
total memory deallocated: 0.580104 GiB
maximum memory in single allocation: 0.009159 GiB
maximum memory consumption: 0.166776 GiB
