
ExaChem Git Information
{
 Branch: main
 Commit Hash: bd25dab [bd25dab8406e69b11ad8def9900a8eea7bb8d543]
 Commit Date: 2025-01-30 14:42:33 -0800
 Commit Message: Fixes ECP handling for multiple atoms

 WARNING: The following ExaChem sources have uncommitted changes at build-time.

 M exachem/cc/ducc/ducc-t_ccsd.cpp

diff --git a/exachem/cc/ducc/ducc-t_ccsd.cpp b/exachem/cc/ducc/ducc-t_ccsd.cpp
index 16950f2..85b1230 100644
--- a/exachem/cc/ducc/ducc-t_ccsd.cpp
+++ b/exachem/cc/ducc/ducc-t_ccsd.cpp
@@ -2036 +2036 @@ void DUCC_T_CCSD_Driver(ChemEnv& chem_env, ExecutionContext& ec, const TiledInde
-  if(rank == 0 && ducc_lvl > 0) {
+  if(rank == 0) {

}


TAMM Git Information
{
 Branch: main
 Commit Hash: 1c9868cf [1c9868cfbfc8bad3586dd21e36f2519cff1fe55a]
 Commit Date: 2024-12-19 12:23:01 -0800
 Commit Message: minor update to print_vector
}


date: Thu Feb  6 14:58:07 2025
program: "/hpc/home/baum612/code/exachem-dev/build/methods_stage/hpc/home/baum612/code/tamm_install/methods/ExaChem"
nnodes: 1, nproc_per_node: 8, nproc_total: 8, 
Memory information
{
[Intel(R) Xeon(R) Platinum 8276M CPU @ 2.20GHz] : 
  CPU memory per node (GiB): 6046
  Total CPU memory (GiB): 6046
}

------------------------------------------------------------

Input file provided: /hpc/home/baum612/TESTS/DUCC-Hamiltonian-Library/N2/cc-pVDZ/AllElectronCCSD-14Elec-13Orbs/2.7_Eq-5.5836au/Bare/N2.json

{
  "geometry": {
    "coordinates": [
      "N  0.000000  0.000000  0.000000",
      "N  0.000000  0.000000  5.5836"
    ],
    "units": "bohr"
  },
  "basis": {
    "basisset": "cc-pvdz"
  },
  "common": {
    "file_prefix": "N2",
    "maxiter": 100
  },
  "SCF": {
    "tol_int": 1e-16,
    "tol_lindep": 1e-09,
    "conve": 1e-10,
    "convd": 1e-09,
    "diis_hist": 10,
    "charge": 0,
    "multiplicity": 1,
    "restart": false,
    "scf_type": "restricted",
    "writem": 10
  },
  "CD": {
    "diagtol": 1e-14,
    "max_cvecs": 1000
  },
  "CC": {
    "threshold": 1e-08,
    "ndiis": 5,
    "writet": false,
    "ccsd_maxiter": 100,
    "lshift": 0.1,
    "nactive_oa": 7,
    "nactive_ob": 7,
    "nactive_va": 6,
    "nactive_vb": 6,
    "ducc_lvl": 0
  },
  "TASK": {
    "ducc": true
  }
}

Output folder & files prefix: N2.cc-pvdz

Printing Internal Coordinates

------------------------------------------------------------
                Bond Lengths

i      j        Length (Angstroms)     Length (Bohr)
0      1          2.9547138728         5.5836000000

Number of Angles: 0
Number of Torsional Angles: 0


----------------------------------------------------------------------
                          Center of Mass

         x               y               z              Unit
               0               0     1.477356936      Angstrom
               0               0          2.7918          Bohr

----------------------------------------------------------------------
                Moment of Inertia Tensor

           218.284                 0                 0
                 0           218.284                 0
                 0                 0                 0

----------------------------------------------------------------------
                      Principal Moments of Inertia

           x                 y                 z                Unit
                 0       61.12573955       61.12573955       amu * ang^2
                 0       218.2839788       218.2839788      amu * bohr^2
  0.0000000000e+00  1.0150174778e-38  1.0150174778e-38          g * cm^2

 - Molecule is diatomic.

----------------------------------------------------------------------

         Rotational constants (MHz)

    A = inf        B = 8.2679e+03        C = 8.2679e+03

----------------------------------------------------------------------

        Rotational constants (cm-1)

    A = inf        B = 2.7579e-01        C = 2.7579e-01

----------------------------------------------------------------------

                                Z-Matrix
N   
N        1          5.5836

----------------------------------------------------------------------

             Converted back to Cartesian

N        0.000000      0.000000      0.000000
N        0.000000      0.000000      5.583600

----------------------------------------------------------------------
                       Geometry in bohr 

1     N       0.0000000000    0.0000000000    0.0000000000
2     N       0.0000000000    0.0000000000    5.5836000000
Resetting xc_basis_tol to 1e-10

 Number of nodes, processes per node used for SCF calculation: 1, 8

Common Options
{
 maxiter    = 100
 basis      = cc-pvdz spherical
 geom_units = bohr
 natoms_max = 30
 debug      = false
 file_prefix    = N2
}

SCF Options
{
 charge            = 0
 multiplicity      = 1
 level shift       = 0
 tol_int           = 1e-16
 tol_sch           = 1e-12
 tol_lindep        = 1e-09
 conve             = 1e-10
 convd             = 1e-09
 diis_hist         = 10
 AO_tilesize       = 30
 writem            = 10
 damp              = 100
 n_lindep          = 0
 scf_type          = restricted
 direct_df         = false
 restart_size      = 2000
 restart           = false
 debug             = false
}

Number of basis functions = 28

Total number of shells = 12

Total number of electrons = 14
  # of alpha electrons    = 7
  # of beta electons      = 7

Nuclear repulsion energy  = 8.77570026506197

# of {all,non-negligible} shell-pairs = {78,78}
Number of AO tiles = 12

Time for initial setup: 0.00 secs
HF exch = 1.00

Time for computing 1-e integrals T, V, S: 0.00 secs
Time for computing orthogonalizer: 0.00 secs

Superposition of Atomic Density Guess ...
Time taken for SAD: 0.03 secs
Total Time to compute initial guess: 0.04 secs


 SCF iterations
-----------------------------------------------------------------------------
 Iter     Energy            E-Diff       RMSD        |[F,P]|^2       Time(s)
-----------------------------------------------------------------------------
   1  -107.6606667995    -1.08e+02     5.60e-02     4.48e-03         0.0 
   2  -108.0006856855    -3.40e-01     9.23e-04     1.19e-02         0.0 
   3  -108.0016570355    -9.71e-04     2.21e-03     7.15e-03         0.0 
   4  -108.0029655247    -1.31e-03     8.38e-04     5.52e-04         0.0 
   5  -108.0030778983    -1.12e-04     2.02e-05     4.85e-07         0.0 
   6  -108.0030779877    -8.94e-08     5.70e-06     2.30e-08         0.0 
   7  -108.0030779914    -3.69e-09     1.33e-06     1.09e-09         0.0 
   8  -108.0030779916    -2.25e-10     1.16e-07     1.24e-11         0.0 
   9  -108.0030779916    -1.02e-12     3.66e-08     2.31e-11         0.0 
  10  -108.0030779916    -1.28e-12     4.69e-09     7.65e-14         0.0 
<DIIS> Singularity in Pulay matrix detected.
<DIIS> Singularity in Pulay matrix detected.
  11  -108.0030779916     2.84e-14     5.20e-10     1.84e-16         0.0 

** Total SCF energy = -108.0030779916146

Nuclear repulsion energy = 8.775700265061968
#electrons        = 14
1e energy kinetic = 107.3655794216675332
1e energy N-e     = -271.5185075447934082
1e energy         = -164.1529281231258892
2e energy         = 47.3741498664493577
writing orbitals and density to disk ... done.

Total Time taken for Hartree-Fock: 0.28 secs

CD Options
{
 debug            = false
 skip_cd          = [false,100]
 write_cv         = [false,5000]
 diagtol          = 1e-14
 itilesize        = 1000
 max_cvecs_factor = 1000
}

- #occupied, #virtual = 14, 42

- Tilesize for the MSO space: 40

-----------------------------------------------------
Begin 2-index transformation ... 

nAO, nMO, nelectrons = 28, 56, 14
n_occ_alpha, n_vir_alpha, n_occ_beta, n_vir_beta = 7,21,7,21

Time taken for Fao->Fmo transform: 0.00 secs

-----------------------------------------------------
Number of AO tiles = 12
# of {all,non-negligible} shell-pairs = {78,78}

    Begin Cholesky Decomposition
---------------------------------------------
Total # of mpi ranks used for Cholesky decomposition: 8
  --> Number of nodes, mpi ranks per node: 1, 8
- CPU memory required for computing cholesky vectors: 0.00 GiB

- Time for computing the diagonal: 0.00 secs

- Total number of cholesky vectors = 318

- Time to compute cholesky vectors: 0.21 secs

- CPU memory required for resizing the ao cholesky tensor: 0.01 GiB
- CPU memory required for ao2mo transformation: 0.01 GiB
- CPU memory required for the 2-step contraction: 0.01 GiB

- Time for ao to mo transform: 0.01 secs

   End Cholesky Decomposition
---------------------------------------------

Total Time taken for Cholesky Decomposition: 0.26 secs

scf_type = restricted
Closed-Shell SCF
nbf = 28
nbf_orig = 28
n_lindep = 0
focc = 1
nmo = 56
nocc = 14
nvir = 42
n_occ_alpha = 7
n_vir_alpha = 21
n_occ_beta = 7
n_vir_beta = 21
nelectrons = 14
nelectrons_alpha = 7
nelectrons_beta = 7
n_frozen_core = 0
n_frozen_virtual = 0
----------------------------

Total CPU memory required for Closed Shell Cholesky CCSD calculation: 0.01 GiB


 CCSD iterations
------------------------------------------------------------
  Iter     Residuum          Correlation          Time(s)
------------------------------------------------------------
   1     0.5228586105294    0.0000000000000         0.02
   2     0.5811649651961   -1.3321635496811         0.02
   3     1.3080800623456    0.5892126808988         0.02
   4     2.0447996661993   -3.5175792312910         0.02
   5     3.0550688313513    2.1891810961455         0.02
 MICROCYCLE DIIS UPDATE:                    6
   6     0.1213604720322   -0.7318149718579         0.02
   7     0.2842042365915   -0.3522777794035         0.02
   8     0.4687031219541   -1.1947726550313         0.02
   9     0.9973822706002    0.2858627503465         0.02
  10     1.7180595856546   -2.7708757271345         0.02
 MICROCYCLE DIIS UPDATE:                   11
  11     0.0552771684797   -0.6876489834694         0.02
  12     0.1547051003385   -0.5281820493404         0.02
  13     0.2085817392915   -0.9270753231403         0.02
  14     0.4867738123918   -0.2654997745709         0.02
  15     0.8621886471355   -1.6317193213911         0.02
 MICROCYCLE DIIS UPDATE:                   16
  16     0.0452315781197   -0.7130144827767         0.02
  17     0.1431655636522   -0.5968502706486         0.02
  18     0.1626471541809   -0.9294801507157         0.02
  19     0.3898542672369   -0.4335447588691         0.02
  20     0.6402944842055   -1.4429344272325         0.02
 MICROCYCLE DIIS UPDATE:                   21
  21     0.0408869825348   -0.7526612809919         0.02
  22     0.1370583543013   -0.6679823763735         0.02
  23     0.1311946964994   -0.9593622719744         0.02
  24     0.3066253514326   -0.5849777256970         0.02
  25     0.4470480174652   -1.3164423591682         0.02
 MICROCYCLE DIIS UPDATE:                   26
  26     0.0360166895685   -0.8210019466082         0.02
  27     0.1341412177503   -0.7487404965969         0.02
  28     0.1238175395142   -1.0242973720591         0.02
  29     0.2327341424650   -0.7154096148146         0.02
  30     0.2994438028159   -1.2304282503842         0.02
 MICROCYCLE DIIS UPDATE:                   31
  31     0.0212441576594   -0.9193338841788         0.02
  32     0.0815657599708   -0.8812274766612         0.02
  33     0.0755635112441   -1.0443769344954         0.02
  34     0.1001127314006   -0.8858176421886         0.02
  35     0.1019878962328   -1.0826915948199         0.02
 MICROCYCLE DIIS UPDATE:                   36
  36     0.0045528845559   -0.9881870732966         0.02
  37     0.0074300647475   -0.9862610372724         0.02
  38     0.0056030193301   -0.9996614057397         0.02
  39     0.0066210989376   -0.9888796773181         0.02
  40     0.0057332355068   -1.0008299640056         0.02
 MICROCYCLE DIIS UPDATE:                   41
  41     0.0002135405441   -0.9960756814821         0.02
  42     0.0005684727540   -0.9963832836190         0.02
  43     0.0006683915552   -0.9952500794127         0.02
  44     0.0007676648056   -0.9965091577922         0.02
  45     0.0007707958194   -0.9950927988920         0.02
 MICROCYCLE DIIS UPDATE:                   46
  46     0.0000194041291   -0.9958025749132         0.02
  47     0.0000156219481   -0.9958137597911         0.02
  48     0.0000118308816   -0.9957868565719         0.02
  49     0.0000124187701   -0.9958076830410         0.02
  50     0.0000110138081   -0.9957854505820         0.02
 MICROCYCLE DIIS UPDATE:                   51
  51     0.0000009700535   -0.9957948157199         0.02
  52     0.0000010221904   -0.9957944969710         0.02
  53     0.0000012863380   -0.9957958484086         0.02
  54     0.0000015287276   -0.9957937909220         0.02
  55     0.0000016942495   -0.9957964730330         0.02
 MICROCYCLE DIIS UPDATE:                   56
  56     0.0000001093979   -0.9957950405505         0.02
  57     0.0000001698911   -0.9957950543361         0.02
  58     0.0000004787864   -0.9957949964015         0.02
  59     0.0000014127182   -0.9957950231174         0.02
  60     0.0000041777871   -0.9957950054511         0.02
 MICROCYCLE DIIS UPDATE:                   61
  61     0.0000000091629   -0.9957950047367         0.02
------------------------------------------------------------------
 Iterations converged
 CCSD correlation energy / hartree =        -0.995795004736712
 CCSD total energy / hartree       =      -108.998872996351324

Time taken for Closed Shell Cholesky CCSD: 1.45 secs

Executing DUCC routine
======================
Number of active occupied alpha = 7
Number of active occupied beta  = 7
Number of active virtual alpha  = 6
Number of active virtual beta   = 6
ducc_lvl = 0

Full SCF Energy: -108.003077991615
Bare SCF Energy: -108.003077986575
Frozen Core Energy: -0.000000005039

DUCC: Time taken to compute Bare Hamiltonian: 0.00 secs
Bare Active Space SCF Energy: -108.003077986575
Fully Contracted Scalar: -0.000000000000

DUCC SCF energy: -108.003077986575
Total Energy Shift: -0.000000005039

DUCC: Total compute time: 0.00 secs

DUCC: Time to write results: 0.02 secs
DUCC Memory Stats
-----------------
allocation count: 546
deallocation count: 545
total memory allocated: 0.046624 GiB
total memory deallocated: 0.046624 GiB
maximum memory in single allocation: 0.008694 GiB
maximum memory consumption: 0.018810 GiB
