
ExaChem Git Information
{
 Branch: main
 Commit Hash: bd25dab [bd25dab8406e69b11ad8def9900a8eea7bb8d543]
 Commit Date: 2025-01-30 14:42:33 -0800
 Commit Message: Fixes ECP handling for multiple atoms

 WARNING: The following ExaChem sources have uncommitted changes at build-time.

 M exachem/cc/ducc/ducc-t_ccsd.cpp

diff --git a/exachem/cc/ducc/ducc-t_ccsd.cpp b/exachem/cc/ducc/ducc-t_ccsd.cpp
index 16950f2..85b1230 100644
--- a/exachem/cc/ducc/ducc-t_ccsd.cpp
+++ b/exachem/cc/ducc/ducc-t_ccsd.cpp
@@ -2036 +2036 @@ void DUCC_T_CCSD_Driver(ChemEnv& chem_env, ExecutionContext& ec, const TiledInde
-  if(rank == 0 && ducc_lvl > 0) {
+  if(rank == 0) {

}


TAMM Git Information
{
 Branch: main
 Commit Hash: 1c9868cf [1c9868cfbfc8bad3586dd21e36f2519cff1fe55a]
 Commit Date: 2024-12-19 12:23:01 -0800
 Commit Message: minor update to print_vector
}


date: Thu Feb  6 15:26:20 2025
program: "/hpc/home/baum612/code/exachem-dev/build/methods_stage/hpc/home/baum612/code/tamm_install/methods/ExaChem"
nnodes: 1, nproc_per_node: 8, nproc_total: 8, 
Memory information
{
[Intel(R) Xeon(R) Platinum 8276M CPU @ 2.20GHz] : 
  CPU memory per node (GiB): 6046
  Total CPU memory (GiB): 6046
}

------------------------------------------------------------

Input file provided: /hpc/home/baum612/TESTS/DUCC-Hamiltonian-Library/N2/cc-pVDZ/AllElectronCCSD-14Elec-23Orbs/1.9_Eq-3.9292au/Bare/N2.json

{
  "geometry": {
    "coordinates": [
      "N  0.000000  0.000000  0.000000",
      "N  0.000000  0.000000  3.9292"
    ],
    "units": "bohr"
  },
  "basis": {
    "basisset": "cc-pvdz"
  },
  "common": {
    "file_prefix": "N2",
    "maxiter": 100
  },
  "SCF": {
    "tol_int": 1e-16,
    "tol_lindep": 1e-09,
    "conve": 1e-10,
    "convd": 1e-09,
    "diis_hist": 10,
    "charge": 0,
    "multiplicity": 1,
    "restart": false,
    "scf_type": "restricted",
    "writem": 10
  },
  "CD": {
    "diagtol": 1e-14,
    "max_cvecs": 1000
  },
  "CC": {
    "threshold": 1e-08,
    "ndiis": 5,
    "writet": false,
    "ccsd_maxiter": 100,
    "lshift": 0.1,
    "nactive_oa": 7,
    "nactive_ob": 7,
    "nactive_va": 16,
    "nactive_vb": 16,
    "ducc_lvl": 0
  },
  "TASK": {
    "ducc": true
  }
}

Output folder & files prefix: N2.cc-pvdz

Printing Internal Coordinates

------------------------------------------------------------
                Bond Lengths

i      j        Length (Angstroms)     Length (Bohr)
0      1          2.0792430957         3.9292000000

Number of Angles: 0
Number of Torsional Angles: 0


----------------------------------------------------------------------
                          Center of Mass

         x               y               z              Unit
               0               0     1.039621548      Angstrom
               0               0          1.9646          Bohr

----------------------------------------------------------------------
                Moment of Inertia Tensor

           108.094                 0                 0
                 0           108.094                 0
                 0                 0                 0

----------------------------------------------------------------------
                      Principal Moments of Inertia

           x                 y                 z                Unit
                 0       30.26939915       30.26939915       amu * ang^2
                 0       108.0939868       108.0939868      amu * bohr^2
  0.0000000000e+00  5.0263554115e-39  5.0263554115e-39          g * cm^2

 - Molecule is diatomic.

----------------------------------------------------------------------

         Rotational constants (MHz)

    A = inf        B = 1.6696e+04        C = 1.6696e+04

----------------------------------------------------------------------

        Rotational constants (cm-1)

    A = inf        B = 5.5692e-01        C = 5.5692e-01

----------------------------------------------------------------------

                                Z-Matrix
N   
N        1          3.9292

----------------------------------------------------------------------

             Converted back to Cartesian

N        0.000000      0.000000      0.000000
N        0.000000      0.000000      3.929200

----------------------------------------------------------------------
                       Geometry in bohr 

1     N       0.0000000000    0.0000000000    0.0000000000
2     N       0.0000000000    0.0000000000    3.9292000000
Resetting xc_basis_tol to 1e-10

 Number of nodes, processes per node used for SCF calculation: 1, 8

Common Options
{
 maxiter    = 100
 basis      = cc-pvdz spherical
 geom_units = bohr
 natoms_max = 30
 debug      = false
 file_prefix    = N2
}

SCF Options
{
 charge            = 0
 multiplicity      = 1
 level shift       = 0
 tol_int           = 1e-16
 tol_sch           = 1e-12
 tol_lindep        = 1e-09
 conve             = 1e-10
 convd             = 1e-09
 diis_hist         = 10
 AO_tilesize       = 30
 writem            = 10
 damp              = 100
 n_lindep          = 0
 scf_type          = restricted
 direct_df         = false
 restart_size      = 2000
 restart           = false
 debug             = false
}

Number of basis functions = 28

Total number of shells = 12

Total number of electrons = 14
  # of alpha electrons    = 7
  # of beta electons      = 7

Nuclear repulsion energy  = 12.4707319556144

# of {all,non-negligible} shell-pairs = {78,78}
Number of AO tiles = 12

Time for initial setup: 0.00 secs
HF exch = 1.00

Time for computing 1-e integrals T, V, S: 0.00 secs
Time for computing orthogonalizer: 0.00 secs

Superposition of Atomic Density Guess ...
Time taken for SAD: 0.04 secs
Total Time to compute initial guess: 0.04 secs


 SCF iterations
-----------------------------------------------------------------------------
 Iter     Energy            E-Diff       RMSD        |[F,P]|^2       Time(s)
-----------------------------------------------------------------------------
   1  -107.7560978208    -1.08e+02     5.31e-02     5.03e-01         0.0 
   2  -108.2840380915    -5.28e-01     4.05e-03     3.43e-02         0.0 
   3  -108.2886203313    -4.58e-03     1.37e-03     3.75e-03         0.0 
   4  -108.2892303143    -6.10e-04     6.01e-04     4.15e-04         0.0 
   5  -108.2893002503    -6.99e-05     2.59e-05     1.04e-06         0.0 
   6  -108.2893003733    -1.23e-07     5.42e-06     2.78e-08         0.0 
   7  -108.2893003776    -4.30e-09     4.21e-07     1.22e-10         0.0 
   8  -108.2893003776    -2.58e-11     3.39e-08     4.93e-13         0.0 
   9  -108.2893003776    -1.42e-13     3.00e-09     6.24e-15         0.0 
<DIIS> Singularity in Pulay matrix detected.
<DIIS> Singularity in Pulay matrix detected.
<DIIS> Singularity in Pulay matrix detected.
  10  -108.2893003776    -5.68e-14     4.37e-10     7.31e-17         0.0 

** Total SCF energy = -108.2893003776429

Nuclear repulsion energy = 12.470731955614376
#electrons        = 14
1e energy kinetic = 107.1359482283344846
1e energy N-e     = -278.7366807148178509
1e energy         = -171.6007324864833095
2e energy         = 50.8407001532259315
writing orbitals and density to disk ... done.

Total Time taken for Hartree-Fock: 0.24 secs

CD Options
{
 debug            = false
 skip_cd          = [false,100]
 write_cv         = [false,5000]
 diagtol          = 1e-14
 itilesize        = 1000
 max_cvecs_factor = 1000
}

- #occupied, #virtual = 14, 42

- Tilesize for the MSO space: 40

-----------------------------------------------------
Begin 2-index transformation ... 

nAO, nMO, nelectrons = 28, 56, 14
n_occ_alpha, n_vir_alpha, n_occ_beta, n_vir_beta = 7,21,7,21

Time taken for Fao->Fmo transform: 0.00 secs

-----------------------------------------------------
Number of AO tiles = 12
# of {all,non-negligible} shell-pairs = {78,78}

    Begin Cholesky Decomposition
---------------------------------------------
Total # of mpi ranks used for Cholesky decomposition: 8
  --> Number of nodes, mpi ranks per node: 1, 8
- CPU memory required for computing cholesky vectors: 0.00 GiB

- Time for computing the diagonal: 0.00 secs

- Total number of cholesky vectors = 784

- Time to compute cholesky vectors: 0.41 secs

- CPU memory required for resizing the ao cholesky tensor: 0.01 GiB
- CPU memory required for ao2mo transformation: 0.01 GiB
- CPU memory required for the 2-step contraction: 0.02 GiB

- Time for ao to mo transform: 0.03 secs

   End Cholesky Decomposition
---------------------------------------------

Total Time taken for Cholesky Decomposition: 0.47 secs

scf_type = restricted
Closed-Shell SCF
nbf = 28
nbf_orig = 28
n_lindep = 0
focc = 1
nmo = 56
nocc = 14
nvir = 42
n_occ_alpha = 7
n_vir_alpha = 21
n_occ_beta = 7
n_vir_beta = 21
nelectrons = 14
nelectrons_alpha = 7
nelectrons_beta = 7
n_frozen_core = 0
n_frozen_virtual = 0
----------------------------

Total CPU memory required for Closed Shell Cholesky CCSD calculation: 0.03 GiB


 CCSD iterations
------------------------------------------------------------
  Iter     Residuum          Correlation          Time(s)
------------------------------------------------------------
   1     0.4878735597115    0.0000000000000         0.04
   2     0.2609365081233   -0.7522043821804         0.04
   3     0.2790151942264   -0.2726652023861         0.04
   4     0.2418953146119   -0.7729824950309         0.04
   5     0.2616885027901   -0.3112160025273         0.04
 MICROCYCLE DIIS UPDATE:                    6
   6     0.0292644721312   -0.5414202795865         0.04
   7     0.0333745319856   -0.5282069197460         0.04
   8     0.0204636638538   -0.5572707298143         0.04
   9     0.0285226771600   -0.5434514632837         0.04
  10     0.0161861083393   -0.5707203174068         0.04
 MICROCYCLE DIIS UPDATE:                   11
  11     0.0126488378950   -0.6076234010176         0.04
  12     0.0099647271895   -0.6229025346117         0.04
  13     0.0110251418334   -0.6069534169892         0.04
  14     0.0077812310804   -0.6229507974043         0.04
  15     0.0092671323904   -0.6092498614590         0.04
 MICROCYCLE DIIS UPDATE:                   16
  16     0.0013066796607   -0.6178729099038         0.04
  17     0.0021152948773   -0.6167875746497         0.04
  18     0.0009635110892   -0.6190581410733         0.04
  19     0.0016727290619   -0.6179028375987         0.04
  20     0.0007580546164   -0.6197870517098         0.04
 MICROCYCLE DIIS UPDATE:                   21
  21     0.0002956641590   -0.6210879231374         0.04
  22     0.0002979320727   -0.6209399826878         0.04
  23     0.0001424183091   -0.6212241664644         0.04
  24     0.0002267098230   -0.6210743984129         0.04
  25     0.0001042649391   -0.6213161660624         0.04
 MICROCYCLE DIIS UPDATE:                   26
  26     0.0000510296958   -0.6214613587909         0.04
  27     0.0000641050912   -0.6214362497677         0.04
  28     0.0000297752674   -0.6215007160410         0.04
  29     0.0000479237561   -0.6214708526486         0.05
  30     0.0000216322221   -0.6215233123205         0.04
 MICROCYCLE DIIS UPDATE:                   31
  31     0.0000116645477   -0.6215522310952         0.04
  32     0.0000122355854   -0.6215477551185         0.04
  33     0.0000065935271   -0.6215574837188         0.04
  34     0.0000090612401   -0.6215540137205         0.04
  35     0.0000046538282   -0.6215620982019         0.04
 MICROCYCLE DIIS UPDATE:                   36
  36     0.0000012702092   -0.6215743424764         0.04
  37     0.0000012758857   -0.6215736410510         0.04
  38     0.0000005751323   -0.6215750455594         0.04
  39     0.0000009478513   -0.6215742569034         0.04
  40     0.0000004440111   -0.6215754049205         0.04
 MICROCYCLE DIIS UPDATE:                   41
  41     0.0000002038188   -0.6215756290184         0.04
  42     0.0000002553284   -0.6215755172025         0.04
  43     0.0000001337577   -0.6215757470378         0.04
  44     0.0000002054314   -0.6215756473312         0.04
  45     0.0000001294881   -0.6215758409412         0.04
 MICROCYCLE DIIS UPDATE:                   46
  46     0.0000000538528   -0.6215760014733         0.04
  47     0.0000000680804   -0.6215759733807         0.04
  48     0.0000000325195   -0.6215760435289         0.04
  49     0.0000000538036   -0.6215760101990         0.04
  50     0.0000000377764   -0.6215760669544         0.04
 MICROCYCLE DIIS UPDATE:                   51
  51     0.0000000153087   -0.6215760818562         0.04
  52     0.0000000194723   -0.6215760734928         0.04
  53     0.0000000107069   -0.6215760911957         0.04
  54     0.0000000168878   -0.6215760834509         0.04
  55     0.0000000143360   -0.6215760983974         0.04
 MICROCYCLE DIIS UPDATE:                   56
  56     0.0000000046952   -0.6215761086659         0.04
------------------------------------------------------------------
 Iterations converged
 CCSD correlation energy / hartree =        -0.621576108665899
 CCSD total energy / hartree       =      -108.910876486308823

Time taken for Closed Shell Cholesky CCSD: 2.44 secs

Executing DUCC routine
======================
Number of active occupied alpha = 7
Number of active occupied beta  = 7
Number of active virtual alpha  = 16
Number of active virtual beta   = 16
ducc_lvl = 0

Full SCF Energy: -108.289300377643
Bare SCF Energy: -108.289300372562
Frozen Core Energy: -0.000000005081

DUCC: Time taken to compute Bare Hamiltonian: 0.00 secs
Bare Active Space SCF Energy: -108.289300372562
Fully Contracted Scalar: -0.000000000000

DUCC SCF energy: -108.289300372562
Total Energy Shift: -0.000000005081

DUCC: Total compute time: 0.00 secs

DUCC: Time to write results: 0.10 secs
DUCC Memory Stats
-----------------
allocation count: 513
deallocation count: 512
total memory allocated: 0.089702 GiB
total memory deallocated: 0.089701 GiB
maximum memory in single allocation: 0.009159 GiB
maximum memory consumption: 0.031047 GiB
