
ExaChem Git Information
{
 Branch: main
 Commit Hash: bd25dab [bd25dab8406e69b11ad8def9900a8eea7bb8d543]
 Commit Date: 2025-01-30 14:42:33 -0800
 Commit Message: Fixes ECP handling for multiple atoms

 WARNING: The following ExaChem sources have uncommitted changes at build-time.

 M exachem/cc/ducc/ducc-t_ccsd.cpp

diff --git a/exachem/cc/ducc/ducc-t_ccsd.cpp b/exachem/cc/ducc/ducc-t_ccsd.cpp
index 16950f2..85b1230 100644
--- a/exachem/cc/ducc/ducc-t_ccsd.cpp
+++ b/exachem/cc/ducc/ducc-t_ccsd.cpp
@@ -2036 +2036 @@ void DUCC_T_CCSD_Driver(ChemEnv& chem_env, ExecutionContext& ec, const TiledInde
-  if(rank == 0 && ducc_lvl > 0) {
+  if(rank == 0) {

}


TAMM Git Information
{
 Branch: main
 Commit Hash: 1c9868cf [1c9868cfbfc8bad3586dd21e36f2519cff1fe55a]
 Commit Date: 2024-12-19 12:23:01 -0800
 Commit Message: minor update to print_vector
}


date: Thu Feb  6 15:25:57 2025
program: "/hpc/home/baum612/code/exachem-dev/build/methods_stage/hpc/home/baum612/code/tamm_install/methods/ExaChem"
nnodes: 1, nproc_per_node: 8, nproc_total: 8, 
Memory information
{
[Intel(R) Xeon(R) Platinum 8276M CPU @ 2.20GHz] : 
  CPU memory per node (GiB): 6046
  Total CPU memory (GiB): 6046
}

------------------------------------------------------------

Input file provided: /hpc/home/baum612/TESTS/DUCC-Hamiltonian-Library/N2/cc-pVDZ/AllElectronCCSD-14Elec-23Orbs/1.6_Eq-3.3088au/DUCC3/N2.json

{
  "geometry": {
    "coordinates": [
      "N  0.000000  0.000000  0.000000",
      "N  0.000000  0.000000  3.3088"
    ],
    "units": "bohr"
  },
  "basis": {
    "basisset": "cc-pvdz"
  },
  "common": {
    "file_prefix": "N2",
    "maxiter": 100
  },
  "SCF": {
    "tol_int": 1e-16,
    "tol_lindep": 1e-09,
    "conve": 1e-10,
    "convd": 1e-09,
    "diis_hist": 10,
    "charge": 0,
    "multiplicity": 1,
    "restart": false,
    "scf_type": "restricted",
    "writem": 10
  },
  "CD": {
    "diagtol": 1e-14,
    "max_cvecs": 1000
  },
  "CC": {
    "threshold": 1e-08,
    "ndiis": 5,
    "writet": false,
    "ccsd_maxiter": 100,
    "lshift": 0.1,
    "nactive_oa": 7,
    "nactive_ob": 7,
    "nactive_va": 16,
    "nactive_vb": 16,
    "ducc_lvl": 2
  },
  "TASK": {
    "ducc": true
  }
}

Output folder & files prefix: N2.cc-pvdz

Printing Internal Coordinates

------------------------------------------------------------
                Bond Lengths

i      j        Length (Angstroms)     Length (Bohr)
0      1          1.7509415542         3.3088000000

Number of Angles: 0
Number of Torsional Angles: 0


----------------------------------------------------------------------
                          Center of Mass

         x               y               z              Unit
               0               0    0.8754707771      Angstrom
               0               0          1.6544          Bohr

----------------------------------------------------------------------
                Moment of Inertia Tensor

           76.6539                 0                 0
                 0           76.6539                 0
                 0                 0                 0

----------------------------------------------------------------------
                      Principal Moments of Inertia

           x                 y                 z                Unit
                 0       21.46528028       21.46528028       amu * ang^2
                 0        76.6539075        76.6539075      amu * bohr^2
  0.0000000000e+00  3.5643960813e-39  3.5643960813e-39          g * cm^2

 - Molecule is diatomic.

----------------------------------------------------------------------

         Rotational constants (MHz)

    A = inf        B = 2.3544e+04        C = 2.3544e+04

----------------------------------------------------------------------

        Rotational constants (cm-1)

    A = inf        B = 7.8534e-01        C = 7.8534e-01

----------------------------------------------------------------------

                                Z-Matrix
N   
N        1          3.3088

----------------------------------------------------------------------

             Converted back to Cartesian

N        0.000000      0.000000      0.000000
N        0.000000      0.000000      3.308800

----------------------------------------------------------------------
                       Geometry in bohr 

1     N       0.0000000000    0.0000000000    0.0000000000
2     N       0.0000000000    0.0000000000    3.3088000000
Resetting xc_basis_tol to 1e-10

 Number of nodes, processes per node used for SCF calculation: 1, 8

Common Options
{
 maxiter    = 100
 basis      = cc-pvdz spherical
 geom_units = bohr
 natoms_max = 30
 debug      = false
 file_prefix    = N2
}

SCF Options
{
 charge            = 0
 multiplicity      = 1
 level shift       = 0
 tol_int           = 1e-16
 tol_sch           = 1e-12
 tol_lindep        = 1e-09
 conve             = 1e-10
 convd             = 1e-09
 diis_hist         = 10
 AO_tilesize       = 30
 writem            = 10
 damp              = 100
 n_lindep          = 0
 scf_type          = restricted
 direct_df         = false
 restart_size      = 2000
 restart           = false
 debug             = false
}

Number of basis functions = 28

Total number of shells = 12

Total number of electrons = 14
  # of alpha electrons    = 7
  # of beta electons      = 7

Nuclear repulsion energy  = 14.8089941972921

# of {all,non-negligible} shell-pairs = {78,78}
Number of AO tiles = 12

Time for initial setup: 0.00 secs
HF exch = 1.00

Time for computing 1-e integrals T, V, S: 0.00 secs
Time for computing orthogonalizer: 0.00 secs

Superposition of Atomic Density Guess ...
Time taken for SAD: 0.04 secs
Total Time to compute initial guess: 0.04 secs


 SCF iterations
-----------------------------------------------------------------------------
 Iter     Energy            E-Diff       RMSD        |[F,P]|^2       Time(s)
-----------------------------------------------------------------------------
   1  -107.9373073820    -1.08e+02     5.30e-02     2.86e+00         0.0 
   2  -108.4766104555    -5.39e-01     4.72e-03     7.02e-02         0.0 
   3  -108.4835259046    -6.92e-03     1.50e-03     4.42e-03         0.0 
   4  -108.4842767789    -7.51e-04     7.14e-04     6.75e-04         0.0 
   5  -108.4843783557    -1.02e-04     3.11e-05     1.53e-06         0.0 
   6  -108.4843785369    -1.81e-07     4.50e-06     2.31e-08         0.0 
   7  -108.4843785405    -3.54e-09     3.77e-07     1.33e-10         0.0 
   8  -108.4843785405    -2.31e-11     3.39e-08     9.17e-13         0.0 
   9  -108.4843785405    -2.56e-13     4.51e-09     1.62e-14         0.0 
<DIIS> Singularity in Pulay matrix detected.
<DIIS> Singularity in Pulay matrix detected.
  10  -108.4843785405     0.00e+00     2.65e-10     1.08e-16         0.0 

** Total SCF energy = -108.4843785404802

Nuclear repulsion energy = 14.808994197292069
#electrons        = 14
1e energy kinetic = 107.1779621876810182
1e energy N-e     = -283.5662049157828619
1e energy         = -176.3882427281017442
2e energy         = 53.0948699903294994
writing orbitals and density to disk ... done.

Total Time taken for Hartree-Fock: 0.23 secs

CD Options
{
 debug            = false
 skip_cd          = [false,100]
 write_cv         = [false,5000]
 diagtol          = 1e-14
 itilesize        = 1000
 max_cvecs_factor = 1000
}

- #occupied, #virtual = 14, 42

- Tilesize for the MSO space: 40

-----------------------------------------------------
Begin 2-index transformation ... 

nAO, nMO, nelectrons = 28, 56, 14
n_occ_alpha, n_vir_alpha, n_occ_beta, n_vir_beta = 7,21,7,21

Time taken for Fao->Fmo transform: 0.00 secs

-----------------------------------------------------
Number of AO tiles = 12
# of {all,non-negligible} shell-pairs = {78,78}

    Begin Cholesky Decomposition
---------------------------------------------
Total # of mpi ranks used for Cholesky decomposition: 8
  --> Number of nodes, mpi ranks per node: 1, 8
- CPU memory required for computing cholesky vectors: 0.00 GiB

- Time for computing the diagonal: 0.00 secs

- Total number of cholesky vectors = 784

- Time to compute cholesky vectors: 0.41 secs

- CPU memory required for resizing the ao cholesky tensor: 0.01 GiB
- CPU memory required for ao2mo transformation: 0.01 GiB
- CPU memory required for the 2-step contraction: 0.02 GiB

- Time for ao to mo transform: 0.03 secs

   End Cholesky Decomposition
---------------------------------------------

Total Time taken for Cholesky Decomposition: 0.47 secs

scf_type = restricted
Closed-Shell SCF
nbf = 28
nbf_orig = 28
n_lindep = 0
focc = 1
nmo = 56
nocc = 14
nvir = 42
n_occ_alpha = 7
n_vir_alpha = 21
n_occ_beta = 7
n_vir_beta = 21
nelectrons = 14
nelectrons_alpha = 7
nelectrons_beta = 7
n_frozen_core = 0
n_frozen_virtual = 0
----------------------------

Total CPU memory required for Closed Shell Cholesky CCSD calculation: 0.03 GiB


 CCSD iterations
------------------------------------------------------------
  Iter     Residuum          Correlation          Time(s)
------------------------------------------------------------
   1     0.4737905046615    0.0000000000000         0.04
   2     0.1620920628542   -0.5567778845589         0.04
   3     0.1170899289844   -0.3664506582269         0.04
   4     0.0575234377929   -0.5119597165007         0.04
   5     0.0504507121233   -0.4322934941020         0.04
 MICROCYCLE DIIS UPDATE:                    6
   6     0.0129340466348   -0.4758846101639         0.04
   7     0.0111130280920   -0.4733273682422         0.04
   8     0.0076467083489   -0.4782359268058         0.04
   9     0.0071193904662   -0.4778680264425         0.04
  10     0.0052347042882   -0.4805256042679         0.04
 MICROCYCLE DIIS UPDATE:                   11
  11     0.0007206458647   -0.4862779986091         0.04
  12     0.0003226225948   -0.4867041248950         0.04
  13     0.0001983982822   -0.4864878023467         0.04
  14     0.0001031926679   -0.4866348933782         0.04
  15     0.0000734919759   -0.4865451524852         0.04
 MICROCYCLE DIIS UPDATE:                   16
  16     0.0000242882508   -0.4865815460661         0.04
  17     0.0000123858500   -0.4865816097585         0.04
  18     0.0000080457236   -0.4865811711032         0.04
  19     0.0000054864510   -0.4865820033373         0.04
  20     0.0000040787370   -0.4865822188541         0.04
 MICROCYCLE DIIS UPDATE:                   21
  21     0.0000019573362   -0.4865835066024         0.04
  22     0.0000012661511   -0.4865841786048         0.04
  23     0.0000010948092   -0.4865843148776         0.04
  24     0.0000008263474   -0.4865846710573         0.04
  25     0.0000007012680   -0.4865847995269         0.04
 MICROCYCLE DIIS UPDATE:                   26
  26     0.0000001399703   -0.4865856274668         0.04
  27     0.0000000797078   -0.4865856289278         0.04
  28     0.0000000550003   -0.4865856316167         0.04
  29     0.0000000388795   -0.4865856367055         0.04
  30     0.0000000289691   -0.4865856402413         0.04
 MICROCYCLE DIIS UPDATE:                   31
  31     0.0000000111496   -0.4865856541522         0.04
  32     0.0000000052206   -0.4865856629031         0.04
------------------------------------------------------------------
 Iterations converged
 CCSD correlation energy / hartree =        -0.486585662903145
 CCSD total energy / hartree       =      -108.970964203383318

Time taken for Closed Shell Cholesky CCSD: 1.42 secs

Executing DUCC routine
======================
Number of active occupied alpha = 7
Number of active occupied beta  = 7
Number of active virtual alpha  = 16
Number of active virtual beta   = 16
ducc_lvl = 2

Full SCF Energy: -108.484378540480
Bare SCF Energy: -108.484378540092
Frozen Core Energy: -0.000000000388

DUCC: Time taken to compute Bare Hamiltonian: 0.00 secs
Bare Active Space SCF Energy: -108.484378540092

DUCC: Time taken to compute single commutator of F and V and double commutator of F: 0.33 secs

DUCC: Time taken to compute double commutator of V and triple commutator of F: 5.38 secs
Fully Contracted Scalar: -0.037557423959

DUCC SCF energy: -108.527643621030
Total Energy Shift: 0.005707656591

DUCC: Total compute time: 5.71 secs

DUCC: Time to write results: 0.10 secs
DUCC Memory Stats
-----------------
allocation count: 3685
deallocation count: 3684
total memory allocated: 4.688896 GiB
total memory deallocated: 4.688896 GiB
maximum memory in single allocation: 0.013458 GiB
maximum memory consumption: 0.887899 GiB
