
ExaChem Git Information
{
 Branch: main
 Commit Hash: 207e083 [207e0832d2c1a0f21d964788233dbfee2c661d10]
 Commit Date: 2025-08-15 18:04:23 +0000
 Commit Message: fix cholesky warnings

 WARNING: The following ExaChem sources have uncommitted changes at build-time.

 M exachem/cc/ducc/ducc-t_ccsd.hpp
 M exachem/cc/ducc/qflow-t_ccsd.cpp
 M exachem/common/context/cc_context.hpp

diff --git a/exachem/cc/ducc/ducc-t_ccsd.hpp b/exachem/cc/ducc/ducc-t_ccsd.hpp
index 9c93f85..8f0f448 100644
--- a/exachem/cc/ducc/ducc-t_ccsd.hpp
+++ b/exachem/cc/ducc/ducc-t_ccsd.hpp
@@ -31,2 +31 @@ template<typename T>
-std::pair<double, std::vector<std::pair<std::vector<int>, double>>>
-DUCC_T_QFLOW_Driver(Scheduler& sch, ChemEnv& chem_env, const TiledIndexSpace& MO,
+void DUCC_T_QFLOW_Driver(Scheduler& sch, ChemEnv& chem_env, const TiledIndexSpace& MO,
diff --git a/exachem/cc/ducc/qflow-t_ccsd.cpp b/exachem/cc/ducc/qflow-t_ccsd.cpp
index af056e1..c8d6a2e 100644
--- a/exachem/cc/ducc/qflow-t_ccsd.cpp
+++ b/exachem/cc/ducc/qflow-t_ccsd.cpp
@@ -315 +315 @@ void ducc_qflow_driver(ExecutionContext& ec, ChemEnv& chem_env) {
-  // Combine occ_combinations and occ_combinations in all ways
+  // Combine occ_combinations and virt_combinations in all ways
@@ -446,7 +446,6 @@ template<typename T>
-std::pair<double, std::vector<std::pair<std::vector<int>, double>>>
-DUCC_T_QFLOW_Driver(Scheduler& sch, ChemEnv& chem_env, const TiledIndexSpace& MO,
-                    const Tensor<T>& ftij, const Tensor<T>& ftia, const Tensor<T>& ftab,
-                    const Tensor<T>& vtijkl, const Tensor<T>& vtijka, const Tensor<T>& vtaijb,
-                    const Tensor<T>& vtijab, const Tensor<T>& vtiabc, const Tensor<T>& vtabcd,
-                    ExecutionHW ex_hw, T shift, IndexVector& occ_int_vec, IndexVector& virt_int_vec,
-                    string& pos_str) {
+void DUCC_T_QFLOW_Driver(Scheduler& sch, ChemEnv& chem_env, const TiledIndexSpace& MO,
+                          const Tensor<T>& ftij, const Tensor<T>& ftia, const Tensor<T>& ftab,
+                          const Tensor<T>& vtijkl, const Tensor<T>& vtijka, const Tensor<T>& vtaijb,
+                          const Tensor<T>& vtijab, const Tensor<T>& vtiabc, const Tensor<T>& vtabcd,
+                          ExecutionHW ex_hw, T shift, IndexVector& occ_int_vec, IndexVector& virt_int_vec,
+                          string& pos_str) {
@@ -834 +833,20 @@ DUCC_T_QFLOW_Driver(Scheduler& sch, ChemEnv& chem_env, const TiledIndexSpace& MO
-    std::cout << "Final Energy: " << results.first << "" << std::endl;
+    // Store results in chem_env.cc_context instead of returning
+    chem_env.cc_context.qflow_results = results;
+
+    // Store results in sys_data.results for use elsewhere in the code
+    sys_data.results["output"]["QFlow"]["results"]["energy"] = results.first;
+    
+    // Store amplitudes in sys_data.results
+    nlohmann::json amplitudes_json = nlohmann::json::array();
+    for(const auto& pair: results.second) {
+      const std::vector<int>& vec = pair.first;
+      double                  val = pair.second;
+      
+      nlohmann::json amp_entry;
+      amp_entry["indices"] = vec;
+      amp_entry["value"] = val;
+      amplitudes_json.push_back(amp_entry);
+    }
+    sys_data.results["output"]["QFlow"]["results"]["amplitudes"] = amplitudes_json;
+
+    std::cout << std::setprecision(10) << "Final Energy: " << results.first << "" << std::endl;
@@ -853 +870,0 @@ DUCC_T_QFLOW_Driver(Scheduler& sch, ChemEnv& chem_env, const TiledIndexSpace& MO
-  return results;
@@ -857,7 +874,6 @@ using T = double;
-template std::pair<double, std::vector<std::pair<std::vector<int>, double>>>
-DUCC_T_QFLOW_Driver<T>(Scheduler& sch, ChemEnv& chem_env, const TiledIndexSpace& MO,
-                       const Tensor<T>& ftij, const Tensor<T>& ftia, const Tensor<T>& ftab,
-                       const Tensor<T>& vtijkl, const Tensor<T>& vtijka, const Tensor<T>& vtaijb,
-                       const Tensor<T>& vtijab, const Tensor<T>& vtiabc, const Tensor<T>& vtabcd,
-                       ExecutionHW ex_hw, T shift, IndexVector& occ_int_vec,
-                       IndexVector& virt_int_vec, string& pos_str);
+template void DUCC_T_QFLOW_Driver<T>(Scheduler& sch, ChemEnv& chem_env, const TiledIndexSpace& MO,
+                                      const Tensor<T>& ftij, const Tensor<T>& ftia, const Tensor<T>& ftab,
+                                      const Tensor<T>& vtijkl, const Tensor<T>& vtijka, const Tensor<T>& vtaijb,
+                                      const Tensor<T>& vtijab, const Tensor<T>& vtiabc, const Tensor<T>& vtabcd,
+                                      ExecutionHW ex_hw, T shift, IndexVector& occ_int_vec,
+                                      IndexVector& virt_int_vec, string& pos_str);

}


TAMM Git Information
{
 Branch: main
 Commit Hash: 13192f90 [13192f9076d2bd36aa0d34433cfe5113c89ba20a]
 Commit Date: 2025-08-15 10:50:13 -0700
 Commit Message: Update job_script_alcf_aurora.sh
}


date: Wed Aug 20 14:30:10 2025
program: "/hpc/home/baum612/code/exachem-dev/build/methods_stage/hpc/home/baum612/code/tamm_install/methods/ExaChem"
nnodes: 1, nproc_per_node: 8, nproc_total: 8, 
Memory information
{
[Intel(R) Xeon(R) Platinum 8276M CPU @ 2.20GHz] : 
  CPU memory per node (GiB): 6046
  Total CPU memory (GiB): 6046
}

------------------------------------------------------------

Input file provided: /hpc/home/baum612/TESTS/DUCC-Hamiltonian-Library/N2/cc-pVTZ/FrozenCoreCCSD_10Elec_8Orbs/2.0_Eq-4.1360au/Bare/N2.json

{
  "geometry": {
    "coordinates": [
      "N  0.000000  0.000000  0.000000",
      "N  0.000000  0.000000  4.1360"
    ],
    "units": "bohr"
  },
  "basis": {
    "basisset": "cc-pvtz"
  },
  "common": {
    "file_prefix": "N2",
    "maxiter": 100
  },
  "SCF": {
    "tol_int": 1e-16,
    "tol_lindep": 1e-09,
    "conve": 1e-10,
    "convd": 1e-09,
    "diis_hist": 10,
    "charge": 0,
    "multiplicity": 1,
    "restart": false,
    "scf_type": "restricted",
    "writem": 10
  },
  "CD": {
    "diagtol": 1e-14,
    "max_cvecs": 1000
  },
  "CC": {
    "threshold": 1e-08,
    "ndiis": 5,
    "writet": false,
    "ccsd_maxiter": 100,
    "lshift": 0.1,
    "freeze": {
      "atomic": true
    },
    "nactive_oa": 5,
    "nactive_ob": 5,
    "nactive_va": 3,
    "nactive_vb": 3,
    "ducc_lvl": 0
  },
  "TASK": {
    "ducc": [
      true,
      "default"
    ]
  }
}

Output folder & files prefix: N2.cc-pvtz

  N (nitrogen)
  ------------
          Exponent        Coefficients
      ----------------  --------------------
  1 S  1.14200000E+04      0.421209
  1 S  1.71200000E+03      0.784862
  1 S  3.89300000E+02      1.327398
  1 S  1.10000000E+02      1.998987
  1 S  3.55700000E+01      2.474876
  1 S  1.25400000E+01      2.106008
  1 S  4.64400000E+00      0.801375
  1 S  5.11800000E-01     -0.003753

  2 S  1.14200000E+04     -0.156504
  2 S  1.71200000E+03     -0.293447
  2 S  3.89300000E+02     -0.499240
  2 S  1.10000000E+02     -0.775267
  2 S  3.55700000E+01     -1.028825
  2 S  1.25400000E+01     -1.084240
  2 S  4.64400000E+00     -0.672298
  2 S  5.11800000E-01      0.447213

  3 S  1.29300000E+00      0.864190

  4 S  1.78700000E-01      0.195886

  5 P  2.66300000E+01      3.432542
  5 P  5.94800000E+00      3.296915
  5 P  1.74200000E+00      2.312025

  6 P  5.55000000E-01      0.682820

  7 P  1.72500000E-01      0.158462

  8 D  1.65400000E+00      3.970513

  9 D  4.69000000E-01      0.437484

  10 F  1.09300000E+00      1.798249



Printing Internal Coordinates

------------------------------------------------------------
                Bond Lengths

i      j        Length (Angstroms)     Length (Bohr)
0      1          2.1886769428         4.1360000000

Number of Angles: 0
Number of Torsional Angles: 0


----------------------------------------------------------------------
                          Center of Mass

         x               y               z              Unit
               0               0     1.094338471      Angstrom
               0               0           2.068          Bohr

----------------------------------------------------------------------
                Moment of Inertia Tensor

           119.772                 0                 0
                 0           119.772                 0
                 0                 0                 0

----------------------------------------------------------------------
                      Principal Moments of Inertia

           x                 y                 z                Unit
                 0       33.53950044       33.53950044       amu * ang^2
                 0       119.7717305       119.7717305      amu * bohr^2
  0.0000000000e+00  5.5693688770e-39  5.5693688770e-39          g * cm^2

 - Molecule is diatomic.

----------------------------------------------------------------------

         Rotational constants (MHz)

    A = inf        B = 1.5068e+04        C = 1.5068e+04

----------------------------------------------------------------------

        Rotational constants (cm-1)

    A = inf        B = 5.0262e-01        C = 5.0262e-01

----------------------------------------------------------------------

                                Z-Matrix
N   
N        1           4.136

----------------------------------------------------------------------

             Converted back to Cartesian

N        0.000000      0.000000      0.000000
N        0.000000      0.000000      4.136000

----------------------------------------------------------------------
                       Geometry in bohr 

1     N       0.0000000000    0.0000000000    0.0000000000
2     N       0.0000000000    0.0000000000    4.1360000000

 Number of nodes, processes per node used for SCF calculation: 1, 8

Common Options
{
  maxiter       = 100
  basis         = cc-pvtz spherical
  geom_units    = bohr
  ang2au factor = 1.889726126
  debug         = false
  file_prefix   = N2
}

SCF Options
{
  charge            = 0
  multiplicity      = 1
  level shift       = 0
  tol_int           = 1e-16
  tol_sch           = 1e-12
  tol_lindep        = 1e-09
  conve             = 1e-10
  convd             = 1e-09
  diis_hist         = 10
  AO_tilesize       = 30
  writem            = 10
  damp              = 100
  n_lindep          = 0
  scf_type          = restricted
  direct_df         = false
  restart_size      = 2000
  restart           = false
  debug             = false
}

Number of basis functions = 60

Total number of shells = 20

Total number of electrons = 14
  # of alpha electrons    = 7
  # of beta electons      = 7

Nuclear repulsion energy  = 11.8471953578337

# of {all,non-negligible} shell-pairs = {210,210}
Number of AO tiles = 20

Time for initial setup: 0.00 secs
HF exch = 1.00

Time for computing 1-e integrals T, V, S: 0.00 secs
Time for computing orthogonalizer: 0.00 secs

Superposition of Atomic Density Guess ...
Time taken for SAD: 0.05 secs
Total Time to compute initial guess: 0.05 secs


 SCF iterations
-----------------------------------------------------------------------------
 Iter     Energy            E-Diff       RMSD        |[F,P]|^2       Time(s)
-----------------------------------------------------------------------------
   1  -107.7703649554    -1.08e+02     1.88e-02     9.08e-01         0.0 
   2  -108.2591809258    -4.89e-01     1.69e-03     6.26e-02         0.0 
   3  -108.2642577486    -5.08e-03     5.32e-04     8.63e-03         0.0 
   4  -108.2650008963    -7.43e-04     3.27e-04     1.48e-03         0.0 
   5  -108.2651414793    -1.41e-04     1.25e-05     4.95e-06         0.0 
   6  -108.2651417362    -2.57e-07     2.97e-06     2.13e-07         0.0 
   7  -108.2651417491    -1.28e-08     2.70e-07     1.00e-09         0.0 
   8  -108.2651417491    -8.94e-11     2.92e-08     5.65e-12         0.0 
   9  -108.2651417491    -6.54e-13     2.82e-09     4.97e-14         0.0 
  10  -108.2651417491     2.84e-14     5.95e-10     2.49e-15         0.0 

** Total SCF energy = -108.2651417491405

Nuclear repulsion energy = 11.847195357833655
#electrons        = 14
1e energy kinetic = 107.3546923474996220
1e energy N-e     = -277.6131074273982335
1e energy         = -170.2584150798986116
2e energy         = 50.1460779729244166
writing orbitals and density to disk ... done.

Total Time taken for Hartree-Fock: 0.38 secs

CD Options
{
  debug             = false
  skip_cd           = [false, 100]
  write_cv          = [false, 5000]
  diagtol           = 1e-14
  itilesize         = 1000
  max_cvecs_factor  = 1000
}

- #occupied, #virtual = 14, 106

- Tilesize for the MSO space: 40

-----------------------------------------------------
Begin 2-index transformation ... 

nAO, nMO, nelectrons = 60, 120, 14
n_occ_alpha, n_vir_alpha, n_occ_beta, n_vir_beta = 7,53,7,53

Time taken for Fao->Fmo transform: 0.00 secs

-----------------------------------------------------
Number of AO tiles = 20
# of {all,non-negligible} shell-pairs = {210,210}

    Begin Cholesky Decomposition
---------------------------------------------
Total # of mpi ranks used for Cholesky decomposition: 8
  --> Number of nodes, mpi ranks per node: 1, 8
- CPU memory required for computing cholesky vectors: 0.05 GiB

- Time for computing the diagonal: 0.00 secs

- Total number of cholesky vectors = 1123

- Time to compute cholesky vectors: 1.06 secs

- CPU memory required for resizing the ao cholesky tensor: 0.08 GiB
- CPU memory required for ao2mo transformation: 0.09 GiB
- CPU memory required for the 2-step contraction: 0.11 GiB

- Time for ao to mo transform: 0.17 secs

   End Cholesky Decomposition
---------------------------------------------

Total Time taken for Cholesky Decomposition: 1.30 secs

scf_type = restricted
Closed-Shell SCF
nbf = 58
nbf_orig = 60
n_lindep = 0
focc = 1
nmo = 116
nocc = 10
nvir = 106
n_occ_alpha = 5
n_vir_alpha = 53
n_occ_beta = 5
n_vir_beta = 53
nelectrons = 14
nelectrons_alpha = 7
nelectrons_beta = 7
freeze atomic = true
n_frozen_core = 2
n_frozen_virtual = 0
----------------------------

Total CPU memory required for Closed Shell Cholesky CCSD calculation: 0.18 GiB


 CCSD iterations
------------------------------------------------------------
  Iter     Residuum          Correlation          Time(s)
------------------------------------------------------------
   1     0.5692583429413    0.0000000000000         0.33
   2     0.3145151747690   -0.8614123809051         0.32
   3     0.3831482702800   -0.2509232716088         0.31
   4     0.3955631029953   -0.9779840813610         0.31
   5     0.4698628353954   -0.2022266376807         0.31
 MICROCYCLE DIIS UPDATE:                    6
   6     0.0324459376387   -0.6173589388845         0.32
   7     0.0446759543530   -0.5781787919088         0.31
   8     0.0303509227659   -0.6391124808848         0.31
   9     0.0487683592159   -0.5853694874999         0.31
  10     0.0362464722914   -0.6598432304837         0.31
 MICROCYCLE DIIS UPDATE:                   11
  11     0.0121651281232   -0.6598340283018         0.31
  12     0.0063129374395   -0.6689652678656         0.31
  13     0.0100558064796   -0.6623689565584         0.31
  14     0.0054947530906   -0.6740978226547         0.31
  15     0.0098167876159   -0.6655182858090         0.31
 MICROCYCLE DIIS UPDATE:                   16
  16     0.0025961535954   -0.6796167897886         0.39
  17     0.0034601076018   -0.6781944644823         0.38
  18     0.0018308710024   -0.6821140322789         0.37
  19     0.0031261364871   -0.6796963981946         0.38
  20     0.0018247799669   -0.6838010837741         0.38
 MICROCYCLE DIIS UPDATE:                   21
  21     0.0005783779042   -0.6851786655174         0.37
  22     0.0006374917697   -0.6848843309651         0.38
  23     0.0003344823438   -0.6855293955086         0.38
  24     0.0005731225215   -0.6851142584895         0.37
  25     0.0003153057109   -0.6858140925347         0.38
 MICROCYCLE DIIS UPDATE:                   26
  26     0.0001469194158   -0.6860863785600         0.39
  27     0.0001520513764   -0.6860384050496         0.37
  28     0.0000800241203   -0.6861998686561         0.37
  29     0.0001292883605   -0.6861109553492         0.36
  30     0.0000720730995   -0.6862740704717         0.37
 MICROCYCLE DIIS UPDATE:                   31
  31     0.0000297611374   -0.6863274163929         0.37
  32     0.0000315997633   -0.6863149251653         0.36
  33     0.0000176569565   -0.6863415669595         0.37
  34     0.0000260933230   -0.6863285654388         0.36
  35     0.0000137638143   -0.6863559844462         0.36
 MICROCYCLE DIIS UPDATE:                   36
  36     0.0000040469539   -0.6863870611562         0.37
  37     0.0000037625426   -0.6863849307175         0.36
  38     0.0000019238826   -0.6863893135015         0.36
  39     0.0000033587454   -0.6863864958132         0.37
  40     0.0000020005707   -0.6863909763796         0.37
 MICROCYCLE DIIS UPDATE:                   41
  41     0.0000005937928   -0.6863922561012         0.36
  42     0.0000005331760   -0.6863920321317         0.36
  43     0.0000003065706   -0.6863924968430         0.36
  44     0.0000004533848   -0.6863922441913         0.37
  45     0.0000002592708   -0.6863927369773         0.36
 MICROCYCLE DIIS UPDATE:                   46
  46     0.0000001812797   -0.6863928498752         0.36
  47     0.0000002369739   -0.6863928074409         0.36
  48     0.0000002451373   -0.6863929983373         0.36
  49     0.0000004259379   -0.6863929185926         0.36
  50     0.0000007030867   -0.6863931054776         0.36
 MICROCYCLE DIIS UPDATE:                   51
  51     0.0000000480550   -0.6863932461291         0.36
  52     0.0000000372300   -0.6863932377137         0.36
  53     0.0000000240791   -0.6863932617616         0.36
  54     0.0000000298495   -0.6863932533228         0.36
  55     0.0000000219310   -0.6863932788380         0.36
 MICROCYCLE DIIS UPDATE:                   56
  56     0.0000000160314   -0.6863932854442         0.36
  57     0.0000000176032   -0.6863932857704         0.36
  58     0.0000000162191   -0.6863932982848         0.36
  59     0.0000000262804   -0.6863932958708         0.36
  60     0.0000000416433   -0.6863933075531         0.36
 MICROCYCLE DIIS UPDATE:                   61
  61     0.0000000043053   -0.6863933240174         0.36
------------------------------------------------------------------
 Iterations converged
 CCSD correlation energy / hartree =        -0.686393324017405
 CCSD total energy / hartree       =      -108.951535073157913

Time taken for Closed Shell Cholesky CCSD: 22.03 secs

Executing DUCC routine
======================
Number of active occupied alpha = 5
Number of active occupied beta  = 5
Number of active virtual alpha  = 3
Number of active virtual beta   = 3
ducc_lvl = 0

Full SCF Energy: -108.265141749141
Bare SCF Energy: -12.995447632579
Frozen Core Energy: -95.269694116562

DUCC: Time taken to compute Bare Hamiltonian: 0.00 secs
Bare Active Space SCF Energy: -12.995447632579
Fully Contracted Scalar: 0.000000000000

DUCC: Total compute time: 0.00 secs

DUCC: Time to write results: 0.01 secs
DUCC Memory Stats
-----------------
allocation count: 545
deallocation count: 544
total memory allocated: 0.754276 GiB
total memory deallocated: 0.754275 GiB
maximum memory in single allocation: 0.352732 GiB
maximum memory consumption: 0.452623 GiB
